E:\00.DTFS\3D_PROG\V0.5A - EG1\RELEASE\TC++.EXE
E:\00.DTFS\3D_PROG\V0.5A - EG1\RELEASE\TC++.PDB
E:\00.DTFS\3D_PROG\V0.5A - EG1\TC++\RELEASE\00.VERSION.OBJ
E:\00.DTFS\3D_PROG\V0.5A - EG1\TC++\RELEASE\01.FILE.OBJ
E:\00.DTFS\3D_PROG\V0.5A - EG1\TC++\RELEASE\02.VARIABLE.OBJ
E:\00.DTFS\3D_PROG\V0.5A - EG1\TC++\RELEASE\10.DATAREAD.OBJ
E:\00.DTFS\3D_PROG\V0.5A - EG1\TC++\RELEASE\11.INIARRAY.OBJ
E:\00.DTFS\3D_PROG\V0.5A - EG1\TC++\RELEASE\12.ASSIGN.OBJ
E:\00.DTFS\3D_PROG\V0.5A - EG1\TC++\RELEASE\13.KEYWORD.OBJ
E:\00.DTFS\3D_PROG\V0.5A - EG1\TC++\RELEASE\14.WARNING.OBJ
E:\00.DTFS\3D_PROG\V0.5A - EG1\TC++\RELEASE\20.ELEMENTANALYSIS.OBJ
E:\00.DTFS\3D_PROG\V0.5A - EG1\TC++\RELEASE\21.LIBRARYNORMAL.OBJ
E:\00.DTFS\3D_PROG\V0.5A - EG1\TC++\RELEASE\25.ELEMENTPARAMETER.OBJ
E:\00.DTFS\3D_PROG\V0.5A - EG1\TC++\RELEASE\30.GEOMETRYANALYSIS.OBJ
E:\00.DTFS\3D_PROG\V0.5A - EG1\TC++\RELEASE\31.ROTATE.OBJ
E:\00.DTFS\3D_PROG\V0.5A - EG1\TC++\RELEASE\32.JUDGE.OBJ
E:\00.DTFS\3D_PROG\V0.5A - EG1\TC++\RELEASE\33.INTERPOLATE.OBJ
E:\00.DTFS\3D_PROG\V0.5A - EG1\TC++\RELEASE\40.ASSEMBLY.OBJ
E:\00.DTFS\3D_PROG\V0.5A - EG1\TC++\RELEASE\41.READSTEP.OBJ
E:\00.DTFS\3D_PROG\V0.5A - EG1\TC++\RELEASE\42.STIFFMATRIX.OBJ
E:\00.DTFS\3D_PROG\V0.5A - EG1\TC++\RELEASE\43.TFACE.OBJ
E:\00.DTFS\3D_PROG\V0.5A - EG1\TC++\RELEASE\50.SOLVE.OBJ
E:\00.DTFS\3D_PROG\V0.5A - EG1\TC++\RELEASE\51.BOUNDARY.OBJ
E:\00.DTFS\3D_PROG\V0.5A - EG1\TC++\RELEASE\60.TECPLOT.OBJ
E:\00.DTFS\3D_PROG\V0.5A - EG1\TC++\RELEASE\61.WRITE.OBJ
E:\00.DTFS\3D_prog\v0.5a - Eg1\TC++\Release\cl.command.1.tlog
E:\00.DTFS\3D_prog\v0.5a - Eg1\TC++\Release\CL.read.1.tlog
E:\00.DTFS\3D_prog\v0.5a - Eg1\TC++\Release\CL.write.1.tlog
E:\00.DTFS\3D_prog\v0.5a - Eg1\TC++\Release\link.command.1.tlog
E:\00.DTFS\3D_prog\v0.5a - Eg1\TC++\Release\link.read.1.tlog
E:\00.DTFS\3D_prog\v0.5a - Eg1\TC++\Release\link.write.1.tlog
E:\00.DTFS\3D_PROG\V0.5A - EG1\TC++\RELEASE\MAIN.OBJ
E:\00.DTFS\3D_PROG\V0.5A - EG1\TC++\RELEASE\MATRIX.OBJ
E:\00.DTFS\3D_prog\v0.5a - Eg1\TC++\Release\mt.command.1.tlog
E:\00.DTFS\3D_prog\v0.5a - Eg1\TC++\Release\mt.read.1.tlog
E:\00.DTFS\3D_prog\v0.5a - Eg1\TC++\Release\mt.write.1.tlog
E:\00.DTFS\3D_PROG\V0.5A - EG1\TC++\RELEASE\RESULT.OBJ
E:\00.DTFS\3D_PROG\V0.5A - EG1\TC++\RELEASE\TC++.EXE.INTERMEDIATE.MANIFEST
E:\00.DTFS\3D_PROG\V0.5A - EG1\TC++\RELEASE\TOOL.OBJ
E:\00.DTFS\3D_PROG\V0.5A - EG1\TC++\RELEASE\VC100.PDB
