        0DDDD          TTTTTTTTTTTTT     FFFF5FFFFFFF      SSSSSSSSSSS
        DD   DDD        TTTTTTTTTTT      FFFFFFFFFFF      SSSSSSSSSSS
        DD     DD           TTT          FF               SSS
        DD      DD          TTT          FF                 SSS
        DD      DDD         TTT          FFFFFFFFFF           SSS
        DD      DDD         TTT          FFFFFFFFF              SSS
        DD      DD          TTT          FF                       SSS
        DD     DD           TTT          FF                        SSS
        DD   DDD             T           FF                 SSSSSSSSSS
        DDDDD                T           F                 SSSSSSSSSS



*** This log file includes the boundary condition.

水管积分点 形函数 sf:
0.126680	0.126680	0.123320	0.123320	0.126680	0.126680	0.123320	0.123320	-0.117315	-0.117315	-0.114204	-0.114204	-0.117315	-0.117315	-0.114204	-0.114204	
水管积分点位置 x=0.000000, y=-0.013440, z=0.000000, r=0.012000, dir=[0.000000,0.000000,-1.000000]

水管积分点 H矩阵:
0.005126	0.005126	0.004990	0.004990	0.005126	0.005126	0.004990	0.004990	-0.004747	-0.004747	-0.004621	-0.004621	-0.004747	-0.004747	-0.004621	-0.004621	
0.005126	0.005126	0.004990	0.004990	0.005126	0.005126	0.004990	0.004990	-0.004747	-0.004747	-0.004621	-0.004621	-0.004747	-0.004747	-0.004621	-0.004621	
0.004990	0.004990	0.004858	0.004858	0.004990	0.004990	0.004858	0.004858	-0.004621	-0.004621	-0.004499	-0.004499	-0.004621	-0.004621	-0.004499	-0.004499	
0.004990	0.004990	0.004858	0.004858	0.004990	0.004990	0.004858	0.004858	-0.004621	-0.004621	-0.004499	-0.004499	-0.004621	-0.004621	-0.004499	-0.004499	
0.005126	0.005126	0.004990	0.004990	0.005126	0.005126	0.004990	0.004990	-0.004747	-0.004747	-0.004621	-0.004621	-0.004747	-0.004747	-0.004621	-0.004621	
0.005126	0.005126	0.004990	0.004990	0.005126	0.005126	0.004990	0.004990	-0.004747	-0.004747	-0.004621	-0.004621	-0.004747	-0.004747	-0.004621	-0.004621	
0.004990	0.004990	0.004858	0.004858	0.004990	0.004990	0.004858	0.004858	-0.004621	-0.004621	-0.004499	-0.004499	-0.004621	-0.004621	-0.004499	-0.004499	
0.004990	0.004990	0.004858	0.004858	0.004990	0.004990	0.004858	0.004858	-0.004621	-0.004621	-0.004499	-0.004499	-0.004621	-0.004621	-0.004499	-0.004499	
-0.004747	-0.004747	-0.004621	-0.004621	-0.004747	-0.004747	-0.004621	-0.004621	0.004396	0.004396	0.004280	0.004280	0.004396	0.004396	0.004280	0.004280	
-0.004747	-0.004747	-0.004621	-0.004621	-0.004747	-0.004747	-0.004621	-0.004621	0.004396	0.004396	0.004280	0.004280	0.004396	0.004396	0.004280	0.004280	
-0.004621	-0.004621	-0.004499	-0.004499	-0.004621	-0.004621	-0.004499	-0.004499	0.004280	0.004280	0.004166	0.004166	0.004280	0.004280	0.004166	0.004166	
-0.004621	-0.004621	-0.004499	-0.004499	-0.004621	-0.004621	-0.004499	-0.004499	0.004280	0.004280	0.004166	0.004166	0.004280	0.004280	0.004166	0.004166	
-0.004747	-0.004747	-0.004621	-0.004621	-0.004747	-0.004747	-0.004621	-0.004621	0.004396	0.004396	0.004280	0.004280	0.004396	0.004396	0.004280	0.004280	
-0.004747	-0.004747	-0.004621	-0.004621	-0.004747	-0.004747	-0.004621	-0.004621	0.004396	0.004396	0.004280	0.004280	0.004396	0.004396	0.004280	0.004280	
-0.004621	-0.004621	-0.004499	-0.004499	-0.004621	-0.004621	-0.004499	-0.004499	0.004280	0.004280	0.004166	0.004166	0.004280	0.004280	0.004166	0.004166	
-0.004621	-0.004621	-0.004499	-0.004499	-0.004621	-0.004621	-0.004499	-0.004499	0.004280	0.004280	0.004166	0.004166	0.004280	0.004280	0.004166	0.004166	
水管积分点 形函数 sf:
0.126680	0.123320	0.123320	0.126680	0.126680	0.123320	0.123320	0.126680	-0.117315	-0.114204	-0.114204	-0.117315	-0.117315	-0.114204	-0.114204	-0.117315	
水管积分点位置 x=-0.013440, y=0.000000, z=0.000000, r=0.012000, dir=[-1.000000,0.000000,0.000000]

水管积分点 H矩阵:
0.005126	0.004990	0.004990	0.005126	0.005126	0.004990	0.004990	0.005126	-0.004747	-0.004621	-0.004621	-0.004747	-0.004747	-0.004621	-0.004621	-0.004747	
0.004990	0.004858	0.004858	0.004990	0.004990	0.004858	0.004858	0.004990	-0.004621	-0.004499	-0.004499	-0.004621	-0.004621	-0.004499	-0.004499	-0.004621	
0.004990	0.004858	0.004858	0.004990	0.004990	0.004858	0.004858	0.004990	-0.004621	-0.004499	-0.004499	-0.004621	-0.004621	-0.004499	-0.004499	-0.004621	
0.005126	0.004990	0.004990	0.005126	0.005126	0.004990	0.004990	0.005126	-0.004747	-0.004621	-0.004621	-0.004747	-0.004747	-0.004621	-0.004621	-0.004747	
0.005126	0.004990	0.004990	0.005126	0.005126	0.004990	0.004990	0.005126	-0.004747	-0.004621	-0.004621	-0.004747	-0.004747	-0.004621	-0.004621	-0.004747	
0.004990	0.004858	0.004858	0.004990	0.004990	0.004858	0.004858	0.004990	-0.004621	-0.004499	-0.004499	-0.004621	-0.004621	-0.004499	-0.004499	-0.004621	
0.004990	0.004858	0.004858	0.004990	0.004990	0.004858	0.004858	0.004990	-0.004621	-0.004499	-0.004499	-0.004621	-0.004621	-0.004499	-0.004499	-0.004621	
0.005126	0.004990	0.004990	0.005126	0.005126	0.004990	0.004990	0.005126	-0.004747	-0.004621	-0.004621	-0.004747	-0.004747	-0.004621	-0.004621	-0.004747	
-0.004747	-0.004621	-0.004621	-0.004747	-0.004747	-0.004621	-0.004621	-0.004747	0.004396	0.004280	0.004280	0.004396	0.004396	0.004280	0.004280	0.004396	
-0.004621	-0.004499	-0.004499	-0.004621	-0.004621	-0.004499	-0.004499	-0.004621	0.004280	0.004166	0.004166	0.004280	0.004280	0.004166	0.004166	0.004280	
-0.004621	-0.004499	-0.004499	-0.004621	-0.004621	-0.004499	-0.004499	-0.004621	0.004280	0.004166	0.004166	0.004280	0.004280	0.004166	0.004166	0.004280	
-0.004747	-0.004621	-0.004621	-0.004747	-0.004747	-0.004621	-0.004621	-0.004747	0.004396	0.004280	0.004280	0.004396	0.004396	0.004280	0.004280	0.004396	
-0.004747	-0.004621	-0.004621	-0.004747	-0.004747	-0.004621	-0.004621	-0.004747	0.004396	0.004280	0.004280	0.004396	0.004396	0.004280	0.004280	0.004396	
-0.004621	-0.004499	-0.004499	-0.004621	-0.004621	-0.004499	-0.004499	-0.004621	0.004280	0.004166	0.004166	0.004280	0.004280	0.004166	0.004166	0.004280	
-0.004621	-0.004499	-0.004499	-0.004621	-0.004621	-0.004499	-0.004499	-0.004621	0.004280	0.004166	0.004166	0.004280	0.004280	0.004166	0.004166	0.004280	
-0.004747	-0.004621	-0.004621	-0.004747	-0.004747	-0.004621	-0.004621	-0.004747	0.004396	0.004280	0.004280	0.004396	0.004396	0.004280	0.004280	0.004396	
水管积分点 形函数 sf:
0.123320	0.123320	0.126680	0.126680	0.123320	0.123320	0.126680	0.126680	-0.114204	-0.114204	-0.117315	-0.117315	-0.114204	-0.114204	-0.117315	-0.117315	
水管积分点位置 x=0.000000, y=0.013440, z=0.000000, r=0.012000, dir=[0.000000,0.000000,1.000000]

水管积分点 H矩阵:
0.004858	0.004858	0.004990	0.004990	0.004858	0.004858	0.004990	0.004990	-0.004499	-0.004499	-0.004621	-0.004621	-0.004499	-0.004499	-0.004621	-0.004621	
0.004858	0.004858	0.004990	0.004990	0.004858	0.004858	0.004990	0.004990	-0.004499	-0.004499	-0.004621	-0.004621	-0.004499	-0.004499	-0.004621	-0.004621	
0.004990	0.004990	0.005126	0.005126	0.004990	0.004990	0.005126	0.005126	-0.004621	-0.004621	-0.004747	-0.004747	-0.004621	-0.004621	-0.004747	-0.004747	
0.004990	0.004990	0.005126	0.005126	0.004990	0.004990	0.005126	0.005126	-0.004621	-0.004621	-0.004747	-0.004747	-0.004621	-0.004621	-0.004747	-0.004747	
0.004858	0.004858	0.004990	0.004990	0.004858	0.004858	0.004990	0.004990	-0.004499	-0.004499	-0.004621	-0.004621	-0.004499	-0.004499	-0.004621	-0.004621	
0.004858	0.004858	0.004990	0.004990	0.004858	0.004858	0.004990	0.004990	-0.004499	-0.004499	-0.004621	-0.004621	-0.004499	-0.004499	-0.004621	-0.004621	
0.004990	0.004990	0.005126	0.005126	0.004990	0.004990	0.005126	0.005126	-0.004621	-0.004621	-0.004747	-0.004747	-0.004621	-0.004621	-0.004747	-0.004747	
0.004990	0.004990	0.005126	0.005126	0.004990	0.004990	0.005126	0.005126	-0.004621	-0.004621	-0.004747	-0.004747	-0.004621	-0.004621	-0.004747	-0.004747	
-0.004499	-0.004499	-0.004621	-0.004621	-0.004499	-0.004499	-0.004621	-0.004621	0.004166	0.004166	0.004280	0.004280	0.004166	0.004166	0.004280	0.004280	
-0.004499	-0.004499	-0.004621	-0.004621	-0.004499	-0.004499	-0.004621	-0.004621	0.004166	0.004166	0.004280	0.004280	0.004166	0.004166	0.004280	0.004280	
-0.004621	-0.004621	-0.004747	-0.004747	-0.004621	-0.004621	-0.004747	-0.004747	0.004280	0.004280	0.004396	0.004396	0.004280	0.004280	0.004396	0.004396	
-0.004621	-0.004621	-0.004747	-0.004747	-0.004621	-0.004621	-0.004747	-0.004747	0.004280	0.004280	0.004396	0.004396	0.004280	0.004280	0.004396	0.004396	
-0.004499	-0.004499	-0.004621	-0.004621	-0.004499	-0.004499	-0.004621	-0.004621	0.004166	0.004166	0.004280	0.004280	0.004166	0.004166	0.004280	0.004280	
-0.004499	-0.004499	-0.004621	-0.004621	-0.004499	-0.004499	-0.004621	-0.004621	0.004166	0.004166	0.004280	0.004280	0.004166	0.004166	0.004280	0.004280	
-0.004621	-0.004621	-0.004747	-0.004747	-0.004621	-0.004621	-0.004747	-0.004747	0.004280	0.004280	0.004396	0.004396	0.004280	0.004280	0.004396	0.004396	
-0.004621	-0.004621	-0.004747	-0.004747	-0.004621	-0.004621	-0.004747	-0.004747	0.004280	0.004280	0.004396	0.004396	0.004280	0.004280	0.004396	0.004396	
水管积分点 形函数 sf:
0.123320	0.126680	0.126680	0.123320	0.123320	0.126680	0.126680	0.123320	-0.114204	-0.117315	-0.117315	-0.114204	-0.114204	-0.117315	-0.117315	-0.114204	
水管积分点位置 x=0.013440, y=0.000000, z=0.000000, r=0.012000, dir=[1.000000,0.000000,0.000000]

水管积分点 H矩阵:
0.004858	0.004990	0.004990	0.004858	0.004858	0.004990	0.004990	0.004858	-0.004499	-0.004621	-0.004621	-0.004499	-0.004499	-0.004621	-0.004621	-0.004499	
0.004990	0.005126	0.005126	0.004990	0.004990	0.005126	0.005126	0.004990	-0.004621	-0.004747	-0.004747	-0.004621	-0.004621	-0.004747	-0.004747	-0.004621	
0.004990	0.005126	0.005126	0.004990	0.004990	0.005126	0.005126	0.004990	-0.004621	-0.004747	-0.004747	-0.004621	-0.004621	-0.004747	-0.004747	-0.004621	
0.004858	0.004990	0.004990	0.004858	0.004858	0.004990	0.004990	0.004858	-0.004499	-0.004621	-0.004621	-0.004499	-0.004499	-0.004621	-0.004621	-0.004499	
0.004858	0.004990	0.004990	0.004858	0.004858	0.004990	0.004990	0.004858	-0.004499	-0.004621	-0.004621	-0.004499	-0.004499	-0.004621	-0.004621	-0.004499	
0.004990	0.005126	0.005126	0.004990	0.004990	0.005126	0.005126	0.004990	-0.004621	-0.004747	-0.004747	-0.004621	-0.004621	-0.004747	-0.004747	-0.004621	
0.004990	0.005126	0.005126	0.004990	0.004990	0.005126	0.005126	0.004990	-0.004621	-0.004747	-0.004747	-0.004621	-0.004621	-0.004747	-0.004747	-0.004621	
0.004858	0.004990	0.004990	0.004858	0.004858	0.004990	0.004990	0.004858	-0.004499	-0.004621	-0.004621	-0.004499	-0.004499	-0.004621	-0.004621	-0.004499	
-0.004499	-0.004621	-0.004621	-0.004499	-0.004499	-0.004621	-0.004621	-0.004499	0.004166	0.004280	0.004280	0.004166	0.004166	0.004280	0.004280	0.004166	
-0.004621	-0.004747	-0.004747	-0.004621	-0.004621	-0.004747	-0.004747	-0.004621	0.004280	0.004396	0.004396	0.004280	0.004280	0.004396	0.004396	0.004280	
-0.004621	-0.004747	-0.004747	-0.004621	-0.004621	-0.004747	-0.004747	-0.004621	0.004280	0.004396	0.004396	0.004280	0.004280	0.004396	0.004396	0.004280	
-0.004499	-0.004621	-0.004621	-0.004499	-0.004499	-0.004621	-0.004621	-0.004499	0.004166	0.004280	0.004280	0.004166	0.004166	0.004280	0.004280	0.004166	
-0.004499	-0.004621	-0.004621	-0.004499	-0.004499	-0.004621	-0.004621	-0.004499	0.004166	0.004280	0.004280	0.004166	0.004166	0.004280	0.004280	0.004166	
-0.004621	-0.004747	-0.004747	-0.004621	-0.004621	-0.004747	-0.004747	-0.004621	0.004280	0.004396	0.004396	0.004280	0.004280	0.004396	0.004396	0.004280	
-0.004621	-0.004747	-0.004747	-0.004621	-0.004621	-0.004747	-0.004747	-0.004621	0.004280	0.004396	0.004396	0.004280	0.004280	0.004396	0.004396	0.004280	
-0.004499	-0.004621	-0.004621	-0.004499	-0.004499	-0.004621	-0.004621	-0.004499	0.004166	0.004280	0.004280	0.004166	0.004166	0.004280	0.004280	0.004166	

水管边界条件 pn = 0
Q_Right [0] : -3.833272
Q_Right [1] : -3.833272
Q_Right [2] : -3.833272
Q_Right [3] : -3.833272
Q_Right [4] : -3.833272
Q_Right [5] : -3.833272
Q_Right [6] : -3.833272
Q_Right [7] : -3.833272
Q_Right [8] : 0.591649
Q_Right [9] : 0.591649
Q_Right [10] : 0.591649
Q_Right [11] : 0.591649
Q_Right [12] : 0.591649
Q_Right [13] : 0.591649
Q_Right [14] : 0.591649
Q_Right [15] : 0.591649

水管边界条件 pn = 1
Q_Right [0] : -1.277757
Q_Right [1] : -1.277757
Q_Right [2] : -1.277757
Q_Right [3] : -1.277757
Q_Right [4] : -1.277757
Q_Right [5] : -1.277757
Q_Right [6] : -1.277757
Q_Right [7] : -1.277757
Q_Right [8] : 1.183299
Q_Right [9] : 1.183299
Q_Right [10] : 1.183299
Q_Right [11] : 1.183299
Q_Right [12] : 1.183299
Q_Right [13] : 1.183299
Q_Right [14] : 1.183299
Q_Right [15] : 1.183299

水管边界条件 pn = 2
Q_Right [0] : -1.277757
Q_Right [1] : -1.277757
Q_Right [2] : -1.277757
Q_Right [3] : -1.277757
Q_Right [4] : -1.277757
Q_Right [5] : -1.277757
Q_Right [6] : -1.277757
Q_Right [7] : -1.277757
Q_Right [8] : 1.183299
Q_Right [9] : 1.183299
Q_Right [10] : 1.183299
Q_Right [11] : 1.183299
Q_Right [12] : 1.183299
Q_Right [13] : 1.183299
Q_Right [14] : 1.183299
Q_Right [15] : 1.183299

水管边界条件 pn = 3
Q_Right [0] : -1.277757
Q_Right [1] : -1.277757
Q_Right [2] : -1.277757
Q_Right [3] : -1.277757
Q_Right [4] : -1.277757
Q_Right [5] : -1.277757
Q_Right [6] : -1.277757
Q_Right [7] : -1.277757
Q_Right [8] : 1.183299
Q_Right [9] : 1.183299
Q_Right [10] : 1.183299
Q_Right [11] : 1.183299
Q_Right [12] : 1.183299
Q_Right [13] : 1.183299
Q_Right [14] : 1.183299
Q_Right [15] : 1.183299

水管边界条件 pn = 4
Q_Right [0] : -1.277757
Q_Right [1] : -1.277757
Q_Right [2] : -1.277757
Q_Right [3] : -1.277757
Q_Right [4] : -1.277757
Q_Right [5] : -1.277757
Q_Right [6] : -1.277757
Q_Right [7] : -1.277757
Q_Right [8] : 1.183299
Q_Right [9] : 1.183299
Q_Right [10] : 1.183299
Q_Right [11] : 1.183299
Q_Right [12] : 1.183299
Q_Right [13] : 1.183299
Q_Right [14] : 1.183299
Q_Right [15] : 1.183299

水管边界条件 pn = 5
Q_Right [0] : -1.277757
Q_Right [1] : -1.277757
Q_Right [2] : -1.277757
Q_Right [3] : -1.277757
Q_Right [4] : -1.277757
Q_Right [5] : -1.277757
Q_Right [6] : -1.277757
Q_Right [7] : -1.277757
Q_Right [8] : 1.183299
Q_Right [9] : 1.183299
Q_Right [10] : 1.183299
Q_Right [11] : 1.183299
Q_Right [12] : 1.183299
Q_Right [13] : 1.183299
Q_Right [14] : 1.183299
Q_Right [15] : 1.183299

水管边界条件 pn = 6
Q_Right [0] : -1.277757
Q_Right [1] : -1.277757
Q_Right [2] : -1.277757
Q_Right [3] : -1.277757
Q_Right [4] : -1.277757
Q_Right [5] : -1.277757
Q_Right [6] : -1.277757
Q_Right [7] : -1.277757
Q_Right [8] : 1.183299
Q_Right [9] : 1.183299
Q_Right [10] : 1.183299
Q_Right [11] : 1.183299
Q_Right [12] : 1.183299
Q_Right [13] : 1.183299
Q_Right [14] : 1.183299
Q_Right [15] : 1.183299

水管边界条件 pn = 7
Q_Right [0] : -1.277757
Q_Right [1] : -1.277757
Q_Right [2] : -1.277757
Q_Right [3] : -1.277757
Q_Right [4] : -1.277757
Q_Right [5] : -1.277757
Q_Right [6] : -1.277757
Q_Right [7] : -1.277757
Q_Right [8] : 1.183299
Q_Right [9] : 1.183299
Q_Right [10] : 1.183299
Q_Right [11] : 1.183299
Q_Right [12] : 1.183299
Q_Right [13] : 1.183299
Q_Right [14] : 1.183299
Q_Right [15] : 1.183299

水管边界条件 pn = 8
Q_Right [0] : -1.277757
Q_Right [1] : -1.277757
Q_Right [2] : -1.277757
Q_Right [3] : -1.277757
Q_Right [4] : -1.277757
Q_Right [5] : -1.277757
Q_Right [6] : -1.277757
Q_Right [7] : -1.277757
Q_Right [8] : 1.183299
Q_Right [9] : 1.183299
Q_Right [10] : 1.183299
Q_Right [11] : 1.183299
Q_Right [12] : 1.183299
Q_Right [13] : 1.183299
Q_Right [14] : 1.183299
Q_Right [15] : 1.183299

水管边界条件 pn = 9
Q_Right [0] : -1.277757
Q_Right [1] : -1.277757
Q_Right [2] : -1.277757
Q_Right [3] : -1.277757
Q_Right [4] : -1.277757
Q_Right [5] : -1.277757
Q_Right [6] : -1.277757
Q_Right [7] : -1.277757
Q_Right [8] : 1.183299
Q_Right [9] : 1.183299
Q_Right [10] : 1.183299
Q_Right [11] : 1.183299
Q_Right [12] : 1.183299
Q_Right [13] : 1.183299
Q_Right [14] : 1.183299
Q_Right [15] : 1.183299

水管边界条件 pn = 10
Q_Right [0] : -1.277757
Q_Right [1] : -1.277757
Q_Right [2] : -1.277757
Q_Right [3] : -1.277757
Q_Right [4] : -1.277757
Q_Right [5] : -1.277757
Q_Right [6] : -1.277757
Q_Right [7] : -1.277757
Q_Right [8] : 1.183299
Q_Right [9] : 1.183299
Q_Right [10] : 1.183299
Q_Right [11] : 1.183299
Q_Right [12] : 1.183299
Q_Right [13] : 1.183299
Q_Right [14] : 1.183299
Q_Right [15] : 1.183299

水管边界条件 pn = 11
Q_Right [0] : -1.277757
Q_Right [1] : -1.277757
Q_Right [2] : -1.277757
Q_Right [3] : -1.277757
Q_Right [4] : -1.277757
Q_Right [5] : -1.277757
Q_Right [6] : -1.277757
Q_Right [7] : -1.277757
Q_Right [8] : 1.183299
Q_Right [9] : 1.183299
Q_Right [10] : 1.183299
Q_Right [11] : 1.183299
Q_Right [12] : 1.183299
Q_Right [13] : 1.183299
Q_Right [14] : 1.183299
Q_Right [15] : 1.183299

水管边界条件 pn = 12
Q_Right [0] : -1.277757
Q_Right [1] : -1.277757
Q_Right [2] : -1.277757
Q_Right [3] : -1.277757
Q_Right [4] : -1.277757
Q_Right [5] : -1.277757
Q_Right [6] : -1.277757
Q_Right [7] : -1.277757
Q_Right [8] : 1.183299
Q_Right [9] : 1.183299
Q_Right [10] : 1.183299
Q_Right [11] : 1.183299
Q_Right [12] : 1.183299
Q_Right [13] : 1.183299
Q_Right [14] : 1.183299
Q_Right [15] : 1.183299

水管边界条件 pn = 13
Q_Right [0] : -1.277757
Q_Right [1] : -1.277757
Q_Right [2] : -1.277757
Q_Right [3] : -1.277757
Q_Right [4] : -1.277757
Q_Right [5] : -1.277757
Q_Right [6] : -1.277757
Q_Right [7] : -1.277757
Q_Right [8] : 1.183299
Q_Right [9] : 1.183299
Q_Right [10] : 1.183299
Q_Right [11] : 1.183299
Q_Right [12] : 1.183299
Q_Right [13] : 1.183299
Q_Right [14] : 1.183299
Q_Right [15] : 1.183299

水管边界条件 pn = 14
Q_Right [0] : -1.277757
Q_Right [1] : -1.277757
Q_Right [2] : -1.277757
Q_Right [3] : -1.277757
Q_Right [4] : -1.277757
Q_Right [5] : -1.277757
Q_Right [6] : -1.277757
Q_Right [7] : -1.277757
Q_Right [8] : 1.183299
Q_Right [9] : 1.183299
Q_Right [10] : 1.183299
Q_Right [11] : 1.183299
Q_Right [12] : 1.183299
Q_Right [13] : 1.183299
Q_Right [14] : 1.183299
Q_Right [15] : 1.183299

水管边界条件 pn = 15
Q_Right [0] : -1.277757
Q_Right [1] : -1.277757
Q_Right [2] : -1.277757
Q_Right [3] : -1.277757
Q_Right [4] : -1.277757
Q_Right [5] : -1.277757
Q_Right [6] : -1.277757
Q_Right [7] : -1.277757
Q_Right [8] : 1.183299
Q_Right [9] : 1.183299
Q_Right [10] : 1.183299
Q_Right [11] : 1.183299
Q_Right [12] : 1.183299
Q_Right [13] : 1.183299
Q_Right [14] : 1.183299
Q_Right [15] : 1.183299

水管边界条件 pn = 16
Q_Right [0] : -1.277757
Q_Right [1] : -1.277757
Q_Right [2] : -1.277757
Q_Right [3] : -1.277757
Q_Right [4] : -1.277757
Q_Right [5] : -1.277757
Q_Right [6] : -1.277757
Q_Right [7] : -1.277757
Q_Right [8] : 1.183299
Q_Right [9] : 1.183299
Q_Right [10] : 1.183299
Q_Right [11] : 1.183299
Q_Right [12] : 1.183299
Q_Right [13] : 1.183299
Q_Right [14] : 1.183299
Q_Right [15] : 1.183299

水管边界条件 pn = 17
Q_Right [0] : -1.277757
Q_Right [1] : -1.277757
Q_Right [2] : -1.277757
Q_Right [3] : -1.277757
Q_Right [4] : -1.277757
Q_Right [5] : -1.277757
Q_Right [6] : -1.277757
Q_Right [7] : -1.277757
Q_Right [8] : 1.183299
Q_Right [9] : 1.183299
Q_Right [10] : 1.183299
Q_Right [11] : 1.183299
Q_Right [12] : 1.183299
Q_Right [13] : 1.183299
Q_Right [14] : 1.183299
Q_Right [15] : 1.183299

水管边界条件 pn = 18
Q_Right [0] : -1.277757
Q_Right [1] : -1.277757
Q_Right [2] : -1.277757
Q_Right [3] : -1.277757
Q_Right [4] : -1.277757
Q_Right [5] : -1.277757
Q_Right [6] : -1.277757
Q_Right [7] : -1.277757
Q_Right [8] : 1.183299
Q_Right [9] : 1.183299
Q_Right [10] : 1.183299
Q_Right [11] : 1.183299
Q_Right [12] : 1.183299
Q_Right [13] : 1.183299
Q_Right [14] : 1.183299
Q_Right [15] : 1.183299

水管边界条件 pn = 19
Q_Right [0] : -1.277757
Q_Right [1] : -1.277757
Q_Right [2] : -1.277757
Q_Right [3] : -1.277757
Q_Right [4] : -1.277757
Q_Right [5] : -1.277757
Q_Right [6] : -1.277757
Q_Right [7] : -1.277757
Q_Right [8] : 1.183299
Q_Right [9] : 1.183299
Q_Right [10] : 1.183299
Q_Right [11] : 1.183299
Q_Right [12] : 1.183299
Q_Right [13] : 1.183299
Q_Right [14] : 1.183299
Q_Right [15] : 1.183299

水管边界条件 pn = 20
Q_Right [0] : -1.277757
Q_Right [1] : -1.277757
Q_Right [2] : -1.277757
Q_Right [3] : -1.277757
Q_Right [4] : -1.277757
Q_Right [5] : -1.277757
Q_Right [6] : -1.277757
Q_Right [7] : -1.277757
Q_Right [8] : 1.183299
Q_Right [9] : 1.183299
Q_Right [10] : 1.183299
Q_Right [11] : 1.183299
Q_Right [12] : 1.183299
Q_Right [13] : 1.183299
Q_Right [14] : 1.183299
Q_Right [15] : 1.183299

水管边界条件 pn = 21
Q_Right [0] : -1.277757
Q_Right [1] : -1.277757
Q_Right [2] : -1.277757
Q_Right [3] : -1.277757
Q_Right [4] : -1.277757
Q_Right [5] : -1.277757
Q_Right [6] : -1.277757
Q_Right [7] : -1.277757
Q_Right [8] : 1.183299
Q_Right [9] : 1.183299
Q_Right [10] : 1.183299
Q_Right [11] : 1.183299
Q_Right [12] : 1.183299
Q_Right [13] : 1.183299
Q_Right [14] : 1.183299
Q_Right [15] : 1.183299

水管边界条件 pn = 22
Q_Right [0] : -1.277757
Q_Right [1] : -1.277757
Q_Right [2] : -1.277757
Q_Right [3] : -1.277757
Q_Right [4] : -1.277757
Q_Right [5] : -1.277757
Q_Right [6] : -1.277757
Q_Right [7] : -1.277757
Q_Right [8] : 1.183299
Q_Right [9] : 1.183299
Q_Right [10] : 1.183299
Q_Right [11] : 1.183299
Q_Right [12] : 1.183299
Q_Right [13] : 1.183299
Q_Right [14] : 1.183299
Q_Right [15] : 1.183299

水管边界条件 pn = 23
Q_Right [0] : -1.277757
Q_Right [1] : -1.277757
Q_Right [2] : -1.277757
Q_Right [3] : -1.277757
Q_Right [4] : -1.277757
Q_Right [5] : -1.277757
Q_Right [6] : -1.277757
Q_Right [7] : -1.277757
Q_Right [8] : 1.183299
Q_Right [9] : 1.183299
Q_Right [10] : 1.183299
Q_Right [11] : 1.183299
Q_Right [12] : 1.183299
Q_Right [13] : 1.183299
Q_Right [14] : 1.183299
Q_Right [15] : 1.183299

水管边界条件 pn = 24
Q_Right [0] : -1.277757
Q_Right [1] : -1.277757
Q_Right [2] : -1.277757
Q_Right [3] : -1.277757
Q_Right [4] : -1.277757
Q_Right [5] : -1.277757
Q_Right [6] : -1.277757
Q_Right [7] : -1.277757
Q_Right [8] : 1.183299
Q_Right [9] : 1.183299
Q_Right [10] : 1.183299
Q_Right [11] : 1.183299
Q_Right [12] : 1.183299
Q_Right [13] : 1.183299
Q_Right [14] : 1.183299
Q_Right [15] : 1.183299

水管边界条件 pn = 25
Q_Right [0] : -1.277757
Q_Right [1] : -1.277757
Q_Right [2] : -1.277757
Q_Right [3] : -1.277757
Q_Right [4] : -1.277757
Q_Right [5] : -1.277757
Q_Right [6] : -1.277757
Q_Right [7] : -1.277757
Q_Right [8] : 1.183299
Q_Right [9] : 1.183299
Q_Right [10] : 1.183299
Q_Right [11] : 1.183299
Q_Right [12] : 1.183299
Q_Right [13] : 1.183299
Q_Right [14] : 1.183299
Q_Right [15] : 1.183299

水管边界条件 pn = 26
Q_Right [0] : -1.277757
Q_Right [1] : -1.277757
Q_Right [2] : -1.277757
Q_Right [3] : -1.277757
Q_Right [4] : -1.277757
Q_Right [5] : -1.277757
Q_Right [6] : -1.277757
Q_Right [7] : -1.277757
Q_Right [8] : 1.183299
Q_Right [9] : 1.183299
Q_Right [10] : 1.183299
Q_Right [11] : 1.183299
Q_Right [12] : 1.183299
Q_Right [13] : 1.183299
Q_Right [14] : 1.183299
Q_Right [15] : 1.183299

水管边界条件 pn = 27
Q_Right [0] : -1.277757
Q_Right [1] : -1.277757
Q_Right [2] : -1.277757
Q_Right [3] : -1.277757
Q_Right [4] : -1.277757
Q_Right [5] : -1.277757
Q_Right [6] : -1.277757
Q_Right [7] : -1.277757
Q_Right [8] : 1.183299
Q_Right [9] : 1.183299
Q_Right [10] : 1.183299
Q_Right [11] : 1.183299
Q_Right [12] : 1.183299
Q_Right [13] : 1.183299
Q_Right [14] : 1.183299
Q_Right [15] : 1.183299

水管边界条件 pn = 28
Q_Right [0] : -1.277757
Q_Right [1] : -1.277757
Q_Right [2] : -1.277757
Q_Right [3] : -1.277757
Q_Right [4] : -1.277757
Q_Right [5] : -1.277757
Q_Right [6] : -1.277757
Q_Right [7] : -1.277757
Q_Right [8] : 1.183299
Q_Right [9] : 1.183299
Q_Right [10] : 1.183299
Q_Right [11] : 1.183299
Q_Right [12] : 1.183299
Q_Right [13] : 1.183299
Q_Right [14] : 1.183299
Q_Right [15] : 1.183299

水管边界条件 pn = 29
Q_Right [0] : -1.277757
Q_Right [1] : -1.277757
Q_Right [2] : -1.277757
Q_Right [3] : -1.277757
Q_Right [4] : -1.277757
Q_Right [5] : -1.277757
Q_Right [6] : -1.277757
Q_Right [7] : -1.277757
Q_Right [8] : 1.183299
Q_Right [9] : 1.183299
Q_Right [10] : 1.183299
Q_Right [11] : 1.183299
Q_Right [12] : 1.183299
Q_Right [13] : 1.183299
Q_Right [14] : 1.183299
Q_Right [15] : 1.183299

水管边界条件 pn = 30
Q_Right [0] : -1.277757
Q_Right [1] : -1.277757
Q_Right [2] : -1.277757
Q_Right [3] : -1.277757
Q_Right [4] : -1.277757
Q_Right [5] : -1.277757
Q_Right [6] : -1.277757
Q_Right [7] : -1.277757
Q_Right [8] : 1.183299
Q_Right [9] : 1.183299
Q_Right [10] : 1.183299
Q_Right [11] : 1.183299
Q_Right [12] : 1.183299
Q_Right [13] : 1.183299
Q_Right [14] : 1.183299
Q_Right [15] : 1.183299

水管边界条件 pn = 31
Q_Right [0] : -1.277757
Q_Right [1] : -1.277757
Q_Right [2] : -1.277757
Q_Right [3] : -1.277757
Q_Right [4] : -1.277757
Q_Right [5] : -1.277757
Q_Right [6] : -1.277757
Q_Right [7] : -1.277757
Q_Right [8] : 1.183299
Q_Right [9] : 1.183299
Q_Right [10] : 1.183299
Q_Right [11] : 1.183299
Q_Right [12] : 1.183299
Q_Right [13] : 1.183299
Q_Right [14] : 1.183299
Q_Right [15] : 1.183299

水管边界条件 pn = 32
Q_Right [0] : -1.277757
Q_Right [1] : -1.277757
Q_Right [2] : -1.277757
Q_Right [3] : -1.277757
Q_Right [4] : -1.277757
Q_Right [5] : -1.277757
Q_Right [6] : -1.277757
Q_Right [7] : -1.277757
Q_Right [8] : 1.183299
Q_Right [9] : 1.183299
Q_Right [10] : 1.183299
Q_Right [11] : 1.183299
Q_Right [12] : 1.183299
Q_Right [13] : 1.183299
Q_Right [14] : 1.183299
Q_Right [15] : 1.183299

水管边界条件 pn = 33
Q_Right [0] : -1.277757
Q_Right [1] : -1.277757
Q_Right [2] : -1.277757
Q_Right [3] : -1.277757
Q_Right [4] : -1.277757
Q_Right [5] : -1.277757
Q_Right [6] : -1.277757
Q_Right [7] : -1.277757
Q_Right [8] : 1.183299
Q_Right [9] : 1.183299
Q_Right [10] : 1.183299
Q_Right [11] : 1.183299
Q_Right [12] : 1.183299
Q_Right [13] : 1.183299
Q_Right [14] : 1.183299
Q_Right [15] : 1.183299

水管边界条件 pn = 34
Q_Right [0] : -1.277757
Q_Right [1] : -1.277757
Q_Right [2] : -1.277757
Q_Right [3] : -1.277757
Q_Right [4] : -1.277757
Q_Right [5] : -1.277757
Q_Right [6] : -1.277757
Q_Right [7] : -1.277757
Q_Right [8] : 1.183299
Q_Right [9] : 1.183299
Q_Right [10] : 1.183299
Q_Right [11] : 1.183299
Q_Right [12] : 1.183299
Q_Right [13] : 1.183299
Q_Right [14] : 1.183299
Q_Right [15] : 1.183299

水管边界条件 pn = 35
Q_Right [0] : -1.277757
Q_Right [1] : -1.277757
Q_Right [2] : -1.277757
Q_Right [3] : -1.277757
Q_Right [4] : -1.277757
Q_Right [5] : -1.277757
Q_Right [6] : -1.277757
Q_Right [7] : -1.277757
Q_Right [8] : 1.183299
Q_Right [9] : 1.183299
Q_Right [10] : 1.183299
Q_Right [11] : 1.183299
Q_Right [12] : 1.183299
Q_Right [13] : 1.183299
Q_Right [14] : 1.183299
Q_Right [15] : 1.183299

水管边界条件 pn = 36
Q_Right [0] : -1.277757
Q_Right [1] : -1.277757
Q_Right [2] : -1.277757
Q_Right [3] : -1.277757
Q_Right [4] : -1.277757
Q_Right [5] : -1.277757
Q_Right [6] : -1.277757
Q_Right [7] : -1.277757
Q_Right [8] : 1.183299
Q_Right [9] : 1.183299
Q_Right [10] : 1.183299
Q_Right [11] : 1.183299
Q_Right [12] : 1.183299
Q_Right [13] : 1.183299
Q_Right [14] : 1.183299
Q_Right [15] : 1.183299

水管边界条件 pn = 37
Q_Right [0] : -1.277757
Q_Right [1] : -1.277757
Q_Right [2] : -1.277757
Q_Right [3] : -1.277757
Q_Right [4] : -1.277757
Q_Right [5] : -1.277757
Q_Right [6] : -1.277757
Q_Right [7] : -1.277757
Q_Right [8] : 1.183299
Q_Right [9] : 1.183299
Q_Right [10] : 1.183299
Q_Right [11] : 1.183299
Q_Right [12] : 1.183299
Q_Right [13] : 1.183299
Q_Right [14] : 1.183299
Q_Right [15] : 1.183299

水管边界条件 pn = 38
Q_Right [0] : -1.277757
Q_Right [1] : -1.277757
Q_Right [2] : -1.277757
Q_Right [3] : -1.277757
Q_Right [4] : -1.277757
Q_Right [5] : -1.277757
Q_Right [6] : -1.277757
Q_Right [7] : -1.277757
Q_Right [8] : 1.183299
Q_Right [9] : 1.183299
Q_Right [10] : 1.183299
Q_Right [11] : 1.183299
Q_Right [12] : 1.183299
Q_Right [13] : 1.183299
Q_Right [14] : 1.183299
Q_Right [15] : 1.183299

水管边界条件 pn = 39
Q_Right [0] : -1.277757
Q_Right [1] : -1.277757
Q_Right [2] : -1.277757
Q_Right [3] : -1.277757
Q_Right [4] : -1.277757
Q_Right [5] : -1.277757
Q_Right [6] : -1.277757
Q_Right [7] : -1.277757
Q_Right [8] : 1.183299
Q_Right [9] : 1.183299
Q_Right [10] : 1.183299
Q_Right [11] : 1.183299
Q_Right [12] : 1.183299
Q_Right [13] : 1.183299
Q_Right [14] : 1.183299
Q_Right [15] : 1.183299

水管边界条件 pn = 40
Q_Right [0] : -1.277757
Q_Right [1] : -1.277757
Q_Right [2] : -1.277757
Q_Right [3] : -1.277757
Q_Right [4] : -1.277757
Q_Right [5] : -1.277757
Q_Right [6] : -1.277757
Q_Right [7] : -1.277757
Q_Right [8] : 1.183299
Q_Right [9] : 1.183299
Q_Right [10] : 1.183299
Q_Right [11] : 1.183299
Q_Right [12] : 1.183299
Q_Right [13] : 1.183299
Q_Right [14] : 1.183299
Q_Right [15] : 1.183299

水管边界条件 pn = 41
Q_Right [0] : -1.277757
Q_Right [1] : -1.277757
Q_Right [2] : -1.277757
Q_Right [3] : -1.277757
Q_Right [4] : -1.277757
Q_Right [5] : -1.277757
Q_Right [6] : -1.277757
Q_Right [7] : -1.277757
Q_Right [8] : 1.183299
Q_Right [9] : 1.183299
Q_Right [10] : 1.183299
Q_Right [11] : 1.183299
Q_Right [12] : 1.183299
Q_Right [13] : 1.183299
Q_Right [14] : 1.183299
Q_Right [15] : 1.183299

水管边界条件 pn = 42
Q_Right [0] : -1.277757
Q_Right [1] : -1.277757
Q_Right [2] : -1.277757
Q_Right [3] : -1.277757
Q_Right [4] : -1.277757
Q_Right [5] : -1.277757
Q_Right [6] : -1.277757
Q_Right [7] : -1.277757
Q_Right [8] : 1.183299
Q_Right [9] : 1.183299
Q_Right [10] : 1.183299
Q_Right [11] : 1.183299
Q_Right [12] : 1.183299
Q_Right [13] : 1.183299
Q_Right [14] : 1.183299
Q_Right [15] : 1.183299

水管边界条件 pn = 43
Q_Right [0] : -1.277757
Q_Right [1] : -1.277757
Q_Right [2] : -1.277757
Q_Right [3] : -1.277757
Q_Right [4] : -1.277757
Q_Right [5] : -1.277757
Q_Right [6] : -1.277757
Q_Right [7] : -1.277757
Q_Right [8] : 1.183299
Q_Right [9] : 1.183299
Q_Right [10] : 1.183299
Q_Right [11] : 1.183299
Q_Right [12] : 1.183299
Q_Right [13] : 1.183299
Q_Right [14] : 1.183299
Q_Right [15] : 1.183299

水管边界条件 pn = 44
Q_Right [0] : -1.277757
Q_Right [1] : -1.277757
Q_Right [2] : -1.277757
Q_Right [3] : -1.277757
Q_Right [4] : -1.277757
Q_Right [5] : -1.277757
Q_Right [6] : -1.277757
Q_Right [7] : -1.277757
Q_Right [8] : 1.183299
Q_Right [9] : 1.183299
Q_Right [10] : 1.183299
Q_Right [11] : 1.183299
Q_Right [12] : 1.183299
Q_Right [13] : 1.183299
Q_Right [14] : 1.183299
Q_Right [15] : 1.183299

水管边界条件 pn = 45
Q_Right [0] : -1.277757
Q_Right [1] : -1.277757
Q_Right [2] : -1.277757
Q_Right [3] : -1.277757
Q_Right [4] : -1.277757
Q_Right [5] : -1.277757
Q_Right [6] : -1.277757
Q_Right [7] : -1.277757
Q_Right [8] : 1.183299
Q_Right [9] : 1.183299
Q_Right [10] : 1.183299
Q_Right [11] : 1.183299
Q_Right [12] : 1.183299
Q_Right [13] : 1.183299
Q_Right [14] : 1.183299
Q_Right [15] : 1.183299

水管边界条件 pn = 46
Q_Right [0] : -1.277757
Q_Right [1] : -1.277757
Q_Right [2] : -1.277757
Q_Right [3] : -1.277757
Q_Right [4] : -1.277757
Q_Right [5] : -1.277757
Q_Right [6] : -1.277757
Q_Right [7] : -1.277757
Q_Right [8] : 1.183299
Q_Right [9] : 1.183299
Q_Right [10] : 1.183299
Q_Right [11] : 1.183299
Q_Right [12] : 1.183299
Q_Right [13] : 1.183299
Q_Right [14] : 1.183299
Q_Right [15] : 1.183299

水管边界条件 pn = 47
Q_Right [0] : -1.277757
Q_Right [1] : -1.277757
Q_Right [2] : -1.277757
Q_Right [3] : -1.277757
Q_Right [4] : -1.277757
Q_Right [5] : -1.277757
Q_Right [6] : -1.277757
Q_Right [7] : -1.277757
Q_Right [8] : 1.183299
Q_Right [9] : 1.183299
Q_Right [10] : 1.183299
Q_Right [11] : 1.183299
Q_Right [12] : 1.183299
Q_Right [13] : 1.183299
Q_Right [14] : 1.183299
Q_Right [15] : 1.183299

水管边界条件 pn = 48
Q_Right [0] : -1.277757
Q_Right [1] : -1.277757
Q_Right [2] : -1.277757
Q_Right [3] : -1.277757
Q_Right [4] : -1.277757
Q_Right [5] : -1.277757
Q_Right [6] : -1.277757
Q_Right [7] : -1.277757
Q_Right [8] : 1.183299
Q_Right [9] : 1.183299
Q_Right [10] : 1.183299
Q_Right [11] : 1.183299
Q_Right [12] : 1.183299
Q_Right [13] : 1.183299
Q_Right [14] : 1.183299
Q_Right [15] : 1.183299

水管边界条件 pn = 49
Q_Right [0] : -1.277757
Q_Right [1] : -1.277757
Q_Right [2] : -1.277757
Q_Right [3] : -1.277757
Q_Right [4] : -1.277757
Q_Right [5] : -1.277757
Q_Right [6] : -1.277757
Q_Right [7] : -1.277757
Q_Right [8] : 1.183299
Q_Right [9] : 1.183299
Q_Right [10] : 1.183299
Q_Right [11] : 1.183299
Q_Right [12] : 1.183299
Q_Right [13] : 1.183299
Q_Right [14] : 1.183299
Q_Right [15] : 1.183299

水管边界条件 pn = 50
Q_Right [0] : -1.277757
Q_Right [1] : -1.277757
Q_Right [2] : -1.277757
Q_Right [3] : -1.277757
Q_Right [4] : -1.277757
Q_Right [5] : -1.277757
Q_Right [6] : -1.277757
Q_Right [7] : -1.277757
Q_Right [8] : 1.183299
Q_Right [9] : 1.183299
Q_Right [10] : 1.183299
Q_Right [11] : 1.183299
Q_Right [12] : 1.183299
Q_Right [13] : 1.183299
Q_Right [14] : 1.183299
Q_Right [15] : 1.183299

水管边界条件 pn = 51
Q_Right [0] : -1.277757
Q_Right [1] : -1.277757
Q_Right [2] : -1.277757
Q_Right [3] : -1.277757
Q_Right [4] : -1.277757
Q_Right [5] : -1.277757
Q_Right [6] : -1.277757
Q_Right [7] : -1.277757
Q_Right [8] : 1.183299
Q_Right [9] : 1.183299
Q_Right [10] : 1.183299
Q_Right [11] : 1.183299
Q_Right [12] : 1.183299
Q_Right [13] : 1.183299
Q_Right [14] : 1.183299
Q_Right [15] : 1.183299

水管边界条件 pn = 52
Q_Right [0] : -1.277757
Q_Right [1] : -1.277757
Q_Right [2] : -1.277757
Q_Right [3] : -1.277757
Q_Right [4] : -1.277757
Q_Right [5] : -1.277757
Q_Right [6] : -1.277757
Q_Right [7] : -1.277757
Q_Right [8] : 1.183299
Q_Right [9] : 1.183299
Q_Right [10] : 1.183299
Q_Right [11] : 1.183299
Q_Right [12] : 1.183299
Q_Right [13] : 1.183299
Q_Right [14] : 1.183299
Q_Right [15] : 1.183299

水管边界条件 pn = 53
Q_Right [0] : -1.277757
Q_Right [1] : -1.277757
Q_Right [2] : -1.277757
Q_Right [3] : -1.277757
Q_Right [4] : -1.277757
Q_Right [5] : -1.277757
Q_Right [6] : -1.277757
Q_Right [7] : -1.277757
Q_Right [8] : 1.183299
Q_Right [9] : 1.183299
Q_Right [10] : 1.183299
Q_Right [11] : 1.183299
Q_Right [12] : 1.183299
Q_Right [13] : 1.183299
Q_Right [14] : 1.183299
Q_Right [15] : 1.183299

水管边界条件 pn = 54
Q_Right [0] : -1.277757
Q_Right [1] : -1.277757
Q_Right [2] : -1.277757
Q_Right [3] : -1.277757
Q_Right [4] : -1.277757
Q_Right [5] : -1.277757
Q_Right [6] : -1.277757
Q_Right [7] : -1.277757
Q_Right [8] : 1.183299
Q_Right [9] : 1.183299
Q_Right [10] : 1.183299
Q_Right [11] : 1.183299
Q_Right [12] : 1.183299
Q_Right [13] : 1.183299
Q_Right [14] : 1.183299
Q_Right [15] : 1.183299

水管边界条件 pn = 55
Q_Right [0] : -1.277757
Q_Right [1] : -1.277757
Q_Right [2] : -1.277757
Q_Right [3] : -1.277757
Q_Right [4] : -1.277757
Q_Right [5] : -1.277757
Q_Right [6] : -1.277757
Q_Right [7] : -1.277757
Q_Right [8] : 1.183299
Q_Right [9] : 1.183299
Q_Right [10] : 1.183299
Q_Right [11] : 1.183299
Q_Right [12] : 1.183299
Q_Right [13] : 1.183299
Q_Right [14] : 1.183299
Q_Right [15] : 1.183299

水管边界条件 pn = 56
Q_Right [0] : -1.277757
Q_Right [1] : -1.277757
Q_Right [2] : -1.277757
Q_Right [3] : -1.277757
Q_Right [4] : -1.277757
Q_Right [5] : -1.277757
Q_Right [6] : -1.277757
Q_Right [7] : -1.277757
Q_Right [8] : 1.183299
Q_Right [9] : 1.183299
Q_Right [10] : 1.183299
Q_Right [11] : 1.183299
Q_Right [12] : 1.183299
Q_Right [13] : 1.183299
Q_Right [14] : 1.183299
Q_Right [15] : 1.183299

水管边界条件 pn = 57
Q_Right [0] : -1.277757
Q_Right [1] : -1.277757
Q_Right [2] : -1.277757
Q_Right [3] : -1.277757
Q_Right [4] : -1.277757
Q_Right [5] : -1.277757
Q_Right [6] : -1.277757
Q_Right [7] : -1.277757
Q_Right [8] : 1.183299
Q_Right [9] : 1.183299
Q_Right [10] : 1.183299
Q_Right [11] : 1.183299
Q_Right [12] : 1.183299
Q_Right [13] : 1.183299
Q_Right [14] : 1.183299
Q_Right [15] : 1.183299

水管边界条件 pn = 58
Q_Right [0] : -1.277757
Q_Right [1] : -1.277757
Q_Right [2] : -1.277757
Q_Right [3] : -1.277757
Q_Right [4] : -1.277757
Q_Right [5] : -1.277757
Q_Right [6] : -1.277757
Q_Right [7] : -1.277757
Q_Right [8] : 1.183299
Q_Right [9] : 1.183299
Q_Right [10] : 1.183299
Q_Right [11] : 1.183299
Q_Right [12] : 1.183299
Q_Right [13] : 1.183299
Q_Right [14] : 1.183299
Q_Right [15] : 1.183299

水管边界条件 pn = 59
Q_Right [0] : -1.277757
Q_Right [1] : -1.277757
Q_Right [2] : -1.277757
Q_Right [3] : -1.277757
Q_Right [4] : -1.277757
Q_Right [5] : -1.277757
Q_Right [6] : -1.277757
Q_Right [7] : -1.277757
Q_Right [8] : 1.183299
Q_Right [9] : 1.183299
Q_Right [10] : 1.183299
Q_Right [11] : 1.183299
Q_Right [12] : 1.183299
Q_Right [13] : 1.183299
Q_Right [14] : 1.183299
Q_Right [15] : 1.183299

水管边界条件 pn = 60
Q_Right [0] : -1.277757
Q_Right [1] : -1.277757
Q_Right [2] : -1.277757
Q_Right [3] : -1.277757
Q_Right [4] : -1.277757
Q_Right [5] : -1.277757
Q_Right [6] : -1.277757
Q_Right [7] : -1.277757
Q_Right [8] : 1.183299
Q_Right [9] : 1.183299
Q_Right [10] : 1.183299
Q_Right [11] : 1.183299
Q_Right [12] : 1.183299
Q_Right [13] : 1.183299
Q_Right [14] : 1.183299
Q_Right [15] : 1.183299

水管边界条件 pn = 61
Q_Right [0] : -1.277757
Q_Right [1] : -1.277757
Q_Right [2] : -1.277757
Q_Right [3] : -1.277757
Q_Right [4] : -1.277757
Q_Right [5] : -1.277757
Q_Right [6] : -1.277757
Q_Right [7] : -1.277757
Q_Right [8] : 1.183299
Q_Right [9] : 1.183299
Q_Right [10] : 1.183299
Q_Right [11] : 1.183299
Q_Right [12] : 1.183299
Q_Right [13] : 1.183299
Q_Right [14] : 1.183299
Q_Right [15] : 1.183299

水管边界条件 pn = 62
Q_Right [0] : -1.277757
Q_Right [1] : -1.277757
Q_Right [2] : -1.277757
Q_Right [3] : -1.277757
Q_Right [4] : -1.277757
Q_Right [5] : -1.277757
Q_Right [6] : -1.277757
Q_Right [7] : -1.277757
Q_Right [8] : 1.183299
Q_Right [9] : 1.183299
Q_Right [10] : 1.183299
Q_Right [11] : 1.183299
Q_Right [12] : 1.183299
Q_Right [13] : 1.183299
Q_Right [14] : 1.183299
Q_Right [15] : 1.183299

水管边界条件 pn = 63
Q_Right [0] : -1.277757
Q_Right [1] : -1.277757
Q_Right [2] : -1.277757
Q_Right [3] : -1.277757
Q_Right [4] : -1.277757
Q_Right [5] : -1.277757
Q_Right [6] : -1.277757
Q_Right [7] : -1.277757
Q_Right [8] : 1.183299
Q_Right [9] : 1.183299
Q_Right [10] : 1.183299
Q_Right [11] : 1.183299
Q_Right [12] : 1.183299
Q_Right [13] : 1.183299
Q_Right [14] : 1.183299
Q_Right [15] : 1.183299

水管边界条件 pn = 64
Q_Right [0] : -1.277757
Q_Right [1] : -1.277757
Q_Right [2] : -1.277757
Q_Right [3] : -1.277757
Q_Right [4] : -1.277757
Q_Right [5] : -1.277757
Q_Right [6] : -1.277757
Q_Right [7] : -1.277757
Q_Right [8] : 1.183299
Q_Right [9] : 1.183299
Q_Right [10] : 1.183299
Q_Right [11] : 1.183299
Q_Right [12] : 1.183299
Q_Right [13] : 1.183299
Q_Right [14] : 1.183299
Q_Right [15] : 1.183299

水管边界条件 pn = 65
Q_Right [0] : -1.277757
Q_Right [1] : -1.277757
Q_Right [2] : -1.277757
Q_Right [3] : -1.277757
Q_Right [4] : -1.277757
Q_Right [5] : -1.277757
Q_Right [6] : -1.277757
Q_Right [7] : -1.277757
Q_Right [8] : 1.183299
Q_Right [9] : 1.183299
Q_Right [10] : 1.183299
Q_Right [11] : 1.183299
Q_Right [12] : 1.183299
Q_Right [13] : 1.183299
Q_Right [14] : 1.183299
Q_Right [15] : 1.183299

水管边界条件 pn = 66
Q_Right [0] : -1.277757
Q_Right [1] : -1.277757
Q_Right [2] : -1.277757
Q_Right [3] : -1.277757
Q_Right [4] : -1.277757
Q_Right [5] : -1.277757
Q_Right [6] : -1.277757
Q_Right [7] : -1.277757
Q_Right [8] : 1.183299
Q_Right [9] : 1.183299
Q_Right [10] : 1.183299
Q_Right [11] : 1.183299
Q_Right [12] : 1.183299
Q_Right [13] : 1.183299
Q_Right [14] : 1.183299
Q_Right [15] : 1.183299

水管边界条件 pn = 67
Q_Right [0] : -1.277757
Q_Right [1] : -1.277757
Q_Right [2] : -1.277757
Q_Right [3] : -1.277757
Q_Right [4] : -1.277757
Q_Right [5] : -1.277757
Q_Right [6] : -1.277757
Q_Right [7] : -1.277757
Q_Right [8] : 1.183299
Q_Right [9] : 1.183299
Q_Right [10] : 1.183299
Q_Right [11] : 1.183299
Q_Right [12] : 1.183299
Q_Right [13] : 1.183299
Q_Right [14] : 1.183299
Q_Right [15] : 1.183299

水管边界条件 pn = 68
Q_Right [0] : -1.277757
Q_Right [1] : -1.277757
Q_Right [2] : -1.277757
Q_Right [3] : -1.277757
Q_Right [4] : -1.277757
Q_Right [5] : -1.277757
Q_Right [6] : -1.277757
Q_Right [7] : -1.277757
Q_Right [8] : 1.183299
Q_Right [9] : 1.183299
Q_Right [10] : 1.183299
Q_Right [11] : 1.183299
Q_Right [12] : 1.183299
Q_Right [13] : 1.183299
Q_Right [14] : 1.183299
Q_Right [15] : 1.183299

水管边界条件 pn = 69
Q_Right [0] : -1.277757
Q_Right [1] : -1.277757
Q_Right [2] : -1.277757
Q_Right [3] : -1.277757
Q_Right [4] : -1.277757
Q_Right [5] : -1.277757
Q_Right [6] : -1.277757
Q_Right [7] : -1.277757
Q_Right [8] : 1.183299
Q_Right [9] : 1.183299
Q_Right [10] : 1.183299
Q_Right [11] : 1.183299
Q_Right [12] : 1.183299
Q_Right [13] : 1.183299
Q_Right [14] : 1.183299
Q_Right [15] : 1.183299

水管边界条件 pn = 70
Q_Right [0] : -1.277757
Q_Right [1] : -1.277757
Q_Right [2] : -1.277757
Q_Right [3] : -1.277757
Q_Right [4] : -1.277757
Q_Right [5] : -1.277757
Q_Right [6] : -1.277757
Q_Right [7] : -1.277757
Q_Right [8] : 1.183299
Q_Right [9] : 1.183299
Q_Right [10] : 1.183299
Q_Right [11] : 1.183299
Q_Right [12] : 1.183299
Q_Right [13] : 1.183299
Q_Right [14] : 1.183299
Q_Right [15] : 1.183299

水管边界条件 pn = 71
Q_Right [0] : -1.277757
Q_Right [1] : -1.277757
Q_Right [2] : -1.277757
Q_Right [3] : -1.277757
Q_Right [4] : -1.277757
Q_Right [5] : -1.277757
Q_Right [6] : -1.277757
Q_Right [7] : -1.277757
Q_Right [8] : 1.183299
Q_Right [9] : 1.183299
Q_Right [10] : 1.183299
Q_Right [11] : 1.183299
Q_Right [12] : 1.183299
Q_Right [13] : 1.183299
Q_Right [14] : 1.183299
Q_Right [15] : 1.183299

水管边界条件 pn = 72
Q_Right [0] : -1.277757
Q_Right [1] : -1.277757
Q_Right [2] : -1.277757
Q_Right [3] : -1.277757
Q_Right [4] : -1.277757
Q_Right [5] : -1.277757
Q_Right [6] : -1.277757
Q_Right [7] : -1.277757
Q_Right [8] : 1.183299
Q_Right [9] : 1.183299
Q_Right [10] : 1.183299
Q_Right [11] : 1.183299
Q_Right [12] : 1.183299
Q_Right [13] : 1.183299
Q_Right [14] : 1.183299
Q_Right [15] : 1.183299

水管边界条件 pn = 73
Q_Right [0] : -1.277757
Q_Right [1] : -1.277757
Q_Right [2] : -1.277757
Q_Right [3] : -1.277757
Q_Right [4] : -1.277757
Q_Right [5] : -1.277757
Q_Right [6] : -1.277757
Q_Right [7] : -1.277757
Q_Right [8] : 1.183299
Q_Right [9] : 1.183299
Q_Right [10] : 1.183299
Q_Right [11] : 1.183299
Q_Right [12] : 1.183299
Q_Right [13] : 1.183299
Q_Right [14] : 1.183299
Q_Right [15] : 1.183299

水管边界条件 pn = 74
Q_Right [0] : -1.277757
Q_Right [1] : -1.277757
Q_Right [2] : -1.277757
Q_Right [3] : -1.277757
Q_Right [4] : -1.277757
Q_Right [5] : -1.277757
Q_Right [6] : -1.277757
Q_Right [7] : -1.277757
Q_Right [8] : 1.183299
Q_Right [9] : 1.183299
Q_Right [10] : 1.183299
Q_Right [11] : 1.183299
Q_Right [12] : 1.183299
Q_Right [13] : 1.183299
Q_Right [14] : 1.183299
Q_Right [15] : 1.183299

水管边界条件 pn = 75
Q_Right [0] : -1.277757
Q_Right [1] : -1.277757
Q_Right [2] : -1.277757
Q_Right [3] : -1.277757
Q_Right [4] : -1.277757
Q_Right [5] : -1.277757
Q_Right [6] : -1.277757
Q_Right [7] : -1.277757
Q_Right [8] : 1.183299
Q_Right [9] : 1.183299
Q_Right [10] : 1.183299
Q_Right [11] : 1.183299
Q_Right [12] : 1.183299
Q_Right [13] : 1.183299
Q_Right [14] : 1.183299
Q_Right [15] : 1.183299

水管边界条件 pn = 76
Q_Right [0] : -1.277757
Q_Right [1] : -1.277757
Q_Right [2] : -1.277757
Q_Right [3] : -1.277757
Q_Right [4] : -1.277757
Q_Right [5] : -1.277757
Q_Right [6] : -1.277757
Q_Right [7] : -1.277757
Q_Right [8] : 1.183299
Q_Right [9] : 1.183299
Q_Right [10] : 1.183299
Q_Right [11] : 1.183299
Q_Right [12] : 1.183299
Q_Right [13] : 1.183299
Q_Right [14] : 1.183299
Q_Right [15] : 1.183299

水管边界条件 pn = 77
Q_Right [0] : -1.277757
Q_Right [1] : -1.277757
Q_Right [2] : -1.277757
Q_Right [3] : -1.277757
Q_Right [4] : -1.277757
Q_Right [5] : -1.277757
Q_Right [6] : -1.277757
Q_Right [7] : -1.277757
Q_Right [8] : 1.183299
Q_Right [9] : 1.183299
Q_Right [10] : 1.183299
Q_Right [11] : 1.183299
Q_Right [12] : 1.183299
Q_Right [13] : 1.183299
Q_Right [14] : 1.183299
Q_Right [15] : 1.183299

水管边界条件 pn = 78
Q_Right [0] : -1.277757
Q_Right [1] : -1.277757
Q_Right [2] : -1.277757
Q_Right [3] : -1.277757
Q_Right [4] : -1.277757
Q_Right [5] : -1.277757
Q_Right [6] : -1.277757
Q_Right [7] : -1.277757
Q_Right [8] : 1.183299
Q_Right [9] : 1.183299
Q_Right [10] : 1.183299
Q_Right [11] : 1.183299
Q_Right [12] : 1.183299
Q_Right [13] : 1.183299
Q_Right [14] : 1.183299
Q_Right [15] : 1.183299

水管边界条件 pn = 79
Q_Right [0] : -1.277757
Q_Right [1] : -1.277757
Q_Right [2] : -1.277757
Q_Right [3] : -1.277757
Q_Right [4] : -1.277757
Q_Right [5] : -1.277757
Q_Right [6] : -1.277757
Q_Right [7] : -1.277757
Q_Right [8] : 1.183299
Q_Right [9] : 1.183299
Q_Right [10] : 1.183299
Q_Right [11] : 1.183299
Q_Right [12] : 1.183299
Q_Right [13] : 1.183299
Q_Right [14] : 1.183299
Q_Right [15] : 1.183299

水管边界条件 pn = 80
Q_Right [0] : -1.277757
Q_Right [1] : -1.277757
Q_Right [2] : -1.277757
Q_Right [3] : -1.277757
Q_Right [4] : -1.277757
Q_Right [5] : -1.277757
Q_Right [6] : -1.277757
Q_Right [7] : -1.277757
Q_Right [8] : 1.183299
Q_Right [9] : 1.183299
Q_Right [10] : 1.183299
Q_Right [11] : 1.183299
Q_Right [12] : 1.183299
Q_Right [13] : 1.183299
Q_Right [14] : 1.183299
Q_Right [15] : 1.183299

水管边界条件 pn = 81
Q_Right [0] : -1.277757
Q_Right [1] : -1.277757
Q_Right [2] : -1.277757
Q_Right [3] : -1.277757
Q_Right [4] : -1.277757
Q_Right [5] : -1.277757
Q_Right [6] : -1.277757
Q_Right [7] : -1.277757
Q_Right [8] : 1.183299
Q_Right [9] : 1.183299
Q_Right [10] : 1.183299
Q_Right [11] : 1.183299
Q_Right [12] : 1.183299
Q_Right [13] : 1.183299
Q_Right [14] : 1.183299
Q_Right [15] : 1.183299

水管边界条件 pn = 82
Q_Right [0] : -1.277757
Q_Right [1] : -1.277757
Q_Right [2] : -1.277757
Q_Right [3] : -1.277757
Q_Right [4] : -1.277757
Q_Right [5] : -1.277757
Q_Right [6] : -1.277757
Q_Right [7] : -1.277757
Q_Right [8] : 1.183299
Q_Right [9] : 1.183299
Q_Right [10] : 1.183299
Q_Right [11] : 1.183299
Q_Right [12] : 1.183299
Q_Right [13] : 1.183299
Q_Right [14] : 1.183299
Q_Right [15] : 1.183299

水管边界条件 pn = 83
Q_Right [0] : -1.277757
Q_Right [1] : -1.277757
Q_Right [2] : -1.277757
Q_Right [3] : -1.277757
Q_Right [4] : -1.277757
Q_Right [5] : -1.277757
Q_Right [6] : -1.277757
Q_Right [7] : -1.277757
Q_Right [8] : 1.183299
Q_Right [9] : 1.183299
Q_Right [10] : 1.183299
Q_Right [11] : 1.183299
Q_Right [12] : 1.183299
Q_Right [13] : 1.183299
Q_Right [14] : 1.183299
Q_Right [15] : 1.183299

水管边界条件 pn = 84
Q_Right [0] : -1.277757
Q_Right [1] : -1.277757
Q_Right [2] : -1.277757
Q_Right [3] : -1.277757
Q_Right [4] : -1.277757
Q_Right [5] : -1.277757
Q_Right [6] : -1.277757
Q_Right [7] : -1.277757
Q_Right [8] : 1.183299
Q_Right [9] : 1.183299
Q_Right [10] : 1.183299
Q_Right [11] : 1.183299
Q_Right [12] : 1.183299
Q_Right [13] : 1.183299
Q_Right [14] : 1.183299
Q_Right [15] : 1.183299

水管边界条件 pn = 85
Q_Right [0] : -1.277757
Q_Right [1] : -1.277757
Q_Right [2] : -1.277757
Q_Right [3] : -1.277757
Q_Right [4] : -1.277757
Q_Right [5] : -1.277757
Q_Right [6] : -1.277757
Q_Right [7] : -1.277757
Q_Right [8] : 1.183299
Q_Right [9] : 1.183299
Q_Right [10] : 1.183299
Q_Right [11] : 1.183299
Q_Right [12] : 1.183299
Q_Right [13] : 1.183299
Q_Right [14] : 1.183299
Q_Right [15] : 1.183299

水管边界条件 pn = 86
Q_Right [0] : -1.277757
Q_Right [1] : -1.277757
Q_Right [2] : -1.277757
Q_Right [3] : -1.277757
Q_Right [4] : -1.277757
Q_Right [5] : -1.277757
Q_Right [6] : -1.277757
Q_Right [7] : -1.277757
Q_Right [8] : 1.183299
Q_Right [9] : 1.183299
Q_Right [10] : 1.183299
Q_Right [11] : 1.183299
Q_Right [12] : 1.183299
Q_Right [13] : 1.183299
Q_Right [14] : 1.183299
Q_Right [15] : 1.183299

水管边界条件 pn = 87
Q_Right [0] : -1.277757
Q_Right [1] : -1.277757
Q_Right [2] : -1.277757
Q_Right [3] : -1.277757
Q_Right [4] : -1.277757
Q_Right [5] : -1.277757
Q_Right [6] : -1.277757
Q_Right [7] : -1.277757
Q_Right [8] : 1.183299
Q_Right [9] : 1.183299
Q_Right [10] : 1.183299
Q_Right [11] : 1.183299
Q_Right [12] : 1.183299
Q_Right [13] : 1.183299
Q_Right [14] : 1.183299
Q_Right [15] : 1.183299

水管边界条件 pn = 88
Q_Right [0] : -1.277757
Q_Right [1] : -1.277757
Q_Right [2] : -1.277757
Q_Right [3] : -1.277757
Q_Right [4] : -1.277757
Q_Right [5] : -1.277757
Q_Right [6] : -1.277757
Q_Right [7] : -1.277757
Q_Right [8] : 1.183299
Q_Right [9] : 1.183299
Q_Right [10] : 1.183299
Q_Right [11] : 1.183299
Q_Right [12] : 1.183299
Q_Right [13] : 1.183299
Q_Right [14] : 1.183299
Q_Right [15] : 1.183299

水管边界条件 pn = 89
Q_Right [0] : -1.277757
Q_Right [1] : -1.277757
Q_Right [2] : -1.277757
Q_Right [3] : -1.277757
Q_Right [4] : -1.277757
Q_Right [5] : -1.277757
Q_Right [6] : -1.277757
Q_Right [7] : -1.277757
Q_Right [8] : 1.183299
Q_Right [9] : 1.183299
Q_Right [10] : 1.183299
Q_Right [11] : 1.183299
Q_Right [12] : 1.183299
Q_Right [13] : 1.183299
Q_Right [14] : 1.183299
Q_Right [15] : 1.183299

水管边界条件 pn = 90
Q_Right [0] : -1.277757
Q_Right [1] : -1.277757
Q_Right [2] : -1.277757
Q_Right [3] : -1.277757
Q_Right [4] : -1.277757
Q_Right [5] : -1.277757
Q_Right [6] : -1.277757
Q_Right [7] : -1.277757
Q_Right [8] : 1.183299
Q_Right [9] : 1.183299
Q_Right [10] : 1.183299
Q_Right [11] : 1.183299
Q_Right [12] : 1.183299
Q_Right [13] : 1.183299
Q_Right [14] : 1.183299
Q_Right [15] : 1.183299

水管边界条件 pn = 91
Q_Right [0] : -1.277757
Q_Right [1] : -1.277757
Q_Right [2] : -1.277757
Q_Right [3] : -1.277757
Q_Right [4] : -1.277757
Q_Right [5] : -1.277757
Q_Right [6] : -1.277757
Q_Right [7] : -1.277757
Q_Right [8] : 1.183299
Q_Right [9] : 1.183299
Q_Right [10] : 1.183299
Q_Right [11] : 1.183299
Q_Right [12] : 1.183299
Q_Right [13] : 1.183299
Q_Right [14] : 1.183299
Q_Right [15] : 1.183299

水管边界条件 pn = 92
Q_Right [0] : -1.277757
Q_Right [1] : -1.277757
Q_Right [2] : -1.277757
Q_Right [3] : -1.277757
Q_Right [4] : -1.277757
Q_Right [5] : -1.277757
Q_Right [6] : -1.277757
Q_Right [7] : -1.277757
Q_Right [8] : 1.183299
Q_Right [9] : 1.183299
Q_Right [10] : 1.183299
Q_Right [11] : 1