        0DDDD          TTTTTTTTTTTTT     FFFF5FFFFFFF      SSSSSSSSSSS
        DD   DDD        TTTTTTTTTTT      FFFFFFFFFFF      SSSSSSSSSSS
        DD     DD           TTT          FF               SSS
        DD      DD          TTT          FF                 SSS
        DD      DDD         TTT          FFFFFFFFFF           SSS
        DD      DDD         TTT          FFFFFFFFF              SSS
        DD      DD          TTT          FF                       SSS
        DD     DD           TTT          FF                        SSS
        DD   DDD             T           FF                 SSSSSSSSSS
        DDDDD                T           F                 SSSSSSSSSS




DTFS 0.5a, Dec 2, 2014
IMSL 7.00 32-bits
Visual Studio 2010
(c) COPYRIGHT 2014 Tsinghua University Damlab, all rights reserved

#### PARTS (Nodes) Information
    NodeID              X              Y              Z
         1          0.000          0.000          0.000
         2          1.500          0.000          0.000
         3          1.500          0.000          1.500
         4          0.000          0.000          1.500
         5          0.000          1.000          0.000
         6          1.500          1.000          0.000
         7          1.500          1.000          1.500
         8          0.000          1.000          1.500

#### PARTS (Elements) Information
  EleID| * * * * * * * *  C o n n e c t i v i y * * * * * * * * |
    1      5      6      7      8      1      2      3      4|

#### PARTS (Element sets & Node sets) Information
  Element Set Name: ELSet-1 , Element from 1 to 1 , in total of 1 .
  Node Set Name: NSet-1 , is generated by the element set ELSet-1

#### PARTS (sections) Information
  Section  1 Element Set Name = 'ELSet-1' Material Name = 'Material-1'

#### MATERIAL Information
 Material Name = 	Material-1
 Density (kg*m^-3):  2663.000
 Specific heat(kJ/(kg*oC)):     0.943
 Max adiabatic temperature rise (oC):     0.000
 Adiavatic rate (-):     0.160
 Diffusivity coefficient X (m^2/d):     0.074
 Diffusivity coefficient Y (m^2/d):     0.074
 Diffusivity coefficient Z (m^2/d):     0.074
 Conductivity X (kJ/(m*d*oC)):   185.000
 Conductivity Y (kJ/(m*d*oC)):   185.000
 Conductivity Z (kJ/(m*d*oC)):   185.000

#### Assigning Material Information
 MatID
       1:       1

#### Control Information
 Number of nodes:8
 Number of elements:1
 Number of materials:1

#### Surface Information

!!!!  Warning:
			internal is not a parameter in *Elset

!!!!  Warning:
			instance=Part-1-1 is not a parameter in *Elset
** Attention: The face number definition is different with Abaqus.
 0 - > 4;
 1 - > 6;
 2 - > 5;
 3 - > 3;
 4 - > 2;
 5 - > 1;
  Surface Name = Surf-1: Total Num = 1
	1:0

#### Table/Amplitude Information

!!!!  Warning:
			Only 'time=TOTAL TIME' can be used in this version.

!!!!  Warning:
			Only 'time=TOTAL TIME' can be used in this version.
Table Name : Amp-1
      0.00     10.00
   2000.00     10.00
Table Name : Amp-2
      0.00      4.00
   2000.00      4.00

#### INITIAL CONDITION Information
Elements Temperature
       1:         20.000

#### Pipe Geometry
 Total Pipe Points Number = 2
	0.000	1.250	1.250
	5.000	1.250	1.250

 Total Pipe Segments Number = 1
 Pipe Segment No.1 has a total of 2 points.
	1	2

#### Cooling Condition Information
----------------------------------------
#### Step 1 

 Step Name : Step-2
 Total time : 100.000000
 Total increments : 100

Deactivated element list :

Face information :
000000  

Interactive Conditions :


Boundary Conditions :
