X = 5.000000, Y = 2.000000, Z = 4.000000
       0   10.0018
       1    9.9910
       2   10.0093
       3   10.0077
       4    9.9974
       5    9.9895
       6    9.9882
       7    9.9931
       8   10.0019
       9   10.0117
      10   10.0203
      11   10.0256
      12   10.0264
      13   10.0220
      14   10.0118
      15    9.9958
      16    9.9739
      17    9.9464
      18    9.9135
      19    9.8757
      20    9.8332
      21    9.7864
      22    9.7357
      23    9.6815
      24    9.6242
      25    9.5640
      26    9.5013
      27    9.4363
      28    9.3694
      29    9.3007
      30    9.2306
      31    9.1591
      32    9.0866
      33    9.0131
      34    8.9389
      35    8.8640
      36    8.7886
      37    8.7129
      38    8.6369
      39    8.5607
      40    8.4843
      41    8.4080
      42    8.3318
      43    8.2556
      44    8.1797
      45    8.1039
      46    8.0284
      47    7.9533
      48    7.8785
      49    7.8040
      50    7.7300
      51    7.6564
      52    7.5833
      53    7.5107
      54    7.4385
      55    7.3669
      56    7.2958
      57    7.2252
      58    7.1552
      59    7.0857
      60    7.0168
      61    6.9484
      62    6.8807
      63    6.8135
      64    6.7469
      65    6.6808
      66    6.6154
      67    6.5505
      68    6.4862
      69    6.4225
      70    6.3594
      71    6.2969
      72    6.2350
      73    6.1736
      74    6.1128
      75    6.0525
      76    5.9929
      77    5.9338
      78    5.8753
      79    5.8173
      80    5.7599
      81    5.7030
      82    5.6467
      83    5.5909
      84    5.5357
      85    5.4810
      86    5.4268
      87    5.3732
      88    5.3201
      89    5.2675
      90    5.2154
      91    5.1638
      92    5.1127
      93    5.0621
      94    5.0121
      95    4.9625
      96    4.9134
      97    4.8648
      98    4.8166
      99    4.7690
     100    4.7218
     101    4.6750
     102    4.6288
     103    4.5830
     104    4.5376
     105    4.4927
     106    4.4482
     107    4.4042
     108    4.3606
     109    4.3174
     110    4.2747
     111    4.2324
     112    4.1905
     113    4.1490
     114    4.1079
     115    4.0672
     116    4.0270
     117    3.9871
     118    3.9476
     119    3.9086
     120    3.8699
     121    3.8315
     122    3.7936
     123    3.7560
     124    3.7189
     125    3.6820
     126    3.6456
     127    3.6095
     128    3.5737
     129    3.5384
     130    3.5033
     131    3.4686
     132    3.4343
     133    3.4003
     134    3.3666
     135    3.3333
     136    3.3003
     137    3.2676
     138    3.2353
     139    3.2032
     140    3.1715
     141    3.1401
     142    3.1090
     143    3.0782
     144    3.0477
     145    3.0176
     146    2.9877
     147    2.9581
     148    2.9288
     149    2.8998
     150    2.8711
     151    2.8427
     152    2.8145
     153    2.7867
     154    2.7591
     155    2.7317
     156    2.7047
     157    2.6779
     158    2.6514
     159    2.6251
     160    2.5991
     161    2.5734
     162    2.5479
     163    2.5227
     164    2.4977
     165    2.4730
     166    2.4485
     167    2.4243
     168    2.4003
     169    2.3765
     170    2.3530
     171    2.3297
     172    2.3066
     173    2.2837
     174    2.2611
     175    2.2387
     176    2.2166
     177    2.1946
     178    2.1729
     179    2.1514
     180    2.1301
     181    2.1090
     182    2.0881
     183    2.0674
     184    2.0470
     185    2.0267
     186    2.0066
     187    1.9868
     188    1.9671
     189    1.9476
     190    1.9283
     191    1.9092
     192    1.8903
     193    1.8716
     194    1.8531
     195    1.8347
     196    1.8166
     197    1.7986
     198    1.7808
     199    1.7631
     200    1.7457
     201    1.7284
     202    1.7113
     203    1.6943
     204    1.6775
     205    1.6609
     206    1.6445
     207    1.6282
     208    1.6121
     209    1.5961
     210    1.5803
     211    1.5647
     212    1.5492
     213    1.5338
     214    1.5187
     215    1.5036
     216    1.4887
     217    1.4740
     218    1.4594
     219    1.4449
     220    1.4306
     221    1.4165
     222    1.4024
     223    1.3886
     224    1.3748
     225    1.3612
     226    1.3477
     227    1.3344
     228    1.3212
     229    1.3081
     230    1.2951
     231    1.2823
     232    1.2696
     233    1.2570
     234    1.2446
     235    1.2323
     236    1.2201
     237    1.2080
     238    1.1960
     239    1.1842
     240    1.1724
     241    1.1608
     242    1.1493
     243    1.1380
     244    1.1267
     245    1.1155
     246    1.1045
     247    1.0936
     248    1.0827
     249    1.0720
     250    1.0614
     251    1.0509
     252    1.0405
     253    1.0302
     254    1.0200
     255    1.0099
     256    0.9999
     257    0.9900
     258    0.9802
     259    0.9705
     260    0.9609
     261    0.9513
     262    0.9419
     263    0.9326
     264    0.9234
     265    0.9142
     266    0.9052
     267    0.8962
     268    0.8873
     269    0.8785
     270    0.8698
     271    0.8612
     272    0.8527
     273    0.8443
     274    0.8359
     275    0.8276
     276    0.8194
     277    0.8113
     278    0.8033
     279    0.7953
     280    0.7875
     281    0.7797
     282    0.7719
     283    0.7643
     284    0.7567
     285    0.7492
     286    0.7418
     287    0.7345
     288    0.7272
     289    0.7200
     290    0.7129
     291    0.7058
     292    0.6988
     293    0.6919
     294    0.6850
     295    0.6783
     296    0.6715
     297    0.6649
     298    0.6583
     299    0.6518
X = 5.000000, Y = 2.000000, Z = 4.000000
       0   10.0018
       1    9.9910
       2   10.0093
       3   10.0077
       4    9.9974
       5    9.9895
       6    9.9882
       7    9.9931
       8   10.0019
       9   10.0117
      10   10.0203
      11   10.0256
      12   10.0264
      13   10.0220
      14   10.0118
      15    9.9958
      16    9.9739
      17    9.9464
      18    9.9135
      19    9.8757
      20    9.8332
      21    9.7864
      22    9.7357
      23    9.6815
      24    9.6242
      25    9.5640
      26    9.5013
      27    9.4363
      28    9.3694
      29    9.3007
      30    9.2306
      31    9.1591
      32    9.0866
      33    9.0131
      34    8.9389
      35    8.8640
      36    8.7886
      37    8.7129
      38    8.6369
      39    8.5607
      40    8.4843
      41    8.4080
      42    8.3318
      43    8.2556
      44    8.1797
      45    8.1039
      46    8.0284
      47    7.9533
      48    7.8785
      49    7.8040
      50    7.7300
      51    7.6564
      52    7.5833
      53    7.5107
      54    7.4385
      55    7.3669
      56    7.2958
      57    7.2252
      58    7.1552
      59    7.0857
      60    7.0168
      61    6.9484
      62    6.8807
      63    6.8135
      64    6.7469
      65    6.6808
      66    6.6154
      67    6.5505
      68    6.4862
      69    6.4225
      70    6.3594
      71    6.2969
      72    6.2350
      73    6.1736
      74    6.1128
      75    6.0525
      76    5.9929
      77    5.9338
      78    5.8753
      79    5.8173
      80    5.7599
      81    5.7030
      82    5.6467
      83    5.5909
      84    5.5357
      85    5.4810
      86    5.4268
      87    5.3732
      88    5.3201
      89    5.2675
      90    5.2154
      91    5.1638
      92    5.1127
      93    5.0621
      94    5.0121
      95    4.9625
      96    4.9134
      97    4.8648
      98    4.8166
      99    4.7690
     100    4.7218
     101    4.6750
     102    4.6288
     103    4.5830
     104    4.5376
     105    4.4927
     106    4.4482
     107    4.4042
     108    4.3606
     109    4.3174
     110    4.2747
     111    4.2324
     112    4.1905
     113    4.1490
     114    4.1079
     115    4.0672
     116    4.0270
     117    3.9871
     118    3.9476
     119    3.9086
     120    3.8699
     121    3.8315
     122    3.7936
     123    3.7560
     124    3.7189
     125    3.6820
     126    3.6456
     127    3.6095
     128    3.5737
     129    3.5384
     130    3.5033
     131    3.4686
     132    3.4343
     133    3.4003
     134    3.3666
     135    3.3333
     136    3.3003
     137    3.2676
     138    3.2353
     139    3.2032
     140    3.1715
     141    3.1401
     142    3.1090
     143    3.0782
     144    3.0477
     145    3.0176
     146    2.9877
     147    2.9581
     148    2.9288
     149    2.8998
     150    2.8711
     151    2.8427
     152    2.8145
     153    2.7867
     154    2.7591
     155    2.7317
     156    2.7047
     157    2.6779
     158    2.6514
     159    2.6251
     160    2.5991
     161    2.5734
     162    2.5479
     163    2.5227
     164    2.4977
     165    2.4730
     166    2.4485
     167    2.4243
     168    2.4003
     169    2.3765
     170    2.3530
     171    2.3297
     172    2.3066
     173    2.2837
     174    2.2611
     175    2.2387
     176    2.2166
     177    2.1946
     178    2.1729
     179    2.1514
     180    2.1301
     181    2.1090
     182    2.0881
     183    2.0674
     184    2.0470
     185    2.0267
     186    2.0066
     187    1.9868
     188    1.9671
     189    1.9476
     190    1.9283
     191    1.9092
     192    1.8903
     193    1.8716
     194    1.8531
     195    1.8347
     196    1.8166
     197    1.7986
     198    1.7808
     199    1.7631
     200    1.7457
     201    1.7284
     202    1.7113
     203    1.6943
     204    1.6775
     205    1.6609
     206    1.6445
     207    1.6282
     208    1.6121
     209    1.5961
     210    1.5803
     211    1.5647
     212    1.5492
     213    1.5338
     214    1.5187
     215    1.5036
     216    1.4887
     217    1.4740
     218    1.4594
     219    1.4449
     220    1.4306
     221    1.4165
     222    1.4024
     223    1.3886
     224    1.3748
     225    1.3612
     226    1.3477
     227    1.3344
     228    1.3212
     229    1.3081
     230    1.2951
     231    1.2823
     232    1.2696
     233    1.2570
     234    1.2446
     235    1.2323
     236    1.2201
     237    1.2080
     238    1.1960
     239    1.1842
     240    1.1724
     241    1.1608
     242    1.1493
     243    1.1380
     244    1.1267
     245    1.1155
     246    1.1045
     247    1.0936
     248    1.0827
     249    1.0720
     250    1.0614
     251    1.0509
     252    1.0405
     253    1.0302
     254    1.0200
     255    1.0099
     256    0.9999
     257    0.9900
     258    0.9802
     259    0.9705
     260    0.9609
     261    0.9513
     262    0.9419
     263    0.9326
     264    0.9234
     265    0.9142
     266    0.9052
     267    0.8962
     268    0.8873
     269    0.8785
     270    0.8698
     271    0.8612
     272    0.8527
     273    0.8443
     274    0.8359
     275    0.8276
     276    0.8194
     277    0.8113
     278    0.8033
     279    0.7953
     280    0.7875
     281    0.7797
     282    0.7719
     283    0.7643
     284    0.7567
     285    0.7492
     286    0.7418
     287    0.7345
     288    0.7272
     289    0.7200
     290    0.7129
     291    0.7058
     292    0.6988
     293    0.6919
     294    0.6850
     295    0.6783
     296    0.6715
     297    0.6649
     298    0.6583
     299    0.6518
X = 5.000000, Y = 2.000000, Z = 4.000000
       0   10.0018
       1    9.9910
       2   10.0093
       3   10.0077
       4    9.9974
       5    9.9895
       6    9.9882
       7    9.9931
       8   10.0019
       9   10.0117
      10   10.0203
      11   10.0256
      12   10.0264
      13   10.0220
      14   10.0118
      15    9.9958
      16    9.9739
      17    9.9464
      18    9.9135
      19    9.8757
      20    9.8332
      21    9.7864
      22    9.7357
      23    9.6815
      24    9.6242
      25    9.5640
      26    9.5013
      27    9.4363
      28    9.3694
      29    9.3007
      30    9.2306
      31    9.1591
      32    9.0866
      33    9.0131
      34    8.9389
      35    8.8640
      36    8.7886
      37    8.7129
      38    8.6369
      39    8.5607
      40    8.4843
      41    8.4080
      42    8.3318
      43    8.2556
      44    8.1797
      45    8.1039
      46    8.0284
      47    7.9533
      48    7.8785
      49    7.8040
      50    7.7300
      51    7.6564
      52    7.5833
      53    7.5107
      54    7.4385
      55    7.3669
      56    7.2958
      57    7.2252
      58    7.1552
      59    7.0857
      60    7.0168
      61    6.9484
      62    6.8807
      63    6.8135
      64    6.7469
      65    6.6808
      66    6.6154
      67    6.5505
      68    6.4862
      69    6.4225
      70    6.3594
      71    6.2969
      72    6.2350
      73    6.1736
      74    6.1128
      75    6.0525
      76    5.9929
      77    5.9338
      78    5.8753
      79    5.8173
      80    5.7599
      81    5.7030
      82    5.6467
      83    5.5909
      84    5.5357
      85    5.4810
      86    5.4268
      87    5.3732
      88    5.3201
      89    5.2675
      90    5.2154
      91    5.1638
      92    5.1127
      93    5.0621
      94    5.0121
      95    4.9625
      96    4.9134
      97    4.8648
      98    4.8166
      99    4.7690
     100    4.7218
     101    4.6750
     102    4.6288
     103    4.5830
     104    4.5376
     105    4.4927
     106    4.4482
     107    4.4042
     108    4.3606
     109    4.3174
     110    4.2747
     111    4.2324
     112    4.1905
     113    4.1490
     114    4.1079
     115    4.0672
     116    4.0270
     117    3.9871
     118    3.9476
     119    3.9086
     120    3.8699
     121    3.8315
     122    3.7936
     123    3.7560
     124    3.7189
     125    3.6820
     126    3.6456
     127    3.6095
     128    3.5737
     129    3.5384
     130    3.5033
     131    3.4686
     132    3.4343
     133    3.4003
     134    3.3666
     135    3.3333
     136    3.3003
     137    3.2676
     138    3.2353
     139    3.2032
     140    3.1715
     141    3.1401
     142    3.1090
     143    3.0782
     144    3.0477
     145    3.0176
     146    2.9877
     147    2.9581
     148    2.9288
     149    2.8998
     150    2.8711
     151    2.8427
     152    2.8145
     153    2.7867
     154    2.7591
     155    2.7317
     156    2.7047
     157    2.6779
     158    2.6514
     159    2.6251
     160    2.5991
     161    2.5734
     162    2.5479
     163    2.5227
     164    2.4977
     165    2.4730
     166    2.4485
     167    2.4243
     168    2.4003
     169    2.3765
     170    2.3530
     171    2.3297
     172    2.3066
     173    2.2837
     174    2.2611
     175    2.2387
     176    2.2166
     177    2.1946
     178    2.1729
     179    2.1514
     180    2.1301
     181    2.1090
     182    2.0881
     183    2.0674
     184    2.0470
     185    2.0267
     186    2.0066
     187    1.9868
     188    1.9671
     189    1.9476
     190    1.9283
     191    1.9092
     192    1.8903
     193    1.8716
     194    1.8531
     195    1.8347
     196    1.8166
     197    1.7986
     198    1.7808
     199    1.7631
     200    1.7457
     201    1.7284
     202    1.7113
     203    1.6943
     204    1.6775
     205    1.6609
     206    1.6445
     207    1.6282
     208    1.6121
     209    1.5961
     210    1.5803
     211    1.5647
     212    1.5492
     213    1.5338
     214    1.5187
     215    1.5036
     216    1.4887
     217    1.4740
     218    1.4594
     219    1.4449
     220    1.4306
     221    1.4165
     222    1.4024
     223    1.3886
     224    1.3748
     225    1.3612
     226    1.3477
     227    1.3344
     228    1.3212
     229    1.3081
     230    1.2951
     231    1.2823
     232    1.2696
     233    1.2570
     234    1.2446
     235    1.2323
     236    1.2201
     237    1.2080
     238    1.1960
     239    1.1842
     240    1.1724
     241    1.1608
     242    1.1493
     243    1.1380
     244    1.1267
     245    1.1155
     246    1.1045
     247    1.0936
     248    1.0827
     249    1.0720
     250    1.0614
     251    1.0509
     252    1.0405
     253    1.0302
     254    1.0200
     255    1.0099
     256    0.9999
     257    0.9900
     258    0.9802
     259    0.9705
     260    0.9609
     261    0.9513
     262    0.9419
     263    0.9326
     264    0.9234
     265    0.9142
     266    0.9052
     267    0.8962
     268    0.8873
     269    0.8785
     270    0.8698
     271    0.8612
     272    0.8527
     273    0.8443
     274    0.8359
     275    0.8276
     276    0.8194
     277    0.8113
     278    0.8033
     279    0.7953
     280    0.7875
     281    0.7797
     282    0.7719
     283    0.7643
     284    0.7567
     285    0.7492
     286    0.7418
     287    0.7345
     288    0.7272
     289    0.7200
     290    0.7129
     291    0.7058
     292    0.6988
     293    0.6919
     294    0.6850
     295    0.6783
     296    0.6715
     297    0.6649
     298    0.6583
     299    0.6518
X = 5.000000, Y = 2.000000, Z = 4.000000
       0   10.0018
       1    9.9910
       2   10.0093
       3   10.0077
       4    9.9974
       5    9.9895
       6    9.9882
       7    9.9931
       8   10.0019
       9   10.0117
      10   10.0203
      11   10.0256
      12   10.0264
      13   10.0220
      14   10.0118
      15    9.9958
      16    9.9739
      17    9.9464
      18    9.9135
      19    9.8757
      20    9.8332
      21    9.7864
      22    9.7357
      23    9.6815
      24    9.6242
      25    9.5640
      26    9.5013
      27    9.4363
      28    9.3694
      29    9.3007
      30    9.2306
      31    9.1591
      32    9.0866
      33    9.0131
      34    8.9389
      35    8.8640
      36    8.7886
      37    8.7129
      38    8.6369
      39    8.5607
      40    8.4843
      41    8.4080
      42    8.3318
      43    8.2556
      44    8.1797
      45    8.1039
      46    8.0284
      47    7.9533
      48    7.8785
      49    7.8040
      50    7.7300
      51    7.6564
      52    7.5833
      53    7.5107
      54    7.4385
      55    7.3669
      56    7.2958
      57    7.2252
      58    7.1552
      59    7.0857
      60    7.0168
      61    6.9484
      62    6.8807
      63    6.8135
      64    6.7469
      65    6.6808
      66    6.6154
      67    6.5505
      68    6.4862
      69    6.4225
      70    6.3594
      71    6.2969
      72    6.2350
      73    6.1736
      74    6.1128
      75    6.0525
      76    5.9929
      77    5.9338
      78    5.8753
      79    5.8173
      80    5.7599
      81    5.7030
      82    5.6467
      83    5.5909
      84    5.5357
      85    5.4810
      86    5.4268
      87    5.3732
      88    5.3201
      89    5.2675
      90    5.2154
      91    5.1638
      92    5.1127
      93    5.0621
      94    5.0121
      95    4.9625
      96    4.9134
      97    4.8648
      98    4.8166
      99    4.7690
     100    4.7218
     101    4.6750
     102    4.6288
     103    4.5830
     104    4.5376
     105    4.4927
     106    4.4482
     107    4.4042
     108    4.3606
     109    4.3174
     110    4.2747
     111    4.2324
     112    4.1905
     113    4.1490
     114    4.1079
     115    4.0672
     116    4.0270
     117    3.9871
     118    3.9476
     119    3.9086
     120    3.8699
     121    3.8315
     122    3.7936
     123    3.7560
     124    3.7189
     125    3.6820
     126    3.6456
     127    3.6095
     128    3.5737
     129    3.5384
     130    3.5033
     131    3.4686
     132    3.4343
     133    3.4003
     134    3.3666
     135    3.3333
     136    3.3003
     137    3.2676
     138    3.2353
     139    3.2032
     140    3.1715
     141    3.1401
     142    3.1090
     143    3.0782
     144    3.0477
     145    3.0176
     146    2.9877
     147    2.9581
     148    2.9288
     149    2.8998
     150    2.8711
     151    2.8427
     152    2.8145
     153    2.7867
     154    2.7591
     155    2.7317
     156    2.7047
     157    2.6779
     158    2.6514
     159    2.6251
     160    2.5991
     161    2.5734
     162    2.5479
     163    2.5227
     164    2.4977
     165    2.4730
     166    2.4485
     167    2.4243
     168    2.4003
     169    2.3765
     170    2.3530
     171    2.3297
     172    2.3066
     173    2.2837
     174    2.2611
     175    2.2387
     176    2.2166
     177    2.1946
     178    2.1729
     179    2.1514
     180    2.1301
     181    2.1090
     182    2.0881
     183    2.0674
     184    2.0470
     185    2.0267
     186    2.0066
     187    1.9868
     188    1.9671
     189    1.9476
     190    1.9283
     191    1.9092
     192    1.8903
     193    1.8716
     194    1.8531
     195    1.8347
     196    1.8166
     197    1.7986
     198    1.7808
     199    1.7631
     200    1.7457
     201    1.7284
     202    1.7113
     203    1.6943
     204    1.6775
     205    1.6609
     206    1.6445
     207    1.6282
     208    1.6121
     209    1.5961
     210    1.5803
     211    1.5647
     212    1.5492
     213    1.5338
     214    1.5187
     215    1.5036
     216    1.4887
     217    1.4740
     218    1.4594
     219    1.4449
     220    1.4306
     221    1.4165
     222    1.4024
     223    1.3886
     224    1.3748
     225    1.3612
     226    1.3477
     227    1.3344
     228    1.3212
     229    1.3081
     230    1.2951
     231    1.2823
     232    1.2696
     233    1.2570
     234    1.2446
     235    1.2323
     236    1.2201
     237    1.2080
     238    1.1960
     239    1.1842
     240    1.1724
     241    1.1608
     242    1.1493
     243    1.1380
     244    1.1267
     245    1.1155
     246    1.1045
     247    1.0936
     248    1.0827
     249    1.0720
     250    1.0614
     251    1.0509
     252    1.0405
     253    1.0302
     254    1.0200
     255    1.0099
     256    0.9999
     257    0.9900
     258    0.9802
     259    0.9705
     260    0.9609
     261    0.9513
     262    0.9419
     263    0.9326
     264    0.9234
     265    0.9142
     266    0.9052
     267    0.8962
     268    0.8873
     269    0.8785
     270    0.8698
     271    0.8612
     272    0.8527
     273    0.8443
     274    0.8359
     275    0.8276
     276    0.8194
     277    0.8113
     278    0.8033
     279    0.7953
     280    0.7875
     281    0.7797
     282    0.7719
     283    0.7643
     284    0.7567
     285    0.7492
     286    0.7418
     287    0.7345
     288    0.7272
     289    0.7200
     290    0.7129
     291    0.7058
     292    0.6988
     293    0.6919
     294    0.6850
     295    0.6783
     296    0.6715
     297    0.6649
     298    0.6583
     299    0.6518
X = 5.000000, Y = 2.000000, Z = 4.000000
       0   10.0018
       1    9.9910
       2   10.0093
       3   10.0077
       4    9.9974
       5    9.9895
       6    9.9882
       7    9.9931
       8   10.0019
       9   10.0117
      10   10.0203
      11   10.0256
      12   10.0264
      13   10.0220
      14   10.0118
      15    9.9958
      16    9.9739
      17    9.9464
      18    9.9135
      19    9.8757
      20    9.8332
      21    9.7864
      22    9.7357
      23    9.6815
      24    9.6242
      25    9.5640
      26    9.5013
      27    9.4363
      28    9.3694
      29    9.3007
      30    9.2306
      31    9.1591
      32    9.0866
      33    9.0131
      34    8.9389
      35    8.8640
      36    8.7886
      37    8.7129
      38    8.6369
      39    8.5607
      40    8.4843
      41    8.4080
      42    8.3318
      43    8.2556
      44    8.1797
      45    8.1039
      46    8.0284
      47    7.9533
      48    7.8785
      49    7.8040
      50    7.7300
      51    7.6564
      52    7.5833
      53    7.5107
      54    7.4385
      55    7.3669
      56    7.2958
      57    7.2252
      58    7.1552
      59    7.0857
      60    7.0168
      61    6.9484
      62    6.8807
      63    6.8135
      64    6.7469
      65    6.6808
      66    6.6154
      67    6.5505
      68    6.4862
      69    6.4225
      70    6.3594
      71    6.2969
      72    6.2350
      73    6.1736
      74    6.1128
      75    6.0525
      76    5.9929
      77    5.9338
      78    5.8753
      79    5.8173
      80    5.7599
      81    5.7030
      82    5.6467
      83    5.5909
      84    5.5357
      85    5.4810
      86    5.4268
      87    5.3732
      88    5.3201
      89    5.2675
      90    5.2154
      91    5.1638
      92    5.1127
      93    5.0621
      94    5.0121
      95    4.9625
      96    4.9134
      97    4.8648
      98    4.8166
      99    4.7690
     100    4.7218
     101    4.6750
     102    4.6288
     103    4.5830
     104    4.5376
     105    4.4927
     106    4.4482
     107    4.4042
     108    4.3606
     109    4.3174
     110    4.2747
     111    4.2324
     112    4.1905
     113    4.1490
     114    4.1079
     115    4.0672
     116    4.0270
     117    3.9871
     118    3.9476
     119    3.9086
     120    3.8699
     121    3.8315
     122    3.7936
     123    3.7560
     124    3.7189
     125    3.6820
     126    3.6456
     127    3.6095
     128    3.5737
     129    3.5384
     130    3.5033
     131    3.4686
     132    3.4343
     133    3.4003
     134    3.3666
     135    3.3333
     136    3.3003
     137    3.2676
     138    3.2353
     139    3.2032
     140    3.1715
     141    3.1401
     142    3.1090
     143    3.0782
     144    3.0477
     145    3.0176
     146    2.9877
     147    2.9581
     148    2.9288
     149    2.8998
     150    2.8711
     151    2.8427
     152    2.8145
     153    2.7867
     154    2.7591
     155    2.7317
     156    2.7047
     157    2.6779
     158    2.6514
     159    2.6251
     160    2.5991
     161    2.5734
     162    2.5479
     163    2.5227
     164    2.4977
     165    2.4730
     166    2.4485
     167    2.4243
     168    2.4003
     169    2.3765
     170    2.3530
     171    2.3297
     172    2.3066
     173    2.2837
     174    2.2611
     175    2.2387
     176    2.2166
     177    2.1946
     178    2.1729
     179    2.1514
     180    2.1301
     181    2.1090
     182    2.0881
     183    2.0674
     184    2.0470
     185    2.0267
     186    2.0066
     187    1.9868
     188    1.9671
     189    1.9476
     190    1.9283
     191    1.9092
     192    1.8903
     193    1.8716
     194    1.8531
     195    1.8347
     196    1.8166
     197    1.7986
     198    1.7808
     199    1.7631
     200    1.7457
     201    1.7284
     202    1.7113
     203    1.6943
     204    1.6775
     205    1.6609
     206    1.6445
     207    1.6282
     208    1.6121
     209    1.5961
     210    1.5803
     211    1.5647
     212    1.5492
     213    1.5338
     214    1.5187
     215    1.5036
     216    1.4887
     217    1.4740
     218    1.4594
     219    1.4449
     220    1.4306
     221    1.4165
     222    1.4024
     223    1.3886
     224    1.3748
     225    1.3612
     226    1.3477
     227    1.3344
     228    1.3212
     229    1.3081
     230    1.2951
     231    1.2823
     232    1.2696
     233    1.2570
     234    1.2446
     235    1.2323
     236    1.2201
     237    1.2080
     238    1.1960
     239    1.1842
     240    1.1724
     241    1.1608
     242    1.1493
     243    1.1380
     244    1.1267
     245    1.1155
     246    1.1045
     247    1.0936
     248    1.0827
     249    1.0720
     250    1.0614
     251    1.0509
     252    1.0405
     253    1.0302
     254    1.0200
     255    1.0099
     256    0.9999
     257    0.9900
     258    0.9802
     259    0.9705
     260    0.9609
     261    0.9513
     262    0.9419
     263    0.9326
     264    0.9234
     265    0.9142
     266    0.9052
     267    0.8962
     268    0.8873
     269    0.8785
     270    0.8698
     271    0.8612
     272    0.8527
     273    0.8443
     274    0.8359
     275    0.8276
     276    0.8194
     277    0.8113
     278    0.8033
     279    0.7953
     280    0.7875
     281    0.7797
     282    0.7719
     283    0.7643
     284    0.7567
     285    0.7492
     286    0.7418
     287    0.7345
     288    0.7272
     289    0.7200
     290    0.7129
     291    0.7058
     292    0.6988
     293    0.6919
     294    0.6850
     295    0.6783
     296    0.6715
     297    0.6649
     298    0.6583
     299    0.6518
X = 5.000000, Y = 2.000000, Z = 4.000000
       0   10.0018
       1    9.9910
       2   10.0093
       3   10.0077
       4    9.9974
       5    9.9895
       6    9.9882
       7    9.9931
       8   10.0019
       9   10.0117
      10   10.0203
      11   10.0256
      12   10.0264
      13   10.0220
      14   10.0118
      15    9.9958
      16    9.9739
      17    9.9464
      18    9.9135
      19    9.8757
      20    9.8332
      21    9.7864
      22    9.7357
      23    9.6815
      24    9.6242
      25    9.5640
      26    9.5013
      27    9.4363
      28    9.3694
      29    9.3007
      30    9.2306
      31    9.1591
      32    9.0866
      33    9.0131
      34    8.9389
      35    8.8640
      36    8.7886
      37    8.7129
      38    8.6369
      39    8.5607
      40    8.4843
      41    8.4080
      42    8.3318
      43    8.2556
      44    8.1797
      45    8.1039
      46    8.0284
      47    7.9533
      48    7.8785
      49    7.8040
      50    7.7300
      51    7.6564
      52    7.5833
      53    7.5107
      54    7.4385
      55    7.3669
      56    7.2958
      57    7.2252
      58    7.1552
      59    7.0857
      60    7.0168
      61    6.9484
      62    6.8807
      63    6.8135
      64    6.7469
      65    6.6808
      66    6.6154
      67    6.5505
      68    6.4862
      69    6.4225
      70    6.3594
      71    6.2969
      72    6.2350
      73    6.1736
      74    6.1128
      75    6.0525
      76    5.9929
      77    5.9338
      78    5.8753
      79    5.8173
      80    5.7599
      81    5.7030
      82    5.6467
      83    5.5909
      84    5.5357
      85    5.4810
      86    5.4268
      87    5.3732
      88    5.3201
      89    5.2675
      90    5.2154
      91    5.1638
      92    5.1127
      93    5.0621
      94    5.0121
      95    4.9625
      96    4.9134
      97    4.8648
      98    4.8166
      99    4.7690
     100    4.7218
     101    4.6750
     102    4.6288
     103    4.5830
     104    4.5376
     105    4.4927
     106    4.4482
     107    4.4042
     108    4.3606
     109    4.3174
     110    4.2747
     111    4.2324
     112    4.1905
     113    4.1490
     114    4.1079
     115    4.0672
     116    4.0270
     117    3.9871
     118    3.9476
     119    3.9086
     120    3.8699
     121    3.8315
     122    3.7936
     123    3.7560
     124    3.7189
     125    3.6820
     126    3.6456
     127    3.6095
     128    3.5737
     129    3.5384
     130    3.5033
     131    3.4686
     132    3.4343
     133    3.4003
     134    3.3666
     135    3.3333
     136    3.3003
     137    3.2676
     138    3.2353
     139    3.2032
     140    3.1715
     141    3.1401
     142    3.1090
     143    3.0782
     144    3.0477
     145    3.0176
     146    2.9877
     147    2.9581
     148    2.9288
     149    2.8998
     150    2.8711
     151    2.8427
     152    2.8145
     153    2.7867
     154    2.7591
     155    2.7317
     156    2.7047
     157    2.6779
     158    2.6514
     159    2.6251
     160    2.5991
     161    2.5734
     162    2.5479
     163    2.5227
     164    2.4977
     165    2.4730
     166    2.4485
     167    2.4243
     168    2.4003
     169    2.3765
     170    2.3530
     171    2.3297
     172    2.3066
     173    2.2837
     174    2.2611
     175    2.2387
     176    2.2166
     177    2.1946
     178    2.1729
     179    2.1514
     180    2.1301
     181    2.1090
     182    2.0881
     183    2.0674
     184    2.0470
     185    2.0267
     186    2.0066
     187    1.9868
     188    1.9671
     189    1.9476
     190    1.9283
     191    1.9092
     192    1.8903
     193    1.8716
     194    1.8531
     195    1.8347
     196    1.8166
     197    1.7986
     198    1.7808
     199    1.7631
     200    1.7457
     201    1.7284
     202    1.7113
     203    1.6943
     204    1.6775
     205    1.6609
     206    1.6445
     207    1.6282
     208    1.6121
     209    1.5961
     210    1.5803
     211    1.5647
     212    1.5492
     213    1.5338
     214    1.5187
     215    1.5036
     216    1.4887
     217    1.4740
     218    1.4594
     219    1.4449
     220    1.4306
     221    1.4165
     222    1.4024
     223    1.3886
     224    1.3748
     225    1.3612
     226    1.3477
     227    1.3344
     228    1.3212
     229    1.3081
     230    1.2951
     231    1.2823
     232    1.2696
     233    1.2570
     234    1.2446
     235    1.2323
     236    1.2201
     237    1.2080
     238    1.1960
     239    1.1842
     240    1.1724
     241    1.1608
     242    1.1493
     243    1.1380
     244    1.1267
     245    1.1155
     246    1.1045
     247    1.0936
     248    1.0827
     249    1.0720
     250    1.0614
     251    1.0509
     252    1.0405
     253    1.0302
     254    1.0200
     255    1.0099
     256    0.9999
     257    0.9900
     258    0.9802
     259    0.9705
     260    0.9609
     261    0.9513
     262    0.9419
     263    0.9326
     264    0.9234
     265    0.9142
     266    0.9052
     267    0.8962
     268    0.8873
     269    0.8785
     270    0.8698
     271    0.8612
     272    0.8527
     273    0.8443
     274    0.8359
     275    0.8276
     276    0.8194
     277    0.8113
     278    0.8033
     279    0.7953
     280    0.7875
     281    0.7797
     282    0.7719
     283    0.7643
     284    0.7567
     285    0.7492
     286    0.7418
     287    0.7345
     288    0.7272
     289    0.7200
     290    0.7129
     291    0.7058
     292    0.6988
     293    0.6919
     294    0.6850
     295    0.6783
     296    0.6715
     297    0.6649
     298    0.6583
     299    0.6518
X = 5.000000, Y = 2.000000, Z = 4.000000
       0   10.0018
       1    9.9910
       2   10.0093
       3   10.0077
       4    9.9974
       5    9.9895
       6    9.9882
       7    9.9931
       8   10.0019
       9   10.0117
      10   10.0203
      11   10.0256
      12   10.0264
      13   10.0220
      14   10.0118
      15    9.9958
      16    9.9739
      17    9.9464
      18    9.9135
      19    9.8757
      20    9.8332
      21    9.7864
      22    9.7357
      23    9.6815
      24    9.6242
      25    9.5640
      26    9.5013
      27    9.4363
      28    9.3694
      29    9.3007
      30    9.2306
      31    9.1591
      32    9.0866
      33    9.0131
      34    8.9389
      35    8.8640
      36    8.7886
      37    8.7129
      38    8.6369
      39    8.5607
      40    8.4843
      41    8.4080
      42    8.3318
      43    8.2556
      44    8.1797
      45    8.1039
      46    8.0284
      47    7.9533
      48    7.8785
      49    7.8040
      50    7.7300
      51    7.6564
      52    7.5833
      53    7.5107
      54    7.4385
      55    7.3669
      56    7.2958
      57    7.2252
      58    7.1552
      59    7.0857
      60    7.0168
      61    6.9484
      62    6.8807
      63    6.8135
      64    6.7469
      65    6.6808
      66    6.6154
      67    6.5505
      68    6.4862
      69    6.4225
      70    6.3594
      71    6.2969
      72    6.2350
      73    6.1736
      74    6.1128
      75    6.0525
      76    5.9929
      77    5.9338
      78    5.8753
      79    5.8173
      80    5.7599
      81    5.7030
      82    5.6467
      83    5.5909
      84    5.5357
      85    5.4810
      86    5.4268
      87    5.3732
      88    5.3201
      89    5.2675
      90    5.2154
      91    5.1638
      92    5.1127
      93    5.0621
      94    5.0121
      95    4.9625
      96    4.9134
      97    4.8648
      98    4.8166
      99    4.7690
     100    4.7218
     101    4.6750
     102    4.6288
     103    4.5830
     104    4.5376
     105    4.4927
     106    4.4482
     107    4.4042
     108    4.3606
     109    4.3174
     110    4.2747
     111    4.2324
     112    4.1905
     113    4.1490
     114    4.1079
     115    4.0672
     116    4.0270
     117    3.9871
     118    3.9476
     119    3.9086
     120    3.8699
     121    3.8315
     122    3.7936
     123    3.7560
     124    3.7189
     125    3.6820
     126    3.6456
     127    3.6095
     128    3.5737
     129    3.5384
     130    3.5033
     131    3.4686
     132    3.4343
     133    3.4003
     134    3.3666
     135    3.3333
     136    3.3003
     137    3.2676
     138    3.2353
     139    3.2032
     140    3.1715
     141    3.1401
     142    3.1090
     143    3.0782
     144    3.0477
     145    3.0176
     146    2.9877
     147    2.9581
     148    2.9288
     149    2.8998
     150    2.8711
     151    2.8427
     152    2.8145
     153    2.7867
     154    2.7591
     155    2.7317
     156    2.7047
     157    2.6779
     158    2.6514
     159    2.6251
     160    2.5991
     161    2.5734
     162    2.5479
     163    2.5227
     164    2.4977
     165    2.4730
     166    2.4485
     167    2.4243
     168    2.4003
     169    2.3765
     170    2.3530
     171    2.3297
     172    2.3066
     173    2.2837
     174    2.2611
     175    2.2387
     176    2.2166
     177    2.1946
     178    2.1729
     179    2.1514
     180    2.1301
     181    2.1090
     182    2.0881
     183    2.0674
     184    2.0470
     185    2.0267
     186    2.0066
     187    1.9868
     188    1.9671
     189    1.9476
     190    1.9283
     191    1.9092
     192    1.8903
     193    1.8716
     194    1.8531
     195    1.8347
     196    1.8166
     197    1.7986
     198    1.7808
     199    1.7631
     200    1.7457
     201    1.7284
     202    1.7113
     203    1.6943
     204    1.6775
     205    1.6609
     206    1.6445
     207    1.6282
     208    1.6121
     209    1.5961
     210    1.5803
     211    1.5647
     212    1.5492
     213    1.5338
     214    1.5187
     215    1.5036
     216    1.4887
     217    1.4740
     218    1.4594
     219    1.4449
     220    1.4306
     221    1.4165
     222    1.4024
     223    1.3886
     224    1.3748
     225    1.3612
     226    1.3477
     227    1.3344
     228    1.3212
     229    1.3081
     230    1.2951
     231    1.2823
     232    1.2696
     233    1.2570
     234    1.2446
     235    1.2323
     236    1.2201
     237    1.2080
     238    1.1960
     239    1.1842
     240    1.1724
     241    1.1608
     242    1.1493
     243    1.1380
     244    1.1267
     245    1.1155
     246    1.1045
     247    1.0936
     248    1.0827
     249    1.0720
     250    1.0614
     251    1.0509
     252    1.0405
     253    1.0302
     254    1.0200
     255    1.0099
     256    0.9999
     257    0.9900
     258    0.9802
     259    0.9705
     260    0.9609
     261    0.9513
     262    0.9419
     263    0.9326
     264    0.9234
     265    0.9142
     266    0.9052
     267    0.8962
     268    0.8873
     269    0.8785
     270    0.8698
     271    0.8612
     272    0.8527
     273    0.8443
     274    0.8359
     275    0.8276
     276    0.8194
     277    0.8113
     278    0.8033
     279    0.7953
     280    0.7875
     281    0.7797
     282    0.7719
     283    0.7643
     284    0.7567
     285    0.7492
     286    0.7418
     287    0.7345
     288    0.7272
     289    0.7200
     290    0.7129
     291    0.7058
     292    0.6988
     293    0.6919
     294    0.6850
     295    0.6783
     296    0.6715
     297    0.6649
     298    0.6583
     299    0.6518
X = 5.000000, Y = 2.000000, Z = 4.000000
       0   10.0018
       1    9.9910
       2   10.0093
       3   10.0077
       4    9.9974
       5    9.9895
       6    9.9882
       7    9.9931
       8   10.0019
       9   10.0117
      10   10.0203
      11   10.0256
      12   10.0264
      13   10.0220
      14   10.0118
      15    9.9958
      16    9.9739
      17    9.9464
      18    9.9135
      19    9.8757
      20    9.8332
      21    9.7864
      22    9.7357
      23    9.6815
      24    9.6242
      25    9.5640
      26    9.5013
      27    9.4363
      28    9.3694
      29    9.3007
      30    9.2306
      31    9.1591
      32    9.0866
      33    9.0131
      34    8.9389
      35    8.8640
      36    8.7886
      37    8.7129
      38    8.6369
      39    8.5607
      40    8.4843
      41    8.4080
      42    8.3318
      43    8.2556
      44    8.1797
      45    8.1039
      46    8.0284
      47    7.9533
      48    7.8785
      49    7.8040
      50    7.7300
      51    7.6564
      52    7.5833
      53    7.5107
      54    7.4385
      55    7.3669
      56    7.2958
      57    7.2252
      58    7.1552
      59    7.0857
      60    7.0168
      61    6.9484
      62    6.8807
      63    6.8135
      64    6.7469
      65    6.6808
      66    6.6154
      67    6.5505
      68    6.4862
      69    6.4225
      70    6.3594
      71    6.2969
      72    6.2350
      73    6.1736
      74    6.1128
      75    6.0525
      76    5.9929
      77    5.9338
      78    5.8753
      79    5.8173
      80    5.7599
      81    5.7030
      82    5.6467
      83    5.5909
      84    5.5357
      85    5.4810
      86    5.4268
      87    5.3732
      88    5.3201
      89    5.2675
      90    5.2154
      91    5.1638
      92    5.1127
      93    5.0621
      94    5.0121
      95    4.9625
      96    4.9134
      97    4.8648
      98    4.8166
      99    4.7690
     100    4.7218
     101    4.6750
     102    4.6288
     103    4.5830
     104    4.5376
     105    4.4927
     106    4.4482
     107    4.4042
     108    4.3606
     109    4.3174
     110    4.2747
     111    4.2324
     112    4.1905
     113    4.1490
     114    4.1079
     115    4.0672
     116    4.0270
     117    3.9871
     118    3.9476
     119    3.9086
     120    3.8699
     121    3.8315
     122    3.7936
     123    3.7560
     124    3.7189
     125    3.6820
     126    3.6456
     127    3.6095
     128    3.5737
     129    3.5384
     130    3.5033
     131    3.4686
     132    3.4343
     133    3.4003
     134    3.3666
     135    3.3333
     136    3.3003
     137    3.2676
     138    3.2353
     139    3.2032
     140    3.1715
     141    3.1401
     142    3.1090
     143    3.0782
     144    3.0477
     145    3.0176
     146    2.9877
     147    2.9581
     148    2.9288
     149    2.8998
     150    2.8711
     151    2.8427
     152    2.8145
     153    2.7867
     154    2.7591
     155    2.7317
     156    2.7047
     157    2.6779
     158    2.6514
     159    2.6251
     160    2.5991
     161    2.5734
     162    2.5479
     163    2.5227
     164    2.4977
     165    2.4730
     166    2.4485
     167    2.4243
     168    2.4003
     169    2.3765
     170    2.3530
     171    2.3297
     172    2.3066
     173    2.2837
     174    2.2611
     175    2.2387
     176    2.2166
     177    2.1946
     178    2.1729
     179    2.1514
     180    2.1301
     181    2.1090
     182    2.0881
     183    2.0674
     184    2.0470
     185    2.0267
     186    2.0066
     187    1.9868
     188    1.9671
     189    1.9476
     190    1.9283
     191    1.9092
     192    1.8903
     193    1.8716
     194    1.8531
     195    1.8347
     196    1.8166
     197    1.7986
     198    1.7808
     199    1.7631
     200    1.7457
     201    1.7284
     202    1.7113
     203    1.6943
     204    1.6775
     205    1.6609
     206    1.6445
     207    1.6282
     208    1.6121
     209    1.5961
     210    1.5803
     211    1.5647
     212    1.5492
     213    1.5338
     214    1.5187
     215    1.5036
     216    1.4887
     217    1.4740
     218    1.4594
     219    1.4449
     220    1.4306
     221    1.4165
     222    1.4024
     223    1.3886
     224    1.3748
     225    1.3612
     226    1.3477
     227    1.3344
     228    1.3212
     229    1.3081
     230    1.2951
     231    1.2823
     232    1.2696
     233    1.2570
     234    1.2446
     235    1.2323
     236    1.2201
     237    1.2080
     238    1.1960
     239    1.1842
     240    1.1724
     241    1.1608
     242    1.1493
     243    1.1380
     244    1.1267
     245    1.1155
     246    1.1045
     247    1.0936
     248    1.0827
     249    1.0720
     250    1.0614
     251    1.0509
     252    1.0405
     253    1.0302
     254    1.0200
     255    1.0099
     256    0.9999
     257    0.9900
     258    0.9802
     259    0.9705
     260    0.9609
     261    0.9513
     262    0.9419
     263    0.9326
     264    0.9234
     265    0.9142
     266    0.9052
     267    0.8962
     268    0.8873
     269    0.8785
     270    0.8698
     271    0.8612
     272    0.8527
     273    0.8443
     274    0.8359
     275    0.8276
     276    0.8194
     277    0.8113
     278    0.8033
     279    0.7953
     280    0.7875
     281    0.7797
     282    0.7719
     283    0.7643
     284    0.7567
     285    0.7492
     286    0.7418
     287    0.7345
     288    0.7272
     289    0.7200
     290    0.7129
     291    0.7058
     292    0.6988
     293    0.6919
     294    0.6850
     295    0.6783
     296    0.6715
     297    0.6649
     298    0.6583
     299    0.6518
X = 5.000000, Y = 2.000000, Z = 4.000000
       0   10.0018
       1    9.9910
       2   10.0093
       3   10.0077
       4    9.9974
       5    9.9895
       6    9.9882
       7    9.9931
       8   10.0019
       9   10.0117
      10   10.0203
      11   10.0256
      12   10.0264
      13   10.0220
      14   10.0118
      15    9.9958
      16    9.9739
      17    9.9464
      18    9.9135
      19    9.8757
      20    9.8332
      21    9.7864
      22    9.7357
      23    9.6815
      24    9.6242
      25    9.5640
      26    9.5013
      27    9.4363
      28    9.3694
      29    9.3007
      30    9.2306
      31    9.1591
      32    9.0866
      33    9.0131
      34    8.9389
      35    8.8640
      36    8.7886
      37    8.7129
      38    8.6369
      39    8.5607
      40    8.4843
      41    8.4080
      42    8.3318
      43    8.2556
      44    8.1797
      45    8.1039
      46    8.0284
      47    7.9533
      48    7.8785
      49    7.8040
      50    7.7300
      51    7.6564
      52    7.5833
      53    7.5107
      54    7.4385
      55    7.3669
      56    7.2958
      57    7.2252
      58    7.1552
      59    7.0857
      60    7.0168
      61    6.9484
      62    6.8807
      63    6.8135
      64    6.7469
      65    6.6808
      66    6.6154
      67    6.5505
      68    6.4862
      69    6.4225
      70    6.3594
      71    6.2969
      72    6.2350
      73    6.1736
      74    6.1128
      75    6.0525
      76    5.9929
      77    5.9338
      78    5.8753
      79    5.8173
      80    5.7599
      81    5.7030
      82    5.6467
      83    5.5909
      84    5.5357
      85    5.4810
      86    5.4268
      87    5.3732
      88    5.3201
      89    5.2675
      90    5.2154
      91    5.1638
      92    5.1127
      93    5.0621
      94    5.0121
      95    4.9625
      96    4.9134
      97    4.8648
      98    4.8166
      99    4.7690
     100    4.7218
     101    4.6750
     102    4.6288
     103    4.5830
     104    4.5376
     105    4.4927
     106    4.4482
     107    4.4042
     108    4.3606
     109    4.3174
     110    4.2747
     111    4.2324
     112    4.1905
     113    4.1490
     114    4.1079
     115    4.0672
     116    4.0270
     117    3.9871
     118    3.9476
     119    3.9086
     120    3.8699
     121    3.8315
     122    3.7936
     123    3.7560
     124    3.7189
     125    3.6820
     126    3.6456
     127    3.6095
     128    3.5737
     129    3.5384
     130    3.5033
     131    3.4686
     132    3.4343
     133    3.4003
     134    3.3666
     135    3.3333
     136    3.3003
     137    3.2676
     138    3.2353
     139    3.2032
     140    3.1715
     141    3.1401
     142    3.1090
     143    3.0782
     144    3.0477
     145    3.0176
     146    2.9877
     147    2.9581
     148    2.9288
     149    2.8998
     150    2.8711
     151    2.8427
     152    2.8145
     153    2.7867
     154    2.7591
     155    2.7317
     156    2.7047
     157    2.6779
     158    2.6514
     159    2.6251
     160    2.5991
     161    2.5734
     162    2.5479
     163    2.5227
     164    2.4977
     165    2.4730
     166    2.4485
     167    2.4243
     168    2.4003
     169    2.3765
     170    2.3530
     171    2.3297
     172    2.3066
     173    2.2837
     174    2.2611
     175    2.2387
     176    2.2166
     177    2.1946
     178    2.1729
     179    2.1514
     180    2.1301
     181    2.1090
     182    2.0881
     183    2.0674
     184    2.0470
     185    2.0267
     186    2.0066
     187    1.9868
     188    1.9671
     189    1.9476
     190    1.9283
     191    1.9092
     192    1.8903
     193    1.8716
     194    1.8531
     195    1.8347
     196    1.8166
     197    1.7986
     198    1.7808
     199    1.7631
     200    1.7457
     201    1.7284
     202    1.7113
     203    1.6943
     204    1.6775
     205    1.6609
     206    1.6445
     207    1.6282
     208    1.6121
     209    1.5961
     210    1.5803
     211    1.5647
     212    1.5492
     213    1.5338
     214    1.5187
     215    1.5036
     216    1.4887
     217    1.4740
     218    1.4594
     219    1.4449
     220    1.4306
     221    1.4165
     222    1.4024
     223    1.3886
     224    1.3748
     225    1.3612
     226    1.3477
     227    1.3344
     228    1.3212
     229    1.3081
     230    1.2951
     231    1.2823
     232    1.2696
     233    1.2570
     234    1.2446
     235    1.2323
     236    1.2201
     237    1.2080
     238    1.1960
     239    1.1842
     240    1.1724
     241    1.1608
     242    1.1493
     243    1.1380
     244    1.1267
     245    1.1155
     246    1.1045
     247    1.0936
     248    1.0827
     249    1.0720
     250    1.0614
     251    1.0509
     252    1.0405
     253    1.0302
     254    1.0200
     255    1.0099
     256    0.9999
     257    0.9900
     258    0.9802
     259    0.9705
     260    0.9609
     261    0.9513
     262    0.9419
     263    0.9326
     264    0.9234
     265    0.9142
     266    0.9052
     267    0.8962
     268    0.8873
     269    0.8785
     270    0.8698
     271    0.8612
     272    0.8527
     273    0.8443
     274    0.8359
     275    0.8276
     276    0.8194
     277    0.8113
     278    0.8033
     279    0.7953
     280    0.7875
     281    0.7797
     282    0.7719
     283    0.7643
     284    0.7567
     285    0.7492
     286    0.7418
     287    0.7345
     288    0.7272
     289    0.7200
     290    0.7129
     291    0.7058
     292    0.6988
     293    0.6919
     294    0.6850
     295    0.6783
     296    0.6715
     297    0.6649
     298    0.6583
     299    0.6518
X = 5.000000, Y = 2.000000, Z = 4.000000
       0   10.0018
       1    9.9910
       2   10.0093
       3   10.0077
       4    9.9974
       5    9.9895
       6    9.9882
       7    9.9931
       8   10.0019
       9   10.0117
      10   10.0203
      11   10.0256
      12   10.0264
      13   10.0220
      14   10.0118
      15    9.9958
      16    9.9739
      17    9.9464
      18    9.9135
      19    9.8757
      20    9.8332
      21    9.7864
      22    9.7357
      23    9.6815
      24    9.6242
      25    9.5640
      26    9.5013
      27    9.4363
      28    9.3694
      29    9.3007
      30    9.2306
      31    9.1591
      32    9.0866
      33    9.0131
      34    8.9389
      35    8.8640
      36    8.7886
      37    8.7129
      38    8.6369
      39    8.5607
      40    8.4843
      41    8.4080
      42    8.3318
      43    8.2556
      44    8.1797
      45    8.1039
      46    8.0284
      47    7.9533
      48    7.8785
      49    7.8040
      50    7.7300
      51    7.6564
      52    7.5833
      53    7.5107
      54    7.4385
      55    7.3669
      56    7.2958
      57    7.2252
      58    7.1552
      59    7.0857
      60    7.0168
      61    6.9484
      62    6.8807
      63    6.8135
      64    6.7469
      65    6.6808
      66    6.6154
      67    6.5505
      68    6.4862
      69    6.4225
      70    6.3594
      71    6.2969
      72    6.2350
      73    6.1736
      74    6.1128
      75    6.0525
      76    5.9929
      77    5.9338
      78    5.8753
      79    5.8173
      80    5.7599
      81    5.7030
      82    5.6467
      83    5.5909
      84    5.5357
      85    5.4810
      86    5.4268
      87    5.3732
      88    5.3201
      89    5.2675
      90    5.2154
      91    5.1638
      92    5.1127
      93    5.0621
      94    5.0121
      95    4.9625
      96    4.9134
      97    4.8648
      98    4.8166
      99    4.7690
     100    4.7218
     101    4.6750
     102    4.6288
     103    4.5830
     104    4.5376
     105    4.4927
     106    4.4482
     107    4.4042
     108    4.3606
     109    4.3174
     110    4.2747
     111    4.2324
     112    4.1905
     113    4.1490
     114    4.1079
     115    4.0672
     116    4.0270
     117    3.9871
     118    3.9476
     119    3.9086
     120    3.8699
     121    3.8315
     122    3.7936
     123    3.7560
     124    3.7189
     125    3.6820
     126    3.6456
     127    3.6095
     128    3.5737
     129    3.5384
     130    3.5033
     131    3.4686
     132    3.4343
     133    3.4003
     134    3.3666
     135    3.3333
     136    3.3003
     137    3.2676
     138    3.2353
     139    3.2032
     140    3.1715
     141    3.1401
     142    3.1090
     143    3.0782
     144    3.0477
     145    3.0176
     146    2.9877
     147    2.9581
     148    2.9288
     149    2.8998
     150    2.8711
     151    2.8427
     152    2.8145
     153    2.7867
     154    2.7591
     155    2.7317
     156    2.7047
     157    2.6779
     158    2.6514
     159    2.6251
     160    2.5991
     161    2.5734
     162    2.5479
     163    2.5227
     164    2.4977
     165    2.4730
     166    2.4485
     167    2.4243
     168    2.4003
     169    2.3765
     170    2.3530
     171    2.3297
     172    2.3066
     173    2.2837
     174    2.2611
     175    2.2387
     176    2.2166
     177    2.1946
     178    2.1729
     179    2.1514
     180    2.1301
     181    2.1090
     182    2.0881
     183    2.0674
     184    2.0470
     185    2.0267
     186    2.0066
     187    1.9868
     188    1.9671
     189    1.9476
     190    1.9283
     191    1.9092
     192    1.8903
     193    1.8716
     194    1.8531
     195    1.8347
     196    1.8166
     197    1.7986
     198    1.7808
     199    1.7631
     200    1.7457
     201    1.7284
     202    1.7113
     203    1.6943
     204    1.6775
     205    1.6609
     206    1.6445
     207    1.6282
     208    1.6121
     209    1.5961
     210    1.5803
     211    1.5647
     212    1.5492
     213    1.5338
     214    1.5187
     215    1.5036
     216    1.4887
     217    1.4740
     218    1.4594
     219    1.4449
     220    1.4306
     221    1.4165
     222    1.4024
     223    1.3886
     224    1.3748
     225    1.3612
     226    1.3477
     227    1.3344
     228    1.3212
     229    1.3081
     230    1.2951
     231    1.2823
     232    1.2696
     233    1.2570
     234    1.2446
     235    1.2323
     236    1.2201
     237    1.2080
     238    1.1960
     239    1.1842
     240    1.1724
     241    1.1608
     242    1.1493
     243    1.1380
     244    1.1267
     245    1.1155
     246    1.1045
     247    1.0936
     248    1.0827
     249    1.0720
     250    1.0614
     251    1.0509
     252    1.0405
     253    1.0302
     254    1.0200
     255    1.0099
     256    0.9999
     257    0.9900
     258    0.9802
     259    0.9705
     260    0.9609
     261    0.9513
     262    0.9419
     263    0.9326
     264    0.9234
     265    0.9142
     266    0.9052
     267    0.8962
     268    0.8873
     269    0.8785
     270    0.8698
     271    0.8612
     272    0.8527
     273    0.8443
     274    0.8359
     275    0.8276
     276    0.8194
     277    0.8113
     278    0.8033
     279    0.7953
     280    0.7875
     281    0.7797
     282    0.7719
     283    0.7643
     284    0.7567
     285    0.7492
     286    0.7418
     287    0.7345
     288    0.7272
     289    0.7200
     290    0.7129
     291    0.7058
     292    0.6988
     293    0.6919
     294    0.6850
     295    0.6783
     296    0.6715
     297    0.6649
     298    0.6583
     299    0.6518
X = 5.000000, Y = 2.000000, Z = 4.000000
       0   10.0018
       1    9.9910
       2   10.0093
       3   10.0077
       4    9.9974
       5    9.9895
       6    9.9882
       7    9.9931
       8   10.0019
       9   10.0117
      10   10.0203
      11   10.0256
      12   10.0264
      13   10.0220
      14   10.0118
      15    9.9958
      16    9.9739
      17    9.9464
      18    9.9135
      19    9.8757
      20    9.8332
      21    9.7864
      22    9.7357
      23    9.6815
      24    9.6242
      25    9.5640
      26    9.5013
      27    9.4363
      28    9.3694
      29    9.3007
      30    9.2306
      31    9.1591
      32    9.0866
      33    9.0131
      34    8.9389
      35    8.8640
      36    8.7886
      37    8.7129
      38    8.6369
      39    8.5607
      40    8.4843
      41    8.4080
      42    8.3318
      43    8.2556
      44    8.1797
      45    8.1039
      46    8.0284
      47    7.9533
      48    7.8785
      49    7.8040
      50    7.7300
      51    7.6564
      52    7.5833
      53    7.5107
      54    7.4385
      55    7.3669
      56    7.2958
      57    7.2252
      58    7.1552
      59    7.0857
      60    7.0168
      61    6.9484
      62    6.8807
      63    6.8135
      64    6.7469
      65    6.6808
      66    6.6154
      67    6.5505
      68    6.4862
      69    6.4225
      70    6.3594
      71    6.2969
      72    6.2350
      73    6.1736
      74    6.1128
      75    6.0525
      76    5.9929
      77    5.9338
      78    5.8753
      79    5.8173
      80    5.7599
      81    5.7030
      82    5.6467
      83    5.5909
      84    5.5357
      85    5.4810
      86    5.4268
      87    5.3732
      88    5.3201
      89    5.2675
      90    5.2154
      91    5.1638
      92    5.1127
      93    5.0621
      94    5.0121
      95    4.9625
      96    4.9134
      97    4.8648
      98    4.8166
      99    4.7690
     100    4.7218
     101    4.6750
     102    4.6288
     103    4.5830
     104    4.5376
     105    4.4927
     106    4.4482
     107    4.4042
     108    4.3606
     109    4.3174
     110    4.2747
     111    4.2324
     112    4.1905
     113    4.1490
     114    4.1079
     115    4.0672
     116    4.0270
     117    3.9871
     118    3.9476
     119    3.9086
     120    3.8699
     121    3.8315
     122    3.7936
     123    3.7560
     124    3.7189
     125    3.6820
     126    3.6456
     127    3.6095
     128    3.5737
     129    3.5384
     130    3.5033
     131    3.4686
     132    3.4343
     133    3.4003
     134    3.3666
     135    3.3333
     136    3.3003
     137    3.2676
     138    3.2353
     139    3.2032
     140    3.1715
     141    3.1401
     142    3.1090
     143    3.0782
     144    3.0477
     145    3.0176
     146    2.9877
     147    2.9581
     148    2.9288
     149    2.8998
     150    2.8711
     151    2.8427
     152    2.8145
     153    2.7867
     154    2.7591
     155    2.7317
     156    2.7047
     157    2.6779
     158    2.6514
     159    2.6251
     160    2.5991
     161    2.5734
     162    2.5479
     163    2.5227
     164    2.4977
     165    2.4730
     166    2.4485
     167    2.4243
     168    2.4003
     169    2.3765
     170    2.3530
     171    2.3297
     172    2.3066
     173    2.2837
     174    2.2611
     175    2.2387
     176    2.2166
     177    2.1946
     178    2.1729
     179    2.1514
     180    2.1301
     181    2.1090
     182    2.0881
     183    2.0674
     184    2.0470
     185    2.0267
     186    2.0066
     187    1.9868
     188    1.9671
     189    1.9476
     190    1.9283
     191    1.9092
     192    1.8903
     193    1.8716
     194    1.8531
     195    1.8347
     196    1.8166
     197    1.7986
     198    1.7808
     199    1.7631
     200    1.7457
     201    1.7284
     202    1.7113
     203    1.6943
     204    1.6775
     205    1.6609
     206    1.6445
     207    1.6282
     208    1.6121
     209    1.5961
     210    1.5803
     211    1.5647
     212    1.5492
     213    1.5338
     214    1.5187
     215    1.5036
     216    1.4887
     217    1.4740
     218    1.4594
     219    1.4449
     220    1.4306
     221    1.4165
     222    1.4024
     223    1.3886
     224    1.3748
     225    1.3612
     226    1.3477
     227    1.3344
     228    1.3212
     229    1.3081
     230    1.2951
     231    1.2823
     232    1.2696
     233    1.2570
     234    1.2446
     235    1.2323
     236    1.2201
     237    1.2080
     238    1.1960
     239    1.1842
     240    1.1724
     241    1.1608
     242    1.1493
     243    1.1380
     244    1.1267
     245    1.1155
     246    1.1045
     247    1.0936
     248    1.0827
     249    1.0720
     250    1.0614
     251    1.0509
     252    1.0405
     253    1.0302
     254    1.0200
     255    1.0099
     256    0.9999
     257    0.9900
     258    0.9802
     259    0.9705
     260    0.9609
     261    0.9513
     262    0.9419
     263    0.9326
     264    0.9234
     265    0.9142
     266    0.9052
     267    0.8962
     268    0.8873
     269    0.8785
     270    0.8698
     271    0.8612
     272    0.8527
     273    0.8443
     274    0.8359
     275    0.8276
     276    0.8194
     277    0.8113
     278    0.8033
     279    0.7953
     280    0.7875
     281    0.7797
     282    0.7719
     283    0.7643
     284    0.7567
     285    0.7492
     286    0.7418
     287    0.7345
     288    0.7272
     289    0.7200
     290    0.7129
     291    0.7058
     292    0.6988
     293    0.6919
     294    0.6850
     295    0.6783
     296    0.6715
     297    0.6649
     298    0.6583
     299    0.6518
X = 5.000000, Y = 2.000000, Z = 4.000000
       0   10.0018
       1    9.9910
       2   10.0093
       3   10.0077
       4    9.9974
       5    9.9895
       6    9.9882
       7    9.9931
       8   10.0019
       9   10.0117
      10   10.0203
      11   10.0256
      12   10.0264
      13   10.0220
      14   10.0118
      15    9.9958
      16    9.9739
      17    9.9464
      18    9.9135
      19    9.8757
      20    9.8332
      21    9.7864
      22    9.7357
      23    9.6815
      24    9.6242
      25    9.5640
      26    9.5013
      27    9.4363
      28    9.3694
      29    9.3007
      30    9.2306
      31    9.1591
      32    9.0866
      33    9.0131
      34    8.9389
      35    8.8640
      36    8.7886
      37    8.7129
      38    8.6369
      39    8.5607
      40    8.4843
      41    8.4080
      42    8.3318
      43    8.2556
      44    8.1797
      45    8.1039
      46    8.0284
      47    7.9533
      48    7.8785
      49    7.8040
      50    7.7300
      51    7.6564
      52    7.5833
      53    7.5107
      54    7.4385
      55    7.3669
      56    7.2958
      57    7.2252
      58    7.1552
      59    7.0857
      60    7.0168
      61    6.9484
      62    6.8807
      63    6.8135
      64    6.7469
      65    6.6808
      66    6.6154
      67    6.5505
      68    6.4862
      69    6.4225
      70    6.3594
      71    6.2969
      72    6.2350
      73    6.1736
      74    6.1128
      75    6.0525
      76    5.9929
      77    5.9338
      78    5.8753
      79    5.8173
      80    5.7599
      81    5.7030
      82    5.6467
      83    5.5909
      84    5.5357
      85    5.4810
      86    5.4268
      87    5.3732
      88    5.3201
      89    5.2675
      90    5.2154
      91    5.1638
      92    5.1127
      93    5.0621
      94    5.0121
      95    4.9625
      96    4.9134
      97    4.8648
      98    4.8166
      99    4.7690
     100    4.7218
     101    4.6750
     102    4.6288
     103    4.5830
     104    4.5376
     105    4.4927
     106    4.4482
     107    4.4042
     108    4.3606
     109    4.3174
     110    4.2747
     111    4.2324
     112    4.1905
     113    4.1490
     114    4.1079
     115    4.0672
     116    4.0270
     117    3.9871
     118    3.9476
     119    3.9086
     120    3.8699
     121    3.8315
     122    3.7936
     123    3.7560
     124    3.7189
     125    3.6820
     126    3.6456
     127    3.6095
     128    3.5737
     129    3.5384
     130    3.5033
     131    3.4686
     132    3.4343
     133    3.4003
     134    3.3666
     135    3.3333
     136    3.3003
     137    3.2676
     138    3.2353
     139    3.2032
     140    3.1715
     141    3.1401
     142    3.1090
     143    3.0782
     144    3.0477
     145    3.0176
     146    2.9877
     147    2.9581
     148    2.9288
     149    2.8998
     150    2.8711
     151    2.8427
     152    2.8145
     153    2.7867
     154    2.7591
     155    2.7317
     156    2.7047
     157    2.6779
     158    2.6514
     159    2.6251
     160    2.5991
     161    2.5734
     162    2.5479
     163    2.5227
     164    2.4977
     165    2.4730
     166    2.4485
     167    2.4243
     168    2.4003
     169    2.3765
     170    2.3530
     171    2.3297
     172    2.3066
     173    2.2837
     174    2.2611
     175    2.2387
     176    2.2166
     177    2.1946
     178    2.1729
     179    2.1514
     180    2.1301
     181    2.1090
     182    2.0881
     183    2.0674
     184    2.0470
     185    2.0267
     186    2.0066
     187    1.9868
     188    1.9671
     189    1.9476
     190    1.9283
     191    1.9092
     192    1.8903
     193    1.8716
     194    1.8531
     195    1.8347
     196    1.8166
     197    1.7986
     198    1.7808
     199    1.7631
     200    1.7457
     201    1.7284
     202    1.7113
     203    1.6943
     204    1.6775
     205    1.6609
     206    1.6445
     207    1.6282
     208    1.6121
     209    1.5961
     210    1.5803
     211    1.5647
     212    1.5492
     213    1.5338
     214    1.5187
     215    1.5036
     216    1.4887
     217    1.4740
     218    1.4594
     219    1.4449
     220    1.4306
     221    1.4165
     222    1.4024
     223    1.3886
     224    1.3748
     225    1.3612
     226    1.3477
     227    1.3344
     228    1.3212
     229    1.3081
     230    1.2951
     231    1.2823
     232    1.2696
     233    1.2570
     234    1.2446
     235    1.2323
     236    1.2201
     237    1.2080
     238    1.1960
     239    1.1842
     240    1.1724
     241    1.1608
     242    1.1493
     243    1.1380
     244    1.1267
     245    1.1155
     246    1.1045
     247    1.0936
     248    1.0827
     249    1.0720
     250    1.0614
     251    1.0509
     252    1.0405
     253    1.0302
     254    1.0200
     255    1.0099
     256    0.9999
     257    0.9900
     258    0.9802
     259    0.9705
     260    0.9609
     261    0.9513
     262    0.9419
     263    0.9326
     264    0.9234
     265    0.9142
     266    0.9052
     267    0.8962
     268    0.8873
     269    0.8785
     270    0.8698
     271    0.8612
     272    0.8527
     273    0.8443
     274    0.8359
     275    0.8276
     276    0.8194
     277    0.8113
     278    0.8033
     279    0.7953
     280    0.7875
     281    0.7797
     282    0.7719
     283    0.7643
     284    0.7567
     285    0.7492
     286    0.7418
     287    0.7345
     288    0.7272
     289    0.7200
     290    0.7129
     291    0.7058
     292    0.6988
     293    0.6919
     294    0.6850
     295    0.6783
     296    0.6715
     297    0.6649
     298    0.6583
     299    0.6518
X = 5.000000, Y = 2.000000, Z = 4.000000
       0   10.0018
       1    9.9910
       2   10.0093
       3   10.0077
       4    9.9974
       5    9.9895
       6    9.9882
       7    9.9931
       8   10.0019
       9   10.0117
      10   10.0203
      11   10.0256
      12   10.0264
      13   10.0220
      14   10.0118
      15    9.9958
      16    9.9739
      17    9.9464
      18    9.9135
      19    9.8757
      20    9.8332
      21    9.7864
      22    9.7357
      23    9.6815
      24    9.6242
      25    9.5640
      26    9.5013
      27    9.4363
      28    9.3694
      29    9.3007
      30    9.2306
      31    9.1591
      32    9.0866
      33    9.0131
      34    8.9389
      35    8.8640
      36    8.7886
      37    8.7129
      38    8.6369
      39    8.5607
      40    8.4843
      41    8.4080
      42    8.3318
      43    8.2556
      44    8.1797
      45    8.1039
      46    8.0284
      47    7.9533
      48    7.8785
      49    7.8040
      50    7.7300
      51    7.6564
      52    7.5833
      53    7.5107
      54    7.4385
      55    7.3669
      56    7.2958
      57    7.2252
      58    7.1552
      59    7.0857
      60    7.0168
      61    6.9484
      62    6.8807
      63    6.8135
      64    6.7469
      65    6.6808
      66    6.6154
      67    6.5505
      68    6.4862
      69    6.4225
      70    6.3594
      71    6.2969
      72    6.2350
      73    6.1736
      74    6.1128
      75    6.0525
      76    5.9929
      77    5.9338
      78    5.8753
      79    5.8173
      80    5.7599
      81    5.7030
      82    5.6467
      83    5.5909
      84    5.5357
      85    5.4810
      86    5.4268
      87    5.3732
      88    5.3201
      89    5.2675
      90    5.2154
      91    5.1638
      92    5.1127
      93    5.0621
      94    5.0121
      95    4.9625
      96    4.9134
      97    4.8648
      98    4.8166
      99    4.7690
     100    4.7218
     101    4.6750
     102    4.6288
     103    4.5830
     104    4.5376
     105    4.4927
     106    4.4482
     107    4.4042
     108    4.3606
     109    4.3174
     110    4.2747
     111    4.2324
     112    4.1905
     113    4.1490
     114    4.1079
     115    4.0672
     116    4.0270
     117    3.9871
     118    3.9476
     119    3.9086
     120    3.8699
     121    3.8315
     122    3.7936
     123    3.7560
     124    3.7189
     125    3.6820
     126    3.6456
     127    3.6095
     128    3.5737
     129    3.5384
     130    3.5033
     131    3.4686
     132    3.4343
     133    3.4003
     134    3.3666
     135    3.3333
     136    3.3003
     137    3.2676
     138    3.2353
     139    3.2032
     140    3.1715
     141    3.1401
     142    3.1090
     143    3.0782
     144    3.0477
     145    3.0176
     146    2.9877
     147    2.9581
     148    2.9288
     149    2.8998
     150    2.8711
     151    2.8427
     152    2.8145
     153    2.7867
     154    2.7591
     155    2.7317
     156    2.7047
     157    2.6779
     158    2.6514
     159    2.6251
     160    2.5991
     161    2.5734
     162    2.5479
     163    2.5227
     164    2.4977
     165    2.4730
     166    2.4485
     167    2.4243
     168    2.4003
     169    2.3765
     170    2.3530
     171    2.3297
     172    2.3066
     173    2.2837
     174    2.2611
     175    2.2387
     176    2.2166
     177    2.1946
     178    2.1729
     179    2.1514
     180    2.1301
     181    2.1090
     182    2.0881
     183    2.0674
     184    2.0470
     185    2.0267
     186    2.0066
     187    1.9868
     188    1.9671
     189    1.9476
     190    1.9283
     191    1.9092
     192    1.8903
     193    1.8716
     194    1.8531
     195    1.8347
     196    1.8166
     197    1.7986
     198    1.7808
     199    1.7631
     200    1.7457
     201    1.7284
     202    1.7113
     203    1.6943
     204    1.6775
     205    1.6609
     206    1.6445
     207    1.6282
     208    1.6121
     209    1.5961
     210    1.5803
     211    1.5647
     212    1.5492
     213    1.5338
     214    1.5187
     215    1.5036
     216    1.4887
     217    1.4740
     218    1.4594
     219    1.4449
     220    1.4306
     221    1.4165
     222    1.4024
     223    1.3886
     224    1.3748
     225    1.3612
     226    1.3477
     227    1.3344
     228    1.3212
     229    1.3081
     230    1.2951
     231    1.2823
     232    1.2696
     233    1.2570
     234    1.2446
     235    1.2323
     236    1.2201
     237    1.2080
     238    1.1960
     239    1.1842
     240    1.1724
     241    1.1608
     242    1.1493
     243    1.1380
     244    1.1267
     245    1.1155
     246    1.1045
     247    1.0936
     248    1.0827
     249    1.0720
     250    1.0614
     251    1.0509
     252    1.0405
     253    1.0302
     254    1.0200
     255    1.0099
     256    0.9999
     257    0.9900
     258    0.9802
     259    0.9705
     260    0.9609
     261    0.9513
     262    0.9419
     263    0.9326
     264    0.9234
     265    0.9142
     266    0.9052
     267    0.8962
     268    0.8873
     269    0.8785
     270    0.8698
     271    0.8612
     272    0.8527
     273    0.8443
     274    0.8359
     275    0.8276
     276    0.8194
     277    0.8113
     278    0.8033
     279    0.7953
     280    0.7875
     281    0.7797
     282    0.7719
     283    0.7643
     284    0.7567
     285    0.7492
     286    0.7418
     287    0.7345
     288    0.7272
     289    0.7200
     290    0.7129
     291    0.7058
     292    0.6988
     293    0.6919
     294    0.6850
     295    0.6783
     296    0.6715
     297    0.6649
     298    0.6583
     299    0.6518
X = 5.000000, Y = 2.000000, Z = 4.000000
       0   10.0018
       1    9.9910
       2   10.0093
       3   10.0077
       4    9.9974
       5    9.9895
       6    9.9882
       7    9.9931
       8   10.0019
       9   10.0117
      10   10.0203
      11   10.0256
      12   10.0264
      13   10.0220
      14   10.0118
      15    9.9958
      16    9.9739
      17    9.9464
      18    9.9135
      19    9.8757
      20    9.8332
      21    9.7864
      22    9.7357
      23    9.6815
      24    9.6242
      25    9.5640
      26    9.5013
      27    9.4363
      28    9.3694
      29    9.3007
      30    9.2306
      31    9.1591
      32    9.0866
      33    9.0131
      34    8.9389
      35    8.8640
      36    8.7886
      37    8.7129
      38    8.6369
      39    8.5607
      40    8.4843
      41    8.4080
      42    8.3318
      43    8.2556
      44    8.1797
      45    8.1039
      46    8.0284
      47    7.9533
      48    7.8785
      49    7.8040
      50    7.7300
      51    7.6564
      52    7.5833
      53    7.5107
      54    7.4385
      55    7.3669
      56    7.2958
      57    7.2252
      58    7.1552
      59    7.0857
      60    7.0168
      61    6.9484
      62    6.8807
      63    6.8135
      64    6.7469
      65    6.6808
      66    6.6154
      67    6.5505
      68    6.4862
      69    6.4225
      70    6.3594
      71    6.2969
      72    6.2350
      73    6.1736
      74    6.1128
      75    6.0525
      76    5.9929
      77    5.9338
      78    5.8753
      79    5.8173
      80    5.7599
      81    5.7030
      82    5.6467
      83    5.5909
      84    5.5357
      85    5.4810
      86    5.4268
      87    5.3732
      88    5.3201
      89    5.2675
      90    5.2154
      91    5.1638
      92    5.1127
      93    5.0621
      94    5.0121
      95    4.9625
      96    4.9134
      97    4.8648
      98    4.8166
      99    4.7690
     100    4.7218
     101    4.6750
     102    4.6288
     103    4.5830
     104    4.5376
     105    4.4927
     106    4.4482
     107    4.4042
     108    4.3606
     109    4.3174
     110    4.2747
     111    4.2324
     112    4.1905
     113    4.1490
     114    4.1079
     115    4.0672
     116    4.0270
     117    3.9871
     118    3.9476
     119    3.9086
     120    3.8699
     121    3.8315
     122    3.7936
     123    3.7560
     124    3.7189
     125    3.6820
     126    3.6456
     127    3.6095
     128    3.5737
     129    3.5384
     130    3.5033
     131    3.4686
     132    3.4343
     133    3.4003
     134    3.3666
     135    3.3333
     136    3.3003
     137    3.2676
     138    3.2353
     139    3.2032
     140    3.1715
     141    3.1401
     142    3.1090
     143    3.0782
     144    3.0477
     145    3.0176
     146    2.9877
     147    2.9581
     148    2.9288
     149    2.8998
     150    2.8711
     151    2.8427
     152    2.8145
     153    2.7867
     154    2.7591
     155    2.7317
     156    2.7047
     157    2.6779
     158    2.6514
     159    2.6251
     160    2.5991
     161    2.5734
     162    2.5479
     163    2.5227
     164    2.4977
     165    2.4730
     166    2.4485
     167    2.4243
     168    2.4003
     169    2.3765
     170    2.3530
     171    2.3297
     172    2.3066
     173    2.2837
     174    2.2611
     175    2.2387
     176    2.2166
     177    2.1946
     178    2.1729
     179    2.1514
     180    2.1301
     181    2.1090
     182    2.0881
     183    2.0674
     184    2.0470
     185    2.0267
     186    2.0066
     187    1.9868
     188    1.9671
     189    1.9476
     190    1.9283
     191    1.9092
     192    1.8903
     193    1.8716
     194    1.8531
     195    1.8347
     196    1.8166
     197    1.7986
     198    1.7808
     199    1.7631
     200    1.7457
     201    1.7284
     202    1.7113
     203    1.6943
     204    1.6775
     205    1.6609
     206    1.6445
     207    1.6282
     208    1.6121
     209    1.5961
     210    1.5803
     211    1.5647
     212    1.5492
     213    1.5338
     214    1.5187
     215    1.5036
     216    1.4887
     217    1.4740
     218    1.4594
     219    1.4449
     220    1.4306
     221    1.4165
     222    1.4024
     223    1.3886
     224    1.3748
     225    1.3612
     226    1.3477
     227    1.3344
     228    1.3212
     229    1.3081
     230    1.2951
     231    1.2823
     232    1.2696
     233    1.2570
     234    1.2446
     235    1.2323
     236    1.2201
     237    1.2080
     238    1.1960
     239    1.1842
     240    1.1724
     241    1.1608
     242    1.1493
     243    1.1380
     244    1.1267
     245    1.1155
     246    1.1045
     247    1.0936
     248    1.0827
     249    1.0720
     250    1.0614
     251    1.0509
     252    1.0405
     253    1.0302
     254    1.0200
     255    1.0099
     256    0.9999
     257    0.9900
     258    0.9802
     259    0.9705
     260    0.9609
     261    0.9513
     262    0.9419
     263    0.9326
     264    0.9234
     265    0.9142
     266    0.9052
     267    0.8962
     268    0.8873
     269    0.8785
     270    0.8698
     271    0.8612
     272    0.8527
     273    0.8443
     274    0.8359
     275    0.8276
     276    0.8194
     277    0.8113
     278    0.8033
     279    0.7953
     280    0.7875
     281    0.7797
     282    0.7719
     283    0.7643
     284    0.7567
     285    0.7492
     286    0.7418
     287    0.7345
     288    0.7272
     289    0.7200
     290    0.7129
     291    0.7058
     292    0.6988
     293    0.6919
     294    0.6850
     295    0.6783
     296    0.6715
     297    0.6649
     298    0.6583
     299    0.6518
X = 5.000000, Y = 2.000000, Z = 4.000000
       0   10.0018
       1    9.9910
       2   10.0093
       3   10.0077
       4    9.9974
       5    9.9895
       6    9.9882
       7    9.9931
       8   10.0019
       9   10.0117
      10   10.0203
      11   10.0256
      12   10.0264
      13   10.0220
      14   10.0118
      15    9.9958
      16    9.9739
      17    9.9464
      18    9.9135
      19    9.8757
      20    9.8332
      21    9.7864
      22    9.7357
      23    9.6815
      24    9.6242
      25    9.5640
      26    9.5013
      27    9.4363
      28    9.3694
      29    9.3007
      30    9.2306
      31    9.1591
      32    9.0866
      33    9.0131
      34    8.9389
      35    8.8640
      36    8.7886
      37    8.7129
      38    8.6369
      39    8.5607
      40    8.4843
      41    8.4080
      42    8.3318
      43    8.2556
      44    8.1797
      45    8.1039
      46    8.0284
      47    7.9533
      48    7.8785
      49    7.8040
      50    7.7300
      51    7.6564
      52    7.5833
      53    7.5107
      54    7.4385
      55    7.3669
      56    7.2958
      57    7.2252
      58    7.1552
      59    7.0857
      60    7.0168
      61    6.9484
      62    6.8807
      63    6.8135
      64    6.7469
      65    6.6808
      66    6.6154
      67    6.5505
      68    6.4862
      69    6.4225
      70    6.3594
      71    6.2969
      72    6.2350
      73    6.1736
      74    6.1128
      75    6.0525
      76    5.9929
      77    5.9338
      78    5.8753
      79    5.8173
      80    5.7599
      81    5.7030
      82    5.6467
      83    5.5909
      84    5.5357
      85    5.4810
      86    5.4268
      87    5.3732
      88    5.3201
      89    5.2675
      90    5.2154
      91    5.1638
      92    5.1127
      93    5.0621
      94    5.0121
      95    4.9625
      96    4.9134
      97    4.8648
      98    4.8166
      99    4.7690
     100    4.7218
     101    4.6750
     102    4.6288
     103    4.5830
     104    4.5376
     105    4.4927
     106    4.4482
     107    4.4042
     108    4.3606
     109    4.3174
     110    4.2747
     111    4.2324
     112    4.1905
     113    4.1490
     114    4.1079
     115    4.0672
     116    4.0270
     117    3.9871
     118    3.9476
     119    3.9086
     120    3.8699
     121    3.8315
     122    3.7936
     123    3.7560
     124    3.7189
     125    3.6820
     126    3.6456
     127    3.6095
     128    3.5737
     129    3.5384
     130    3.5033
     131    3.4686
     132    3.4343
     133    3.4003
     134    3.3666
     135    3.3333
     136    3.3003
     137    3.2676
     138    3.2353
     139    3.2032
     140    3.1715
     141    3.1401
     142    3.1090
     143    3.0782
     144    3.0477
     145    3.0176
     146    2.9877
     147    2.9581
     148    2.9288
     149    2.8998
     150    2.8711
     151    2.8427
     152    2.8145
     153    2.7867
     154    2.7591
     155    2.7317
     156    2.7047
     157    2.6779
     158    2.6514
     159    2.6251
     160    2.5991
     161    2.5734
     162    2.5479
     163    2.5227
     164    2.4977
     165    2.4730
     166    2.4485
     167    2.4243
     168    2.4003
     169    2.3765
     170    2.3530
     171    2.3297
     172    2.3066
     173    2.2837
     174    2.2611
     175    2.2387
     176    2.2166
     177    2.1946
     178    2.1729
     179    2.1514
     180    2.1301
     181    2.1090
     182    2.0881
     183    2.0674
     184    2.0470
     185    2.0267
     186    2.0066
     187    1.9868
     188    1.9671
     189    1.9476
     190    1.9283
     191    1.9092
     192    1.8903
     193    1.8716
     194    1.8531
     195    1.8347
     196    1.8166
     197    1.7986
     198    1.7808
     199    1.7631
     200    1.7457
     201    1.7284
     202    1.7113
     203    1.6943
     204    1.6775
     205    1.6609
     206    1.6445
     207    1.6282
     208    1.6121
     209    1.5961
     210    1.5803
     211    1.5647
     212    1.5492
     213    1.5338
     214    1.5187
     215    1.5036
     216    1.4887
     217    1.4740
     218    1.4594
     219    1.4449
     220    1.4306
     221    1.4165
     222    1.4024
     223    1.3886
     224    1.3748
     225    1.3612
     226    1.3477
     227    1.3344
     228    1.3212
     229    1.3081
     230    1.2951
     231    1.2823
     232    1.2696
     233    1.2570
     234    1.2446
     235    1.2323
     236    1.2201
     237    1.2080
     238    1.1960
     239    1.1842
     240    1.1724
     241    1.1608
     242    1.1493
     243    1.1380
     244    1.1267
     245    1.1155
     246    1.1045
     247    1.0936
     248    1.0827
     249    1.0720
     250    1.0614
     251    1.0509
     252    1.0405
     253    1.0302
     254    1.0200
     255    1.0099
     256    0.9999
     257    0.9900
     258    0.9802
     259    0.9705
     260    0.9609
     261    0.9513
     262    0.9419
     263    0.9326
     264    0.9234
     265    0.9142
     266    0.9052
     267    0.8962
     268    0.8873
     269    0.8785
     270    0.8698
     271    0.8612
     272    0.8527
     273    0.8443
     274    0.8359
     275    0.8276
     276    0.8194
     277    0.8113
     278    0.8033
     279    0.7953
     280    0.7875
     281    0.7797
     282    0.7719
     283    0.7643
     284    0.7567
     285    0.7492
     286    0.7418
     287    0.7345
     288    0.7272
     289    0.7200
     290    0.7129
     291    0.7058
     292    0.6988
     293    0.6919
     294    0.6850
     295    0.6783
     296    0.6715
     297    0.6649
     298    0.6583
     299    0.6518
X = 5.000000, Y = 2.000000, Z = 4.000000
       0   10.0018
X = 5.000000, Y = 2.000000, Z = 4.000000
       0   10.0018
       1    9.9910
       2   10.0093
       3   10.0077
       4    9.9974
       5    9.9895
       6    9.9882
       7    9.9931
       8   10.0019
       9   10.0117
      10   10.0203
      11   10.0256
      12   10.0264
      13   10.0220
      14   10.0118
      15    9.9958
      16    9.9739
      17    9.9464
      18    9.9135
      19    9.8757
      20    9.8332
      21    9.7864
      22    9.7357
      23    9.6815
      24    9.6242
      25    9.5640
      26    9.5013
      27    9.4363
      28    9.3694
      29    9.3007
      30    9.2306
      31    9.1591
      32    9.0866
      33    9.0131
      34    8.9389
      35    8.8640
      36    8.7886
      37    8.7129
      38    8.6369
      39    8.5607
      40    8.4843
      41    8.4080
      42    8.3318
      43    8.2556
      44    8.1797
      45    8.1039
      46    8.0284
      47    7.9533
      48    7.8785
      49    7.8040
      50    7.7300
      51    7.6564
      52    7.5833
      53    7.5107
      54    7.4385
      55    7.3669
      56    7.2958
      57    7.2252
      58    7.1552
      59    7.0857
      60    7.0168
      61    6.9484
      62    6.8807
      63    6.8135
      64    6.7469
      65    6.6808
      66    6.6154
      67    6.5505
      68    6.4862
      69    6.4225
      70    6.3594
      71    6.2969
      72    6.2350
      73    6.1736
      74    6.1128
      75    6.0525
      76    5.9929
      77    5.9338
      78    5.8753
      79    5.8173
      80    5.7599
      81    5.7030
      82    5.6467
      83    5.5909
      84    5.5357
      85    5.4810
      86    5.4268
      87    5.3732
      88    5.3201
      89    5.2675
      90    5.2154
      91    5.1638
      92    5.1127
      93    5.0621
      94    5.0121
      95    4.9625
      96    4.9134
      97    4.8648
      98    4.8166
      99    4.7690
     100    4.7218
     101    4.6750
     102    4.6288
     103    4.5830
     104    4.5376
     105    4.4927
     106    4.4482
     107    4.4042
     108    4.3606
     109    4.3174
     110    4.2747
     111    4.2324
     112    4.1905
     113    4.1490
     114    4.1079
     115    4.0672
     116    4.0270
     117    3.9871
     118    3.9476
     119    3.9086
     120    3.8699
     121    3.8315
     122    3.7936
     123    3.7560
     124    3.7189
     125    3.6820
     126    3.6456
     127    3.6095
     128    3.5737
     129    3.5384
     130    3.5033
     131    3.4686
     132    3.4343
     133    3.4003
     134    3.3666
     135    3.3333
     136    3.3003
     137    3.2676
     138    3.2353
     139    3.2032
     140    3.1715
     141    3.1401
     142    3.1090
     143    3.0782
     144    3.0477
     145    3.0176
     146    2.9877
     147    2.9581
     148    2.9288
     149    2.8998
     150    2.8711
     151    2.8427
     152    2.8145
     153    2.7867
     154    2.7591
     155    2.7317
     156    2.7047
     157    2.6779
     158    2.6514
     159    2.6251
     160    2.5991
     161    2.5734
     162    2.5479
     163    2.5227
     164    2.4977
     165    2.4730
     166    2.4485
     167    2.4243
     168    2.4003
     169    2.3765
     170    2.3530
     171    2.3297
     172    2.3066
     173    2.2837
     174    2.2611
     175    2.2387
     176    2.2166
     177    2.1946
     178    2.1729
     179    2.1514
     180    2.1301
     181    2.1090
     182    2.0881
     183    2.0674
     184    2.0470
     185    2.0267
     186    2.0066
     187    1.9868
     188    1.9671
     189    1.9476
     190    1.9283
     191    1.9092
     192    1.8903
     193    1.8716
     194    1.8531
     195    1.8347
     196    1.8166
     197    1.7986
     198    1.7808
     199    1.7631
     200    1.7457
     201    1.7284
     202    1.7113
     203    1.6943
     204    1.6775
     205    1.6609
     206    1.6445
     207    1.6282
     208    1.6121
     209    1.5961
     210    1.5803
     211    1.5647
     212    1.5492
     213    1.5338
     214    1.5187
     215    1.5036
     216    1.4887
     217    1.4740
     218    1.4594
     219    1.4449
     220    1.4306
     221    1.4165
     222    1.4024
     223    1.3886
     224    1.3748
     225    1.3612
     226    1.3477
     227    1.3344
     228    1.3212
     229    1.3081
     230    1.2951
     231    1.2823
     232    1.2696
     233    1.2570
     234    1.2446
     235    1.2323
     236    1.2201
     237    1.2080
     238    1.1960
     239    1.1842
     240    1.1724
     241    1.1608
     242    1.1493
     243    1.1380
     244    1.1267
     245    1.1155
     246    1.1045
     247    1.0936
     248    1.0827
     249    1.0720
     250    1.0614
     251    1.0509
     252    1.0405
     253    1.0302
     254    1.0200
     255    1.0099
     256    0.9999
     257    0.9900
     258    0.9802
     259    0.9705
     260    0.9609
     261    0.9513
     262    0.9419
     263    0.9326
     264    0.9234
     265    0.9142
     266    0.9052
     267    0.8962
     268    0.8873
     269    0.8785
     270    0.8698
     271    0.8612
     272    0.8527
     273    0.8443
     274    0.8359
     275    0.8276
     276    0.8194
     277    0.8113
     278    0.8033
     279    0.7953
     280    0.7875
     281    0.7797
     282    0.7719
     283    0.7643
     284    0.7567
     285    0.7492
     286    0.7418
     287    0.7345
     288    0.7272
     289    0.7200
     290    0.7129
     291    0.7058
     292    0.6988
     293    0.6919
     294    0.6850
     295    0.6783
     296    0.6715
     297    0.6649
     298    0.6583
     299    0.6518
