TRI: 0.333330 0.333330 0.333330 LINE: -0.774600
TRI: 0.733330 0.133330 0.133330 LINE: -0.774600
TRI: 0.133330 0.733330 0.133330 LINE: -0.774600
TRI: 0.133330 0.133330 0.733330 LINE: -0.774600
TRI: 0.333330 0.333330 0.333330 LINE: 0.000000
TRI: 0.733330 0.133330 0.133330 LINE: 0.000000
TRI: 0.133330 0.733330 0.133330 LINE: 0.000000
TRI: 0.133330 0.133330 0.733330 LINE: 0.000000
TRI: 0.333330 0.333330 0.333330 LINE: 0.774600
TRI: 0.733330 0.133330 0.133330 LINE: 0.774600
TRI: 0.133330 0.733330 0.133330 LINE: 0.774600
TRI: 0.133330 0.133330 0.733330 LINE: 0.774600
Node8 = 0.500000, 1.000000, 0.500000
Node9 = 0.500000, 0.000000, 0.500000
r = 0.070714, dir = 0.790566, 0.000000, 0.612377
100, 0.546960, 0.583335, 0.536375
Node8 = 0.500000, 1.000000, 0.500000
Node9 = 0.500000, 0.000000, 0.500000
r = 0.465962, dir = 0.729532, 0.000000, -0.683947
101, 0.785544, 0.813334, 0.232298
Node8 = 0.500000, 1.000000, 0.500000
Node9 = 0.500000, 0.000000, 0.500000
r = 0.180831, dir = 0.234956, 0.000000, 0.972006
102, 0.535689, 0.683335, 0.647646
Node8 = 0.500000, 1.000000, 0.500000
Node9 = 0.500000, 0.000000, 0.500000
r = 0.347187, dir = -0.618421, 0.000000, 0.785847
103, 0.319646, 0.253336, 0.729182
Node8 = 0.500000, 1.000000, 0.500000
Node9 = 0.500000, 0.000000, 0.500000
r = 0.289231, dir = 0.857497, 0.000000, -0.514490
104, 0.708333, 0.583335, 0.375003
Node8 = 0.500000, 1.000000, 0.500000
Node9 = 0.500000, 0.000000, 0.500000
r = 0.601131, dir = 0.739344, 0.000000, -0.673328
105, 0.873332, 0.813334, 0.160003
Node8 = 0.500000, 1.000000, 0.500000
Node9 = 0.500000, 0.000000, 0.500000
r = 0.190827, dir = 0.987760, 0.000000, 0.155979
106, 0.658332, 0.683335, 0.525002
Node8 = 0.500000, 1.000000, 0.500000
Node9 = 0.500000, 0.000000, 0.500000
r = 0.132088, dir = 0.841186, 0.000000, -0.540746
107, 0.593333, 0.253336, 0.440002
Node8 = 0.500000, 1.000000, 0.500000
Node9 = 0.500000, 0.000000, 0.500000
r = 0.556718, dir = 0.790572, 0.000000, -0.612370
108, 0.869705, 0.583335, 0.213630
Node8 = 0.500000, 1.000000, 0.500000
Node9 = 0.500000, 0.000000, 0.500000
r = 0.736381, dir = 0.745473, 0.000000, -0.666536
109, 0.961120, 0.813334, 0.087708
Node8 = 0.500000, 1.000000, 0.500000
Node9 = 0.500000, 0.000000, 0.500000
r = 0.354116, dir = 0.944591, 0.000000, -0.328251
110, 0.780976, 0.683335, 0.402359
Node8 = 0.500000, 1.000000, 0.500000
Node9 = 0.500000, 0.000000, 0.500000
r = 0.603079, dir = 0.724498, 0.000000, -0.689277
111, 0.867020, 0.253336, 0.150822
1,8,9,7,4,10,3,
Node8 = 0.500000, 1.000000, 0.500000
Node9 = 0.500000, 0.000000, 0.500000
r = 0.440267, dir = 0.025396, 0.000000, 0.999677
112, 0.509392, 0.583335, 0.869705
Node8 = 0.500000, 1.000000, 0.500000
Node9 = 0.500000, 0.000000, 0.500000
r = 0.490252, dir = -0.474443, 0.000000, 0.880286
113, 0.304619, 0.253336, 0.862512
Node8 = 0.500000, 1.000000, 0.500000
Node9 = 0.500000, 0.000000, 0.500000
r = 0.335398, dir = 0.073341, 0.000000, 0.997307
114, 0.520663, 0.683335, 0.780976
Node8 = 0.500000, 1.000000, 0.500000
Node9 = 0.500000, 0.000000, 0.500000
r = 0.604659, dir = 0.399468, 0.000000, 0.916747
115, 0.702895, 0.813334, 0.965628
Node8 = 0.500000, 1.000000, 0.500000
Node9 = 0.500000, 0.000000, 0.500000
r = 0.252927, dir = 0.196121, 0.000000, 0.980580
116, 0.541668, 0.583335, 0.708333
Node8 = 0.500000, 1.000000, 0.500000
Node9 = 0.500000, 0.000000, 0.500000
r = 0.092893, dir = 0.341764, 0.000000, 0.939786
117, 0.526668, 0.253336, 0.573332
Node8 = 0.500000, 1.000000, 0.500000
Node9 = 0.500000, 0.000000, 0.500000
r = 0.217802, dir = 0.501042, 0.000000, 0.865423
118, 0.591668, 0.683335, 0.658332
Node8 = 0.500000, 1.000000, 0.500000
Node9 = 0.500000, 0.000000, 0.500000
r = 0.468321, dir = 0.016948, 0.000000, 0.999856
119, 0.506667, 0.813334, 0.893333
Node8 = 0.500000, 1.000000, 0.500000
Node9 = 0.500000, 0.000000, 0.500000
r = 0.104279, dir = 0.844151, 0.000000, 0.536105
120, 0.573943, 0.583335, 0.546960
Node8 = 0.500000, 1.000000, 0.500000
Node9 = 0.500000, 0.000000, 0.500000
r = 0.392046, dir = 0.755248, 0.000000, -0.655439
121, 0.748717, 0.253336, 0.284152
Node8 = 0.500000, 1.000000, 0.500000
Node9 = 0.500000, 0.000000, 0.500000
r = 0.198264, dir = 0.976768, 0.000000, 0.214297
122, 0.662672, 0.683335, 0.535689
Node8 = 0.500000, 1.000000, 0.500000
Node9 = 0.500000, 0.000000, 0.500000
r = 0.443840, dir = -0.508445, 0.000000, 0.861095
123, 0.310439, 0.813334, 0.821038
2,7,9,6,3,10,2,
Node8 = 0.500000, 1.000000, 0.500000
Node9 = 0.500000, 0.000000, 0.500000
r = 0.484978, dir = 0.023055, 0.000000, 0.999734
124, 0.509392, 0.916665, 0.907273
Node8 = 0.500000, 1.000000, 0.500000
Node9 = 0.500000, 0.000000, 0.500000
r = 0.621100, dir = 0.388894, 0.000000, 0.921282
125, 0.702895, 0.946664, 0.980655
Node8 = 0.500000, 1.000000, 0.500000
Node9 = 0.500000, 0.000000, 0.500000
r = 0.353241, dir = 0.069636, 0.000000, 0.997572
126, 0.520663, 0.816665, 0.796002
Node8 = 0.500000, 1.000000, 0.500000
Node9 = 0.500000, 0.000000, 0.500000
r = 0.578751, dir = -0.401895, 0.000000, 0.915686
127, 0.304619, 0.986666, 0.945161
Node8 = 0.500000, 1.000000, 0.500000
Node9 = 0.500000, 0.000000, 0.500000
r = 0.449173, dir = 0.110434, 0.000000, 0.993883
128, 0.541668, 0.916665, 0.874997
Node8 = 0.500000, 1.000000, 0.500000
Node9 = 0.500000, 0.000000, 0.500000
r = 0.547674, dir = 0.014492, 0.000000, 0.999895
129, 0.506667, 0.946664, 0.959998
Node8 = 0.500000, 1.000000, 0.500000
Node9 = 0.500000, 0.000000, 0.500000
r = 0.289231, dir = 0.377304, 0.000000, 0.926090
130, 0.591668, 0.816665, 0.724998
Node8 = 0.500000, 1.000000, 0.500000
Node9 = 0.500000, 0.000000, 0.500000
r = 0.524767, dir = 0.060498, 0.000000, 0.998168
131, 0.526668, 0.986666, 0.939997
Node8 = 0.500000, 1.000000, 0.500000
Node9 = 0.500000, 0.000000, 0.500000
r = 0.417391, dir = 0.210899, 0.000000, 0.977508
132, 0.573943, 0.916665, 0.842722
Node8 = 0.500000, 1.000000, 0.500000
Node9 = 0.500000, 0.000000, 0.500000
r = 0.569633, dir = -0.396164, 0.000000, 0.918180
133, 0.310439, 0.946664, 0.939341
Node8 = 0.500000, 1.000000, 0.500000
Node9 = 0.500000, 0.000000, 0.500000
r = 0.266667, dir = 0.726216, 0.000000, 0.687467
134, 0.662672, 0.816665, 0.653993
Node8 = 0.500000, 1.000000, 0.500000
Node9 = 0.500000, 0.000000, 0.500000
r = 0.596356, dir = 0.496502, 0.000000, 0.868035
135, 0.748717, 0.986666, 0.934833
3,6,9,5,2,10,1,
Node8 = 0.500000, 1.000000, 0.500000
Node9 = 0.500000, 0.000000, 0.500000
r = 0.104279, dir = 0.536105, 0.000000, 0.844151
136, 0.546960, 0.916665, 0.573943
Node8 = 0.500000, 1.000000, 0.500000
Node9 = 0.500000, 0.000000, 0.500000
r = 0.428847, dir = -0.500663, 0.000000, 0.865642
137, 0.319646, 0.986666, 0.811831
Node8 = 0.500000, 1.000000, 0.500000
Node9 = 0.500000, 0.000000, 0.500000
r = 0.198264, dir = 0.214297, 0.000000, 0.976768
138, 0.535689, 0.816665, 0.662672
Node8 = 0.500000, 1.000000, 0.500000
Node9 = 0.500000, 0.000000, 0.500000
r = 0.453914, dir = 0.748895, 0.000000, -0.662689
139, 0.785544, 0.946664, 0.247325
Node8 = 0.500000, 1.000000, 0.500000
Node9 = 0.500000, 0.000000, 0.500000
r = 0.252927, dir = 0.980580, 0.000000, 0.196121
140, 0.708333, 0.916665, 0.541668
Node8 = 0.500000, 1.000000, 0.500000
Node9 = 0.500000, 0.000000, 0.500000
r = 0.381613, dir = 0.291160, 0.000000, 0.956674
141, 0.593333, 0.986666, 0.806667
Node8 = 0.500000, 1.000000, 0.500000
Node9 = 0.500000, 0.000000, 0.500000
r = 0.217802, dir = 0.865423, 0.000000, 0.501042
142, 0.658332, 0.816665, 0.591668
Node8 = 0.500000, 1.000000, 0.500000
Node9 = 0.500000, 0.000000, 0.500000
r = 0.550828, dir = 0.806863, 0.000000, -0.590738
143, 0.873332, 0.946664, 0.226668
Node8 = 0.500000, 1.000000, 0.500000
Node9 = 0.500000, 0.000000, 0.500000
r = 0.440267, dir = 0.999677, 0.000000, 0.025396
144, 0.869705, 0.916665, 0.509392
Node8 = 0.500000, 1.000000, 0.500000
Node9 = 0.500000, 0.000000, 0.500000
r = 0.565455, dir = 0.772704, 0.000000, 0.634767
145, 0.867020, 0.986666, 0.801503
Node8 = 0.500000, 1.000000, 0.500000
Node9 = 0.500000, 0.000000, 0.500000
r = 0.335398, dir = 0.997307, 0.000000, 0.073341
146, 0.780976, 0.816665, 0.520663
Node8 = 0.500000, 1.000000, 0.500000
Node9 = 0.500000, 0.000000, 0.500000
r = 0.651029, dir = 0.843206, 0.000000, -0.537590
147, 0.961120, 0.946664, 0.206011
4,5,9,8,1,10,4,
#### Table for increment=0 time=0.000000 
Inc = 0 Value = 10.000000 
Inc = 1 Value = 10.000000 
Inc = 2 Value = 10.000000 
Inc = 3 Value = 10.000000 
Inc = 4 Value = 10.000000 
Inc = 5 Value = 10.000000 
Inc = 6 Value = 10.000000 
Inc = 7 Value = 10.000000 
Inc = 8 Value = 10.000000 
Inc = 9 Value = 10.000000 
Inc = 10 Value = 10.000000 
Inc = 11 Value = 10.000000 
Inc = 12 Value = 10.000000 
Inc = 13 Value = 10.000000 
Inc = 14 Value = 10.000000 
Inc = 15 Value = 10.000000 
Inc = 16 Value = 10.000000 
Inc = 17 Value = 10.000000 
Inc = 18 Value = 10.000000 
Inc = 19 Value = 10.000000 
Inc = 20 Value = 10.000000 
Inc = 21 Value = 10.000000 
Inc = 22 Value = 10.000000 
Inc = 23 Value = 10.000000 
Inc = 24 Value = 10.000000 
Inc = 25 Value = 10.000000 
Inc = 26 Value = 10.000000 
Inc = 27 Value = 10.000000 
Inc = 28 Value = 10.000000 
Inc = 29 Value = 10.000000 
Inc = 30 Value = 10.000000 
Inc = 31 Value = 10.000000 
Inc = 32 Value = 10.000000 
Inc = 33 Value = 10.000000 
Inc = 34 Value = 10.000000 
Inc = 35 Value = 10.000000 
Inc = 36 Value = 10.000000 
Inc = 37 Value = 10.000000 
Inc = 38 Value = 10.000000 
Inc = 39 Value = 10.000000 
Inc = 40 Value = 10.000000 
Inc = 41 Value = 10.000000 
Inc = 42 Value = 10.000000 
Inc = 43 Value = 10.000000 
Inc = 44 Value = 10.000000 
Inc = 45 Value = 10.000000 
Inc = 46 Value = 10.000000 
Inc = 47 Value = 10.000000 
Inc = 48 Value = 10.000000 
Inc = 49 Value = 10.000000 
Inc = 50 Value = 10.000000 
Inc = 51 Value = 10.000000 
Inc = 52 Value = 10.000000 
Inc = 53 Value = 10.000000 
Inc = 54 Value = 10.000000 
Inc = 55 Value = 10.000000 
Inc = 56 Value = 10.000000 
Inc = 57 Value = 10.000000 
Inc = 58 Value = 10.000000 
Inc = 59 Value = 10.000000 
Inc = 60 Value = 10.000000 
Inc = 61 Value = 10.000000 
Inc = 62 Value = 10.000000 
Inc = 63 Value = 10.000000 
Inc = 64 Value = 10.000000 
Inc = 65 Value = 10.000000 
Inc = 66 Value = 10.000000 
Inc = 67 Value = 10.000000 
Inc = 68 Value = 10.000000 
Inc = 69 Value = 10.000000 
Inc = 70 Value = 10.000000 
Inc = 71 Value = 10.000000 
Inc = 72 Value = 10.000000 
Inc = 73 Value = 10.000000 
Inc = 74 Value = 10.000000 
Inc = 75 Value = 10.000000 
Inc = 76 Value = 10.000000 
Inc = 77 Value = 10.000000 
Inc = 78 Value = 10.000000 
Inc = 79 Value = 10.000000 
Inc = 80 Value = 10.000000 
Inc = 81 Value = 10.000000 
Inc = 82 Value = 10.000000 
Inc = 83 Value = 10.000000 
Inc = 84 Value = 10.000000 
Inc = 85 Value = 10.000000 
Inc = 86 Value = 10.000000 
Inc = 87 Value = 10.000000 
Inc = 88 Value = 10.000000 
Inc = 89 Value = 10.000000 
Inc = 90 Value = 10.000000 
Inc = 91 Value = 10.000000 
Inc = 92 Value = 10.000000 
Inc = 93 Value = 10.000000 
Inc = 94 Value = 10.000000 
Inc = 95 Value = 10.000000 
Inc = 96 Value = 10.000000 
Inc = 97 Value = 10.000000 
Inc = 98 Value = 10.000000 
Inc = 99 Value = 10.000000 
Inc = 100 Value = 10.000000 
Inc = 101 Value = 10.000000 
Inc = 102 Value = 10.000000 
Inc = 103 Value = 10.000000 
Inc = 104 Value = 10.000000 
Inc = 105 Value = 10.000000 
Inc = 106 Value = 10.000000 
Inc = 107 Value = 10.000000 
Inc = 108 Value = 10.000000 
Inc = 109 Value = 10.000000 
Inc = 110 Value = 10.000000 
Inc = 111 Value = 10.000000 
Inc = 112 Value = 10.000000 
Inc = 113 Value = 10.000000 
Inc = 114 Value = 10.000000 
Inc = 115 Value = 10.000000 
Inc = 116 Value = 10.000000 
Inc = 117 Value = 10.000000 
Inc = 118 Value = 10.000000 
Inc = 119 Value = 10.000000 
Inc = 120 Value = 10.000000 
Inc = 121 Value = 10.000000 
Inc = 122 Value = 10.000000 
Inc = 123 Value = 10.000000 
Inc = 124 Value = 10.000000 
Inc = 125 Value = 10.000000 
Inc = 126 Value = 10.000000 
Inc = 127 Value = 10.000000 
Inc = 128 Value = 10.000000 
Inc = 129 Value = 10.000000 
Inc = 130 Value = 10.000000 
Inc = 131 Value = 10.000000 
Inc = 132 Value = 10.000000 
Inc = 133 Value = 10.000000 
Inc = 134 Value = 10.000000 
Inc = 135 Value = 10.000000 
Inc = 136 Value = 10.000000 
Inc = 137 Value = 10.000000 
Inc = 138 Value = 10.000000 
Inc = 139 Value = 10.000000 
Inc = 140 Value = 10.000000 
Inc = 141 Value = 10.000000 
Inc = 142 Value = 10.000000 
Inc = 143 Value = 10.000000 
Inc = 144 Value = 10.000000 
Inc = 145 Value = 10.000000 
Inc = 146 Value = 10.000000 
Inc = 147 Value = 10.000000 
Inc = 148 Value = 10.000000 
Inc = 149 Value = 10.000000 
Inc = 150 Value = 10.000000 
Inc = 151 Value = 10.000000 
Inc = 152 Value = 10.000000 
Inc = 153 Value = 10.000000 
Inc = 154 Value = 10.000000 
Inc = 155 Value = 10.000000 
Inc = 156 Value = 10.000000 
Inc = 157 Value = 10.000000 
Inc = 158 Value = 10.000000 
Inc = 159 Value = 10.000000 
Inc = 160 Value = 10.000000 
Inc = 161 Value = 10.000000 
Inc = 162 Value = 10.000000 
Inc = 163 Value = 10.000000 
Inc = 164 Value = 10.000000 
Inc = 165 Value = 10.000000 
Inc = 166 Value = 10.000000 
Inc = 167 Value = 10.000000 
Inc = 168 Value = 10.000000 
Inc = 169 Value = 10.000000 
Inc = 170 Value = 10.000000 
Inc = 171 Value = 10.000000 
Inc = 172 Value = 10.000000 
Inc = 173 Value = 10.000000 
Inc = 174 Value = 10.000000 
Inc = 175 Value = 10.000000 
Inc = 176 Value = 10.000000 
Inc = 177 Value = 10.000000 
Inc = 178 Value = 10.000000 
Inc = 179 Value = 10.000000 
Inc = 180 Value = 10.000000 
Inc = 181 Value = 10.000000 
Inc = 182 Value = 10.000000 
Inc = 183 Value = 10.000000 
Inc = 184 Value = 10.000000 
Inc = 185 Value = 10.000000 
Inc = 186 Value = 10.000000 
Inc = 187 Value = 10.000000 
Inc = 188 Value = 10.000000 
Inc = 189 Value = 10.000000 
Inc = 190 Value = 10.000000 
Inc = 191 Value = 10.000000 
Inc = 192 Value = 10.000000 
Inc = 193 Value = 10.000000 
Inc = 194 Value = 10.000000 
Inc = 195 Value = 10.000000 
Inc = 196 Value = 10.000000 
Inc = 197 Value = 10.000000 
Inc = 198 Value = 10.000000 
Inc = 199 Value = 10.000000 
Inc = 200 Value = 10.000000 
Inc = 201 Value = 10.000000 
Inc = 202 Value = 10.000000 
Inc = 203 Value = 10.000000 
Inc = 204 Value = 10.000000 
Inc = 205 Value = 10.000000 
Inc = 206 Value = 10.000000 
Inc = 207 Value = 10.000000 
Inc = 208 Value = 10.000000 
Inc = 209 Value = 10.000000 
Inc = 210 Value = 10.000000 
Inc = 211 Value = 10.000000 
Inc = 212 Value = 10.000000 
Inc = 213 Value = 10.000000 
Inc = 214 Value = 10.000000 
Inc = 215 Value = 10.000000 
Inc = 216 Value = 10.000000 
Inc = 217 Value = 10.000000 
Inc = 218 Value = 10.000000 
Inc = 219 Value = 10.000000 
Inc = 220 Value = 10.000000 
Inc = 221 Value = 10.000000 
Inc = 222 Value = 10.000000 
Inc = 223 Value = 10.000000 
Inc = 224 Value = 10.000000 
Inc = 225 Value = 10.000000 
Inc = 226 Value = 10.000000 
Inc = 227 Value = 10.000000 
Inc = 228 Value = 10.000000 
Inc = 229 Value = 10.000000 
Inc = 230 Value = 10.000000 
Inc = 231 Value = 10.000000 
Inc = 232 Value = 10.000000 
Inc = 233 Value = 10.000000 
Inc = 234 Value = 10.000000 
Inc = 235 Value = 10.000000 
Inc = 236 Value = 10.000000 
Inc = 237 Value = 10.000000 
Inc = 238 Value = 10.000000 
Inc = 239 Value = 10.000000 
Inc = 240 Value = 10.000000 
Inc = 241 Value = 10.000000 
Inc = 242 Value = 10.000000 
Inc = 243 Value = 10.000000 
Inc = 244 Value = 10.000000 
Inc = 245 Value = 10.000000 
Inc = 246 Value = 10.000000 
Inc = 247 Value = 10.000000 
Inc = 248 Value = 10.000000 
Inc = 249 Value = 10.000000 
Inc = 250 Value = 10.000000 
Inc = 251 Value = 10.000000 
Inc = 252 Value = 10.000000 
Inc = 253 Value = 10.000000 
Inc = 254 Value = 10.000000 
Inc = 255 Value = 10.000000 
Inc = 256 Value = 10.000000 
Inc = 257 Value = 10.000000 
Inc = 258 Value = 10.000000 
Inc = 259 Value = 10.000000 
Inc = 260 Value = 10.000000 
Inc = 261 Value = 10.000000 
Inc = 262 Value = 10.000000 
Inc = 263 Value = 10.000000 
Inc = 264 Value = 10.000000 
Inc = 265 Value = 10.000000 
Inc = 266 Value = 10.000000 
Inc = 267 Value = 10.000000 
Inc = 268 Value = 10.000000 
Inc = 269 Value = 10.000000 
Inc = 270 Value = 10.000000 
Inc = 271 Value = 10.000000 
Inc = 272 Value = 10.000000 
Inc = 273 Value = 10.000000 
Inc = 274 Value = 10.000000 
Inc = 275 Value = 10.000000 
Inc = 276 Value = 10.000000 
Inc = 277 Value = 10.000000 
Inc = 278 Value = 10.000000 
Inc = 279 Value = 10.000000 
Inc = 280 Value = 10.000000 
Inc = 281 Value = 10.000000 
Inc = 282 Value = 10.000000 
Inc = 283 Value = 10.000000 
Inc = 284 Value = 10.000000 
Inc = 285 Value = 10.000000 
Inc = 286 Value = 10.000000 
Inc = 287 Value = 10.000000 
Inc = 288 Value = 10.000000 
Inc = 289 Value = 10.000000 
Inc = 290 Value = 10.000000 
Inc = 291 Value = 10.000000 
Inc = 292 Value = 10.000000 
Inc = 293 Value = 10.000000 
Inc = 294 Value = 10.000000 
Inc = 295 Value = 10.000000 
Inc = 296 Value = 10.000000 
Inc = 297 Value = 10.000000 
Inc = 298 Value = 10.000000 
Inc = 299 Value = 10.000000 
1 - 1 : 1 - -1.#IND00
1 - 1 : 2 - -1.#IND00
1 - 1 : 3 - -1.#IND00
1 - 1 : 4 - -1.#IND00
1 - 1 : 5 - -1.#IND00
1 - 1 : 6 - -1.#IND00
1 - 1 : 7 - -1.#IND00
1 - 1 : 8 - -1.#IND00
1 - 2 : 1 - -1.#IND00
1 - 2 : 2 - -1.#IND00
1 - 2 : 3 - -1.#IND00
1 - 2 : 4 - -1.#IND00
1 - 2 : 5 - -1.#IND00
1 - 2 : 6 - -1.#IND00
1 - 2 : 7 - -1.#IND00
1 - 2 : 8 - -1.#IND00
1 - 3 : 1 - -1.#IND00
1 - 3 : 2 - -1.#IND00
1 - 3 : 3 - -1.#IND00
1 - 3 : 4 - -1.#IND00
1 - 3 : 5 - -1.#IND00
1 - 3 : 6 - -1.#IND00
1 - 3 : 7 - -1.#IND00
1 - 3 : 8 - -1.#IND00
1 - 4 : 1 - -1.#IND00
1 - 4 : 2 - -1.#IND00
1 - 4 : 3 - -1.#IND00
1 - 4 : 4 - -1.#IND00
1 - 4 : 5 - -1.#IND00
1 - 4 : 6 - -1.#IND00
1 - 4 : 7 - -1.#IND00
1 - 4 : 8 - -1.#IND00
1 - 5 : 1 - -1.#IND00
1 - 5 : 2 - -1.#IND00
1 - 5 : 3 - -1.#IND00
1 - 5 : 4 - -1.#IND00
1 - 5 : 5 - -1.#IND00
1 - 5 : 6 - -1.#IND00
1 - 5 : 7 - -1.#IND00
1 - 5 : 8 - -1.#IND00
1 - 6 : 1 - -1.#IND00
1 - 6 : 2 - -1.#IND00
1 - 6 : 3 - -1.#IND00
1 - 6 : 4 - -1.#IND00
1 - 6 : 5 - -1.#IND00
1 - 6 : 6 - -1.#IND00
1 - 6 : 7 - -1.#IND00
1 - 6 : 8 - -1.#IND00
1 - 7 : 1 - -1.#IND00
1 - 7 : 2 - -1.#IND00
1 - 7 : 3 - -1.#IND00
1 - 7 : 4 - -1.#IND00
1 - 7 : 5 - -1.#IND00
1 - 7 : 6 - -1.#IND00
1 - 7 : 7 - -1.#IND00
1 - 7 : 8 - -1.#IND00
1 - 8 : 1 - -1.#IND00
1 - 8 : 2 - -1.#IND00
1 - 8 : 3 - -1.#IND00
1 - 8 : 4 - -1.#IND00
1 - 8 : 5 - -1.#IND00
1 - 8 : 6 - -1.#IND00
1 - 8 : 7 - -1.#IND00
1 - 8 : 8 - -1.#IND00
1 - 9 : 1 - -1.#IND00
1 - 9 : 2 - -1.#IND00
1 - 9 : 3 - -1.#IND00
1 - 9 : 4 - -1.#IND00
1 - 9 : 5 - -1.#IND00
1 - 9 : 6 - -1.#IND00
1 - 9 : 7 - -1.#IND00
1 - 9 : 8 - -1.#IND00
1 - 10 : 1 - -1.#IND00
1 - 10 : 2 - -1.#IND00
1 - 10 : 3 - -1.#IND00
1 - 10 : 4 - -1.#IND00
1 - 10 : 5 - -1.#IND00
1 - 10 : 6 - -1.#IND00
1 - 10 : 7 - -1.#IND00
1 - 10 : 8 - -1.#IND00
1 - 11 : 1 - -1.#IND00
1 - 11 : 2 - -1.#IND00
1 - 11 : 3 - -1.#IND00
1 - 11 : 4 - -1.#IND00
1 - 11 : 5 - -1.#IND00
1 - 11 : 6 - -1.#IND00
1 - 11 : 7 - -1.#IND00
1 - 11 : 8 - -1.#IND00
1 - 12 : 1 - -1.#IND00
1 - 12 : 2 - -1.#IND00
1 - 12 : 3 - -1.#IND00
1 - 12 : 4 - -1.#IND00
1 - 12 : 5 - -1.#IND00
1 - 12 : 6 - -1.#IND00
1 - 12 : 7 - -1.#IND00
1 - 12 : 8 - -1.#IND00
1 - 13 : 1 - -1.#IND00
1 - 13 : 2 - -1.#IND00
1 - 13 : 3 - -1.#IND00
1 - 13 : 4 - -1.#IND00
1 - 13 : 5 - -1.#IND00
1 - 13 : 6 - -1.#IND00
1 - 13 : 7 - -1.#IND00
1 - 13 : 8 - -1.#IND00
1 - 14 : 1 - -1.#IND00
1 - 14 : 2 - -1.#IND00
1 - 14 : 3 - -1.#IND00
1 - 14 : 4 - -1.#IND00
1 - 14 : 5 - -1.#IND00
1 - 14 : 6 - -1.#IND00
1 - 14 : 7 - -1.#IND00
1 - 14 : 8 - -1.#IND00
1 - 15 : 1 - -1.#IND00
1 - 15 : 2 - -1.#IND00
1 - 15 : 3 - -1.#IND00
1 - 15 : 4 - -1.#IND00
1 - 15 : 5 - -1.#IND00
1 - 15 : 6 - -1.#IND00
1 - 15 : 7 - -1.#IND00
1 - 15 : 8 - -1.#IND00
1 - 16 : 1 - -1.#IND00
1 - 16 : 2 - -1.#IND00
1 - 16 : 3 - -1.#IND00
1 - 16 : 4 - -1.#IND00
1 - 16 : 5 - -1.#IND00
1 - 16 : 6 - -1.#IND00
1 - 16 : 7 - -1.#IND00
1 - 16 : 8 - -1.#IND00
1 - 17 : 1 - -1.#IND00
1 - 17 : 2 - -1.#IND00
1 - 17 : 3 - -1.#IND00
1 - 17 : 4 - -1.#IND00
1 - 17 : 5 - -1.#IND00
1 - 17 : 6 - -1.#IND00
1 - 17 : 7 - -1.#IND00
1 - 17 : 8 - -1.#IND00
1 - 18 : 1 - -1.#IND00
1 - 18 : 2 - -1.#IND00
1 - 18 : 3 - -1.#IND00
1 - 18 : 4 - -1.#IND00
1 - 18 : 5 - -1.#IND00
1 - 18 : 6 - -1.#IND00
1 - 18 : 7 - -1.#IND00
1 - 18 : 8 - -1.#IND00
1 - 19 : 1 - -1.#IND00
1 - 19 : 2 - -1.#IND00
1 - 19 : 3 - -1.#IND00
1 - 19 : 4 - -1.#IND00
1 - 19 : 5 - -1.#IND00
1 - 19 : 6 - -1.#IND00
1 - 19 : 7 - -1.#IND00
1 - 19 : 8 - -1.#IND00
1 - 20 : 1 - -1.#IND00
1 - 20 : 2 - -1.#IND00
1 - 20 : 3 - -1.#IND00
1 - 20 : 4 - -1.#IND00
1 - 20 : 5 - -1.#IND00
1 - 20 : 6 - -1.#IND00
1 - 20 : 7 - -1.#IND00
1 - 20 : 8 - -1.#IND00
1 - 21 : 1 - -1.#IND00
1 - 21 : 2 - -1.#IND00
1 - 21 : 3 - -1.#IND00
1 - 21 : 4 - -1.#IND00
1 - 21 : 5 - -1.#IND00
1 - 21 : 6 - -1.#IND00
1 - 21 : 7 - -1.#IND00
1 - 21 : 8 - -1.#IND00
1 - 22 : 1 - -1.#IND00
1 - 22 : 2 - -1.#IND00
1 - 22 : 3 - -1.#IND00
1 - 22 : 4 - -1.#IND00
1 - 22 : 5 - -1.#IND00
1 - 22 : 6 - -1.#IND00
1 - 22 : 7 - -1.#IND00
1 - 22 : 8 - -1.#IND00
1 - 23 : 1 - -1.#IND00
1 - 23 : 2 - -1.#IND00
1 - 23 : 3 - -1.#IND00
1 - 23 : 4 - -1.#IND00
1 - 23 : 5 - -1.#IND00
1 - 23 : 6 - -1.#IND00
1 - 23 : 7 - -1.#IND00
1 - 23 : 8 - -1.#IND00
1 - 24 : 1 - -1.#IND00
1 - 24 : 2 - -1.#IND00
1 - 24 : 3 - -1.#IND00
1 - 24 : 4 - -1.#IND00
1 - 24 : 5 - -1.#IND00
1 - 24 : 6 - -1.#IND00
1 - 24 : 7 - -1.#IND00
1 - 24 : 8 - -1.#IND00
1 - 25 : 1 - -1.#IND00
1 - 25 : 2 - -1.#IND00
1 - 25 : 3 - -1.#IND00
1 - 25 : 4 - -1.#IND00
1 - 25 : 5 - -1.#IND00
1 - 25 : 6 - -1.#IND00
1 - 25 : 7 - -1.#IND00
1 - 25 : 8 - -1.#IND00
1 - 26 : 1 - -1.#IND00
1 - 26 : 2 - -1.#IND00
1 - 26 : 3 - -1.#IND00
1 - 26 : 4 - -1.#IND00
1 - 26 : 5 - -1.#IND00
1 - 26 : 6 - -1.#IND00
1 - 26 : 7 - -1.#IND00
1 - 26 : 8 - -1.#IND00
1 - 27 : 1 - -1.#IND00
1 - 27 : 2 - -1.#IND00
1 - 27 : 3 - -1.#IND00
1 - 27 : 4 - -1.#IND00
1 - 27 : 5 - -1.#IND00
1 - 27 : 6 - -1.#IND00
1 - 27 : 7 - -1.#IND00
1 - 27 : 8 - -1.#IND00
1 - 28 : 1 - -1.#IND00
1 - 28 : 2 - -1.#IND00
1 - 28 : 3 - -1.#IND00
1 - 28 : 4 - -1.#IND00
1 - 28 : 5 - -1.#IND00
1 - 28 : 6 - -1.#IND00
1 - 28 : 7 - -1.#IND00
1 - 28 : 8 - -1.#IND00
1 - 29 : 1 - -1.#IND00
1 - 29 : 2 - -1.#IND00
1 - 29 : 3 - -1.#IND00
1 - 29 : 4 - -1.#IND00
1 - 29 : 5 - -1.#IND00
1 - 29 : 6 - -1.#IND00
1 - 29 : 7 - -1.#IND00
1 - 29 : 8 - -1.#IND00
1 - 30 : 1 - -1.#IND00
1 - 30 : 2 - -1.#IND00
1 - 30 : 3 - -1.#IND00
1 - 30 : 4 - -1.#IND00
1 - 30 : 5 - -1.#IND00
1 - 30 : 6 - -1.#IND00
1 - 30 : 7 - -1.#IND00
1 - 30 : 8 - -1.#IND00
1 - 31 : 1 - -1.#IND00
1 - 31 : 2 - -1.#IND00
1 - 31 : 3 - -1.#IND00
1 - 31 : 4 - -1.#IND00
1 - 31 : 5 - -1.#IND00
1 - 31 : 6 - -1.#IND00
1 - 31 : 7 - -1.#IND00
1 - 31 : 8 - -1.#IND00
1 - 32 : 1 - -1.#IND00
1 - 32 : 2 - -1.#IND00
1 - 32 : 3 - -1.#IND00
1 - 32 : 4 - -1.#IND00
1 - 32 : 5 - -1.#IND00
1 - 32 : 6 - -1.#IND00
1 - 32 : 7 - -1.#IND00
1 - 32 : 8 - -1.#IND00
1 - 33 : 1 - -1.#IND00
1 - 33 : 2 - -1.#IND00
1 - 33 : 3 - -1.#IND00
1 - 33 : 4 - -1.#IND00
1 - 33 : 5 - -1.#IND00
1 - 33 : 6 - -1.#IND00
1 - 33 : 7 - -1.#IND00
1 - 33 : 8 - -1.#IND00
1 - 34 : 1 - -1.#IND00
1 - 34 : 2 - -1.#IND00
1 - 34 : 3 - -1.#IND00
1 - 34 : 4 - -1.#IND00
1 - 34 : 5 - -1.#IND00
1 - 34 : 6 - -1.#IND00
1 - 34 : 7 - -1.#IND00
1 - 34 : 8 - -1.#IND00
1 - 35 : 1 - -1.#IND00
1 - 35 : 2 - -1.#IND00
1 - 35 : 3 - -1.#IND00
1 - 35 : 4 - -1.#IND00
1 - 35 : 5 - -1.#IND00
1 - 35 : 6 - -1.#IND00
1 - 35 : 7 - -1.#IND00
1 - 35 : 8 - -1.#IND00
1 - 36 : 1 - -1.#IND00
1 - 36 : 2 - -1.#IND00
1 - 36 : 3 - -1.#IND00
1 - 36 : 4 - -1.#IND00
1 - 36 : 5 - -1.#IND00
1 - 36 : 6 - -1.#IND00
1 - 36 : 7 - -1.#IND00
1 - 36 : 8 - -1.#IND00
1 - 37 : 1 - -1.#IND00
1 - 37 : 2 - -1.#IND00
1 - 37 : 3 - -1.#IND00
1 - 37 : 4 - -1.#IND00
1 - 37 : 5 - -1.#IND00
1 - 37 : 6 - -1.#IND00
1 - 37 : 7 - -1.#IND00
1 - 37 : 8 - -1.#IND00
1 - 38 : 1 - -1.#IND00
1 - 38 : 2 - -1.#IND00
1 - 38 : 3 - -1.#IND00
1 - 38 : 4 - -1.#IND00
1 - 38 : 5 - -1.#IND00
1 - 38 : 6 - -1.#IND00
1 - 38 : 7 - -1.#IND00
1 - 38 : 8 - -1.#IND00
1 - 39 : 1 - -1.#IND00
1 - 39 : 2 - -1.#IND00
1 - 39 : 3 - -1.#IND00
1 - 39 : 4 - -1.#IND00
1 - 39 : 5 - -1.#IND00
1 - 39 : 6 - -1.#IND00
1 - 39 : 7 - -1.#IND00
1 - 39 : 8 - -1.#IND00
1 - 40 : 1 - -1.#IND00
1 - 40 : 2 - -1.#IND00
1 - 40 : 3 - -1.#IND00
1 - 40 : 4 - -1.#IND00
1 - 40 : 5 - -1.#IND00
1 - 40 : 6 - -1.#IND00
1 - 40 : 7 - -1.#IND00
1 - 40 : 8 - -1.#IND00
1 - 41 : 1 - -1.#IND00
1 - 41 : 2 - -1.#IND00
1 - 41 : 3 - -1.#IND00
1 - 41 : 4 - -1.#IND00
1 - 41 : 5 - -1.#IND00
1 - 41 : 6 - -1.#IND00
1 - 41 : 7 - -1.#IND00
1 - 41 : 8 - -1.#IND00
1 - 42 : 1 - -1.#IND00
1 - 42 : 2 - -1.#IND00
1 - 42 : 3 - -1.#IND00
1 - 42 : 4 - -1.#IND00
1 - 42 : 5 - -1.#IND00
1 - 42 : 6 - -1.#IND00
1 - 42 : 7 - -1.#IND00
1 - 42 : 8 - -1.#IND00
1 - 43 : 1 - -1.#IND00
1 - 43 : 2 - -1.#IND00
1 - 43 : 3 - -1.#IND00
1 - 43 : 4 - -1.#IND00
1 - 43 : 5 - -1.#IND00
1 - 43 : 6 - -1.#IND00
1 - 43 : 7 - -1.#IND00
1 - 43 : 8 - -1.#IND00
1 - 44 : 1 - -1.#IND00
1 - 44 : 2 - -1.#IND00
1 - 44 : 3 - -1.#IND00
1 - 44 : 4 - -1.#IND00
1 - 44 : 5 - -1.#IND00
1 - 44 : 6 - -1.#IND00
1 - 44 : 7 - -1.#IND00
1 - 44 : 8 - -1.#IND00
1 - 45 : 1 - -1.#IND00
1 - 45 : 2 - -1.#IND00
1 - 45 : 3 - -1.#IND00
1 - 45 : 4 - -1.#IND00
1 - 45 : 5 - -1.#IND00
1 - 45 : 6 - -1.#IND00
1 - 45 : 7 - -1.#IND00
1 - 45 : 8 - -1.#IND00
1 - 46 : 1 - -1.#IND00
1 - 46 : 2 - -1.#IND00
1 - 46 : 3 - -1.#IND00
1 - 46 : 4 - -1.#IND00
1 - 46 : 5 - -1.#IND00
1 - 46 : 6 - -1.#IND00
1 - 46 : 7 - -1.#IND00
1 - 46 : 8 - -1.#IND00
1 - 47 : 1 - -1.#IND00
1 - 47 : 2 - -1.#IND00
1 - 47 : 3 - -1.#IND00
1 - 47 : 4 - -1.#IND00
1 - 47 : 5 - -1.#IND00
1 - 47 : 6 - -1.#IND00
1 - 47 : 7 - -1.#IND00
1 - 47 : 8 - -1.#IND00
1 - 48 : 1 - -1.#IND00
1 - 48 : 2 - -1.#IND00
1 - 48 : 3 - -1.#IND00
1 - 48 : 4 - -1.#IND00
1 - 48 : 5 - -1.#IND00
1 - 48 : 6 - -1.#IND00
1 - 48 : 7 - -1.#IND00
1 - 48 : 8 - -1.#IND00
1 - 49 : 1 - -1.#IND00
1 - 49 : 2 - -1.#IND00
1 - 49 : 3 - -1.#IND00
1 - 49 : 4 - -1.#IND00
1 - 49 : 5 - -1.#IND00
1 - 49 : 6 - -1.#IND00
1 - 49 : 7 - -1.#IND00
1 - 49 : 8 - -1.#IND00
1 - 50 : 1 - -1.#IND00
1 - 50 : 2 - -1.#IND00
1 - 50 : 3 - -1.#IND00
1 - 50 : 4 - -1.#IND00
1 - 50 : 5 - -1.#IND00
1 - 50 : 6 - -1.#IND00
1 - 50 : 7 - -1.#IND00
1 - 50 : 8 - -1.#IND00
1 - 51 : 1 - -1.#IND00
1 - 51 : 2 - -1.#IND00
1 - 51 : 3 - -1.#IND00
1 - 51 : 4 - -1.#IND00
1 - 51 : 5 - -1.#IND00
1 - 51 : 6 - -1.#IND00
1 - 51 : 7 - -1.#IND00
1 - 51 : 8 - -1.#IND00
1 - 52 : 1 - -1.#IND00
1 - 52 : 2 - -1.#IND00
1 - 52 : 3 - -1.#IND00
1 - 52 : 4 - -1.#IND00
1 - 52 : 5 - -1.#IND00
1 - 52 : 6 - -1.#IND00
1 - 52 : 7 - -1.#IND00
1 - 52 : 8 - -1.#IND00
1 - 53 : 1 - -1.#IND00
1 - 53 : 2 - -1.#IND00
1 - 53 : 3 - -1.#IND00
1 - 53 : 4 - -1.#IND00
1 - 53 : 5 - -1.#IND00
1 - 53 : 6 - -1.#IND00
1 - 53 : 7 - -1.#IND00
1 - 53 : 8 - -1.#IND00
1 - 54 : 1 - -1.#IND00
1 - 54 : 2 - -1.#IND00
1 - 54 : 3 - -1.#IND00
1 - 54 : 4 - -1.#IND00
1 - 54 : 5 - -1.#IND00
1 - 54 : 6 - -1.#IND00
1 - 54 : 7 - -1.#IND00
1 - 54 : 8 - -1.#IND00
1 - 55 : 1 - -1.#IND00
1 - 55 : 2 - -1.#IND00
1 - 55 : 3 - -1.#IND00
1 - 55 : 4 - -1.#IND00
1 - 55 : 5 - -1.#IND00
1 - 55 : 6 - -1.#IND00
1 - 55 : 7 - -1.#IND00
1 - 55 : 8 - -1.#IND00
1 - 56 : 1 - -1.#IND00
1 - 56 : 2 - -1.#IND00
1 - 56 : 3 - -1.#IND00
1 - 56 : 4 - -1.#IND00
1 - 56 : 5 - -1.#IND00
1 - 56 : 6 - -1.#IND00
1 - 56 : 7 - -1.#IND00
1 - 56 : 8 - -1.#IND00
1 - 57 : 1 - -1.#IND00
1 - 57 : 2 - -1.#IND00
1 - 57 : 3 - -1.#IND00
1 - 57 : 4 - -1.#IND00
1 - 57 : 5 - -1.#IND00
1 - 57 : 6 - -1.#IND00
1 - 57 : 7 - -1.#IND00
1 - 57 : 8 - -1.#IND00
1 - 58 : 1 - -1.#IND00
1 - 58 : 2 - -1.#IND00
1 - 58 : 3 - -1.#IND00
1 - 58 : 4 - -1.#IND00
1 - 58 : 5 - -1.#IND00
1 - 58 : 6 - -1.#IND00
1 - 58 : 7 - -1.#IND00
1 - 58 : 8 - -1.#IND00
1 - 59 : 1 - -1.#IND00
1 - 59 : 2 - -1.#IND00
1 - 59 : 3 - -1.#IND00
1 - 59 : 4 - -1.#IND00
1 - 59 : 5 - -1.#IND00
1 - 59 : 6 - -1.#IND00
1 - 59 : 7 - -1.#IND00
1 - 59 : 8 - -1.#IND00
1 - 60 : 1 - -1.#IND00
1 - 60 : 2 - -1.#IND00
1 - 60 : 3 - -1.#IND00
1 - 60 : 4 - -1.#IND00
1 - 60 : 5 - -1.#IND00
1 - 60 : 6 - -1.#IND00
1 - 60 : 7 - -1.#IND00
1 - 60 : 8 - -1.#IND00
1 - 61 : 1 - -1.#IND00
1 - 61 : 2 - -1.#IND00
1 - 61 : 3 - -1.#IND00
1 - 61 : 4 - -1.#IND00
1 - 61 : 5 - -1.#IND00
1 - 61 : 6 - -1.#IND00
1 - 61 : 7 - -1.#IND00
1 - 61 : 8 - -1.#IND00
1 - 62 : 1 - -1.#IND00
1 - 62 : 2 - -1.#IND00
1 - 62 : 3 - -1.#IND00
1 - 62 : 4 - -1.#IND00
1 - 62 : 5 - -1.#IND00
1 - 62 : 6 - -1.#IND00
1 - 62 : 7 - -1.#IND00
1 - 62 : 8 - -1.#IND00
1 - 63 : 1 - -1.#IND00
1 - 63 : 2 - -1.#IND00
1 - 63 : 3 - -1.#IND00
1 - 63 : 4 - -1.#IND00
1 - 63 : 5 - -1.#IND00
1 - 63 : 6 - -1.#IND00
1 - 63 : 7 - -1.#IND00
1 - 63 : 8 - -1.#IND00
1 - 64 : 1 - -1.#IND00
1 - 64 : 2 - -1.#IND00
1 - 64 : 3 - -1.#IND00
1 - 64 : 4 - -1.#IND00
1 - 64 : 5 - -1.#IND00
1 - 64 : 6 - -1.#IND00
1 - 64 : 7 - -1.#IND00
1 - 64 : 8 - -1.#IND00
1 - 65 : 1 - -1.#IND00
1 - 65 : 2 - -1.#IND00
1 - 65 : 3 - -1.#IND00
1 - 65 : 4 - -1.#IND00
1 - 65 : 5 - -1.#IND00
1 - 65 : 6 - -1.#IND00
1 - 65 : 7 - -1.#IND00
1 - 65 : 8 - -1.#IND00
1 - 66 : 1 - -1.#IND00
1 - 66 : 2 - -1.#IND00
1 - 66 : 3 - -1.#IND00
1 - 66 : 4 - -1.#IND00
1 - 66 : 5 - -1.#IND00
1 - 66 : 6 - -1.#IND00
1 - 66 : 7 - -1.#IND00
1 - 66 : 8 - -1.#IND00
1 - 67 : 1 - -1.#IND00
1 - 67 : 2 - -1.#IND00
1 - 67 : 3 - -1.#IND00
1 - 67 : 4 - -1.#IND00
1 - 67 : 5 - -1.#IND00
1 - 67 : 6 - -1.#IND00
1 - 67 : 7 - -1.#IND00
1 - 67 : 8 - -1.#IND00
1 - 68 : 1 - -1.#IND00
1 - 68 : 2 - -1.#IND00
1 - 68 : 3 - -1.#IND00
1 - 68 : 4 - -1.#IND00
1 - 68 : 5 - -1.#IND00
1 - 68 : 6 - -1.#IND00
1 - 68 : 7 - -1.#IND00
1 - 68 : 8 - -1.#IND00
1 - 69 : 1 - -1.#IND00
1 - 69 : 2 - -1.#IND00
1 - 69 : 3 - -1.#IND00
1 - 69 : 4 - -1.#IND00
1 - 69 : 5 - -1.#IND00
1 - 69 : 6 - -1.#IND00
1 - 69 : 7 - -1.#IND00
1 - 69 : 8 - -1.#IND00
1 - 70 : 1 - -1.#IND00
1 - 70 : 2 - -1.#IND00
1 - 70 : 3 - -1.#IND00
1 - 70 : 4 - -1.#IND00
1 - 70 : 5 - -1.#IND00
1 - 70 : 6 - -1.#IND00
1 - 70 : 7 - -1.#IND00
1 - 70 : 8 - -1.#IND00
1 - 71 : 1 - -1.#IND00
1 - 71 : 2 - -1.#IND00
1 - 71 : 3 - -1.#IND00
1 - 71 : 4 - -1.#IND00
1 - 71 : 5 - -1.#IND00
1 - 71 : 6 - -1.#IND00
1 - 71 : 7 - -1.#IND00
1 - 71 : 8 - -1.#IND00
1 - 72 : 1 - -1.#IND00
1 - 72 : 2 - -1.#IND00
1 - 72 : 3 - -1.#IND00
1 - 72 : 4 - -1.#IND00
1 - 72 : 5 - -1.#IND00
1 - 72 : 6 - -1.#IND00
1 - 72 : 7 - -1.#IND00
1 - 72 : 8 - -1.#IND00
1 - 73 : 1 - -1.#IND00
1 - 73 : 2 - -1.#IND00
1 - 73 : 3 - -1.#IND00
1 - 73 : 4 - -1.#IND00
1 - 73 : 5 - -1.#IND00
1 - 73 : 6 - -1.#IND00
1 - 73 : 7 - -1.#IND00
1 - 73 : 8 - -1.#IND00
1 - 74 : 1 - -1.#IND00
1 - 74 : 2 - -1.#IND00
1 - 74 : 3 - -1.#IND00
1 - 74 : 4 - -1.#IND00
1 - 74 : 5 - -1.#IND00
1 - 74 : 6 - -1.#IND00
1 - 74 : 7 - -1.#IND00
1 - 74 : 8 - -1.#IND00
1 - 75 : 1 - -1.#IND00
1 - 75 : 2 - -1.#IND00
1 - 75 : 3 - -1.#IND00
1 - 75 : 4 - -1.#IND00
1 - 75 : 5 - -1.#IND00
1 - 75 : 6 - -1.#IND00
1 - 75 : 7 - -1.#IND00
1 - 75 : 8 - -1.#IND00
1 - 76 : 1 - -1.#IND00
1 - 76 : 2 - -1.#IND00
1 - 76 : 3 - -1.#IND00
1 - 76 : 4 - -1.#IND00
1 - 76 : 5 - -1.#IND00
1 - 76 : 6 - -1.#IND00
1 - 76 : 7 - -1.#IND00
1 - 76 : 8 - -1.#IND00
1 - 77 : 1 - -1.#IND00
1 - 77 : 2 - -1.#IND00
1 - 77 : 3 - -1.#IND00
1 - 77 : 4 - -1.#IND00
1 - 77 : 5 - -1.#IND00
1 - 77 : 6 - -1.#IND00
1 - 77 : 7 - -1.#IND00
1 - 77 : 8 - -1.#IND00
1 - 78 : 1 - -1.#IND00
1 - 78 : 2 - -1.#IND00
1 - 78 : 3 - -1.#IND00
1 - 78 : 4 - -1.#IND00
1 - 78 : 5 - -1.#IND00
1 - 78 : 6 - -1.#IND00
1 - 78 : 7 - -1.#IND00
1 - 78 : 8 - -1.#IND00
1 - 79 : 1 - -1.#IND00
1 - 79 : 2 - -1.#IND00
1 - 79 : 3 - -1.#IND00
1 - 79 : 4 - -1.#IND00
1 - 79 : 5 - -1.#IND00
1 - 79 : 6 - -1.#IND00
1 - 79 : 7 - -1.#IND00
1 - 79 : 8 - -1.#IND00
1 - 80 : 1 - -1.#IND00
1 - 80 : 2 - -1.#IND00
1 - 80 : 3 - -1.#IND00
1 - 80 : 4 - -1.#IND00
1 - 80 : 5 - -1.#IND00
1 - 80 : 6 - -1.#IND00
1 - 80 : 7 - -1.#IND00
1 - 80 : 8 - -1.#IND00
1 - 81 : 1 - -1.#IND00
1 - 81 : 2 - -1.#IND00
1 - 81 : 3 - -1.#IND00
1 - 81 : 4 - -1.#IND00
1 - 81 : 5 - -1.#IND00
1 - 81 : 6 - -1.#IND00
1 - 81 : 7 - -1.#IND00
1 - 81 : 8 - -1.#IND00
1 - 82 : 1 - -1.#IND00
1 - 82 : 2 - -1.#IND00
1 - 82 : 3 - -1.#IND00
1 - 82 : 4 - -1.#IND00
1 - 82 : 5 - -1.#IND00
1 - 82 : 6 - -1.#IND00
1 - 82 : 7 - -1.#IND00
1 - 82 : 8 - -1.#IND00
1 - 83 : 1 - -1.#IND00
1 - 83 : 2 - -1.#IND00
1 - 83 : 3 - -1.#IND00
1 - 83 : 4 - -1.#IND00
1 - 83 : 5 - -1.#IND00
1 - 83 : 6 - -1.#IND00
1 - 83 : 7 - -1.#IND00
1 - 83 : 8 - -1.#IND00
1 - 84 : 1 - -1.#IND00
1 - 84 : 2 - -1.#IND00
1 - 84 : 3 - -1.#IND00
1 - 84 : 4 - -1.#IND00
1 - 84 : 5 - -1.#IND00
1 - 84 : 6 - -1.#IND00
1 - 84 : 7 - -1.#IND00
1 - 84 : 8 - -1.#IND00
1 - 85 : 1 - -1.#IND00
1 - 85 : 2 - -1.#IND00
1 - 85 : 3 - -1.#IND00
1 - 85 : 4 - -1.#IND00
1 - 85 : 5 - -1.#IND00
1 - 85 : 6 - -1.#IND00
1 - 85 : 7 - -1.#IND00
1 - 85 : 8 - -1.#IND00
1 - 86 : 1 - -1.#IND00
1 - 86 : 2 - -1.#IND00
1 - 86 : 3 - -1.#IND00
1 - 86 : 4 - -1.#IND00
1 - 86 : 5 - -1.#IND00
1 - 86 : 6 - -1.#IND00
1 - 86 : 7 - -1.#IND00
1 - 86 : 8 - -1.#IND00
1 - 87 : 1 - -1.#IND00
1 - 87 : 2 - -1.#IND00
1 - 87 : 3 - -1.#IND00
1 - 87 : 4 - -1.#IND00
1 - 87 : 5 - -1.#IND00
1 - 87 : 6 - -1.#IND00
1 - 87 : 7 - -1.#IND00
1 - 87 : 8 - -1.#IND00
1 - 88 : 1 - -1.#IND00
1 - 88 : 2 - -1.#IND00
1 - 88 : 3 - -1.#IND00
1 - 88 : 4 - -1.#IND00
1 - 88 : 5 - -1.#IND00
1 - 88 : 6 - -1.#IND00
1 - 88 : 7 - -1.#IND00
1 - 88 : 8 - -1.#IND00
1 - 89 : 1 - -1.#IND00
1 - 89 : 2 - -1.#IND00
1 - 89 : 3 - -1.#IND00
1 - 89 : 4 - -1.#IND00
1 - 89 : 5 - -1.#IND00
1 - 89 : 6 - -1.#IND00
1 - 89 : 7 - -1.#IND00
1 - 89 : 8 - -1.#IND00
1 - 90 : 1 - -1.#IND00
1 - 90 : 2 - -1.#IND00
1 - 90 : 3 - -1.#IND00
1 - 90 : 4 - -1.#IND00
1 - 90 : 5 - -1.#IND00
1 - 90 : 6 - -1.#IND00
1 - 90 : 7 - -1.#IND00
1 - 90 : 8 - -1.#IND00
1 - 91 : 1 - -1.#IND00
1 - 91 : 2 - -1.#IND00
1 - 91 : 3 - -1.#IND00
1 - 91 : 4 - -1.#IND00
1 - 91 : 5 - -1.#IND00
1 - 91 : 6 - -1.#IND00
1 - 91 : 7 - -1.#IND00
1 - 91 : 8 - -1.#IND00
1 - 92 : 1 - -1.#IND00
1 - 92 : 2 - -1.#IND00
1 - 92 : 3 - -1.#IND00
1 - 92 : 4 - -1.#IND00
1 - 92 : 5 - -1.#IND00
1 - 92 : 6 - -1.#IND00
1 - 92 : 7 - -1.#IND00
1 - 92 : 8 - -1.#IND00
1 - 93 : 1 - -1.#IND00
1 - 93 : 2 - -1.#IND00
1 - 93 : 3 - -1.#IND00
1 - 93 : 4 - -1.#IND00
1 - 93 : 5 - -1.#IND00
1 - 93 : 6 - -1.#IND00
1 - 93 : 7 - -1.#IND00
1 - 93 : 8 - -1.#IND00
1 - 94 : 1 - -1.#IND00
1 - 94 : 2 - -1.#IND00
1 - 94 : 3 - -1.#IND00
1 - 94 : 4 - -1.#IND00
1 - 94 : 5 - -1.#IND00
1 - 94 : 6 - -1.#IND00
1 - 94 : 7 - -1.#IND00
1 - 94 : 8 - -1.#IND00
1 - 95 : 1 - -1.#IND00
1 - 95 : 2 - -1.#IND00
1 - 95 : 3 - -1.#IND00
1 - 95 : 4 - -1.#IND00
1 - 95 : 5 - -1.#IND00
1 - 95 : 6 - -1.#IND00
1 - 95 : 7 - -1.#IND00
1 - 95 : 8 - -1.#IND00
1 - 96 : 1 - -1.#IND00
1 - 96 : 2 - -1.#IND00
1 - 96 : 3 - -1.#IND00
1 - 96 : 4 - -1.#IND00
1 - 96 : 5 - -1.#IND00
1 - 96 : 6 - -1.#IND00
1 - 96 : 7 - -1.#IND00
1 - 96 : 8 - -1.#IND00
1 - 97 : 1 - -1.#IND00
1 - 97 : 2 - -1.#IND00
1 - 97 : 3 - -1.#IND00
1 - 97 : 4 - -1.#IND00
1 - 97 : 5 - -1.#IND00
1 - 97 : 6 - -1.#IND00
1 - 97 : 7 - -1.#IND00
1 - 97 : 8 - -1.#IND00
1 - 98 : 1 - -1.#IND00
1 - 98 : 2 - -1.#IND00
1 - 98 : 3 - -1.#IND00
1 - 98 : 4 - -1.#IND00
1 - 98 : 5 - -1.#IND00
1 - 98 : 6 - -1.#IND00
1 - 98 : 7 - -1.#IND00
1 - 98 : 8 - -1.#IND00
1 - 99 : 1 - -1.#IND00
1 - 99 : 2 - -1.#IND00
1 - 99 : 3 - -1.#IND00
1 - 99 : 4 - -1.#IND00
1 - 99 : 5 - -1.#IND00
1 - 99 : 6 - -1.#IND00
1 - 99 : 7 - -1.#IND00
1 - 99 : 8 - -1.#IND00
1 - 100 : 1 - -1.#IND00
1 - 100 : 2 - -1.#IND00
1 - 100 : 3 - -1.#IND00
1 - 100 : 4 - -1.#IND00
1 - 100 : 5 - -1.#IND00
1 - 100 : 6 - -1.#IND00
1 - 100 : 7 - -1.#IND00
1 - 100 : 8 - -1.#IND00
1 - 101 : 1 - -1.#IND00
1 - 101 : 2 - -1.#IND00
1 - 101 : 3 - -1.#IND00
1 - 101 : 4 - -1.#IND00
1 - 101 : 5 - -1.#IND00
1 - 101 : 6 - -1.#IND00
1 - 101 : 7 - -1.#IND00
1 - 101 : 8 - -1.#IND00
1 - 102 : 1 - -1.#IND00
1 - 102 : 2 - -1.#IND00
1 - 102 : 3 - -1.#IND00
1 - 102 : 4 - -1.#IND00
1 - 102 : 5 - -1.#IND00
1 - 102 : 6 - -1.#IND00
1 - 102 : 7 - -1.#IND00
1 - 102 : 8 - -1.#IND00
1 - 103 : 1 - -1.#IND00
1 - 103 : 2 - -1.#IND00
1 - 103 : 3 - -1.#IND00
1 - 103 : 4 - -1.#IND00
1 - 103 : 5 - -1.#IND00
1 - 103 : 6 - -1.#IND00
1 - 103 : 7 - -1.#IND00
1 - 103 : 8 - -1.#IND00
1 - 104 : 1 - -1.#IND00
1 - 104 : 2 - -1.#IND00
1 - 104 : 3 - -1.#IND00
1 - 104 : 4 - -1.#IND00
1 - 104 : 5 - -1.#IND00
1 - 104 : 6 - -1.#IND00
1 - 104 : 7 - -1.#IND00
1 - 104 : 8 - -1.#IND00
1 - 105 : 1 - -1.#IND00
1 - 105 : 2 - -1.#IND00
1 - 105 : 3 - -1.#IND00
1 - 105 : 4 - -1.#IND00
1 - 105 : 5 - -1.#IND00
1 - 105 : 6 - -1.#IND00
1 - 105 : 7 - -1.#IND00
1 - 105 : 8 - -1.#IND00
1 - 106 : 1 - -1.#IND00
1 - 106 : 2 - -1.#IND00
1 - 106 : 3 - -1.#IND00
1 - 106 : 4 - -1.#IND00
1 - 106 : 5 - -1.#IND00
1 - 106 : 6 - -1.#IND00
1 - 106 : 7 - -1.#IND00
1 - 106 : 8 - -1.#IND00
1 - 107 : 1 - -1.#IND00
1 - 107 : 2 - -1.#IND00
1 - 107 : 3 - -1.#IND00
1 - 107 : 4 - -1.#IND00
1 - 107 : 5 - -1.#IND00
1 - 107 : 6 - -1.#IND00
1 - 107 : 7 - -1.#IND00
1 - 107 : 8 - -1.#IND00
1 - 108 : 1 - -1.#IND00
1 - 108 : 2 - -1.#IND00
1 - 108 : 3 - -1.#IND00
1 - 108 : 4 - -1.#IND00
1 - 108 : 5 - -1.#IND00
1 - 108 : 6 - -1.#IND00
1 - 108 : 7 - -1.#IND00
1 - 108 : 8 - -1.#IND00
1 - 109 : 1 - -1.#IND00
1 - 109 : 2 - -1.#IND00
1 - 109 : 3 - -1.#IND00
1 - 109 : 4 - -1.#IND00
1 - 109 : 5 - -1.#IND00
1 - 109 : 6 - -1.#IND00
1 - 109 : 7 - -1.#IND00
1 - 109 : 8 - -1.#IND00
1 - 110 : 1 - -1.#IND00
1 - 110 : 2 - -1.#IND00
1 - 110 : 3 - -1.#IND00
1 - 110 : 4 - -1.#IND00
1 - 110 : 5 - -1.#IND00
1 - 110 : 6 - -1.#IND00
1 - 110 : 7 - -1.#IND00
1 - 110 : 8 - -1.#IND00
1 - 111 : 1 - -1.#IND00
1 - 111 : 2 - -1.#IND00
1 - 111 : 3 - -1.#IND00
1 - 111 : 4 - -1.#IND00
1 - 111 : 5 - -1.#IND00
1 - 111 : 6 - -1.#IND00
1 - 111 : 7 - -1.#IND00
1 - 111 : 8 - -1.#IND00
1 - 112 : 1 - -1.#IND00
1 - 112 : 2 - -1.#IND00
1 - 112 : 3 - -1.#IND00
1 - 112 : 4 - -1.#IND00
1 - 112 : 5 - -1.#IND00
1 - 112 : 6 - -1.#IND00
1 - 112 : 7 - -1.#IND00
1 - 112 : 8 - -1.#IND00
1 - 113 : 1 - -1.#IND00
1 - 113 : 2 - -1.#IND00
1 - 113 : 3 - -1.#IND00
1 - 113 : 4 - -1.#IND00
1 - 113 : 5 - -1.#IND00
1 - 113 : 6 - -1.#IND00
1 - 113 : 7 - -1.#IND00
1 - 113 : 8 - -1.#IND00
1 - 114 : 1 - -1.#IND00
1 - 114 : 2 - -1.#IND00
1 - 114 : 3 - -1.#IND00
1 - 114 : 4 - -1.#IND00
1 - 114 : 5 - -1.#IND00
1 - 114 : 6 - -1.#IND00
1 - 114 : 7 - -1.#IND00
1 - 114 : 8 - -1.#IND00
1 - 115 : 1 - -1.#IND00
1 - 115 : 2 - -1.#IND00
1 - 115 : 3 - -1.#IND00
1 - 115 : 4 - -1.#IND00
1 - 115 : 5 - -1.#IND00
1 - 115 : 6 - -1.#IND00
1 - 115 : 7 - -1.#IND00
1 - 115 : 8 - -1.#IND00
1 - 116 : 1 - -1.#IND00
1 - 116 : 2 - -1.#IND00
1 - 116 : 3 - -1.#IND00
1 - 116 : 4 - -1.#IND00
1 - 116 : 5 - -1.#IND00
1 - 116 : 6 - -1.#IND00
1 - 116 : 7 - -1.#IND00
1 - 116 : 8 - -1.#IND00
1 - 117 : 1 - -1.#IND00
1 - 117 : 2 - -1.#IND00
1 - 117 : 3 - -1.#IND00
1 - 117 : 4 - -1.#IND00
1 - 117 : 5 - -1.#IND00
1 - 117 : 6 - -1.#IND00
1 - 117 : 7 - -1.#IND00
1 - 117 : 8 - -1.#IND00
1 - 118 : 1 - -1.#IND00
1 - 118 : 2 - -1.#IND00
1 - 118 : 3 - -1.#IND00
1 - 118 : 4 - -1.#IND00
1 - 118 : 5 - -1.#IND00
1 - 118 : 6 - -1.#IND00
1 - 118 : 7 - -1.#IND00
1 - 118 : 8 - -1.#IND00
1 - 119 : 1 - -1.#IND00
1 - 119 : 2 - -1.#IND00
1 - 119 : 3 - -1.#IND00
1 - 119 : 4 - -1.#IND00
1 - 119 : 5 - -1.#IND00
1 - 119 : 6 - -1.#IND00
1 - 119 : 7 - -1.#IND00
1 - 119 : 8 - -1.#IND00
1 - 120 : 1 - -1.#IND00
1 - 120 : 2 - -1.#IND00
1 - 120 : 3 - -1.#IND00
1 - 120 : 4 - -1.#IND00
1 - 120 : 5 - -1.#IND00
1 - 120 : 6 - -1.#IND00
1 - 120 : 7 - -1.#IND00
1 - 120 : 8 - -1.#IND00
1 - 121 : 1 - -1.#IND00
1 - 121 : 2 - -1.#IND00
1 - 121 : 3 - -1.#IND00
1 - 121 : 4 - -1.#IND00
1 - 121 : 5 - -1.#IND00
1 - 121 : 6 - -1.#IND00
1 - 121 : 7 - -1.#IND00
1 - 121 : 8 - -1.#IND00
1 - 122 : 1 - -1.#IND00
1 - 122 : 2 - -1.#IND00
1 - 122 : 3 - -1.#IND00
1 - 122 : 4 - -1.#IND00
1 - 122 : 5 - -1.#IND00
1 - 122 : 6 - -1.#IND00
1 - 122 : 7 - -1.#IND00
1 - 122 : 8 - -1.#IND00
1 - 123 : 1 - -1.#IND00
1 - 123 : 2 - -1.#IND00
1 - 123 : 3 - -1.#IND00
1 - 123 : 4 - -1.#IND00
1 - 123 : 5 - -1.#IND00
1 - 123 : 6 - -1.#IND00
1 - 123 : 7 - -1.#IND00
1 - 123 : 8 - -1.#IND00
1 - 124 : 1 - -1.#IND00
1 - 124 : 2 - -1.#IND00
1 - 124 : 3 - -1.#IND00
1 - 124 : 4 - -1.#IND00
1 - 124 : 5 - -1.#IND00
1 - 124 : 6 - -1.#IND00
1 - 124 : 7 - -1.#IND00
1 - 124 : 8 - -1.#IND00
1 - 125 : 1 - -1.#IND00
1 - 125 : 2 - -1.#IND00
1 - 125 : 3 - -1.#IND00
1 - 125 : 4 - -1.#IND00
1 - 125 : 5 - -1.#IND00
1 - 125 : 6 - -1.#IND00
1 - 125 : 7 - -1.#IND00
1 - 125 : 8 - -1.#IND00
1 - 126 : 1 - -1.#IND00
1 - 126 : 2 - -1.#IND00
1 - 126 : 3 - -1.#IND00
1 - 126 : 4 - -1.#IND00
1 - 126 : 5 - -1.#IND00
1 - 126 : 6 - -1.#IND00
1 - 126 : 7 - -1.#IND00
1 - 126 : 8 - -1.#IND00
1 - 127 : 1 - -1.#IND00
1 - 127 : 2 - -1.#IND00
1 - 127 : 3 - -1.#IND00
1 - 127 : 4 - -1.#IND00
1 - 127 : 5 - -1.#IND00
1 - 127 : 6 - -1.#IND00
1 - 127 : 7 - -1.#IND00
1 - 127 : 8 - -1.#IND00
1 - 128 : 1 - -1.#IND00
1 - 128 : 2 - -1.#IND00
1 - 128 : 3 - -1.#IND00
1 - 128 : 4 - -1.#IND00
1 - 128 : 5 - -1.#IND00
1 - 128 : 6 - -1.#IND00
1 - 128 : 7 - -1.#IND00
1 - 128 : 8 - -1.#IND00
1 - 129 : 1 - -1.#IND00
1 - 129 : 2 - -1.#IND00
1 - 129 : 3 - -1.#IND00
1 - 129 : 4 - -1.#IND00
1 - 129 : 5 - -1.#IND00
1 - 129 : 6 - -1.#IND00
1 - 129 : 7 - -1.#IND00
1 - 129 : 8 - -1.#IND00
1 - 130 : 1 - -1.#IND00
1 - 130 : 2 - -1.#IND00
1 - 130 : 3 - -1.#IND00
1 - 130 : 4 - -1.#IND00
1 - 130 : 5 - -1.#IND00
1 - 130 : 6 - -1.#IND00
1 - 130 : 7 - -1.#IND00
1 - 130 : 8 - -1.#IND00
1 - 131 : 1 - -1.#IND00
1 - 131 : 2 - -1.#IND00
1 - 131 : 3 - -1.#IND00
1 - 131 : 4 - -1.#IND00
1 - 131 : 5 - -1.#IND00
1 - 131 : 6 - -1.#IND00
1 - 131 : 7 - -1.#IND00
1 - 131 : 8 - -1.#IND00
1 - 132 : 1 - -1.#IND00
1 - 132 : 2 - -1.#IND00
1 - 132 : 3 - -1.#IND00
1 - 132 : 4 - -1.#IND00
1 - 132 : 5 - -1.#IND00
1 - 132 : 6 - -1.#IND00
1 - 132 : 7 - -1.#IND00
1 - 132 : 8 - -1.#IND00
1 - 133 : 1 - -1.#IND00
1 - 133 : 2 - -1.#IND00
1 - 133 : 3 - -1.#IND00
1 - 133 : 4 - -1.#IND00
1 - 133 : 5 - -1.#IND00
1 - 133 : 6 - -1.#IND00
1 - 133 : 7 - -1.#IND00
1 - 133 : 8 - -1.#IND00
1 - 134 : 1 - -1.#IND00
1 - 134 : 2 - -1.#IND00
1 - 134 : 3 - -1.#IND00
1 - 134 : 4 - -1.#IND00
1 - 134 : 5 - -1.#IND00
1 - 134 : 6 - -1.#IND00
1 - 134 : 7 - -1.#IND00
1 - 134 : 8 - -1.#IND00
1 - 135 : 1 - -1.#IND00
1 - 135 : 2 - -1.#IND00
1 - 135 : 3 - -1.#IND00
1 - 135 : 4 - -1.#IND00
1 - 135 : 5 - -1.#IND00
1 - 135 : 6 - -1.#IND00
1 - 135 : 7 - -1.#IND00
1 - 135 : 8 - -1.#IND00
1 - 136 : 1 - -1.#IND00
1 - 136 : 2 - -1.#IND00
1 - 136 : 3 - -1.#IND00
1 - 136 : 4 - -1.#IND00
1 - 136 : 5 - -1.#IND00
1 - 136 : 6 - -1.#IND00
1 - 136 : 7 - -1.#IND00
1 - 136 : 8 - -1.#IND00
1 - 137 : 1 - -1.#IND00
1 - 137 : 2 - -1.#IND00
1 - 137 : 3 - -1.#IND00
1 - 137 : 4 - -1.#IND00
1 - 137 : 5 - -1.#IND00
1 - 137 : 6 - -1.#IND00
1 - 137 : 7 - -1.#IND00
1 - 137 : 8 - -1.#IND00
1 - 138 : 1 - -1.#IND00
1 - 138 : 2 - -1.#IND00
1 - 138 : 3 - -1.#IND00
1 - 138 : 4 - -1.#IND00
1 - 138 : 5 - -1.#IND00
1 - 138 : 6 - -1.#IND00
1 - 138 : 7 - -1.#IND00
1 - 138 : 8 - -1.#IND00
1 - 139 : 1 - -1.#IND00
1 - 139 : 2 - -1.#IND00
1 - 139 : 3 - -1.#IND00
1 - 139 : 4 - -1.#IND00
1 - 139 : 5 - -1.#IND00
1 - 139 : 6 - -1.#IND00
1 - 139 : 7 - -1.#IND00
1 - 139 : 8 - -1.#IND00
1 - 140 : 1 - -1.#IND00
1 - 140 : 2 - -1.#IND00
1 - 140 : 3 - -1.#IND00
1 - 140 : 4 - -1.#IND00
1 - 140 : 5 - -1.#IND00
1 - 140 : 6 - -1.#IND00
1 - 140 : 7 - -1.#IND00
1 - 140 : 8 - -1.#IND00
1 - 141 : 1 - -1.#IND00
1 - 141 : 2 - -1.#IND00
1 - 141 : 3 - -1.#IND00
1 - 141 : 4 - -1.#IND00
1 - 141 : 5 - -1.#IND00
1 - 141 : 6 - -1.#IND00
1 - 141 : 7 - -1.#IND00
1 - 141 : 8 - -1.#IND00
1 - 142 : 1 - -1.#IND00
1 - 142 : 2 - -1.#IND00
1 - 142 : 3 - -1.#IND00
1 - 142 : 4 - -1.#IND00
1 - 142 : 5 - -1.#IND00
1 - 142 : 6 - -1.#IND00
1 - 142 : 7 - -1.#IND00
1 - 142 : 8 - -1.#IND00
1 - 143 : 1 - -1.#IND00
1 - 143 : 2 - -1.#IND00
1 - 143 : 3 - -1.#IND00
1 - 143 : 4 - -1.#IND00
1 - 143 : 5 - -1.#IND00
1 - 143 : 6 - -1.#IND00
1 - 143 : 7 - -1.#IND00
1 - 143 : 8 - -1.#IND00
1 - 144 : 1 - -1.#IND00
1 - 144 : 2 - -1.#IND00
1 - 144 : 3 - -1.#IND00
1 - 144 : 4 - -1.#IND00
1 - 144 : 5 - -1.#IND00
1 - 144 : 6 - -1.#IND00
1 - 144 : 7 - -1.#IND00
1 - 144 : 8 - -1.#IND00
1 - 145 : 1 - -1.#IND00
1 - 145 : 2 - -1.#IND00
1 - 145 : 3 - -1.#IND00
1 - 145 : 4 - -1.#IND00
1 - 145 : 5 - -1.#IND00
1 - 145 : 6 - -1.#IND00
1 - 145 : 7 - -1.#IND00
1 - 145 : 8 - -1.#IND00
1 - 146 : 1 - -1.#IND00
1 - 146 : 2 - -1.#IND00
1 - 146 : 3 - -1.#IND00
1 - 146 : 4 - -1.#IND00
1 - 146 : 5 - -1.#IND00
1 - 146 : 6 - -1.#IND00
1 - 146 : 7 - -1.#IND00
1 - 146 : 8 - -1.#IND00
1 - 147 : 1 - -1.#IND00
1 - 147 : 2 - -1.#IND00
1 - 147 : 3 - -1.#IND00
1 - 147 : 4 - -1.#IND00
1 - 147 : 5 - -1.#IND00
1 - 147 : 6 - -1.#IND00
1 - 147 : 7 - -1.#IND00
1 - 147 : 8 - -1.#IND00
1 - 148 : 1 - -1.#IND00
1 - 148 : 2 - -1.#IND00
1 - 148 : 3 - -1.#IND00
1 - 148 : 4 - -1.#IND00
1 - 148 : 5 - -1.#IND00
1 - 148 : 6 - -1.#IND00
1 - 148 : 7 - -1.#IND00
1 - 148 : 8 - -1.#IND00
1 - 149 : 1 - -1.#IND00
1 - 149 : 2 - -1.#IND00
1 - 149 : 3 - -1.#IND00
1 - 149 : 4 - -1.#IND00
1 - 149 : 5 - -1.#IND00
1 - 149 : 6 - -1.#IND00
1 - 149 : 7 - -1.#IND00
1 - 149 : 8 - -1.#IND00
1 - 150 : 1 - -1.#IND00
1 - 150 : 2 - -1.#IND00
1 - 150 : 3 - -1.#IND00
1 - 150 : 4 - -1.#IND00
1 - 150 : 5 - -1.#IND00
1 - 150 : 6 - -1.#IND00
1 - 150 : 7 - -1.#IND00
1 - 150 : 8 - -1.#IND00
1 - 151 : 1 - -1.#IND00
1 - 151 : 2 - -1.#IND00
1 - 151 : 3 - -1.#IND00
1 - 151 : 4 - -1.#IND00
1 - 151 : 5 - -1.#IND00
1 - 151 : 6 - -1.#IND00
1 - 151 : 7 - -1.#IND00
1 - 151 : 8 - -1.#IND00
1 - 152 : 1 - -1.#IND00
1 - 152 : 2 - -1.#IND00
1 - 152 : 3 - -1.#IND00
1 - 152 : 4 - -1.#IND00
1 - 152 : 5 - -1.#IND00
1 - 152 : 6 - -1.#IND00
1 - 152 : 7 - -1.#IND00
1 - 152 : 8 - -1.#IND00
1 - 153 : 1 - -1.#IND00
1 - 153 : 2 - -1.#IND00
1 - 153 : 3 - -1.#IND00
1 - 153 : 4 - -1.#IND00
1 - 153 : 5 - -1.#IND00
1 - 153 : 6 - -1.#IND00
1 - 153 : 7 - -1.#IND00
1 - 153 : 8 - -1.#IND00
1 - 154 : 1 - -1.#IND00
1 - 154 : 2 - -1.#IND00
1 - 154 : 3 - -1.#IND00
1 - 154 : 4 - -1.#IND00
1 - 154 : 5 - -1.#IND00
1 - 154 : 6 - -1.#IND00
1 - 154 : 7 - -1.#IND00
1 - 154 : 8 - -1.#IND00
1 - 155 : 1 - -1.#IND00
1 - 155 : 2 - -1.#IND00
1 - 155 : 3 - -1.#IND00
1 - 155 : 4 - -1.#IND00
1 - 155 : 5 - -1.#IND00
1 - 155 : 6 - -1.#IND00
1 - 155 : 7 - -1.#IND00
1 - 155 : 8 - -1.#IND00
1 - 156 : 1 - -1.#IND00
1 - 156 : 2 - -1.#IND00
1 - 156 : 3 - -1.#IND00
1 - 156 : 4 - -1.#IND00
1 - 156 : 5 - -1.#IND00
1 - 156 : 6 - -1.#IND00
1 - 156 : 7 - -1.#IND00
1 - 156 : 8 - -1.#IND00
1 - 157 : 1 - -1.#IND00
1 - 157 : 2 - -1.#IND00
1 - 157 : 3 - -1.#IND00
1 - 157 : 4 - -1.#IND00
1 - 157 : 5 - -1.#IND00
1 - 157 : 6 - -1.#IND00
1 - 157 : 7 - -1.#IND00
1 - 157 : 8 - -1.#IND00
1 - 158 : 1 - -1.#IND00
1 - 158 : 2 - -1.#IND00
1 - 158 : 3 - -1.#IND00
1 - 158 : 4 - -1.#IND00
1 - 158 : 5 - -1.#IND00
1 - 158 : 6 - -1.#IND00
1 - 158 : 7 - -1.#IND00
1 - 158 : 8 - -1.#IND00
1 - 159 : 1 - -1.#IND00
1 - 159 : 2 - -1.#IND00
1 - 159 : 3 - -1.#IND00
1 - 159 : 4 - -1.#IND00
1 - 159 : 5 - -1.#IND00
1 - 159 : 6 - -1.#IND00
1 - 159 : 7 - -1.#IND00
1 - 159 : 8 - -1.#IND00
1 - 160 : 1 - -1.#IND00
1 - 160 : 2 - -1.#IND00
1 - 160 : 3 - -1.#IND00
1 - 160 : 4 - -1.#IND00
1 - 160 : 5 - -1.#IND00
1 - 160 : 6 - -1.#IND00
1 - 160 : 7 - -1.#IND00
1 - 160 : 8 - -1.#IND00
1 - 161 : 1 - -1.#IND00
1 - 161 : 2 - -1.#IND00
1 - 161 : 3 - -1.#IND00
1 - 161 : 4 - -1.#IND00
1 - 161 : 5 - -1.#IND00
1 - 161 : 6 - -1.#IND00
1 - 161 : 7 - -1.#IND00
1 - 161 : 8 - -1.#IND00
1 - 162 : 1 - -1.#IND00
1 - 162 : 2 - -1.#IND00
1 - 162 : 3 - -1.#IND00
1 - 162 : 4 - -1.#IND00
1 - 162 : 5 - -1.#IND00
1 - 162 : 6 - -1.#IND00
1 - 162 : 7 - -1.#IND00
1 - 162 : 8 - -1.#IND00
1 - 163 : 1 - -1.#IND00
1 - 163 : 2 - -1.#IND00
1 - 163 : 3 - -1.#IND00
1 - 163 : 4 - -1.#IND00
1 - 163 : 5 - -1.#IND00
1 - 163 : 6 - -1.#IND00
1 - 163 : 7 - -1.#IND00
1 - 163 : 8 - -1.#IND00
1 - 164 : 1 - -1.#IND00
1 - 164 : 2 - -1.#IND00
1 - 164 : 3 - -1.#IND00
1 - 164 : 4 - -1.#IND00
1 - 164 : 5 - -1.#IND00
1 - 164 : 6 - -1.#IND00
1 - 164 : 7 - -1.#IND00
1 - 164 : 8 - -1.#IND00
1 - 165 : 1 - -1.#IND00
1 - 165 : 2 - -1.#IND00
1 - 165 : 3 - -1.#IND00
1 - 165 : 4 - -1.#IND00
1 - 165 : 5 - -1.#IND00
1 - 165 : 6 - -1.#IND00
1 - 165 : 7 - -1.#IND00
1 - 165 : 8 - -1.#IND00
1 - 166 : 1 - -1.#IND00
1 - 166 : 2 - -1.#IND00
1 - 166 : 3 - -1.#IND00
1 - 166 : 4 - -1.#IND00
1 - 166 : 5 - -1.#IND00
1 - 166 : 6 - -1.#IND00
1 - 166 : 7 - -1.#IND00
1 - 166 : 8 - -1.#IND00
1 - 167 : 1 - -1.#IND00
1 - 167 : 2 - -1.#IND00
1 - 167 : 3 - -1.#IND00
1 - 167 : 4 - -1.#IND00
1 - 167 : 5 - -1.#IND00
1 - 167 : 6 - -1.#IND00
1 - 167 : 7 - -1.#IND00
1 - 167 : 8 - -1.#IND00
1 - 168 : 1 - -1.#IND00
1 - 168 : 2 - -1.#IND00
1 - 168 : 3 - -1.#IND00
1 - 168 : 4 - -1.#IND00
1 - 168 : 5 - -1.#IND00
1 - 168 : 6 - -1.#IND00
1 - 168 : 7 - -1.#IND00
1 - 168 : 8 - -1.#IND00
1 - 169 : 1 - -1.#IND00
1 - 169 : 2 - -1.#IND00
1 - 169 : 3 - -1.#IND00
1 - 169 : 4 - -1.#IND00
1 - 169 : 5 - -1.#IND00
1 - 169 : 6 - -1.#IND00
1 - 169 : 7 - -1.#IND00
1 - 169 : 8 - -1.#IND00
1 - 170 : 1 - -1.#IND00
1 - 170 : 2 - -1.#IND00
1 - 170 : 3 - -1.#IND00
1 - 170 : 4 - -1.#IND00
1 - 170 : 5 - -1.#IND00
1 - 170 : 6 - -1.#IND00
1 - 170 : 7 - -1.#IND00
1 - 170 : 8 - -1.#IND00
1 - 171 : 1 - -1.#IND00
1 - 171 : 2 - -1.#IND00
1 - 171 : 3 - -1.#IND00
1 - 171 : 4 - -1.#IND00
1 - 171 : 5 - -1.#IND00
1 - 171 : 6 - -1.#IND00
1 - 171 : 7 - -1.#IND00
1 - 171 : 8 - -1.#IND00
1 - 172 : 1 - -1.#IND00
1 - 172 : 2 - -1.#IND00
1 - 172 : 3 - -1.#IND00
1 - 172 : 4 - -1.#IND00
1 - 172 : 5 - -1.#IND00
1 - 172 : 6 - -1.#IND00
1 - 172 : 7 - -1.#IND00
1 - 172 : 8 - -1.#IND00
1 - 173 : 1 - -1.#IND00
1 - 173 : 2 - -1.#IND00
1 - 173 : 3 - -1.#IND00
1 - 173 : 4 - -1.#IND00
1 - 173 : 5 - -1.#IND00
1 - 173 : 6 - -1.#IND00
1 - 173 : 7 - -1.#IND00
1 - 173 : 8 - -1.#IND00
1 - 174 : 1 - -1.#IND00
1 - 174 : 2 - -1.#IND00
1 - 174 : 3 - -1.#IND00
1 - 174 : 4 - -1.#IND00
1 - 174 : 5 - -1.#IND00
1 - 174 : 6 - -1.#IND00
1 - 174 : 7 - -1.#IND00
1 - 174 : 8 - -1.#IND00
1 - 175 : 1 - -1.#IND00
1 - 175 : 2 - -1.#IND00
1 - 175 : 3 - -1.#IND00
1 - 175 : 4 - -1.#IND00
1 - 175 : 5 - -1.#IND00
1 - 175 : 6 - -1.#IND00
1 - 175 : 7 - -1.#IND00
1 - 175 : 8 - -1.#IND00
1 - 176 : 1 - -1.#IND00
1 - 176 : 2 - -1.#IND00
1 - 176 : 3 - -1.#IND00
1 - 176 : 4 - -1.#IND00
1 - 176 : 5 - -1.#IND00
1 - 176 : 6 - -1.#IND00
1 - 176 : 7 - -1.#IND00
1 - 176 : 8 - -1.#IND00
1 - 177 : 1 - -1.#IND00
1 - 177 : 2 - -1.#IND00
1 - 177 : 3 - -1.#IND00
1 - 177 : 4 - -1.#IND00
1 - 177 : 5 - -1.#IND00
1 - 177 : 6 - -1.#IND00
1 - 177 : 7 - -1.#IND00
1 - 177 : 8 - -1.#IND00
1 - 178 : 1 - -1.#IND00
1 - 178 : 2 - -1.#IND00
1 - 178 : 3 - -1.#IND00
1 - 178 : 4 - -1.#IND00
1 - 178 : 5 - -1.#IND00
1 - 178 : 6 - -1.#IND00
1 - 178 : 7 - -1.#IND00
1 - 178 : 8 - -1.#IND00
1 - 179 : 1 - -1.#IND00
1 - 179 : 2 - -1.#IND00
1 - 179 : 3 - -1.#IND00
1 - 179 : 4 - -1.#IND00
1 - 179 : 5 - -1.#IND00
1 - 179 : 6 - -1.#IND00
1 - 179 : 7 - -1.#IND00
1 - 179 : 8 - -1.#IND00
1 - 180 : 1 - -1.#IND00
1 - 180 : 2 - -1.#IND00
1 - 180 : 3 - -1.#IND00
1 - 180 : 4 - -1.#IND00
1 - 180 : 5 - -1.#IND00
1 - 180 : 6 - -1.#IND00
1 - 180 : 7 - -1.#IND00
1 - 180 : 8 - -1.#IND00
1 - 181 : 1 - -1.#IND00
1 - 181 : 2 - -1.#IND00
1 - 181 : 3 - -1.#IND00
1 - 181 : 4 - -1.#IND00
1 - 181 : 5 - -1.#IND00
1 - 181 : 6 - -1.#IND00
1 - 181 : 7 - -1.#IND00
1 - 181 : 8 - -1.#IND00
1 - 182 : 1 - -1.#IND00
1 - 182 : 2 - -1.#IND00
1 - 182 : 3 - -1.#IND00
1 - 182 : 4 - -1.#IND00
1 - 182 : 5 - -1.#IND00
1 - 182 : 6 - -1.#IND00
1 - 182 : 7 - -1.#IND00
1 - 182 : 8 - -1.#IND00
1 - 183 : 1 - -1.#IND00
1 - 183 : 2 - -1.#IND00
1 - 183 : 3 - -1.#IND00
1 - 183 : 4 - -1.#IND00
1 - 183 : 5 - -1.#IND00
1 - 183 : 6 - -1.#IND00
1 - 183 : 7 - -1.#IND00
1 - 183 : 8 - -1.#IND00
1 - 184 : 1 - -1.#IND00
1 - 184 : 2 - -1.#IND00
1 - 184 : 3 - -1.#IND00
1 - 184 : 4 - -1.#IND00
1 - 184 : 5 - -1.#IND00
1 - 184 : 6 - -1.#IND00
1 - 184 : 7 - -1.#IND00
1 - 184 : 8 - -1.#IND00
1 - 185 : 1 - -1.#IND00
1 - 185 : 2 - -1.#IND00
1 - 185 : 3 - -1.#IND00
1 - 185 : 4 - -1.#IND00
1 - 185 : 5 - -1.#IND00
1 - 185 : 6 - -1.#IND00
1 - 185 : 7 - -1.#IND00
1 - 185 : 8 - -1.#IND00
1 - 186 : 1 - -1.#IND00
1 - 186 : 2 - -1.#IND00
1 - 186 : 3 - -1.#IND00
1 - 186 : 4 - -1.#IND00
1 - 186 : 5 - -1.#IND00
1 - 186 : 6 - -1.#IND00
1 - 186 : 7 - -1.#IND00
1 - 186 : 8 - -1.#IND00
1 - 187 : 1 - -1.#IND00
1 - 187 : 2 - -1.#IND00
1 - 187 : 3 - -1.#IND00
1 - 187 : 4 - -1.#IND00
1 - 187 : 5 - -1.#IND00
1 - 187 : 6 - -1.#IND00
1 - 187 : 7 - -1.#IND00
1 - 187 : 8 - -1.#IND00
1 - 188 : 1 - -1.#IND00
1 - 188 : 2 - -1.#IND00
1 - 188 : 3 - -1.#IND00
1 - 188 : 4 - -1.#IND00
1 - 188 : 5 - -1.#IND00
1 - 188 : 6 - -1.#IND00
1 - 188 : 7 - -1.#IND00
1 - 188 : 8 - -1.#IND00
1 - 189 : 1 - -1.#IND00
1 - 189 : 2 - -1.#IND00
1 - 189 : 3 - -1.#IND00
1 - 189 : 4 - -1.#IND00
1 - 189 : 5 - -1.#IND00
1 - 189 : 6 - -1.#IND00
1 - 189 : 7 - -1.#IND00
1 - 189 : 8 - -1.#IND00
1 - 190 : 1 - -1.#IND00
1 - 190 : 2 - -1.#IND00
1 - 190 : 3 - -1.#IND00
1 - 190 : 4 - -1.#IND00
1 - 190 : 5 - -1.#IND00
1 - 190 : 6 - -1.#IND00
1 - 190 : 7 - -1.#IND00
1 - 190 : 8 - -1.#IND00
1 - 191 : 1 - -1.#IND00
1 - 191 : 2 - -1.#IND00
1 - 191 : 3 - -1.#IND00
1 - 191 : 4 - -1.#IND00
1 - 191 : 5 - -1.#IND00
1 - 191 : 6 - -1.#IND00
1 - 191 : 7 - -1.#IND00
1 - 191 : 8 - -1.#IND00
1 - 192 : 1 - -1.#IND00
1 - 192 : 2 - -1.#IND00
1 - 192 : 3 - -1.#IND00
1 - 192 : 4 - -1.#IND00
1 - 192 : 5 - -1.#IND00
1 - 192 : 6 - -1.#IND00
1 - 192 : 7 - -1.#IND00
1 - 192 : 8 - -1.#IND00
1 - 193 : 1 - -1.#IND00
1 - 193 : 2 - -1.#IND00
1 - 193 : 3 - -1.#IND00
1 - 193 : 4 - -1.#IND00
1 - 193 : 5 - -1.#IND00
1 - 193 : 6 - -1.#IND00
1 - 193 : 7 - -1.#IND00
1 - 193 : 8 - -1.#IND00
1 - 194 : 1 - -1.#IND00
1 - 194 : 2 - -1.#IND00
1 - 194 : 3 - -1.#IND00
1 - 194 : 4 - -1.#IND00
1 - 194 : 5 - -1.#IND00
1 - 194 : 6 - -1.#IND00
1 - 194 : 7 - -1.#IND00
1 - 194 : 8 - -1.#IND00
1 - 195 : 1 - -1.#IND00
1 - 195 : 2 - -1.#IND00
1 - 195 : 3 - -1.#IND00
1 - 195 : 4 - -1.#IND00
1 - 195 : 5 - -1.#IND00
1 - 195 : 6 - -1.#IND00
1 - 195 : 7 - -1.#IND00
1 - 195 : 8 - -1.#IND00
1 - 196 : 1 - -1.#IND00
1 - 196 : 2 - -1.#IND00
1 - 196 : 3 - -1.#IND00
1 - 196 : 4 - -1.#IND00
1 - 196 : 5 - -1.#IND00
1 - 196 : 6 - -1.#IND00
1 - 196 : 7 - -1.#IND00
1 - 196 : 8 - -1.#IND00
1 - 197 : 1 - -1.#IND00
1 - 197 : 2 - -1.#IND00
1 - 197 : 3 - -1.#IND00
1 - 197 : 4 - -1.#IND00
1 - 197 : 5 - -1.#IND00
1 - 197 : 6 - -1.#IND00
1 - 197 : 7 - -1.#IND00
1 - 197 : 8 - -1.#IND00
1 - 198 : 1 - -1.#IND00
1 - 198 : 2 - -1.#IND00
1 - 198 : 3 - -1.#IND00
1 - 198 : 4 - -1.#IND00
1 - 198 : 5 - -1.#IND00
1 - 198 : 6 - -1.#IND00
1 - 198 : 7 - -1.#IND00
1 - 198 : 8 - -1.#IND00
1 - 199 : 1 - -1.#IND00
1 - 199 : 2 - -1.#IND00
1 - 199 : 3 - -1.#IND00
1 - 199 : 4 - -1.#IND00
1 - 199 : 5 - -1.#IND00
1 - 199 : 6 - -1.#IND00
1 - 199 : 7 - -1.#IND00
1 - 199 : 8 - -1.#IND00
1 - 200 : 1 - -1.#IND00
1 - 200 : 2 - -1.#IND00
1 - 200 : 3 - -1.#IND00
1 - 200 : 4 - -1.#IND00
1 - 200 : 5 - -1.#IND00
1 - 200 : 6 - -1.#IND00
1 - 200 : 7 - -1.#IND00
1 - 200 : 8 - -1.#IND00
1 - 201 : 1 - -1.#IND00
1 - 201 : 2 - -1.#IND00
1 - 201 : 3 - -1.#IND00
1 - 201 : 4 - -1.#IND00
1 - 201 : 5 - -1.#IND00
1 - 201 : 6 - -1.#IND00
1 - 201 : 7 - -1.#IND00
1 - 201 : 8 - -1.#IND00
1 - 202 : 1 - -1.#IND00
1 - 202 : 2 - -1.#IND00
1 - 202 : 3 - -1.#IND00
1 - 202 : 4 - -1.#IND00
1 - 202 : 5 - -1.#IND00
1 - 202 : 6 - -1.#IND00
1 - 202 : 7 - -1.#IND00
1 - 202 : 8 - -1.#IND00
1 - 203 : 1 - -1.#IND00
1 - 203 : 2 - -1.#IND00
1 - 203 : 3 - -1.#IND00
1 - 203 : 4 - -1.#IND00
1 - 203 : 5 - -1.#IND00
1 - 203 : 6 - -1.#IND00
1 - 203 : 7 - -1.#IND00
1 - 203 : 8 - -1.#IND00
1 - 204 : 1 - -1.#IND00
1 - 204 : 2 - -1.#IND00
1 - 204 : 3 - -1.#IND00
1 - 204 : 4 - -1.#IND00
1 - 204 : 5 - -1.#IND00
1 - 204 : 6 - -1.#IND00
1 - 204 : 7 - -1.#IND00
1 - 204 : 8 - -1.#IND00
1 - 205 : 1 - -1.#IND00
1 - 205 : 2 - -1.#IND00
1 - 205 : 3 - -1.#IND00
1 - 205 : 4 - -1.#IND00
1 - 205 : 5 - -1.#IND00
1 - 205 : 6 - -1.#IND00
1 - 205 : 7 - -1.#IND00
1 - 205 : 8 - -1.#IND00
1 - 206 : 1 - -1.#IND00
1 - 206 : 2 - -1.#IND00
1 - 206 : 3 - -1.#IND00
1 - 206 : 4 - -1.#IND00
1 - 206 : 5 - -1.#IND00
1 - 206 : 6 - -1.#IND00
1 - 206 : 7 - -1.#IND00
1 - 206 : 8 - -1.#IND00
1 - 207 : 1 - -1.#IND00
1 - 207 : 2 - -1.#IND00
1 - 207 : 3 - -1.#IND00
1 - 207 : 4 - -1.#IND00
1 - 207 : 5 - -1.#IND00
1 - 207 : 6 - -1.#IND00
1 - 207 : 7 - -1.#IND00
1 - 207 : 8 - -1.#IND00
1 - 208 : 1 - -1.#IND00
1 - 208 : 2 - -1.#IND00
1 - 208 : 3 - -1.#IND00
1 - 208 : 4 - -1.#IND00
1 - 208 : 5 - -1.#IND00
1 - 208 : 6 - -1.#IND00
1 - 208 : 7 - -1.#IND00
1 - 208 : 8 - -1.#IND00
1 - 209 : 1 - -1.#IND00
1 - 209 : 2 - -1.#IND00
1 - 209 : 3 - -1.#IND00
1 - 209 : 4 - -1.#IND00
1 - 209 : 5 - -1.#IND00
1 - 209 : 6 - -1.#IND00
1 - 209 : 7 - -1.#IND00
1 - 209 : 8 - -1.#IND00
1 - 210 : 1 - -1.#IND00
1 - 210 : 2 - -1.#IND00
1 - 210 : 3 - -1.#IND00
1 - 210 : 4 - -1.#IND00
1 - 210 : 5 - -1.#IND00
1 - 210 : 6 - -1.#IND00
1 - 210 : 7 - -1.#IND00
1 - 210 : 8 - -1.#IND00
1 - 211 : 1 - -1.#IND00
1 - 211 : 2 - -1.#IND00
1 - 211 : 3 - -1.#IND00
1 - 211 : 4 - -1.#IND00
1 - 211 : 5 - -1.#IND00
1 - 211 : 6 - -1.#IND00
1 - 211 : 7 - -1.#IND00
1 - 211 : 8 - -1.#IND00
1 - 212 : 1 - -1.#IND00
1 - 212 : 2 - -1.#IND00
1 - 212 : 3 - -1.#IND00
1 - 212 : 4 - -1.#IND00
1 - 212 : 5 - -1.#IND00
1 - 212 : 6 - -1.#IND00
1 - 212 : 7 - -1.#IND00
1 - 212 : 8 - -1.#IND00
1 - 213 : 1 - -1.#IND00
1 - 213 : 2 - -1.#IND00
1 - 213 : 3 - -1.#IND00
1 - 213 : 4 - -1.#IND00
1 - 213 : 5 - -1.#IND00
1 - 213 : 6 - -1.#IND00
1 - 213 : 7 - -1.#IND00
1 - 213 : 8 - -1.#IND00
1 - 214 : 1 - -1.#IND00
1 - 214 : 2 - -1.#IND00
1 - 214 : 3 - -1.#IND00
1 - 214 : 4 - -1.#IND00
1 - 214 : 5 - -1.#IND00
1 - 214 : 6 - -1.#IND00
1 - 214 : 7 - -1.#IND00
1 - 214 : 8 - -1.#IND00
1 - 215 : 1 - -1.#IND00
1 - 215 : 2 - -1.#IND00
1 - 215 : 3 - -1.#IND00
1 - 215 : 4 - -1.#IND00
1 - 215 : 5 - -1.#IND00
1 - 215 : 6 - -1.#IND00
1 - 215 : 7 - -1.#IND00
1 - 215 : 8 - -1.#IND00
1 - 216 : 1 - -1.#IND00
1 - 216 : 2 - -1.#IND00
1 - 216 : 3 - -1.#IND00
1 - 216 : 4 - -1.#IND00
1 - 216 : 5 - -1.#IND00
1 - 216 : 6 - -1.#IND00
1 - 216 : 7 - -1.#IND00
1 - 216 : 8 - -1.#IND00
1 - 217 : 1 - -1.#IND00
1 - 217 : 2 - -1.#IND00
1 - 217 : 3 - -1.#IND00
1 - 217 : 4 - -1.#IND00
1 - 217 : 5 - -1.#IND00
1 - 217 : 6 - -1.#IND00
1 - 217 : 7 - -1.#IND00
1 - 217 : 8 - -1.#IND00
1 - 218 : 1 - -1.#IND00
1 - 218 : 2 - -1.#IND00
1 - 218 : 3 - -1.#IND00
1 - 218 : 4 - -1.#IND00
1 - 218 : 5 - -1.#IND00
1 - 218 : 6 - -1.#IND00
1 - 218 : 7 - -1.#IND00
1 - 218 : 8 - -1.#IND00
1 - 219 : 1 - -1.#IND00
1 - 219 : 2 - -1.#IND00
1 - 219 : 3 - -1.#IND00
1 - 219 : 4 - -1.#IND00
1 - 219 : 5 - -1.#IND00
1 - 219 : 6 - -1.#IND00
1 - 219 : 7 - -1.#IND00
1 - 219 : 8 - -1.#IND00
1 - 220 : 1 - -1.#IND00
1 - 220 : 2 - -1.#IND00
1 - 220 : 3 - -1.#IND00
1 - 220 : 4 - -1.#IND00
1 - 220 : 5 - -1.#IND00
1 - 220 : 6 - -1.#IND00
1 - 220 : 7 - -1.#IND00
1 - 220 : 8 - -1.#IND00
1 - 221 : 1 - -1.#IND00
1 - 221 : 2 - -1.#IND00
1 - 221 : 3 - -1.#IND00
1 - 221 : 4 - -1.#IND00
1 - 221 : 5 - -1.#IND00
1 - 221 : 6 - -1.#IND00
1 - 221 : 7 - -1.#IND00
1 - 221 : 8 - -1.#IND00
1 - 222 : 1 - -1.#IND00
1 - 222 : 2 - -1.#IND00
1 - 222 : 3 - -1.#IND00
1 - 222 : 4 - -1.#IND00
1 - 222 : 5 - -1.#IND00
1 - 222 : 6 - -1.#IND00
1 - 222 : 7 - -1.#IND00
1 - 222 : 8 - -1.#IND00
1 - 223 : 1 - -1.#IND00
1 - 223 : 2 - -1.#IND00
1 - 223 : 3 - -1.#IND00
1 - 223 : 4 - -1.#IND00
1 - 223 : 5 - -1.#IND00
1 - 223 : 6 - -1.#IND00
1 - 223 : 7 - -1.#IND00
1 - 223 : 8 - -1.#IND00
1 - 224 : 1 - -1.#IND00
1 - 224 : 2 - -1.#IND00
1 - 224 : 3 - -1.#IND00
1 - 224 : 4 - -1.#IND00
1 - 224 : 5 - -1.#IND00
1 - 224 : 6 - -1.#IND00
1 - 224 : 7 - -1.#IND00
1 - 224 : 8 - -1.#IND00
1 - 225 : 1 - -1.#IND00
1 - 225 : 2 - -1.#IND00
1 - 225 : 3 - -1.#IND00
1 - 225 : 4 - -1.#IND00
1 - 225 : 5 - -1.#IND00
1 - 225 : 6 - -1.#IND00
1 - 225 : 7 - -1.#IND00
1 - 225 : 8 - -1.#IND00
1 - 226 : 1 - -1.#IND00
1 - 226 : 2 - -1.#IND00
1 - 226 : 3 - -1.#IND00
1 - 226 : 4 - -1.#IND00
1 - 226 : 5 - -1.#IND00
1 - 226 : 6 - -1.#IND00
1 - 226 : 7 - -1.#IND00
1 - 226 : 8 - -1.#IND00
1 - 227 : 1 - -1.#IND00
1 - 227 : 2 - -1.#IND00
1 - 227 : 3 - -1.#IND00
1 - 227 : 4 - -1.#IND00
1 - 227 : 5 - -1.#IND00
1 - 227 : 6 - -1.#IND00
1 - 227 : 7 - -1.#IND00
1 - 227 : 8 - -1.#IND00
1 - 228 : 1 - -1.#IND00
1 - 228 : 2 - -1.#IND00
1 - 228 : 3 - -1.#IND00
1 - 228 : 4 - -1.#IND00
1 - 228 : 5 - -1.#IND00
1 - 228 : 6 - -1.#IND00
1 - 228 : 7 - -1.#IND00
1 - 228 : 8 - -1.#IND00
1 - 229 : 1 - -1.#IND00
1 - 229 : 2 - -1.#IND00
1 - 229 : 3 - -1.#IND00
1 - 229 : 4 - -1.#IND00
1 - 229 : 5 - -1.#IND00
1 - 229 : 6 - -1.#IND00
1 - 229 : 7 - -1.#IND00
1 - 229 : 8 - -1.#IND00
1 - 230 : 1 - -1.#IND00
1 - 230 : 2 - -1.#IND00
1 - 230 : 3 - -1.#IND00
1 - 230 : 4 - -1.#IND00
1 - 230 : 5 - -1.#IND00
1 - 230 : 6 - -1.#IND00
1 - 230 : 7 - -1.#IND00
1 - 230 : 8 - -1.#IND00
1 - 231 : 1 - -1.#IND00
1 - 231 : 2 - -1.#IND00
1 - 231 : 3 - -1.#IND00
1 - 231 : 4 - -1.#IND00
1 - 231 : 5 - -1.#IND00
1 - 231 : 6 - -1.#IND00
1 - 231 : 7 - -1.#IND00
1 - 231 : 8 - -1.#IND00
1 - 232 : 1 - -1.#IND00
1 - 232 : 2 - -1.#IND00
1 - 232 : 3 - -1.#IND00
1 - 232 : 4 - -1.#IND00
1 - 232 : 5 - -1.#IND00
1 - 232 : 6 - -1.#IND00
1 - 232 : 7 - -1.#IND00
1 - 232 : 8 - -1.#IND00
1 - 233 : 1 - -1.#IND00
1 - 233 : 2 - -1.#IND00
1 - 233 : 3 - -1.#IND00
1 - 233 : 4 - -1.#IND00
1 - 233 : 5 - -1.#IND00
1 - 233 : 6 - -1.#IND00
1 - 233 : 7 - -1.#IND00
1 - 233 : 8 - -1.#IND00
1 - 234 : 1 - -1.#IND00
1 - 234 : 2 - -1.#IND00
1 - 234 : 3 - -1.#IND00
1 - 234 : 4 - -1.#IND00
1 - 234 : 5 - -1.#IND00
1 - 234 : 6 - -1.#IND00
1 - 234 : 7 - -1.#IND00
1 - 234 : 8 - -1.#IND00
1 - 235 : 1 - -1.#IND00
1 - 235 : 2 - -1.#IND00
1 - 235 : 3 - -1.#IND00
1 - 235 : 4 - -1.#IND00
1 - 235 : 5 - -1.#IND00
1 - 235 : 6 - -1.#IND00
1 - 235 : 7 - -1.#IND00
1 - 235 : 8 - -1.#IND00
1 - 236 : 1 - -1.#IND00
1 - 236 : 2 - -1.#IND00
1 - 236 : 3 - -1.#IND00
1 - 236 : 4 - -1.#IND00
1 - 236 : 5 - -1.#IND00
1 - 236 : 6 - -1.#IND00
1 - 236 : 7 - -1.#IND00
1 - 236 : 8 - -1.#IND00
1 - 237 : 1 - -1.#IND00
1 - 237 : 2 - -1.#IND00
1 - 237 : 3 - -1.#IND00
1 - 237 : 4 - -1.#IND00
1 - 237 : 5 - -1.#IND00
1 - 237 : 6 - -1.#IND00
1 - 237 : 7 - -1.#IND00
1 - 237 : 8 - -1.#IND00
1 - 238 : 1 - -1.#IND00
1 - 238 : 2 - -1.#IND00
1 - 238 : 3 - -1.#IND00
1 - 238 : 4 - -1.#IND00
1 - 238 : 5 - -1.#IND00
1 - 238 : 6 - -1.#IND00
1 - 238 : 7 - -1.#IND00
1 - 238 : 8 - -1.#IND00
1 - 239 : 1 - -1.#IND00
1 - 239 : 2 - -1.#IND00
1 - 239 : 3 - -1.#IND00
1 - 239 : 4 - -1.#IND00
1 - 239 : 5 - -1.#IND00
1 - 239 : 6 - -1.#IND00
1 - 239 : 7 - -1.#IND00
1 - 239 : 8 - -1.#IND00
1 - 240 : 1 - -1.#IND00
1 - 240 : 2 - -1.#IND00
1 - 240 : 3 - -1.#IND00
1 - 240 : 4 - -1.#IND00
1 - 240 : 5 - -1.#IND00
1 - 240 : 6 - -1.#IND00
1 - 240 : 7 - -1.#IND00
1 - 240 : 8 - -1.#IND00
1 - 241 : 1 - -1.#IND00
1 - 241 : 2 - -1.#IND00
1 - 241 : 3 - -1.#IND00
1 - 241 : 4 - -1.#IND00
1 - 241 : 5 - -1.#IND00
1 - 241 : 6 - -1.#IND00
1 - 241 : 7 - -1.#IND00
1 - 241 : 8 - -1.#IND00
1 - 242 : 1 - -1.#IND00
1 - 242 : 2 - -1.#IND00
1 - 242 : 3 - -1.#IND00
1 - 242 : 4 - -1.#IND00
1 - 242 : 5 - -1.#IND00
1 - 242 : 6 - -1.#IND00
1 - 242 : 7 - -1.#IND00
1 - 242 : 8 - -1.#IND00
1 - 243 : 1 - -1.#IND00
1 - 243 : 2 - -1.#IND00
1 - 243 : 3 - -1.#IND00
1 - 243 : 4 - -1.#IND00
1 - 243 : 5 - -1.#IND00
1 - 243 : 6 - -1.#IND00
1 - 243 : 7 - -1.#IND00
1 - 243 : 8 - -1.#IND00
1 - 244 : 1 - -1.#IND00
1 - 244 : 2 - -1.#IND00
1 - 244 : 3 - -1.#IND00
1 - 244 : 4 - -1.#IND00
1 - 244 : 5 - -1.#IND00
1 - 244 : 6 - -1.#IND00
1 - 244 : 7 - -1.#IND00
1 - 244 : 8 - -1.#IND00
1 - 245 : 1 - -1.#IND00
1 - 245 : 2 - -1.#IND00
1 - 245 : 3 - -1.#IND00
1 - 245 : 4 - -1.#IND00
1 - 245 : 5 - -1.#IND00
1 - 245 : 6 - -1.#IND00
1 - 245 : 7 - -1.#IND00
1 - 245 : 8 - -1.#IND00
1 - 246 : 1 - -1.#IND00
1 - 246 : 2 - -1.#IND00
1 - 246 : 3 - -1.#IND00
1 - 246 : 4 - -1.#IND00
1 - 246 : 5 - -1.#IND00
1 - 246 : 6 - -1.#IND00
1 - 246 : 7 - -1.#IND00
1 - 246 : 8 - -1.#IND00
1 - 247 : 1 - -1.#IND00
1 - 247 : 2 - -1.#IND00
1 - 247 : 3 - -1.#IND00
1 - 247 : 4 - -1.#IND00
1 - 247 : 5 - -1.#IND00
1 - 247 : 6 - -1.#IND00
1 - 247 : 7 - -1.#IND00
1 - 247 : 8 - -1.#IND00
1 - 248 : 1 - -1.#IND00
1 - 248 : 2 - -1.#IND00
1 - 248 : 3 - -1.#IND00
1 - 248 : 4 - -1.#IND00
1 - 248 : 5 - -1.#IND00
1 - 248 : 6 - -1.#IND00
1 - 248 : 7 - -1.#IND00
1 - 248 : 8 - -1.#IND00
1 - 249 : 1 - -1.#IND00
1 - 249 : 2 - -1.#IND00
1 - 249 : 3 - -1.#IND00
1 - 249 : 4 - -1.#IND00
1 - 249 : 5 - -1.#IND00
1 - 249 : 6 - -1.#IND00
1 - 249 : 7 - -1.#IND00
1 - 249 : 8 - -1.#IND00
1 - 250 : 1 - -1.#IND00
1 - 250 : 2 - -1.#IND00
1 - 250 : 3 - -1.#IND00
1 - 250 : 4 - -1.#IND00
1 - 250 : 5 - -1.#IND00
1 - 250 : 6 - -1.#IND00
1 - 250 : 7 - -1.#IND00
1 - 250 : 8 - -1.#IND00
1 - 251 : 1 - -1.#IND00
1 - 251 : 2 - -1.#IND00
1 - 251 : 3 - -1.#IND00
1 - 251 : 4 - -1.#IND00
1 - 251 : 5 - -1.#IND00
1 - 251 : 6 - -1.#IND00
1 - 251 : 7 - -1.#IND00
1 - 251 : 8 - -1.#IND00
1 - 252 : 1 - -1.#IND00
1 - 252 : 2 - -1.#IND00
1 - 252 : 3 - -1.#IND00
1 - 252 : 4 - -1.#IND00
1 - 252 : 5 - -1.#IND00
1 - 252 : 6 - -1.#IND00
1 - 252 : 7 - -1.#IND00
1 - 252 : 8 - -1.#IND00
1 - 253 : 1 - -1.#IND00
1 - 253 : 2 - -1.#IND00
1 - 253 : 3 - -1.#IND00
1 - 253 : 4 - -1.#IND00
1 - 253 : 5 - -1.#IND00
1 - 253 : 6 - -1.#IND00
1 - 253 : 7 - -1.#IND00
1 - 253 : 8 - -1.#IND00
1 - 254 : 1 - -1.#IND00
1 - 254 : 2 - -1.#IND00
1 - 254 : 3 - -1.#IND00
1 - 254 : 4 - -1.#IND00
1 - 254 : 5 - -1.#IND00
1 - 254 : 6 - -1.#IND00
1 - 254 : 7 - -1.#IND00
1 - 254 : 8 - -1.#IND00
1 - 255 : 1 - -1.#IND00
1 - 255 : 2 - -1.#IND00
1 - 255 : 3 - -1.#IND00
1 - 255 : 4 - -1.#IND00
1 - 255 : 5 - -1.#IND00
1 - 255 : 6 - -1.#IND00
1 - 255 : 7 - -1.#IND00
1 - 255 : 8 - -1.#IND00
1 - 256 : 1 - -1.#IND00
1 - 256 : 2 - -1.#IND00
1 - 256 : 3 - -1.#IND00
1 - 256 : 4 - -1.#IND00
1 - 256 : 5 - -1.#IND00
1 - 256 : 6 - -1.#IND00
1 - 256 : 7 - -1.#IND00
1 - 256 : 8 - -1.#IND00
1 - 257 : 1 - -1.#IND00
1 - 257 : 2 - -1.#IND00
1 - 257 : 3 - -1.#IND00
1 - 257 : 4 - -1.#IND00
1 - 257 : 5 - -1.#IND00
1 - 257 : 6 - -1.#IND00
1 - 257 : 7 - -1.#IND00
1 - 257 : 8 - -1.#IND00
1 - 258 : 1 - -1.#IND00
1 - 258 : 2 - -1.#IND00
1 - 258 : 3 - -1.#IND00
1 - 258 : 4 - -1.#IND00
1 - 258 : 5 - -1.#IND00
1 - 258 : 6 - -1.#IND00
1 - 258 : 7 - -1.#IND00
1 - 258 : 8 - -1.#IND00
1 - 259 : 1 - -1.#IND00
1 - 259 : 2 - -1.#IND00
1 - 259 : 3 - -1.#IND00
1 - 259 : 4 - -1.#IND00
1 - 259 : 5 - -1.#IND00
1 - 259 : 6 - -1.#IND00
1 - 259 : 7 - -1.#IND00
1 - 259 : 8 - -1.#IND00
1 - 260 : 1 - -1.#IND00
1 - 260 : 2 - -1.#IND00
1 - 260 : 3 - -1.#IND00
1 - 260 : 4 - -1.#IND00
1 - 260 : 5 - -1.#IND00
1 - 260 : 6 - -1.#IND00
1 - 260 : 7 - -1.#IND00
1 - 260 : 8 - -1.#IND00
1 - 261 : 1 - -1.#IND00
1 - 261 : 2 - -1.#IND00
1 - 261 : 3 - -1.#IND00
1 - 261 : 4 - -1.#IND00
1 - 261 : 5 - -1.#IND00
1 - 261 : 6 - -1.#IND00
1 - 261 : 7 - -1.#IND00
1 - 261 : 8 - -1.#IND00
1 - 262 : 1 - -1.#IND00
1 - 262 : 2 - -1.#IND00
1 - 262 : 3 - -1.#IND00
1 - 262 : 4 - -1.#IND00
1 - 262 : 5 - -1.#IND00
1 - 262 : 6 - -1.#IND00
1 - 262 : 7 - -1.#IND00
1 - 262 : 8 - -1.#IND00
1 - 263 : 1 - -1.#IND00
1 - 263 : 2 - -1.#IND00
1 - 263 : 3 - -1.#IND00
1 - 263 : 4 - -1.#IND00
1 - 263 : 5 - -1.#IND00
1 - 263 : 6 - -1.#IND00
1 - 263 : 7 - -1.#IND00
1 - 263 : 8 - -1.#IND00
1 - 264 : 1 - -1.#IND00
1 - 264 : 2 - -1.#IND00
1 - 264 : 3 - -1.#IND00
1 - 264 : 4 - -1.#IND00
1 - 264 : 5 - -1.#IND00
1 - 264 : 6 - -1.#IND00
1 - 264 : 7 - -1.#IND00
1 - 264 : 8 - -1.#IND00
1 - 265 : 1 - -1.#IND00
1 - 265 : 2 - -1.#IND00
1 - 265 : 3 - -1.#IND00
1 - 265 : 4 - -1.#IND00
1 - 265 : 5 - -1.#IND00
1 - 265 : 6 - -1.#IND00
1 - 265 : 7 - -1.#IND00
1 - 265 : 8 - -1.#IND00
1 - 266 : 1 - -1.#IND00
1 - 266 : 2 - -1.#IND00
1 - 266 : 3 - -1.#IND00
1 - 266 : 4 - -1.#IND00
1 - 266 : 5 - -1.#IND00
1 - 266 : 6 - -1.#IND00
1 - 266 : 7 - -1.#IND00
1 - 266 : 8 - -1.#IND00
1 - 267 : 1 - -1.#IND00
1 - 267 : 2 - -1.#IND00
1 - 267 : 3 - -1.#IND00
1 - 267 : 4 - -1.#IND00
1 - 267 : 5 - -1.#IND00
1 - 267 : 6 - -1.#IND00
1 - 267 : 7 - -1.#IND00
1 - 267 : 8 - -1.#IND00
1 - 268 : 1 - -1.#IND00
1 - 268 : 2 - -1.#IND00
1 - 268 : 3 - -1.#IND00
1 - 268 : 4 - -1.#IND00
1 - 268 : 5 - -1.#IND00
1 - 268 : 6 - -1.#IND00
1 - 268 : 7 - -1.#IND00
1 - 268 : 8 - -1.#IND00
1 - 269 : 1 - -1.#IND00
1 - 269 : 2 - -1.#IND00
1 - 269 : 3 - -1.#IND00
1 - 269 : 4 - -1.#IND00
1 - 269 : 5 - -1.#IND00
1 - 269 : 6 - -1.#IND00
1 - 269 : 7 - -1.#IND00
1 - 269 : 8 - -1.#IND00
1 - 270 : 1 - -1.#IND00
1 - 270 : 2 - -1.#IND00
1 - 270 : 3 - -1.#IND00
1 - 270 : 4 - -1.#IND00
1 - 270 : 5 - -1.#IND00
1 - 270 : 6 - -1.#IND00
1 - 270 : 7 - -1.#IND00
1 - 270 : 8 - -1.#IND00
1 - 271 : 1 - -1.#IND00
1 - 271 : 2 - -1.#IND00
1 - 271 : 3 - -1.#IND00
1 - 271 : 4 - -1.#IND00
1 - 271 : 5 - -1.#IND00
1 - 271 : 6 - -1.#IND00
1 - 271 : 7 - -1.#IND00
1 - 271 : 8 - -1.#IND00
1 - 272 : 1 - -1.#IND00
1 - 272 : 2 - -1.#IND00
1 - 272 : 3 - -1.#IND00
1 - 272 : 4 - -1.#IND00
1 - 272 : 5 - -1.#IND00
1 - 272 : 6 - -1.#IND00
1 - 272 : 7 - -1.#IND00
1 - 272 : 8 - -1.#IND00
1 - 273 : 1 - -1.#IND00
1 - 273 : 2 - -1.#IND00
1 - 273 : 3 - -1.#IND00
1 - 273 : 4 - -1.#IND00
1 - 273 : 5 - -1.#IND00
1 - 273 : 6 - -1.#IND00
1 - 273 : 7 - -1.#IND00
1 - 273 : 8 - -1.#IND00
1 - 274 : 1 - -1.#IND00
1 - 274 : 2 - -1.#IND00
1 - 274 : 3 - -1.#IND00
1 - 274 : 4 - -1.#IND00
1 - 274 : 5 - -1.#IND00
1 - 274 : 6 - -1.#IND00
1 - 274 : 7 - -1.#IND00
1 - 274 : 8 - -1.#IND00
1 - 275 : 1 - -1.#IND00
1 - 275 : 2 - -1.#IND00
1 - 275 : 3 - -1.#IND00
1 - 275 : 4 - -1.#IND00
1 - 275 : 5 - -1.#IND00
1 - 275 : 6 - -1.#IND00
1 - 275 : 7 - -1.#IND00
1 - 275 : 8 - -1.#IND00
1 - 276 : 1 - -1.#IND00
1 - 276 : 2 - -1.#IND00
1 - 276 : 3 - -1.#IND00
1 - 276 : 4 - -1.#IND00
1 - 276 : 5 - -1.#IND00
1 - 276 : 6 - -1.#IND00
1 - 276 : 7 - -1.#IND00
1 - 276 : 8 - -1.#IND00
1 - 277 : 1 - -1.#IND00
1 - 277 : 2 - -1.#IND00
1 - 277 : 3 - -1.#IND00
1 - 277 : 4 - -1.#IND00
1 - 277 : 5 - -1.#IND00
1 - 277 : 6 - -1.#IND00
1 - 277 : 7 - -1.#IND00
1 - 277 : 8 - -1.#IND00
1 - 278 : 1 - -1.#IND00
1 - 278 : 2 - -1.#IND00
1 - 278 : 3 - -1.#IND00
1 - 278 : 4 - -1.#IND00
1 - 278 : 5 - -1.#IND00
1 - 278 : 6 - -1.#IND00
1 - 278 : 7 - -1.#IND00
1 - 278 : 8 - -1.#IND00
1 - 279 : 1 - -1.#IND00
1 - 279 : 2 - -1.#IND00
1 - 279 : 3 - -1.#IND00
1 - 279 : 4 - -1.#IND00
1 - 279 : 5 - -1.#IND00
1 - 279 : 6 - -1.#IND00
1 - 279 : 7 - -1.#IND00
1 - 279 : 8 - -1.#IND00
1 - 280 : 1 - -1.#IND00
1 - 280 : 2 - -1.#IND00
1 - 280 : 3 - -1.#IND00
1 - 280 : 4 - -1.#IND00
1 - 280 : 5 - -1.#IND00
1 - 280 : 6 - -1.#IND00
1 - 280 : 7 - -1.#IND00
1 - 280 : 8 - -1.#IND00
1 - 281 : 1 - -1.#IND00
1 - 281 : 2 - -1.#IND00
1 - 281 : 3 - -1.#IND00
1 - 281 : 4 - -1.#IND00
1 - 281 : 5 - -1.#IND00
1 - 281 : 6 - -1.#IND00
1 - 281 : 7 - -1.#IND00
1 - 281 : 8 - -1.#IND00
1 - 282 : 1 - -1.#IND00
1 - 282 : 2 - -1.#IND00
1 - 282 : 3 - -1.#IND00
1 - 282 : 4 - -1.#IND00
1 - 282 : 5 - -1.#IND00
1 - 282 : 6 - -1.#IND00
1 - 282 : 7 - -1.#IND00
1 - 282 : 8 - -1.#IND00
1 - 283 : 1 - -1.#IND00
1 - 283 : 2 - -1.#IND00
1 - 283 : 3 - -1.#IND00
1 - 283 : 4 - -1.#IND00
1 - 283 : 5 - -1.#IND00
1 - 283 : 6 - -1.#IND00
1 - 283 : 7 - -1.#IND00
1 - 283 : 8 - -1.#IND00
1 - 284 : 1 - -1.#IND00
1 - 284 : 2 - -1.#IND00
1 - 284 : 3 - -1.#IND00
1 - 284 : 4 - -1.#IND00
1 - 284 : 5 - -1.#IND00
1 - 284 : 6 - -1.#IND00
1 - 284 : 7 - -1.#IND00
1 - 284 : 8 - -1.#IND00
1 - 285 : 1 - -1.#IND00
1 - 285 : 2 - -1.#IND00
1 - 285 : 3 - -1.#IND00
1 - 285 : 4 - -1.#IND00
1 - 285 : 5 - -1.#IND00
1 - 285 : 6 - -1.#IND00
1 - 285 : 7 - -1.#IND00
1 - 285 : 8 - -1.#IND00
1 - 286 : 1 - -1.#IND00
1 - 286 : 2 - -1.#IND00
1 - 286 : 3 - -1.#IND00
1 - 286 : 4 - -1.#IND00
1 - 286 : 5 - -1.#IND00
1 - 286 : 6 - -1.#IND00
1 - 286 : 7 - -1.#IND00
1 - 286 : 8 - -1.#IND00
1 - 287 : 1 - -1.#IND00
1 - 287 : 2 - -1.#IND00
1 - 287 : 3 - -1.#IND00
1 - 287 : 4 - -1.#IND00
1 - 287 : 5 - -1.#IND00
1 - 287 : 6 - -1.#IND00
1 - 287 : 7 - -1.#IND00
1 - 287 : 8 - -1.#IND00
1 - 288 : 1 - -1.#IND00
1 - 288 : 2 - -1.#IND00
1 - 288 : 3 - -1.#IND00
1 - 288 : 4 - -1.#IND00
1 - 288 : 5 - -1.#IND00
1 - 288 : 6 - -1.#IND00
1 - 288 : 7 - -1.#IND00
1 - 288 : 8 - -1.#IND00
1 - 289 : 1 - -1.#IND00
1 - 289 : 2 - -1.#IND00
1 - 289 : 3 - -1.#IND00
1 - 289 : 4 - -1.#IND00
1 - 289 : 5 - -1.#IND00
1 - 289 : 6 - -1.#IND00
1 - 289 : 7 - -1.#IND00
1 - 289 : 8 - -1.#IND00
1 - 290 : 1 - -1.#IND00
1 - 290 : 2 - -1.#IND00
1 - 290 : 3 - -1.#IND00
1 - 290 : 4 - -1.#IND00
1 - 290 : 5 - -1.#IND00
1 - 290 : 6 - -1.#IND00
1 - 290 : 7 - -1.#IND00
1 - 290 : 8 - -1.#IND00
1 - 291 : 1 - -1.#IND00
1 - 291 : 2 - -1.#IND00
1 - 291 : 3 - -1.#IND00
1 - 291 : 4 - -1.#IND00
1 - 291 : 5 - -1.#IND00
1 - 291 : 6 - -1.#IND00
1 - 291 : 7 - -1.#IND00
1 - 291 : 8 - -1.#IND00
1 - 292 : 1 - -1.#IND00
1 - 292 : 2 - -1.#IND00
1 - 292 : 3 - -1.#IND00
1 - 292 : 4 - -1.#IND00
1 - 292 : 5 - -1.#IND00
1 - 292 : 6 - -1.#IND00
1 - 292 : 7 - -1.#IND00
1 - 292 : 8 - -1.#IND00
1 - 293 : 1 - -1.#IND00
1 - 293 : 2 - -1.#IND00
1 - 293 : 3 - -1.#IND00
1 - 293 : 4 - -1.#IND00
1 - 293 : 5 - -1.#IND00
1 - 293 : 6 - -1.#IND00
1 - 293 : 7 - -1.#IND00
1 - 293 : 8 - -1.#IND00
1 - 294 : 1 - -1.#IND00
1 - 294 : 2 - -1.#IND00
1 - 294 : 3 - -1.#IND00
1 - 294 : 4 - -1.#IND00
1 - 294 : 5 - -1.#IND00
1 - 294 : 6 - -1.#IND00
1 - 294 : 7 - -1.#IND00
1 - 294 : 8 - -1.#IND00
1 - 295 : 1 - -1.#IND00
1 - 295 : 2 - -1.#IND00
1 - 295 : 3 - -1.#IND00
1 - 295 : 4 - -1.#IND00
1 - 295 : 5 - -1.#IND00
1 - 295 : 6 - -1.#IND00
1 - 295 : 7 - -1.#IND00
1 - 295 : 8 - -1.#IND00
1 - 296 : 1 - -1.#IND00
1 - 296 : 2 - -1.#IND00
1 - 296 : 3 - -1.#IND00
1 - 296 : 4 - -1.#IND00
1 - 296 : 5 - -1.#IND00
1 - 296 : 6 - -1.#IND00
1 - 296 : 7 - -1.#IND00
1 - 296 : 8 - -1.#IND00
1 - 297 : 1 - -1.#IND00
1 - 297 : 2 - -1.#IND00
1 - 297 : 3 - -1.#IND00
1 - 297 : 4 - -1.#IND00
1 - 297 : 5 - -1.#IND00
1 - 297 : 6 - -1.#IND00
1 - 297 : 7 - -1.#IND00
1 - 297 : 8 - -1.#IND00
1 - 298 : 1 - -1.#IND00
1 - 298 : 2 - -1.#IND00
1 - 298 : 3 - -1.#IND00
1 - 298 : 4 - -1.#IND00
1 - 298 : 5 - -1.#IND00
1 - 298 : 6 - -1.#IND00
1 - 298 : 7 - -1.#IND00
1 - 298 : 8 - -1.#IND00
1 - 299 : 1 - -1.#IND00
1 - 299 : 2 - -1.#IND00
1 - 299 : 3 - -1.#IND00
1 - 299 : 4 - -1.#IND00
1 - 299 : 5 - -1.#IND00
1 - 299 : 6 - -1.#IND00
1 - 299 : 7 - -1.#IND00
1 - 299 : 8 - -1.#IND00
1 - 300 : 1 - -1.#IND00
1 - 300 : 2 - -1.#IND00
1 - 300 : 3 - -1.#IND00
1 - 300 : 4 - -1.#IND00
1 - 300 : 5 - -1.#IND00
1 - 300 : 6 - -1.#IND00
1 - 300 : 7 - -1.#IND00
1 - 300 : 8 - -1.#IND00
