        0DDDD          TTTTTTTTTTTTT     FFFF5FFFFFFF      SSSSSSSSSSS
        DD   DDD        TTTTTTTTTTT      FFFFFFFFFFF      SSSSSSSSSSS
        DD     DD           TTT          FF               SSS
        DD      DD          TTT          FF                 SSS
        DD      DDD         TTT          FFFFFFFFFF           SSS
        DD      DDD         TTT          FFFFFFFFF              SSS
        DD      DD          TTT          FF                       SSS
        DD     DD           TTT          FF                        SSS
        DD   DDD             T           FF                 SSSSSSSSSS
        DDDDD                T           F                 SSSSSSSSSS



*** This log file includes the H,P,Q and Q3 of each element in each loadcase.


Loadcase = 1, Element = 1
--------P -----------
 1:   0.000   0.000   0.000   0.000   0.000   0.000   0.000   0.000
 2:   0.000   0.000   0.000   0.000   0.000   0.000   0.000   0.000
 3:   0.000   0.000   0.000   0.000   0.000   0.000   0.000   0.000
 4:   0.000   0.000   0.000   0.000   0.000   0.000   0.000   0.000
 5:   0.000   0.000   0.000   0.000   0.000   0.000   0.000   0.000
 6:   0.000   0.000   0.000   0.000   0.000   0.000   0.000   0.000
 7:   0.000   0.000   0.000   0.000   0.000   0.000   0.000   0.000
 8:   0.000   0.000   0.000   0.000   0.000   0.000   0.000   0.000
--------Q0 -----------
 1:   0.000
 2:   0.000
 3:   0.000
 4:   0.000
 5:   0.000
 6:   0.000
 7:   0.000
 8:   0.000
--------H -----------
 1  -1.#IO  -1.#IO  -1.#IO  -1.#IO  -1.#IO  -1.#IO  -1.#IO  -1.#IO
 2  -1.#IO  -1.#IO  -1.#IO  -1.#IO  -1.#IO  -1.#IO  -1.#IO  -1.#IO
 3  -1.#IO  -1.#IO  -1.#IO  -1.#IO  -1.#IO  -1.#IO  -1.#IO  -1.#IO
 4  -1.#IO  -1.#IO  -1.#IO  -1.#IO  -1.#IO  -1.#IO  -1.#IO  -1.#IO
 5  -1.#IO  -1.#IO  -1.#IO  -1.#IO  -1.#IO  -1.#IO  -1.#IO  -1.#IO
 6  -1.#IO  -1.#IO  -1.#IO  -1.#IO  -1.#IO  -1.#IO  -1.#IO  -1.#IO
 7  -1.#IO  -1.#IO  -1.#IO  -1.#IO  -1.#IO  -1.#IO  -1.#IO  -1.#IO
 8  -1.#IO  -1.#IO  -1.#IO  -1.#IO  -1.#IO  -1.#IO  -1.#IO  -1.#IO
--------Q3 -----------
 1:   0.000
 2:   0.000
 3:   0.000
 4:   0.000
 5:   0.000
 6:   0.000
 7:   0.000
 8:   0.000
