X = 1.000000, Y = 0.000000, Z = 1.000000
       0   10.0000
       1   10.0000
       2   10.0000
       3   10.0000
       4   10.0000
       5   10.0000
       6   10.0000
       7   10.0000
       8   10.0000
       9   10.0000
      10   10.0000
      11   10.0000
      12   10.0000
      13   10.0000
      14   10.0000
      15   10.0000
      16   10.0000
      17   10.0000
      18   10.0000
      19   10.0000
      20   10.0000
      21   10.0000
      22   10.0000
      23   10.0000
      24   10.0000
      25   10.0000
      26   10.0000
      27   10.0000
      28   10.0000
      29   10.0000
      30   10.0000
      31   10.0000
      32   10.0000
      33   10.0000
      34   10.0000
      35   10.0000
      36   10.0000
      37   10.0000
      38   10.0000
      39   10.0000
      40   10.0000
      41   10.0000
      42   10.0000
      43   10.0000
      44   10.0000
      45   10.0000
      46   10.0000
      47   10.0000
      48   10.0000
      49   10.0000
      50   10.0000
      51   10.0000
      52   10.0000
      53   10.0000
      54   10.0000
      55   10.0000
      56   10.0000
      57   10.0000
      58   10.0000
      59   10.0000
      60   10.0000
      61   10.0000
      62   10.0000
      63   10.0000
      64   10.0000
      65   10.0000
      66   10.0000
      67   10.0000
      68   10.0000
      69   10.0000
      70   10.0000
      71   10.0000
      72   10.0000
      73   10.0000
      74   10.0000
      75   10.0000
      76   10.0000
      77   10.0000
      78   10.0000
      79   10.0000
      80   10.0000
      81   10.0000
      82   10.0000
      83   10.0000
      84   10.0000
      85   10.0000
      86   10.0000
      87   10.0000
      88   10.0000
      89   10.0000
      90   10.0000
      91   10.0000
      92   10.0000
      93   10.0000
      94   10.0000
      95   10.0000
      96   10.0000
      97   10.0000
      98   10.0000
      99   10.0000
     100   10.0000
     101   10.0000
     102   10.0000
     103   10.0000
     104   10.0000
     105   10.0000
     106   10.0000
     107   10.0000
     108   10.0000
     109   10.0000
     110   10.0000
     111   10.0000
     112   10.0000
     113   10.0000
     114   10.0000
     115   10.0000
     116   10.0000
     117   10.0000
     118   10.0000
     119   10.0000
     120   10.0000
     121   10.0000
     122   10.0000
     123   10.0000
     124   10.0000
     125   10.0000
     126   10.0000
     127   10.0000
     128   10.0000
     129   10.0000
     130   10.0000
     131   10.0000
     132   10.0000
     133   10.0000
     134   10.0000
     135   10.0000
     136   10.0000
     137   10.0000
     138   10.0000
     139   10.0000
     140   10.0000
     141   10.0000
     142   10.0000
     143   10.0000
     144   10.0000
     145   10.0000
     146   10.0000
     147   10.0000
     148   10.0000
     149   10.0000
     150   10.0000
     151   10.0000
     152   10.0000
     153   10.0000
     154   10.0000
     155   10.0000
     156   10.0000
     157   10.0000
     158   10.0000
     159   10.0000
     160   10.0000
     161   10.0000
     162   10.0000
     163   10.0000
     164   10.0000
     165   10.0000
     166   10.0000
     167   10.0000
     168   10.0000
     169   10.0000
     170   10.0000
     171   10.0000
     172   10.0000
     173   10.0000
     174   10.0000
     175   10.0000
     176   10.0000
     177   10.0000
     178   10.0000
     179   10.0000
     180   10.0000
     181   10.0000
     182   10.0000
     183   10.0000
     184   10.0000
     185   10.0000
     186   10.0000
     187   10.0000
     188   10.0000
     189   10.0000
     190   10.0000
     191   10.0000
     192   10.0000
     193   10.0000
     194   10.0000
     195   10.0000
     196   10.0000
     197   10.0000
     198   10.0000
     199   10.0000
     200   10.0000
     201   10.0000
     202   10.0000
     203   10.0000
     204   10.0000
     205   10.0000
     206   10.0000
     207   10.0000
     208   10.0000
     209   10.0000
     210   10.0000
     211   10.0000
     212   10.0000
     213   10.0000
     214   10.0000
     215   10.0000
     216   10.0000
     217   10.0000
     218   10.0000
     219   10.0000
     220   10.0000
     221   10.0000
     222   10.0000
     223   10.0000
     224   10.0000
     225   10.0000
     226   10.0000
     227   10.0000
     228   10.0000
     229   10.0000
     230   10.0000
     231   10.0000
     232   10.0000
     233   10.0000
     234   10.0000
     235   10.0000
     236   10.0000
     237   10.0000
     238   10.0000
     239   10.0000
     240   10.0000
     241   10.0000
     242   10.0000
     243   10.0000
     244   10.0000
     245   10.0000
     246   10.0000
     247   10.0000
     248   10.0000
     249   10.0000
     250   10.0000
     251   10.0000
     252   10.0000
     253   10.0000
     254   10.0000
     255   10.0000
     256   10.0000
     257   10.0000
     258   10.0000
     259   10.0000
     260   10.0000
     261   10.0000
     262   10.0000
     263   10.0000
     264   10.0000
     265   10.0000
     266   10.0000
     267   10.0000
     268   10.0000
     269   10.0000
     270   10.0000
     271   10.0000
     272   10.0000
     273   10.0000
     274   10.0000
     275   10.0000
     276   10.0000
     277   10.0000
     278   10.0000
     279   10.0000
     280   10.0000
     281   10.0000
     282   10.0000
     283   10.0000
     284   10.0000
     285   10.0000
     286   10.0000
     287   10.0000
     288   10.0000
     289   10.0000
     290   10.0000
     291   10.0000
     292   10.0000
     293   10.0000
     294   10.0000
     295   10.0000
     296   10.0000
     297   10.0000
     298   10.0000
     299   10.0000
X = 1.000000, Y = 0.000000, Z = 1.000000
       0   -1.#IND
       1   -1.#IND
       2   -1.#IND
       3   -1.#IND
       4   -1.#IND
       5   -1.#IND
       6   -1.#IND
       7   -1.#IND
       8   -1.#IND
       9   -1.#IND
      10   -1.#IND
      11   -1.#IND
      12   -1.#IND
      13   -1.#IND
      14   -1.#IND
      15   -1.#IND
      16   -1.#IND
      17   -1.#IND
      18   -1.#IND
      19   -1.#IND
      20   -1.#IND
      21   -1.#IND
      22   -1.#IND
      23   -1.#IND
      24   -1.#IND
      25   -1.#IND
      26   -1.#IND
      27   -1.#IND
      28   -1.#IND
      29   -1.#IND
      30   -1.#IND
      31   -1.#IND
      32   -1.#IND
      33   -1.#IND
      34   -1.#IND
      35   -1.#IND
      36   -1.#IND
      37   -1.#IND
      38   -1.#IND
      39   -1.#IND
      40   -1.#IND
      41   -1.#IND
      42   -1.#IND
      43   -1.#IND
      44   -1.#IND
      45   -1.#IND
      46   -1.#IND
      47   -1.#IND
      48   -1.#IND
      49   -1.#IND
      50   -1.#IND
      51   -1.#IND
      52   -1.#IND
      53   -1.#IND
      54   -1.#IND
      55   -1.#IND
      56   -1.#IND
      57   -1.#IND
      58   -1.#IND
      59   -1.#IND
      60   -1.#IND
      61   -1.#IND
      62   -1.#IND
      63   -1.#IND
      64   -1.#IND
      65   -1.#IND
      66   -1.#IND
      67   -1.#IND
      68   -1.#IND
      69   -1.#IND
      70   -1.#IND
      71   -1.#IND
      72   -1.#IND
      73   -1.#IND
      74   -1.#IND
      75   -1.#IND
      76   -1.#IND
      77   -1.#IND
      78   -1.#IND
      79   -1.#IND
      80   -1.#IND
      81   -1.#IND
      82   -1.#IND
      83   -1.#IND
      84   -1.#IND
      85   -1.#IND
      86   -1.#IND
      87   -1.#IND
      88   -1.#IND
      89   -1.#IND
      90   -1.#IND
      91   -1.#IND
      92   -1.#IND
      93   -1.#IND
      94   -1.#IND
      95   -1.#IND
      96   -1.#IND
      97   -1.#IND
      98   -1.#IND
      99   -1.#IND
     100   -1.#IND
     101   -1.#IND
     102   -1.#IND
     103   -1.#IND
     104   -1.#IND
     105   -1.#IND
     106   -1.#IND
     107   -1.#IND
     108   -1.#IND
     109   -1.#IND
     110   -1.#IND
     111   -1.#IND
     112   -1.#IND
     113   -1.#IND
     114   -1.#IND
     115   -1.#IND
     116   -1.#IND
     117   -1.#IND
     118   -1.#IND
     119   -1.#IND
     120   -1.#IND
     121   -1.#IND
     122   -1.#IND
     123   -1.#IND
     124   -1.#IND
     125   -1.#IND
     126   -1.#IND
     127   -1.#IND
     128   -1.#IND
     129   -1.#IND
     130   -1.#IND
     131   -1.#IND
     132   -1.#IND
     133   -1.#IND
     134   -1.#IND
     135   -1.#IND
     136   -1.#IND
     137   -1.#IND
     138   -1.#IND
     139   -1.#IND
     140   -1.#IND
     141   -1.#IND
     142   -1.#IND
     143   -1.#IND
     144   -1.#IND
     145   -1.#IND
     146   -1.#IND
     147   -1.#IND
     148   -1.#IND
     149   -1.#IND
     150   -1.#IND
     151   -1.#IND
     152   -1.#IND
     153   -1.#IND
     154   -1.#IND
     155   -1.#IND
     156   -1.#IND
     157   -1.#IND
     158   -1.#IND
     159   -1.#IND
     160   -1.#IND
     161   -1.#IND
     162   -1.#IND
     163   -1.#IND
     164   -1.#IND
     165   -1.#IND
     166   -1.#IND
     167   -1.#IND
     168   -1.#IND
     169   -1.#IND
     170   -1.#IND
     171   -1.#IND
     172   -1.#IND
     173   -1.#IND
     174   -1.#IND
     175   -1.#IND
     176   -1.#IND
     177   -1.#IND
     178   -1.#IND
     179   -1.#IND
     180   -1.#IND
     181   -1.#IND
     182   -1.#IND
     183   -1.#IND
     184   -1.#IND
     185   -1.#IND
     186   -1.#IND
     187   -1.#IND
     188   -1.#IND
     189   -1.#IND
     190   -1.#IND
     191   -1.#IND
     192   -1.#IND
     193   -1.#IND
     194   -1.#IND
     195   -1.#IND
     196   -1.#IND
     197   -1.#IND
     198   -1.#IND
     199   -1.#IND
     200   -1.#IND
     201   -1.#IND
     202   -1.#IND
     203   -1.#IND
     204   -1.#IND
     205   -1.#IND
     206   -1.#IND
     207   -1.#IND
     208   -1.#IND
     209   -1.#IND
     210   -1.#IND
     211   -1.#IND
     212   -1.#IND
     213   -1.#IND
     214   -1.#IND
     215   -1.#IND
     216   -1.#IND
     217   -1.#IND
     218   -1.#IND
     219   -1.#IND
     220   -1.#IND
     221   -1.#IND
     222   -1.#IND
     223   -1.#IND
     224   -1.#IND
     225   -1.#IND
     226   -1.#IND
     227   -1.#IND
     228   -1.#IND
     229   -1.#IND
     230   -1.#IND
     231   -1.#IND
     232   -1.#IND
     233   -1.#IND
     234   -1.#IND
     235   -1.#IND
     236   -1.#IND
     237   -1.#IND
     238   -1.#IND
     239   -1.#IND
     240   -1.#IND
     241   -1.#IND
     242   -1.#IND
     243   -1.#IND
     244   -1.#IND
     245   -1.#IND
     246   -1.#IND
     247   -1.#IND
     248   -1.#IND
     249   -1.#IND
     250   -1.#IND
     251   -1.#IND
     252   -1.#IND
     253   -1.#IND
     254   -1.#IND
     255   -1.#IND
     256   -1.#IND
     257   -1.#IND
     258   -1.#IND
     259   -1.#IND
     260   -1.#IND
     261   -1.#IND
     262   -1.#IND
     263   -1.#IND
     264   -1.#IND
     265   -1.#IND
     266   -1.#IND
     267   -1.#IND
     268   -1.#IND
     269   -1.#IND
     270   -1.#IND
     271   -1.#IND
     272   -1.#IND
     273   -1.#IND
     274   -1.#IND
     275   -1.#IND
     276   -1.#IND
     277   -1.#IND
     278   -1.#IND
     279   -1.#IND
     280   -1.#IND
     281   -1.#IND
     282   -1.#IND
     283   -1.#IND
     284   -1.#IND
     285   -1.#IND
     286   -1.#IND
     287   -1.#IND
     288   -1.#IND
     289   -1.#IND
     290   -1.#IND
     291   -1.#IND
     292   -1.#IND
     293   -1.#IND
     294   -1.#IND
     295   -1.#IND
     296   -1.#IND
     297   -1.#IND
     298   -1.#IND
     299   -1.#IND
