X = 5.000000, Y = 2.000000, Z = 4.000000
       0-2617233420157335000000000000000000000.0000
       1-2614410362270626700000000000000000000.0000
       2-2619194792548538100000000000000000000.0000
       3-2618778686239013200000000000000000000.0000
       4-2616069558450000400000000000000000000.0000
       5-2614002495690003300000000000000000000.0000
       6-2613672748077618900000000000000000000.0000
       7-2614961631825401000000000000000000000.0000
       8-2617250374984113000000000000000000000.0000
       9-2619824181071551400000000000000000000.0000
      10-2622052235457777600000000000000000000.0000
      11-2623446968030678700000000000000000000.0000
      12-2623666588497168200000000000000000000.0000
      13-2622509223499159800000000000000000000.0000
      14-2619846681869705500000000000000000000.0000
      15-2615647430800124400000000000000000000.0000
      16-2609924305252744000000000000000000000.0000
      17-2602727218969948300000000000000000000.0000
      18-2594127635754325000000000000000000000.0000
      19-2584223006245766700000000000000000000.0000
      20-2573098104578163800000000000000000000.0000
      21-2560858145751335100000000000000000000.0000
      22-2547598995841922900000000000000000000.0000
      23-2533418739315119900000000000000000000.0000
      24-2518408963926792500000000000000000000.0000
      25-2502658405218956800000000000000000000.0000
      26-2486245815985151800000000000000000000.0000
      27-2469248205999341500000000000000000000.0000
      28-2451734345306588300000000000000000000.0000
      29-2433768408718528700000000000000000000.0000
      30-2415412828027224000000000000000000000.0000
      31-2396716724693432900000000000000000000.0000
      32-2377735241518265400000000000000000000.0000
      33-2358509101777253900000000000000000000.0000
      34-2339083623979356500000000000000000000.0000
      35-2319493510059754500000000000000000000.0000
      36-2299770768196103600000000000000000000.0000
      37-2279949783410935000000000000000000000.0000
      38-2260054007240353000000000000000000000.0000
      39-2240111486453887500000000000000000000.0000
      40-2220145355674992800000000000000000000.0000
      41-2200179541808748100000000000000000000.0000
      42-2180219590826529500000000000000000000.0000
      43-2160296560168042500000000000000000000.0000
      44-2140417421911588400000000000000000000.0000
      45-2120597546320695000000000000000000000.0000
      46-2100848025338114300000000000000000000.0000
      47-2081178524799673000000000000000000000.0000
      48-2061602513492998500000000000000000000.0000
      49-2042129974166567600000000000000000000.0000
      50-2022760114538755300000000000000000000.0000
      51-2003505928028213700000000000000000000.0000
      52-1984368523829218200000000000000000000.0000
      53-1965357884690245500000000000000000000.0000
      54-1946479239670021600000000000000000000.0000
      55-1927732430312221400000000000000000000.0000
      56-1909126488627371500000000000000000000.0000
      57-1890657294751021300000000000000000000.0000
      58-1872332454586772100000000000000000000.0000
      59-1854151651221973800000000000000000000.0000
      60-1836121856734927700000000000000000000.0000
      61-1818237842066907800000000000000000000.0000
      62-1800505153189290200000000000000000000.0000
      63-1782921254800874400000000000000000000.0000
      64-1765491692873036300000000000000000000.0000
      65-1748213615191925600000000000000000000.0000
      66-1731087814039167200000000000000000000.0000
      67-1714113972502111200000000000000000000.0000
      68-1697290981386482400000000000000000000.0000
      69-1680624228207331700000000000000000000.0000
      70-1664109751556533400000000000000000000.0000
      71-1647744857676562000000000000000000000.0000
      72-1631534141800843400000000000000000000.0000
      73-1615474910171852100000000000000000000.0000
      74-1599561933730862100000000000000000000.0000
      75-1583802976837799900000000000000000000.0000
      76-1568190275132738900000000000000000000.0000
      77-1552727631567480000000000000000000000.0000
      78-1537412669297147700000000000000000000.0000
      79-1522241110000966200000000000000000000.0000
      80-1507217390456036300000000000000000000.0000
      81-1492335330865681900000000000000000000.0000
      82-1477599684919653900000000000000000000.0000
      83-1463004431277601100000000000000000000.0000
      84-1448551471415424000000000000000000000.0000
      85-1434239062313547200000000000000000000.0000
      86-1420063559476495000000000000000000000.0000
      87-1406026705923842800000000000000000000.0000
      88-1392126917092340300000000000000000000.0000
      89-1378364351438312400000000000000000000.0000
      90-1364735998291583800000000000000000000.0000
      91-1351239480807278800000000000000000000.0000
      92-1337871788315222100000000000000000000.0000
      93-1324640130578202400000000000000000000.0000
      94-1311535237901205400000000000000000000.0000
      95-1298560120954406900000000000000000000.0000
      96-1285712878261906400000000000000000000.0000
      97-1272992321401266100000000000000000000.0000
      98-1260396548896585900000000000000000000.0000
      99-1247924213869102800000000000000000000.0000
     100-1235574048668216800000000000000000000.0000
     101-1223346687119227900000000000000000000.0000
     102-1211238643182985400000000000000000000.0000
     103-1199251026053764700000000000000000000.0000
     104-1187381617343015200000000000000000000.0000
     105-1175628198662186600000000000000000000.0000
     106-1163994097594104500000000000000000000.0000
     107-1152469014477642000000000000000000000.0000
     108-1141061505954350600000000000000000000.0000
     109-1129766026052854500000000000000000000.0000
     110-1118583129370291100000000000000000000.0000
     111-1107509329867509900000000000000000000.0000
     112-1096544231403698200000000000000000000.0000
     113-1085689260085781400000000000000000000.0000
     114-1074940929874608700000000000000000000.0000
     115-1064299319998342800000000000000000000.0000
     116-1053762449752920700000000000000000000.0000
     117-1043329130715904800000000000000000000.0000
     118-1032999838256270100000000000000000000.0000
     119-1022771957844653600000000000000000000.0000
     120-1012646598675330700000000000000000000.0000
     121-1002620353937313000000000000000000000.0000
     122-992694015912225870000000000000000000.0000
     123-982864098560918580000000000000000000.0000
     124-973132820271941550000000000000000000.0000
     125-963498913394694550000000000000000000.0000
     126-953958416521051870000000000000000000.0000
     127-944511329651013500000000000000000000.0000
     128-935160663454755000000000000000000000.0000
     129-925901981155175550000000000000000000.0000
     130-916734648926975050000000000000000000.0000
     131-907658112173015900000000000000000000.0000
     132-898671024014535360000000000000000000.0000
     133-889772037572770670000000000000000000.0000
     134-880961232075884360000000000000000000.0000
     135-872237894470413800000000000000000000.0000
     136-863602817037984130000000000000000000.0000
     137-855052989108419810000000000000000000.0000
     138-846585083098895240000000000000000000.0000
     139-838202188907748470000000000000000000.0000
     140-829903276568866830000000000000000000.0000
     141-821684701586774640000000000000000000.0000
     142-813550663054085180000000000000000000.0000
     143-805493951208009640000000000000000000.0000
     144-797518844369323790000000000000000000.0000
     145-789623361833964780000000000000000000.0000
     146-781803542193806890000000000000000000.0000
     147-774062713031675720000000000000000000.0000
     148-766397388308420650000000000000000000.0000
     149-758808914902804410000000000000000000.0000
     150-751295549795251690000000000000000000.0000
     151-743856025335162270000000000000000000.0000
     152-736490896119673740000000000000000000.0000
     153-729197864532073200000000000000000000.0000
     154-721977722853985770000000000000000000.0000
     155-714828807293998670000000000000000000.0000
     156-707751197080274410000000000000000000.0000
     157-700743228421400190000000000000000000.0000
     158-693804029807588350000000000000000000.0000
     159-686934235064139000000000000000000000.0000
     160-680134319560027230000000000000000000.0000
     161-673398182726739450000000000000000000.0000
     162-666729706744238850000000000000000000.0000
     163-660128653928037890000000000000000000.0000
     164-653591815537554740000000000000000000.0000
     165-647120379995227110000000000000000000.0000
     166-640712525053317190000000000000000000.0000
     167-634368924151206330000000000000000000.0000
     168-628087041987694080000000000000000000.0000
     169-621868581968274500000000000000000000.0000
     170-615711404932559700000000000000000000.0000
     171-609613886703218150000000000000000000.0000
     172-603578443739206520000000000000000000.0000
     173-597601114632399100000000000000000000.0000
     174-591684276227671330000000000000000000.0000
     175-585826066663204110000000000000000000.0000
     176-580024822147584650000000000000000000.0000
     177-574281770717331910000000000000000000.0000
     178-568595090124708070000000000000000000.0000
     179-562965334966850730000000000000000000.0000
     180-557391158364997150000000000000000000.0000
     181-551871411510790870000000000000000000.0000
     182-546407005528100800000000000000000000.0000
     183-540996989678976780000000000000000000.0000
     184-535639898242412280000000000000000000.0000
     185-530336246201463650000000000000000000.0000
     186-525084805519611930000000000000000000.0000
     187-519885576196857100000000000000000000.0000
     188-514737884793817800000000000000000000.0000
     189-509641414397843980000000000000000000.0000
     190-504594818130172880000000000000000000.0000
     191-499597977148560750000000000000000000.0000
     192-494651208365657620000000000000000000.0000
     193-489752887604131970000000000000000000.0000
     194-484903886373771450000000000000000000.0000
     195-480101629759294350000000000000000000.0000
     196-475348415377413570000000000000000000.0000
     197-470641509856522390000000000000000000.0000
     198-465981626250083420000000000000000000.0000
     199-461367496907496430000000000000000000.0000
     200-456799240671005210000000000000000000.0000
     201-452275867188578310000000000000000000.0000
     202-447797178389809460000000000000000000.0000
     203-443363332731023690000000000000000000.0000
     204-438973656772839620000000000000000000.0000
     205-434627516689957130000000000000000000.0000
     206-430323367533207210000000000000000000.0000
     207-426062714637677610000000000000000000.0000
     208-421842943474005380000000000000000000.0000
     209-417666708185634740000000000000000000.0000
     210-413531552699527740000000000000000000.0000
     211-409436645119977990000000000000000000.0000
     212-405382302359635540000000000000000000.0000
     213-401368405576256620000000000000000000.0000
     214-397394281330459860000000000000000000.0000
     215-393458701585726300000000000000000000.0000
     216-389563607432037520000000000000000000.0000
     217-385706265497786790000000000000000000.0000
     218-381887032309705420000000000000000000.0000
     219-378105155200249530000000000000000000.0000
     220-374361505679206760000000000000000000.0000
     221-370654538797408110000000000000000000.0000
     222-366984056484447270000000000000000000.0000
     223-363350771793786880000000000000000000.0000
     224-359752664407282820000000000000000000.0000
     225-356190526606560240000000000000000000.0000
     226-352663407653668960000000000000000000.0000
     227-349171584847177790000000000000000000.0000
     228-345714226291380320000000000000000000.0000
     229-342291331986276560000000000000000000.0000
     230-338902070036160100000000000000000000.0000
     231-335545965072055870000000000000000000.0000
     232-332223334006613910000000000000000000.0000
     233-328933879734224790000000000000000000.0000
     234-325677047657750930000000000000000000.0000
     235-322452065302607800000000000000000000.0000
     236-319259328809607970000000000000000000.0000
     237-316097847826720030000000000000000000.0000
     238-312968434442609730000000000000000000.0000
     239-309869088146173590000000000000000000.0000
     240-306800799289443050000000000000000000.0000
     241-303762973661199240000000000000000000.0000
     242-300755215120629600000000000000000000.0000
     243-297777642509977880000000000000000000.0000
     244-294828790108237590000000000000000000.0000
     245-291909806723765180000000000000000000.0000
     246-289018889915863450000000000000000000.0000
     247-286157089457685710000000000000000000.0000
     248-283323910173216240000000000000000000.0000
     249-280519074763886260000000000000000000.0000
     250-277740959052364210000000000000000000.0000
     251-274990731654047180000000000000000000.0000
     252-272267818164756940000000000000000000.0000
     253-269571683794396520000000000000000000.0000
     254-266902447385209700000000000000000000.0000
     255-264259613761180760000000000000000000.0000
     256-261643004658944030000000000000000000.0000
     257-259052065481361930000000000000000000.0000
     258-256487291404450170000000000000000000.0000
     259-253947553426892910000000000000000000.0000
     260-251433128847258960000000000000000000.0000
     261-248943522489532600000000000000000000.0000
     262-246478397634023150000000000000000000.0000
     263-244037556210324330000000000000000000.0000
     264-241621255709964290000000000000000000.0000
     265-239228921728764820000000000000000000.0000
     266-236860257161116490000000000000000000.0000
     267-234514806445084840000000000000000000.0000
     268-232192668615873010000000000000000000.0000
     269-229893705024196600000000000000000000.0000
     270-227617341265877390000000000000000000.0000
     271-225363458498671590000000000000000000.0000
     272-223131957687376080000000000000000000.0000
     273-220922759603828340000000000000000000.0000
     274-218735111580484470000000000000000000.0000
     275-216569211687750770000000000000000000.0000
     276-214424881662261570000000000000000000.0000
     277-212301764977285580000000000000000000.0000
     278-210199188193441400000000000000000000.0000
     279-208118062434597960000000000000000000.0000
     280-206057219085358170000000000000000000.0000
     281-204016836409087700000000000000000000.0000
     282-201996637107217730000000000000000000.0000
     283-199996601372707640000000000000000000.0000
     284-198016432099948000000000000000000000.0000
     285-196055574691801220000000000000000000.0000
     286-194114504517242370000000000000000000.0000
     287-192192191610158770000000000000000000.0000
     288-190289368831053690000000000000000000.0000
     289-188405283512383220000000000000000000.0000
     290-186539440478131670000000000000000000.0000
     291-184692433939517880000000000000000000.0000
     292-182863768720526150000000000000000000.0000
     293-181053068487384520000000000000000000.0000
     294-179260372854174260000000000000000000.0000
     295-177485226258960910000000000000000000.0000
     296-175727608894703840000000000000000000.0000
     297-173987778252931230000000000000000000.0000
     298-172265120315383580000000000000000000.0000
     299-170559476625735870000000000000000000.0000
X = 5.000000, Y = 2.000000, Z = 4.000000
       0-2617233420157335000000000000000000000.0000
X = 5.000000, Y = 2.000000, Z = 4.000000
       0-2617233420157335000000000000000000000.0000
X = 5.000000, Y = 2.000000, Z = 4.000000
       0-2617233420157335000000000000000000000.0000
X = 5.000000, Y = 2.000000, Z = 4.000000
       0    0.0000
X = 5.000000, Y = 2.000000, Z = 4.000000
       0    0.0000
X = 5.000000, Y = 2.000000, Z = 4.000000
       0    0.0000
X = 5.000000, Y = 2.000000, Z = 4.000000
       0    0.0000
X = 5.000000, Y = 2.000000, Z = 4.000000
       0    0.0000
X = 5.000000, Y = 2.000000, Z = 4.000000
       0    0.0000
X = 5.000000, Y = 2.000000, Z = 4.000000
       0    0.0000
X = 5.000000, Y = 2.000000, Z = 4.000000
       0    0.0000
X = 5.000000, Y = 2.000000, Z = 4.000000
       0    0.0000
X = 5.000000, Y = 2.000000, Z = 4.000000
       0    0.0000
X = 5.000000, Y = 2.000000, Z = 4.000000
       0    0.0000
X = 5.000000, Y = 2.000000, Z = 4.000000
       0    0.0000
X = 5.000000, Y = 2.000000, Z = 4.000000
       0    0.0000
X = 5.000000, Y = 2.000000, Z = 4.000000
       0    0.0000
X = 5.000000, Y = 2.000000, Z = 4.000000
       0    0.0000
X = 5.000000, Y = 2.000000, Z = 4.000000
       0    0.0000
X = 5.000000, Y = 2.000000, Z = 4.000000
       0    0.0000
X = 5.000000, Y = 2.000000, Z = 4.000000
       0    0.0000
X = 5.000000, Y = 2.000000, Z = 4.000000
       0    0.0000
X = 5.000000, Y = 2.000000, Z = 4.000000
       0    0.0000
X = 5.000000, Y = 2.000000, Z = 4.000000
       0    0.0000
X = 5.000000, Y = 2.000000, Z = 4.000000
       0    0.0000
X = 5.000000, Y = 2.000000, Z = 4.000000
       0    0.0000
X = 5.000000, Y = 2.000000, Z = 4.000000
       0    0.0000
X = 5.000000, Y = 2.000000, Z = 4.000000
       0  999.9900
       1  999.9900
       2  999.9900
       3  999.9900
       4  999.9900
       5  999.9900
       6  999.9900
       7  999.9900
       8  999.9900
       9  999.9900
      10  999.9900
      11  999.9900
      12  999.9900
      13  999.9900
      14  999.9900
      15  999.9900
      16  999.9900
      17  999.9900
      18  999.9900
      19  999.9900
      20  999.9900
      21  999.9900
      22  999.9900
      23  999.9900
      24  999.9900
      25  999.9900
      26  999.9900
      27  999.9900
      28  999.9900
      29  999.9900
      30  999.9900
      31  999.9900
      32  999.9900
      33  999.9900
      34  999.9900
      35  999.9900
      36  999.9900
      37  999.9900
      38  999.9900
      39  999.9900
      40  999.9900
      41  999.9900
      42  999.9900
      43  999.9900
      44  999.9900
      45  999.9900
      46  999.9900
      47  999.9900
      48  999.9900
      49  999.9900
      50  999.9900
      51  999.9900
      52  999.9900
      53  999.9900
      54  999.9900
      55  999.9900
      56  999.9900
      57  999.9900
      58  999.9900
      59  999.9900
      60  999.9900
      61  999.9900
      62  999.9900
      63  999.9900
      64  999.9900
      65  999.9900
      66  999.9900
      67  999.9900
      68  999.9900
      69  999.9900
      70  999.9900
      71  999.9900
      72  999.9900
      73  999.9900
      74  999.9900
      75  999.9900
      76  999.9900
      77  999.9900
      78  999.9900
      79  999.9900
      80  999.9900
      81  999.9900
      82  999.9900
      83  999.9900
      84  999.9900
      85  999.9900
      86  999.9900
      87  999.9900
      88  999.9900
      89  999.9900
      90  999.9900
      91  999.9900
      92  999.9900
      93  999.9900
      94  999.9900
      95  999.9900
      96  999.9900
      97  999.9900
      98  999.9900
      99  999.9900
     100  999.9900
     101  999.9900
     102  999.9900
     103  999.9900
     104  999.9900
     105  999.9900
     106  999.9900
     107  999.9900
     108  999.9900
     109  999.9900
     110  999.9900
     111  999.9900
     112  999.9900
     113  999.9900
     114  999.9900
     115  999.9900
     116  999.9900
     117  999.9900
     118  999.9900
     119  999.9900
     120  999.9900
     121  999.9900
     122  999.9900
     123  999.9900
     124  999.9900
     125  999.9900
     126  999.9900
     127  999.9900
     128  999.9900
     129  999.9900
     130  999.9900
     131  999.9900
     132  999.9900
     133  999.9900
     134  999.9900
     135  999.9900
     136  999.9900
     137  999.9900
     138  999.9900
     139  999.9900
     140  999.9900
     141  999.9900
     142  999.9900
     143  999.9900
     144  999.9900
     145  999.9900
     146  999.9900
     147  999.9900
     148  999.9900
     149  999.9900
     150  999.9900
     151  999.9900
     152  999.9900
     153  999.9900
     154  999.9900
     155  999.9900
     156  999.9900
     157  999.9900
     158  999.9900
     159  999.9900
     160  999.9900
     161  999.9900
     162  999.9900
     163  999.9900
     164  999.9900
     165  999.9900
     166  999.9900
     167  999.9900
     168  999.9900
     169  999.9900
     170  999.9900
     171  999.9900
     172  999.9900
     173  999.9900
     174  999.9900
     175  999.9900
     176  999.9900
     177  999.9900
     178  999.9900
     179  999.9900
     180  999.9900
     181  999.9900
     182  999.9900
     183  999.9900
     184  999.9900
     185  999.9900
     186  999.9900
     187  999.9900
     188  999.9900
     189  999.9900
     190  999.9900
     191  999.9900
     192  999.9900
     193  999.9900
     194  999.9900
     195  999.9900
     196  999.9900
     197  999.9900
     198  999.9900
     199  999.9900
     200  999.9900
     201  999.9900
     202  999.9900
     203  999.9900
     204  999.9900
     205  999.9900
     206  999.9900
     207  999.9900
     208  999.9900
     209  999.9900
     210  999.9900
     211  999.9900
     212  999.9900
     213  999.9900
     214  999.9900
     215  999.9900
     216  999.9900
     217  999.9900
     218  999.9900
     219  999.9900
     220  999.9900
     221  999.9900
     222  999.9900
     223  999.9900
     224  999.9900
     225  999.9900
     226  999.9900
     227  999.9900
     228  999.9900
     229  999.9900
     230  999.9900
     231  999.9900
     232  999.9900
     233  999.9900
     234  999.9900
     235  999.9900
     236  999.9900
     237  999.9900
     238  999.9900
     239  999.9900
     240  999.9900
     241  999.9900
     242  999.9900
     243  999.9900
     244  999.9900
     245  999.9900
     246  999.9900
     247  999.9900
     248  999.9900
     249  999.9900
     250  999.9900
     251  999.9900
     252  999.9900
     253  999.9900
     254  999.9900
     255  999.9900
     256  999.9900
     257  999.9900
     258  999.9900
     259  999.9900
     260  999.9900
     261  999.9900
     262  999.9900
     263  999.9900
     264  999.9900
     265  999.9900
     266  999.9900
     267  999.9900
     268  999.9900
     269  999.9900
     270  999.9900
     271  999.9900
     272  999.9900
     273  999.9900
     274  999.9900
     275  999.9900
     276  999.9900
     277  999.9900
     278  999.9900
     279  999.9900
     280  999.9900
     281  999.9900
     282  999.9900
     283  999.9900
     284  999.9900
     285  999.9900
     286  999.9900
     287  999.9900
     288  999.9900
     289  999.9900
     290  999.9900
     291  999.9900
     292  999.9900
     293  999.9900
     294  999.9900
     295  999.9900
     296  999.9900
     297  999.9900
     298  999.9900
     299  999.9900
