        0DDDD          TTTTTTTTTTTTT     FFFF5FFFFFFF      SSSSSSSSSSS
        DD   DDD        TTTTTTTTTTT      FFFFFFFFFFF      SSSSSSSSSSS
        DD     DD           TTT          FF               SSS
        DD      DD          TTT          FF                 SSS
        DD      DDD         TTT          FFFFFFFFFF           SSS
        DD      DDD         TTT          FFFFFFFFF              SSS
        DD      DD          TTT          FF                       SSS
        DD     DD           TTT          FF                        SSS
        DD   DDD             T           FF                 SSSSSSSSSS
        DDDDD                T           F                 SSSSSSSSSS



*** This log file includes the A,B and X of the linear equations in each increment.

step = 1, period = 1, dalt = 1.000000

--------A---------
       0:       0 1.1e+009,
       1:       0 0.03704,       1 0.21482,
       2:       0 0.01019,       1 0.07407,       2 0.42963,
       3:       0 0.03704,       1 0.01019,       2 0.07407,       3 2.1e+009,
       4:       4 2.1e+009,       0 0.03704,       1 0.01019,       2 0.00093,       3 0.01019,
       5:       4 0.07407,       5 0.42963,       0 0.01019,       1 0.07407,       2 0.02037,       3 0.00093,
       6:       4 0.02037,       5 0.14815,       6 0.85926,       0 0.00093,       1 0.02037,       2 0.14815,       3 0.02037,
       7:       4 0.07407,       5 0.02037,       6 0.14815,       7 4.3e+009,       0 0.01019,       1 0.00093,       2 0.02037,       3 0.07407,
       8:       5 0.01019,       6 0.00093,       1 0.03704,       8 0.21482,       2 0.01019,
       9:       8 0.03704,       9 0.21482,
      10:       9 0.03704,      10 0.21482,
      11:      10 0.03704,      11 0.21482,
      12:      11 0.03704,      12 0.21482,
      13:      12 0.03704,      13 0.21482,
      14:      13 0.03704,      14 0.21482,
      15:      14 0.03704,      15 0.21482,
      16:      15 0.03704,      16 1.1e+009,
      17:       5 0.00093,       6 0.02037,       1 0.01019,       8 0.07407,      17 0.42963,       2 0.07407,       9 0.01019,
      18:       8 0.01019,       9 0.07407,      18 0.42963,      17 0.07407,      10 0.01019,
      19:       9 0.01019,      10 0.07407,      19 0.42963,      18 0.07407,      11 0.01019,
      20:      10 0.01019,      11 0.07407,      20 0.42963,      19 0.07407,      12 0.01019,
      21:      11 0.01019,      12 0.07407,      21 0.42963,      20 0.07407,      13 0.01019,
      22:      12 0.01019,      13 0.07407,      22 0.42963,      21 0.07407,      14 0.01019,
      23:      13 0.01019,      14 0.07407,      23 0.42963,      22 0.07407,      15 0.01019,
      24:      14 0.01019,      15 0.07407,      24 0.42963,      23 0.07407,      16 0.01019,
      25:      15 0.01019,      16 0.03704,      25 2.1e+009,      24 0.07407,
      26:       5 0.07407,      26 0.42963,       6 0.02037,       1 0.01019,       8 0.07407,      17 0.02037,       2 0.00093,       9 0.01019,      18 0.00093,
      27:      26 0.07407,      27 0.42963,       8 0.01019,       9 0.07407,      18 0.02037,      17 0.00093,      10 0.01019,      19 0.00093,
      28:      27 0.07407,      28 0.42963,       9 0.01019,      10 0.07407,      19 0.02037,      18 0.00093,      11 0.01019,      20 0.00093,
      29:      28 0.07407,      29 0.42963,      10 0.01019,      11 0.07407,      20 0.02037,      19 0.00093,      12 0.01019,      21 0.00093,
      30:      29 0.07407,      30 0.42963,      11 0.01019,      12 0.07407,      21 0.02037,      20 0.00093,      13 0.01019,      22 0.00093,
      31:      30 0.07407,      31 0.42963,      12 0.01019,      13 0.07407,      22 0.02037,      21 0.00093,      14 0.01019,      23 0.00093,
      32:      31 0.07407,      32 0.42963,      13 0.01019,      14 0.07407,      23 0.02037,      22 0.00093,      15 0.01019,      24 0.00093,
      33:      32 0.07407,      33 0.42963,      14 0.01019,      15 0.07407,      24 0.02037,      23 0.00093,      16 0.01019,      25 0.00093,
      34:      33 0.07407,      34 2.1e+009,      15 0.01019,      16 0.03704,      25 0.01019,      24 0.00093,
      35:       5 0.02037,      26 0.14815,      35 0.85926,       6 0.14815,       1 0.00093,       8 0.02037,      17 0.14815,       2 0.02037,      27 0.02037,       9 0.00093,      18 0.02037,
      36:      26 0.02037,      27 0.14815,      36 0.85926,      35 0.14815,       8 0.00093,       9 0.02037,      18 0.14815,      17 0.02037,      28 0.02037,      10 0.00093,      19 0.02037,
      37:      27 0.02037,      28 0.14815,      37 0.85926,      36 0.14815,       9 0.00093,      10 0.02037,      19 0.14815,      18 0.02037,      29 0.02037,      11 0.00093,      20 0.02037,
      38:      28 0.02037,      29 0.14815,      38 0.85926,      37 0.14815,      10 0.00093,      11 0.02037,      20 0.14815,      19 0.02037,      30 0.02037,      12 0.00093,      21 0.02037,
      39:      29 0.02037,      30 0.14815,      39 0.85926,      38 0.14815,      11 0.00093,      12 0.02037,      21 0.14815,      20 0.02037,      31 0.02037,      13 0.00093,      22 0.02037,
      40:      30 0.02037,      31 0.14815,      40 0.85926,      39 0.14815,      12 0.00093,      13 0.02037,      22 0.14815,      21 0.02037,      32 0.02037,      14 0.00093,      23 0.02037,
      41:      31 0.02037,      32 0.14815,      41 0.85926,      40 0.14815,      13 0.00093,      14 0.02037,      23 0.14815,      22 0.02037,      33 0.02037,      15 0.00093,      24 0.02037,
      42:      32 0.02037,      33 0.14815,      42 0.85926,      41 0.14815,      14 0.00093,      15 0.02037,      24 0.14815,      23 0.02037,      34 0.02037,      16 0.00093,      25 0.02037,
      43:      33 0.02037,      34 0.07407,      43 4.3e+009,      42 0.14815,      15 0.00093,      16 0.01019,      25 0.07407,      24 0.02037,
      44:      44 2.1e+009,       4 0.03704,       5 0.01019,       6 0.00093,       7 0.01019,
      45:      45 2.1e+009,      44 0.03704,
      46:      46 1.1e+009,      45 0.03704,
      47:      44 0.07407,      47 0.42963,       4 0.01019,       5 0.07407,       6 0.02037,       7 0.00093,      45 0.01019,      26 0.01019,      35 0.00093,
      48:      45 0.07407,      48 0.42963,      44 0.01019,      47 0.07407,      46 0.01019,
      49:      46 0.03704,      49 0.21482,      45 0.01019,      48 0.07407,
      50:      44 0.02037,      47 0.14815,      50 0.85926,       4 0.00093,       5 0.02037,       6 0.14815,       7 0.02037,      45 0.00093,      48 0.02037,      26 0.00093,      35 0.02037,
      51:      45 0.02037,      48 0.14815,      51 0.85926,      44 0.00093,      47 0.02037,      50 0.14815,      46 0.00093,      49 0.02037,
      52:      46 0.01019,      49 0.07407,      52 0.42963,      45 0.00093,      48 0.02037,      51 0.14815,
      53:      44 0.07407,      47 0.02037,      50 0.14815,      53 4.3e+009,       4 0.01019,       5 0.00093,       6 0.02037,       7 0.07407,      45 0.01019,      48 0.00093,      51 0.02037,
      54:      45 0.07407,      48 0.02037,      51 0.14815,      54 4.3e+009,      44 0.01019,      47 0.00093,      50 0.02037,      53 0.07407,      46 0.01019,      49 0.00093,      52 0.02037,
      55:      46 0.03704,      49 0.01019,      52 0.07407,      55 2.1e+009,      45 0.01019,      48 0.00093,      51 0.02037,      54 0.07407,
      56:      47 0.07407,      56 0.42963,      50 0.02037,       5 0.01019,      26 0.07407,      35 0.02037,       6 0.00093,      48 0.01019,      51 0.00093,      27 0.01019,      36 0.00093,
      57:      48 0.07407,      57 0.42963,      51 0.02037,      47 0.01019,      56 0.07407,      50 0.00093,      49 0.01019,      52 0.00093,
      58:      49 0.03704,      58 0.21482,      52 0.01019,      48 0.01019,      57 0.07407,      51 0.00093,
      59:      56 0.07407,      59 0.42963,      26 0.01019,      27 0.07407,      36 0.02037,      35 0.00093,      57 0.01019,      28 0.01019,      37 0.00093,
      60:      57 0.07407,      60 0.42963,      56 0.01019,      59 0.07407,      58 0.01019,
      61:      58 0.03704,      61 0.21482,      57 0.01019,      60 0.07407,
      62:      59 0.07407,      62 0.42963,      27 0.01019,      28 0.07407,      37 0.02037,      36 0.00093,      60 0.01019,      29 0.01019,      38 0.00093,
      63:      60 0.07407,      63 0.42963,      59 0.01019,      62 0.07407,      61 0.01019,
      64:      61 0.03704,      64 0.21482,      60 0.01019,      63 0.07407,
      65:      62 0.07407,      65 0.42963,      28 0.01019,      29 0.07407,      38 0.02037,      37 0.00093,      63 0.01019,      30 0.01019,      39 0.00093,
      66:      63 0.07407,      66 0.42963,      62 0.01019,      65 0.07407,      64 0.01019,
      67:      64 0.03704,      67 0.21482,      63 0.01019,      66 0.07407,
      68:      65 0.07407,      68 0.42963,      29 0.01019,      30 0.07407,      39 0.02037,      38 0.00093,      66 0.01019,      31 0.01019,      40 0.00093,
      69:      66 0.07407,      69 0.42963,      65 0.01019,      68 0.07407,      67 0.01019,
      70:      67 0.03704,      70 0.21482,      66 0.01019,      69 0.07407,
      71:      68 0.07407,      71 0.42963,      30 0.01019,      31 0.07407,      40 0.02037,      39 0.00093,      69 0.01019,      32 0.01019,      41 0.00093,
      72:      69 0.07407,      72 0.42963,      68 0.01019,      71 0.07407,      70 0.01019,
      73:      70 0.03704,      73 0.21482,      69 0.01019,      72 0.07407,
      74:      71 0.07407,      74 0.42963,      31 0.01019,      32 0.07407,      41 0.02037,      40 0.00093,      72 0.01019,      33 0.01019,      42 0.00093,
      75:      72 0.07407,      75 0.42963,      71 0.01019,      74 0.07407,      73 0.01019,
      76:      73 0.03704,      76 0.21482,      72 0.01019,      75 0.07407,
      77:      74 0.07407,      77 0.42963,      32 0.01019,      33 0.07407,      42 0.02037,      41 0.00093,      75 0.01019,      34 0.01019,      43 0.00093,
      78:      75 0.07407,      78 0.42963,      74 0.01019,      77 0.07407,      76 0.01019,
      79:      76 0.03704,      79 0.21482,      75 0.01019,      78 0.07407,
      80:      77 0.07407,      80 2.1e+009,      33 0.01019,      34 0.03704,      43 0.01019,      42 0.00093,      78 0.01019,
      81:      78 0.07407,      81 2.1e+009,      77 0.01019,      80 0.03704,      79 0.01019,
      82:      79 0.03704,      82 1.1e+009,      78 0.01019,      81 0.03704,
      83:      47 0.02037,      56 0.14815,      83 0.85926,      50 0.14815,       5 0.00093,      26 0.02037,      35 0.14815,       6 0.02037,      48 0.00093,      57 0.02037,      51 0.02037,      59 0.02037,      27 0.00093,      36 0.02037,      60 0.00093,
      84:      48 0.02037,      57 0.14815,      84 0.85926,      51 0.14815,      47 0.00093,      56 0.02037,      83 0.14815,      50 0.02037,      49 0.00093,      58 0.02037,      52 0.02037,      60 0.02037,      59 0.00093,      61 0.00093,
      85:      49 0.01019,      58 0.07407,      85 0.42963,      52 0.07407,      48 0.00093,      57 0.02037,      84 0.14815,      51 0.02037,      61 0.01019,      60 0.00093,
      86:      56 0.02037,      59 0.14815,      86 0.85926,      83 0.14815,      26 0.00093,      27 0.02037,      36 0.14815,      35 0.02037,      57 0.00093,      60 0.02037,      84 0.02037,      62 0.02037,      28 0.00093,      37 0.02037,      63 0.00093,
      87:      57 0.02037,      60 0.14815,      87 0.85926,      84 0.14815,      56 0.00093,      59 0.02037,      86 0.14815,      83 0.02037,      58 0.00093,      61 0.02037,      85 0.02037,      63 0.02037,      62 0.00093,      64 0.00093,
      88:      58 0.01019,      61 0.07407,      88 0.42963,      85 0.07407,      57 0.00093,      60 0.02037,      87 0.14815,      84 0.02037,      64 0.01019,      63 0.00093,
      89:      59 0.02037,      62 0.14815,      89 0.85926,      86 0.14815,      27 0.00093,      28 0.02037,      37 0.14815,      36 0.02037,      60 0.00093,      63 0.02037,      87 0.02037,      65 0.02037,      29 0.00093,      38 0.02037,      66 0.00093,
      90:      60 0.02037,      63 0.14815,      90 0.85926,      87 0.14815,      59 0.00093,      62 0.02037,      89 0.14815,      86 0.02037,      61 0.00093,      64 0.02037,      88 0.02037,      66 0.02037,      65 0.00093,      67 0.00093,
      91:      61 0.01019,      64 0.07407,      91 0.42963,      88 0.07407,      60 0.00093,      63 0.02037,      90 0.14815,      87 0.02037,      67 0.01019,      66 0.00093,
      92:      62 0.02037,      65 0.14815,      92 0.85926,      89 0.14815,      28 0.00093,      29 0.02037,      38 0.14815,      37 0.02037,      63 0.00093,      66 0.02037,      90 0.02037,      68 0.02037,      30 0.00093,      39 0.02037,      69 0.00093,
      93:      63 0.02037,      66 0.14815,      93 0.85926,      90 0.14815,      62 0.00093,      65 0.02037,      92 0.14815,      89 0.02037,      64 0.00093,      67 0.02037,      91 0.02037,      69 0.02037,      68 0.00093,      70 0.00093,
      94:      64 0.01019,      67 0.07407,      94 0.42963,      91 0.07407,      63 0.00093,      66 0.02037,      93 0.14815,      90 0.02037,      70 0.01019,      69 0.00093,
      95:      65 0.02037,      68 0.14815,      95 0.85926,      92 0.14815,      29 0.00093,      30 0.02037,      39 0.14815,      38 0.02037,      66 0.00093,      69 0.02037,      93 0.02037,      71 0.02037,      31 0.00093,      40 0.02037,      72 0.00093,
      96:      66 0.02037,      69 0.14815,      96 0.85926,      93 0.14815,      65 0.00093,      68 0.02037,      95 0.14815,      92 0.02037,      67 0.00093,      70 0.02037,      94 0.02037,      72 0.02037,      71 0.00093,      73 0.00093,
      97:      67 0.01019,      70 0.07407,      97 0.42963,      94 0.07407,      66 0.00093,      69 0.02037,      96 0.14815,      93 0.02037,      73 0.01019,      72 0.00093,
      98:      68 0.02037,      71 0.14815,      98 0.85926,      95 0.14815,      30 0.00093,      31 0.02037,      40 0.14815,      39 0.02037,      69 0.00093,      72 0.02037,      96 0.02037,      74 0.02037,      32 0.00093,      41 0.02037,      75 0.00093,
      99:      69 0.02037,      72 0.14815,      99 0.85926,      96 0.14815,      68 0.00093,      71 0.02037,      98 0.14815,      95 0.02037,      70 0.00093,      73 0.02037,      97 0.02037,      75 0.02037,      74 0.00093,      76 0.00093,
     100:      70 0.01019,      73 0.07407,     100 0.42963,      97 0.07407,      69 0.00093,      72 0.02037,      99 0.14815,      96 0.02037,      76 0.01019,      75 0.00093,
     101:      71 0.02037,      74 0.14815,     101 0.85926,      98 0.14815,      31 0.00093,      32 0.02037,      41 0.14815,      40 0.02037,      72 0.00093,      75 0.02037,      99 0.02037,      77 0.02037,      33 0.00093,      42 0.02037,      78 0.00093,
     102:      72 0.02037,      75 0.14815,     102 0.85926,      99 0.14815,      71 0.00093,      74 0.02037,     101 0.14815,      98 0.02037,      73 0.00093,      76 0.02037,     100 0.02037,      78 0.02037,      77 0.00093,      79 0.00093,
     103:      73 0.01019,      76 0.07407,     103 0.42963,     100 0.07407,      72 0.00093,      75 0.02037,     102 0.14815,      99 0.02037,      79 0.01019,      78 0.00093,
     104:      74 0.02037,      77 0.14815,     104 0.85926,     101 0.14815,      32 0.00093,      33 0.02037,      42 0.14815,      41 0.02037,      75 0.00093,      78 0.02037,     102 0.02037,      80 0.02037,      34 0.00093,      43 0.02037,      81 0.00093,
     105:      75 0.02037,      78 0.14815,     105 0.85926,     102 0.14815,      74 0.00093,      77 0.02037,     104 0.14815,     101 0.02037,      76 0.00093,      79 0.02037,     103 0.02037,      81 0.02037,      80 0.00093,      82 0.00093,
     106:      76 0.01019,      79 0.07407,     106 0.42963,     103 0.07407,      75 0.00093,      78 0.02037,     105 0.14815,     102 0.02037,      82 0.01019,      81 0.00093,
     107:      77 0.02037,      80 0.07407,     107 4.3e+009,     104 0.14815,      33 0.00093,      34 0.01019,      43 0.07407,      42 0.02037,      78 0.00093,      81 0.01019,     105 0.02037,
     108:      78 0.02037,      81 0.07407,     108 4.3e+009,     105 0.14815,      77 0.00093,      80 0.01019,     107 0.07407,     104 0.02037,      79 0.00093,      82 0.01019,     106 0.02037,
     109:      79 0.01019,      82 0.03704,     109 2.1e+009,     106 0.07407,      78 0.00093,      81 0.01019,     108 0.07407,     105 0.02037,
     110:       7 0.01019,       6 0.00093,       3 0.03704,       2 0.01019,     110 2.1e+009,
     111:     110 0.03704,     111 2.1e+009,
     112:     111 0.03704,     112 1.1e+009,
     113:       7 0.00093,       6 0.02037,       3 0.01019,       2 0.07407,     113 0.42963,     110 0.07407,     111 0.01019,      35 0.00093,      17 0.01019,
     114:     110 0.01019,     113 0.07407,     114 0.42963,     111 0.07407,     112 0.01019,
     115:     111 0.01019,     114 0.07407,     115 0.21482,     112 0.03704,
     116:       7 0.07407,       6 0.02037,     116 4.3e+009,       3 0.01019,       2 0.00093,     113 0.02037,     110 0.07407,     114 0.00093,     111 0.01019,      53 0.01019,      50 0.00093,
     117:     116 0.07407,     117 4.3e+009,     110 0.01019,     113 0.00093,     114 0.02037,     111 0.07407,     115 0.00093,     112 0.01019,
     118:     117 0.07407,     118 2.1e+009,     111 0.01019,     114 0.00093,     115 0.01019,     112 0.03704,
     119:       7 0.02037,       6 0.14815,     119 0.85926,     116 0.14815,       3 0.00093,       2 0.02037,     113 0.14815,     110 0.02037,     117 0.02037,     114 0.02037,     111 0.00093,      35 0.02037,      17 0.00093,      53 0.00093,      50 0.02037,      83 0.00093,
     120:     116 0.02037,     119 0.14815,     120 0.85926,     117 0.14815,     110 0.00093,     113 0.02037,     114 0.14815,     111 0.02037,     118 0.02037,     115 0.02037,     112 0.00093,
     121:     117 0.02037,     120 0.14815,     121 0.42963,     118 0.07407,     111 0.00093,     114 0.02037,     115 0.07407,     112 0.01019,
     122:       6 0.00093,      35 0.02037,     119 0.02037,       2 0.01019,      17 0.07407,     122 0.42963,     113 0.07407,     120 0.00093,     114 0.01019,      36 0.00093,      18 0.01019,
     123:     119 0.00093,     120 0.02037,     113 0.01019,     122 0.07407,     123 0.42963,     114 0.07407,     121 0.00093,     115 0.01019,
     124:     120 0.00093,     121 0.01019,     114 0.01019,     123 0.07407,     124 0.21482,     115 0.03704,
     125:      35 0.00093,      36 0.02037,      17 0.01019,      18 0.07407,     125 0.42963,     122 0.07407,     123 0.01019,      37 0.00093,      19 0.01019,
     126:     122 0.01019,     125 0.07407,     126 0.42963,     123 0.07407,     124 0.01019,
     127:     123 0.01019,     126 0.07407,     127 0.21482,     124 0.03704,
     128:      36 0.00093,      37 0.02037,      18 0.01019,      19 0.07407,     128 0.42963,     125 0.07407,     126 0.01019,      38 0.00093,      20 0.01019,
     129:     125 0.01019,     128 0.07407,     129 0.42963,     126 0.07407,     127 0.01019,
     130:     126 0.01019,     129 0.07407,     130 0.21482,     127 0.03704,
     131:      37 0.00093,      38 0.02037,      19 0.01019,      20 0.07407,     131 0.42963,     128 0.07407,     129 0.01019,      39 0.00093,      21 0.01019,
     132:     128 0.01019,     131 0.07407,     132 0.42963,     129 0.07407,     130 0.01019,
     133:     129 0.01019,     132 0.07407,     133 0.21482,     130 0.03704,
     134:      38 0.00093,      39 0.02037,      20 0.01019,      21 0.07407,     134 0.42963,     131 0.07407,     132 0.01019,      40 0.00093,      22 0.01019,
     135:     131 0.01019,     134 0.07407,     135 0.42963,     132 0.07407,     133 0.01019,
     136:     132 0.01019,     135 0.07407,     136 0.21482,     133 0.03704,
     137:      39 0.00093,      40 0.02037,      21 0.01019,      22 0.07407,     137 0.42963,     134 0.07407,     135 0.01019,      41 0.00093,      23 0.01019,
     138:     134 0.01019,     137 0.07407,     138 0.42963,     135 0.07407,     136 0.01019,
     139:     135 0.01019,     138 0.07407,     139 0.21482,     136 0.03704,
     140:      40 0.00093,      41 0.02037,      22 0.01019,      23 0.07407,     140 0.42963,     137 0.07407,     138 0.01019,      42 0.00093,      24 0.01019,
     141:     137 0.01019,     140 0.07407,     141 0.42963,     138 0.07407,     139 0.01019,
     142:     138 0.01019,     141 0.07407,     142 0.21482,     139 0.03704,
     143:      41 0.00093,      42 0.02037,      23 0.01019,      24 0.07407,     143 0.42963,     140 0.07407,     141 0.01019,      43 0.00093,      25 0.01019,
     144:     140 0.01019,     143 0.07407,     144 0.42963,     141 0.07407,     142 0.01019,
     145:     141 0.01019,     144 0.07407,     145 0.21482,     142 0.03704,
     146:      42 0.00093,      43 0.01019,      24 0.01019,      25 0.03704,     146 2.1e+009,     143 0.07407,     144 0.01019,
     147:     143 0.01019,     146 3.7e+008,     147 2.1e+009,     144 0.07407,     145 0.01019,
     148:     144 0.01019,     147 3.7e+008,     148 1.1e+009,     145 0.03704,
     149:       6 0.02037,      35 0.14815,     149 0.85926,     119 0.14815,       2 0.00093,      17 0.02037,     122 0.14815,     113 0.02037,     120 0.02037,     123 0.02037,     114 0.00093,      36 0.02037,      18 0.00093,     125 0.02037,     126 0.00093,      50 0.00093,      83 0.02037,      86 0.00093,
     150:     119 0.02037,     149 0.14815,     150 0.85926,     120 0.14815,     113 0.00093,     122 0.02037,     123 0.14815,     114 0.02037,     121 0.02037,     124 0.02037,     115 0.00093,     125 0.00093,     126 0.02037,     127 0.00093,
     151:     120 0.02037,     150 0.14815,     151 0.42963,     121 0.07407,     114 0.00093,     123 0.02037,     124 0.07407,     115 0.01019,     126 0.00093,     127 0.01019,
     152:      35 0.02037,      36 0.14815,     152 0.85926,     149 0.14815,      17 0.00093,      18 0.02037,     125 0.14815,     122 0.02037,     150 0.02037,     126 0.02037,     123 0.00093,      37 0.02037,      19 0.00093,     128 0.02037,     129 0.00093,      83 0.00093,      86 0.02037,      89 0.00093,
     153:     149 0.02037,     152 0.14815,     153 0.85926,     150 0.14815,     122 0.00093,     125 0.02037,     126 0.14815,     123 0.02037,     151 0.02037,     127 0.02037,     124 0.00093,     128 0.00093,     129 0.02037,     130 0.00093,
     154:     150 0.02037,     153 0.14815,     154 0.42963,     151 0.07407,     123 0.00093,     126 0.02037,     127 0.07407,     124 0.01019,     129 0.00093,     130 0.01019,
     155:      36 0.02037,      37 0.14815,     155 0.85926,     152 0.14815,      18 0.00093,      19 0.02037,     128 0.14815,     125 0.02037,     153 0.02037,     129 0.02037,     126 0.00093,      38 0.02037,      20 0.00093,     131 0.02037,     132 0.00093,      86 0.00093,      89 0.02037,      92 0.00093,
     156:     152 0.02037,     155 0.14815,     156 0.85926,     153 0.14815,     125 0.00093,     128 0.02037,     129 0.14815,     126 0.02037,     154 0.02037,     130 0.02037,     127 0.00093,     131 0.00093,     132 0.02037,     133 0.00093,
     157:     153 0.02037,     156 0.14815,     157 0.42963,     154 0.07407,     126 0.00093,     129 0.02037,     130 0.07407,     127 0.01019,     132 0.00093,     133 0.01019,
     158:      37 0.02037,      38 0.14815,     158 0.85926,     155 0.14815,      19 0.00093,      20 0.02037,     131 0.14815,     128 0.02037,     156 0.02037,     132 0.02037,     129 0.00093,      39 0.02037,      21 0.00093,     134 0.02037,     135 0.00093,      89 0.00093,      92 0.02037,      95 0.00093,
     159:     155 0.02037,     158 0.14815,     159 0.85926,     156 0.14815,     128 0.00093,     131 0.02037,     132 0.14815,     129 0.02037,     157 0.02037,     133 0.02037,     130 0.00093,     134 0.00093,     135 0.02037,     136 0.00093,
     160:     156 0.02037,     159 0.14815,     160 0.42963,     157 0.07407,     129 0.00093,     132 0.02037,     133 0.07407,     130 0.01019,     135 0.00093,     136 0.01019,
     161:      38 0.02037,      39 0.14815,     161 0.85926,     158 0.14815,      20 0.00093,      21 0.02037,     134 0.14815,     131 0.02037,     159 0.02037,     135 0.02037,     132 0.00093,      40 0.02037,      22 0.00093,     137 0.02037,     138 0.00093,      92 0.00093,      95 0.02037,      98 0.00093,
     162:     158 0.02037,     161 0.14815,     162 0.85926,     159 0.14815,     131 0.00093,     134 0.02037,     135 0.14815,     132 0.02037,     160 0.02037,     136 0.02037,     133 0.00093,     137 0.00093,     138 0.02037,     139 0.00093,
     163:     159 0.02037,     162 0.14815,     163 0.42963,     160 0.07407,     132 0.00093,     135 0.02037,     136 0.07407,     133 0.01019,     138 0.00093,     139 0.01019,
     164:      39 0.02037,      40 0.14815,     164 0.85926,     161 0.14815,      21 0.00093,      22 0.02037,     137 0.14815,     134 0.02037,     162 0.02037,     138 0.02037,     135 0.00093,      41 0.02037,      23 0.00093,     140 0.02037,     141 0.00093,      95 0.00093,      98 0.02037,     101 0.00093,
     165:     161 0.02037,     164 0.14815,     165 0.85926,     162 0.14815,     134 0.00093,     137 0.02037,     138 0.14815,     135 0.02037,     163 0.02037,     139 0.02037,     136 0.00093,     140 0.00093,     141 0.02037,     142 0.00093,
     166:     162 0.02037,     165 0.14815,     166 0.42963,     163 0.07407,     135 0.00093,     138 0.02037,     139 0.07407,     136 0.01019,     141 0.00093,     142 0.01019,
     167:      40 0.02037,      41 0.14815,     167 0.85926,     164 0.14815,      22 0.00093,      23 0.02037,     140 0.14815,     137 0.02037,     165 0.02037,     141 0.02037,     138 0.00093,      42 0.02037,      24 0.00093,     143 0.02037,     144 0.00093,      98 0.00093,     101 0.02037,     104 0.00093,
     168:     164 0.02037,     167 0.14815,     168 0.85926,     165 0.14815,     137 0.00093,     140 0.02037,     141 0.14815,     138 0.02037,     166 0.02037,     142 0.02037,     139 0.00093,     143 0.00093,     144 0.02037,     145 0.00093,
     169:     165 0.02037,     168 0.14815,     169 0.42963,     166 0.07407,     138 0.00093,     141 0.02037,     142 0.07407,     139 0.01019,     144 0.00093,     145 0.01019,
     170:      41 0.02037,      42 0.14815,     170 0.85926,     167 0.14815,      23 0.00093,      24 0.02037,     143 0.14815,     140 0.02037,     168 0.02037,     144 0.02037,     141 0.00093,      43 0.02037,      25 0.00093,     146 0.02037,     147 0.00093,     101 0.00093,     104 0.02037,     107 0.00093,
     171:     167 0.02037,     170 0.14815,     171 0.85926,     168 0.14815,     140 0.00093,     143 0.02037,     144 0.14815,     141 0.02037,     169 0.02037,     145 0.02037,     142 0.00093,     146 0.00093,     147 0.02037,     148 0.00093,
     172:     168 0.02037,     171 0.14815,     172 0.42963,     169 0.07407,     141 0.00093,     144 0.02037,     145 0.07407,     142 0.01019,     147 0.00093,     148 0.01019,
     173:      42 0.02037,      43 0.07407,     173 4.3e+009,     170 0.14815,      24 0.00093,      25 0.01019,     146 0.07407,     143 0.02037,     171 0.02037,     147 0.01019,     144 0.00093,     104 0.00093,     107 0.01019,
     174:     170 0.02037,     173 7.4e+008,     174 4.3e+009,     171 0.14815,     143 0.00093,     146 0.01019,     147 0.07407,     144 0.02037,     172 0.02037,     148 0.01019,     145 0.00093,
     175:     171 0.02037,     174 7.4e+008,     175 2.1e+009,     172 0.07407,     144 0.00093,     147 0.01019,     148 0.03704,     145 0.01019,
     176:      53 0.07407,      50 0.02037,     176 4.3e+009,       7 0.01019,       6 0.00093,     119 0.02037,     116 0.07407,     120 0.00093,     117 0.01019,      54 0.01019,      51 0.00093,
     177:     176 7.4e+008,     177 4.3e+009,     116 0.01019,     119 0.00093,     120 0.02037,     117 0.07407,     121 0.00093,     118 0.01019,
     178:     177 7.4e+008,     178 2.1e+009,     117 0.01019,     120 0.00093,     121 0.01019,     118 0.03704,
     179:      54 0.07407,      51 0.02037,     179 4.3e+009,      53 0.01019,      50 0.00093,     176 0.07407,     177 0.01019,      55 0.01019,      52 0.00093,
     180:     179 7.4e+008,     180 4.3e+009,     176 0.01019,     177 0.07407,     178 0.01019,
     181:     180 7.4e+008,     181 2.1e+009,     177 0.01019,     178 0.03704,
     182:      55 0.03704,      52 0.01019,     182 2.1e+009,      54 0.01019,      51 0.00093,     179 0.07407,     180 0.01019,
     183:     182 3.7e+008,     183 2.1e+009,     179 0.01019,     180 0.07407,     181 0.01019,
     184:     183 3.7e+008,     184 1.1e+009,     180 0.01019,     181 0.03704,
     185:      53 0.02037,      50 0.14815,     185 0.85926,     176 0.14815,       7 0.00093,       6 0.02037,     119 0.14815,     116 0.02037,     177 0.02037,     120 0.02037,     117 0.00093,      54 0.00093,      51 0.02037,     179 0.02037,     180 0.00093,      83 0.02037,      35 0.00093,     149 0.02037,     150 0.00093,      84 0.00093,
     186:     176 0.02037,     185 0.14815,     186 0.85926,     177 0.14815,     116 0.00093,     119 0.02037,     120 0.14815,     117 0.02037,     178 0.02037,     121 0.02037,     118 0.00093,     179 0.00093,     180 0.02037,     181 0.00093,     149 0.00093,     150 0.02037,     151 0.00093,
     187:     177 0.02037,     186 0.14815,     187 0.42963,     178 0.07407,     117 0.00093,     120 0.02037,     121 0.07407,     118 0.01019,     180 0.00093,     181 0.01019,     150 0.00093,     151 0.01019,
     188:      54 0.02037,      51 0.14815,     188 0.85926,     179 0.14815,      53 0.00093,      50 0.02037,     185 0.14815,     176 0.02037,     180 0.02037,     186 0.02037,     177 0.00093,      55 0.00093,      52 0.02037,     182 0.02037,     183 0.00093,      84 0.02037,      83 0.00093,      85 0.00093,
     189:     179 0.02037,     188 0.14815,     189 0.85926,     180 0.14815,     176 0.00093,     185 0.02037,     186 0.14815,     177 0.02037,     181 0.02037,     187 0.02037,     178 0.00093,     182 0.00093,     183 0.02037,     184 0.00093,
     190:     180 0.02037,     189 0.14815,     190 0.42963,     181 0.07407,     177 0.00093,     186 0.02037,     187 0.07407,     178 0.01019,     183 0.00093,     184 0.01019,
     191:      55 0.01019,      52 0.07407,     191 0.42963,     182 0.07407,      54 0.00093,      51 0.02037,     188 0.14815,     179 0.02037,     183 0.01019,     189 0.02037,     180 0.00093,      85 0.01019,      84 0.00093,
     192:     182 0.01019,     191 0.07407,     192 0.42963,     183 0.07407,     179 0.00093,     188 0.02037,     189 0.14815,     180 0.02037,     184 0.01019,     190 0.02037,     181 0.00093,
     193:     183 0.01019,     192 0.07407,     193 0.21482,     184 0.03704,     180 0.00093,     189 0.02037,     190 0.07407,     181 0.01019,
     194:      50 0.02037,      83 0.14815,     194 0.85926,     185 0.14815,       6 0.00093,      35 0.02037,     149 0.14815,     119 0.02037,     186 0.02037,     150 0.02037,     120 0.00093,      51 0.00093,      84 0.02037,     188 0.02037,     189 0.00093,      86 0.02037,      36 0.00093,     152 0.02037,     153 0.00093,      87 0.00093,
     195:     185 0.02037,     194 0.14815,     195 0.85926,     186 0.14815,     119 0.00093,     149 0.02037,     150 0.14815,     120 0.02037,     187 0.02037,     151 0.02037,     121 0.00093,     188 0.00093,     189 0.02037,     190 0.00093,     152 0.00093,     153 0.02037,     154 0.00093,
     196:     186 0.02037,     195 0.14815,     196 0.42963,     187 0.07407,     120 0.00093,     150 0.02037,     151 0.07407,     121 0.01019,     189 0.00093,     190 0.01019,     153 0.00093,     154 0.01019,
     197:      51 0.02037,      84 0.14815,     197 0.85926,     188 0.14815,      50 0.00093,      83 0.02037,     194 0.14815,     185 0.02037,     189 0.02037,     195 0.02037,     186 0.00093,      52 0.00093,      85 0.02037,     191 0.02037,     192 0.00093,      87 0.02037,      86 0.00093,      88 0.00093,
     198:     188 0.02037,     197 0.14815,     198 0.85926,     189 0.14815,     185 0.00093,     194 0.02037,     195 0.14815,     186 0.02037,     190 0.02037,     196 0.02037,     187 0.00093,     191 0.00093,     192 0.02037,     193 0.00093,
     199:     189 0.02037,     198 0.14815,     199 0.42963,     190 0.07407,     186 0.00093,     195 0.02037,     196 0.07407,     187 0.01019,     192 0.00093,     193 0.01019,
     200:      52 0.01019,      85 0.07407,     200 0.42963,     191 0.07407,      51 0.00093,      84 0.02037,     197 0.14815,     188 0.02037,     192 0.01019,     198 0.02037,     189 0.00093,      88 0.01019,      87 0.00093,
     201:     191 0.01019,     200 0.07407,     201 0.42963,     192 0.07407,     188 0.00093,     197 0.02037,     198 0.14815,     189 0.02037,     193 0.01019,     199 0.02037,     190 0.00093,
     202:     192 0.01019,     201 0.07407,     202 0.21482,     193 0.03704,     189 0.00093,     198 0.02037,     199 0.07407,     190 0.01019,
     203:      83 0.02037,      86 0.14815,     203 0.85926,     194 0.14815,      35 0.00093,      36 0.02037,     152 0.14815,     149 0.02037,     195 0.02037,     153 0.02037,     150 0.00093,      84 0.00093,      87 0.02037,     197 0.02037,     198 0.00093,      89 0.02037,      37 0.00093,     155 0.02037,     156 0.00093,      90 0.00093,
     204:     194 0.02037,     203 0.14815,     204 0.85926,     195 0.14815,     149 0.00093,     152 0.02037,     153 0.14815,     150 0.02037,     196 0.02037,     154 0.02037,     151 0.00093,     197 0.00093,     198 0.02037,     199 0.00093,     155 0.00093,     156 0.02037,     157 0.00093,
     205:     195 0.02037,     204 0.14815,     205 0.42963,     196 0.07407,     150 0.00093,     153 0.02037,     154 0.07407,     151 0.01019,     198 0.00093,     199 0.01019,     156 0.00093,     157 0.01019,
     206:      84 0.02037,      87 0.14815,     206 0.85926,     197 0.14815,      83 0.00093,      86 0.02037,     203 0.14815,     194 0.02037,     198 0.02037,     204 0.02037,     195 0.00093,      85 0.00093,      88 0.02037,     200 0.02037,     201 0.00093,      90 0.02037,      89 0.00093,      91 0.00093,
     207:     197 0.02037,     206 0.14815,     207 0.85926,     198 0.14815,     194 0.00093,     203 0.02037,     204 0.14815,     195 0.02037,     199 0.02037,     205 0.02037,     196 0.00093,     200 0.00093,     201 0.02037,     202 0.00093,
     208:     198 0.02037,     207 0.14815,     208 0.42963,     199 0.07407,     195 0.00093,     204 0.02037,     205 0.07407,     196 0.01019,     201 0.00093,     202 0.01019,
     209:      85 0.01019,      88 0.07407,     209 0.42963,     200 0.07407,      84 0.00093,      87 0.02037,     206 0.14815,     197 0.02037,     201 0.01019,     207 0.02037,     198 0.00093,      91 0.01019,      90 0.00093,
     210:     200 0.01019,     209 0.07407,     210 0.42963,     201 0.07407,     197 0.00093,     206 0.02037,     207 0.14815,     198 0.02037,     202 0.01019,     208 0.02037,     199 0.00093,
     211:     201 0.01019,     210 0.07407,     211 0.21482,     202 0.03704,     198 0.00093,     207 0.02037,     208 0.07407,     199 0.01019,
     212:      86 0.02037,      89 0.14815,     212 0.85926,     203 0.14815,      36 0.00093,      37 0.02037,     155 0.14815,     152 0.02037,     204 0.02037,     156 0.02037,     153 0.00093,      87 0.00093,      90 0.02037,     206 0.02037,     207 0.00093,      92 0.02037,      38 0.00093,     158 0.02037,     159 0.00093,      93 0.00093,
     213:     203 0.02037,     212 0.14815,     213 0.85926,     204 0.14815,     152 0.00093,     155 0.02037,     156 0.14815,     153 0.02037,     205 0.02037,     157 0.02037,     154 0.00093,     206 0.00093,     207 0.02037,     208 0.00093,     158 0.00093,     159 0.02037,     160 0.00093,
     214:     204 0.02037,     213 0.14815,     214 0.42963,     205 0.07407,     153 0.00093,     156 0.02037,     157 0.07407,     154 0.01019,     207 0.00093,     208 0.01019,     159 0.00093,     160 0.01019,
     215:      87 0.02037,      90 0.14815,     215 0.85926,     206 0.14815,      86 0.00093,      89 0.02037,     212 0.14815,     203 0.02037,     207 0.02037,     213 0.02037,     204 0.00093,      88 0.00093,      91 0.02037,     209 0.02037,     210 0.00093,      93 0.02037,      92 0.00093,      94 0.00093,
     216:     206 0.02037,     215 0.14815,     216 0.85926,     207 0.14815,     203 0.00093,     212 0.02037,     213 0.14815,     204 0.02037,     208 0.02037,     214 0.02037,     205 0.00093,     209 0.00093,     210 0.02037,     211 0.00093,
     217:     207 0.02037,     216 0.14815,     217 0.42963,     208 0.07407,     204 0.00093,     213 0.02037,     214 0.07407,     205 0.01019,     210 0.00093,     211 0.01019,
     218:      88 0.01019,      91 0.07407,     218 0.42963,     209 0.07407,      87 0.00093,      90 0.02037,     215 0.14815,     206 0.02037,     210 0.01019,     216 0.02037,     207 0.00093,      94 0.01019,      93 0.00093,
     219:     209 0.01019,     218 0.07407,     219 0.42963,     210 0.07407,     206 0.00093,     215 0.02037,     216 0.14815,     207 0.02037,     211 0.01019,     217 0.02037,     208 0.00093,
     220:     210 0.01019,     219 0.07407,     220 0.21482,     211 0.03704,     207 0.00093,     216 0.02037,     217 0.07407,     208 0.01019,
     221:      89 0.02037,      92 0.14815,     221 0.85926,     212 0.14815,      37 0.00093,      38 0.02037,     158 0.14815,     155 0.02037,     213 0.02037,     159 0.02037,     156 0.00093,      90 0.00093,      93 0.02037,     215 0.02037,     216 0.00093,      95 0.02037,      39 0.00093,     161 0.02037,     162 0.00093,      96 0.00093,
     222:     212 0.02037,     221 0.14815,     222 0.85926,     213 0.14815,     155 0.00093,     158 0.02037,     159 0.14815,     156 0.02037,     214 0.02037,     160 0.02037,     157 0.00093,     215 0.00093,     216 0.02037,     217 0.00093,     161 0.00093,     162 0.02037,     163 0.00093,
     223:     213 0.02037,     222 0.14815,     223 0.42963,     214 0.07407,     156 0.00093,     159 0.02037,     160 0.07407,     157 0.01019,     216 0.00093,     217 0.01019,     162 0.00093,     163 0.01019,
     224:      90 0.02037,      93 0.14815,     224 0.85926,     215 0.14815,      89 0.00093,      92 0.02037,     221 0.14815,     212 0.02037,     216 0.02037,     222 0.02037,     213 0.00093,      91 0.00093,      94 0.02037,     218 0.02037,     219 0.00093,      96 0.02037,      95 0.00093,      97 0.00093,
     225:     215 0.02037,     224 0.14815,     225 0.85926,     216 0.14815,     212 0.00093,     221 0.02037,     222 0.14815,     213 0.02037,     217 0.02037,     223 0.02037,     214 0.00093,     218 0.00093,     219 0.02037,     220 0.00093,
     226:     216 0.02037,     225 0.14815,     226 0.42963,     217 0.07407,     213 0.00093,     222 0.02037,     223 0.07407,     214 0.01019,     219 0.00093,     220 0.01019,
     227:      91 0.01019,      94 0.07407,     227 0.42963,     218 0.07407,      90 0.00093,      93 0.02037,     224 0.14815,     215 0.02037,     219 0.01019,     225 0.02037,     216 0.00093,      97 0.01019,      96 0.00093,
     228:     218 0.01019,     227 0.07407,     228 0.42963,     219 0.07407,     215 0.00093,     224 0.02037,     225 0.14815,     216 0.02037,     220 0.01019,     226 0.02037,     217 0.00093,
     229:     219 0.01019,     228 0.07407,     229 0.21482,     220 0.03704,     216 0.00093,     225 0.02037,     226 0.07407,     217 0.01019,
     230:      92 0.02037,      95 0.14815,     230 0.85926,     221 0.14815,      38 0.00093,      39 0.02037,     161 0.14815,     158 0.02037,     222 0.02037,     162 0.02037,     159 0.00093,      93 0.00093,      96 0.02037,     224 0.02037,     225 0.00093,      98 0.02037,      40 0.00093,     164 0.02037,     165 0.00093,      99 0.00093,
     231:     221 0.02037,     230 0.14815,     231 0.85926,     222 0.14815,     158 0.00093,     161 0.02037,     162 0.14815,     159 0.02037,     223 0.02037,     163 0.02037,     160 0.00093,     224 0.00093,     225 0.02037,     226 0.00093,     164 0.00093,     165 0.02037,     166 0.00093,
     232:     222 0.02037,     231 0.14815,     232 0.42963,     223 0.07407,     159 0.00093,     162 0.02037,     163 0.07407,     160 0.01019,     225 0.00093,     226 0.01019,     165 0.00093,     166 0.01019,
     233:      93 0.02037,      96 0.14815,     233 0.85926,     224 0.14815,      92 0.00093,      95 0.02037,     230 0.14815,     221 0.02037,     225 0.02037,     231 0.02037,     222 0.00093,      94 0.00093,      97 0.02037,     227 0.02037,     228 0.00093,      99 0.02037,      98 0.00093,     100 0.00093,
     234:     224 0.02037,     233 0.14815,     234 0.85926,     225 0.14815,     221 0.00093,     230 0.02037,     231 0.14815,     222 0.02037,     226 0.02037,     232 0.02037,     223 0.00093,     227 0.00093,     228 0.02037,     229 0.00093,
     235:     225 0.02037,     234 0.14815,     235 0.42963,     226 0.07407,     222 0.00093,     231 0.02037,     232 0.07407,     223 0.01019,     228 0.00093,     229 0.01019,
     236:      94 0.01019,      97 0.07407,     236 0.42963,     227 0.07407,      93 0.00093,      96 0.02037,     233 0.14815,     224 0.02037,     228 0.01019,     234 0.02037,     225 0.00093,     100 0.01019,      99 0.00093,
     237:     227 0.01019,     236 0.07407,     237 0.42963,     228 0.07407,     224 0.00093,     233 0.02037,     234 0.14815,     225 0.02037,     229 0.01019,     235 0.02037,     226 0.00093,
     238:     228 0.01019,     237 0.07407,     238 0.21482,     229 0.03704,     225 0.00093,     234 0.02037,     235 0.07407,     226 0.01019,
     239:      95 0.02037,      98 0.14815,     239 0.85926,     230 0.14815,      39 0.00093,      40 0.02037,     164 0.14815,     161 0.02037,     231 0.02037,     165 0.02037,     162 0.00093,      96 0.00093,      99 0.02037,     233 0.02037,     234 0.00093,     101 0.02037,      41 0.00093,     167 0.02037,     168 0.00093,     102 0.00093,
     240:     230 0.02037,     239 0.14815,     240 0.85926,     231 0.14815,     161 0.00093,     164 0.02037,     165 0.14815,     162 0.02037,     232 0.02037,     166 0.02037,     163 0.00093,     233 0.00093,     234 0.02037,     235 0.00093,     167 0.00093,     168 0.02037,     169 0.00093,
     241:     231 0.02037,     240 0.14815,     241 0.42963,     232 0.07407,     162 0.00093,     165 0.02037,     166 0.07407,     163 0.01019,     234 0.00093,     235 0.01019,     168 0.00093,     169 0.01019,
     242:      96 0.02037,      99 0.14815,     242 0.85926,     233 0.14815,      95 0.00093,      98 0.02037,     239 0.14815,     230 0.02037,     234 0.02037,     240 0.02037,     231 0.00093,      97 0.00093,     100 0.02037,     236 0.02037,     237 0.00093,     102 0.02037,     101 0.00093,     103 0.00093,
     243:     233 0.02037,     242 0.14815,     243 0.85926,     234 0.14815,     230 0.00093,     239 0.02037,     240 0.14815,     231 0.02037,     235 0.02037,     241 0.02037,     232 0.00093,     236 0.00093,     237 0.02037,     238 0.00093,
     244:     234 0.02037,     243 0.14815,     244 0.42963,     235 0.07407,     231 0.00093,     240 0.02037,     241 0.07407,     232 0.01019,     237 0.00093,     238 0.01019,
     245:      97 0.01019,     100 0.07407,     245 0.42963,     236 0.07407,      96 0.00093,      99 0.02037,     242 0.14815,     233 0.02037,     237 0.01019,     243 0.02037,     234 0.00093,     103 0.01019,     102 0.00093,
     246:     236 0.01019,     245 0.07407,     246 0.42963,     237 0.07407,     233 0.00093,     242 0.02037,     243 0.14815,     234 0.02037,     238 0.01019,     244 0.02037,     235 0.00093,
     247:     237 0.01019,     246 0.07407,     247 0.21482,     238 0.03704,     234 0.00093,     243 0.02037,     244 0.07407,     235 0.01019,
     248:      98 0.02037,     101 0.14815,     248 0.85926,     239 0.14815,      40 0.00093,      41 0.02037,     167 0.14815,     164 0.02037,     240 0.02037,     168 0.02037,     165 0.00093,      99 0.00093,     102 0.02037,     242 0.02037,     243 0.00093,     104 0.02037,      42 0.00093,     170 0.02037,     171 0.00093,     105 0.00093,
     249:     239 0.02037,     248 0.14815,     249 0.85926,     240 0.14815,     164 0.00093,     167 0.02037,     168 0.14815,     165 0.02037,     241 0.02037,     169 0.02037,     166 0.00093,     242 0.00093,     243 0.02037,     244 0.00093,     170 0.00093,     171 0.02037,     172 0.00093,
     250:     240 0.02037,     249 0.14815,     250 0.42963,     241 0.07407,     165 0.00093,     168 0.02037,     169 0.07407,     166 0.01019,     243 0.00093,     244 0.01019,     171 0.00093,     172 0.01019,
     251:      99 0.02037,     102 0.14815,     251 0.85926,     242 0.14815,      98 0.00093,     101 0.02037,     248 0.14815,     239 0.02037,     243 0.02037,     249 0.02037,     240 0.00093,     100 0.00093,     103 0.02037,     245 0.02037,     246 0.00093,     105 0.02037,     104 0.00093,     106 0.00093,
     252:     242 0.02037,     251 0.14815,     252 0.85926,     243 0.14815,     239 0.00093,     248 0.02037,     249 0.14815,     240 0.02037,     244 0.02037,     250 0.02037,     241 0.00093,     245 0.00093,     246 0.02037,     247 0.00093,
     253:     243 0.02037,     252 0.14815,     253 0.42963,     244 0.07407,     240 0.00093,     249 0.02037,     250 0.07407,     241 0.01019,     246 0.00093,     247 0.01019,
     254:     100 0.01019,     103 0.07407,     254 0.42963,     245 0.07407,      99 0.00093,     102 0.02037,     251 0.14815,     242 0.02037,     246 0.01019,     252 0.02037,     243 0.00093,     106 0.01019,     105 0.00093,
     255:     245 0.01019,     254 0.07407,     255 0.42963,     246 0.07407,     242 0.00093,     251 0.02037,     252 0.14815,     243 0.02037,     247 0.01019,     253 0.02037,     244 0.00093,
     256:     246 0.01019,     255 0.07407,     256 0.21482,     247 0.03704,     243 0.00093,     252 0.02037,     253 0.07407,     244 0.01019,
     257:     101 0.02037,     104 0.14815,     257 0.85926,     248 0.14815,      41 0.00093,      42 0.02037,     170 0.14815,     167 0.02037,     249 0.02037,     171 0.02037,     168 0.00093,     102 0.00093,     105 0.02037,     251 0.02037,     252 0.00093,     107 0.02037,      43 0.00093,     173 0.02037,     174 0.00093,     108 0.00093,
     258:     248 0.02037,     257 0.14815,     258 0.85926,     249 0.14815,     167 0.00093,     170 0.02037,     171 0.14815,     168 0.02037,     250 0.02037,     172 0.02037,     169 0.00093,     251 0.00093,     252 0.02037,     253 0.00093,     173 0.00093,     174 0.02037,     175 0.00093,
     259:     249 0.02037,     258 0.14815,     259 0.42963,     250 0.07407,     168 0.00093,     171 0.02037,     172 0.07407,     169 0.01019,     252 0.00093,     253 0.01019,     174 0.00093,     175 0.01019,
     260:     102 0.02037,     105 0.14815,     260 0.85926,     251 0.14815,     101 0.00093,     104 0.02037,     257 0.14815,     248 0.02037,     252 0.02037,     258 0.02037,     249 0.00093,     103 0.00093,     106 0.02037,     254 0.02037,     255 0.00093,     108 0.02037,     107 0.00093,     109 0.00093,
     261:     251 0.02037,     260 0.14815,     261 0.85926,     252 0.14815,     248 0.00093,     257 0.02037,     258 0.14815,     249 0.02037,     253 0.02037,     259 0.02037,     250 0.00093,     254 0.00093,     255 0.02037,     256 0.00093,
     262:     252 0.02037,     261 0.14815,     262 0.42963,     253 0.07407,     249 0.00093,     258 0.02037,     259 0.07407,     250 0.01019,     255 0.00093,     256 0.01019,
     263:     103 0.01019,     106 0.07407,     263 0.42963,     254 0.07407,     102 0.00093,     105 0.02037,     260 0.14815,     251 0.02037,     255 0.01019,     261 0.02037,     252 0.00093,     109 0.01019,     108 0.00093,
     264:     254 0.01019,     263 0.07407,     264 0.42963,     255 0.07407,     251 0.00093,     260 0.02037,     261 0.14815,     252 0.02037,     256 0.01019,     262 0.02037,     253 0.00093,
     265:     255 0.01019,     264 0.07407,     265 0.21482,     256 0.03704,     252 0.00093,     261 0.02037,     262 0.07407,     253 0.01019,
     266:     104 0.02037,     107 0.07407,     266 4.3e+009,     257 0.14815,      42 0.00093,      43 0.01019,     173 0.07407,     170 0.02037,     258 0.02037,     174 0.01019,     171 0.00093,     105 0.00093,     108 0.01019,     260 0.02037,     261 0.00093,
     267:     257 0.02037,     266 7.4e+008,     267 4.3e+009,     258 0.14815,     170 0.00093,     173 0.01019,     174 0.07407,     171 0.02037,     259 0.02037,     175 0.01019,     172 0.00093,     260 0.00093,     261 0.02037,     262 0.00093,
     268:     258 0.02037,     267 7.4e+008,     268 2.1e+009,     259 0.07407,     171 0.00093,     174 0.01019,     175 0.03704,     172 0.01019,     261 0.00093,     262 0.01019,
     269:     105 0.02037,     108 0.07407,     269 4.3e+009,     260 0.14815,     104 0.00093,     107 0.01019,     266 0.07407,     257 0.02037,     261 0.02037,     267 0.01019,     258 0.00093,     106 0.00093,     109 0.01019,     263 0.02037,     264 0.00093,
     270:     260 0.02037,     269 7.4e+008,     270 4.3e+009,     261 0.14815,     257 0.00093,     266 0.01019,     267 0.07407,     258 0.02037,     262 0.02037,     268 0.01019,     259 0.00093,     263 0.00093,     264 0.02037,     265 0.00093,
     271:     261 0.02037,     270 7.4e+008,     271 2.1e+009,     262 0.07407,     258 0.00093,     267 0.01019,     268 0.03704,     259 0.01019,     264 0.00093,     265 0.01019,
     272:     106 0.01019,     109 0.03704,     272 2.1e+009,     263 0.07407,     105 0.00093,     108 0.01019,     269 0.07407,     260 0.02037,     264 0.01019,     270 0.01019,     261 0.00093,
     273:     263 0.01019,     272 3.7e+008,     273 2.1e+009,     264 0.07407,     260 0.00093,     269 0.01019,     270 0.07407,     261 0.02037,     265 0.01019,     271 0.01019,     262 0.00093,
     274:     264 0.01019,     273 3.7e+008,     274 1.1e+009,     265 0.03704,     261 0.00093,     270 0.01019,     271 0.03704,     262 0.01019,
--------B--------
 1         0.00000
 2         0.00000
 3         0.00000
 4         0.00000
 5         0.00000
 6         0.00000
 7         0.00000
 8         0.00000
 9         0.00000
10         0.00000
11         0.00000
12         0.00000
13         0.00000
14         0.00000
15         0.00000
16         0.00000
17         0.00000
18         0.00000
19         0.00000
20         0.00000
21         0.00000
22         0.00000
23         0.00000
24         0.00000
25         0.00000
26         0.00000
27         0.00000
28         0.00000
29         0.00000
30         0.00000
31         0.00000
32         0.00000
33         0.00000
34         0.00000
35         0.00000
36         0.00000
37         0.00000
38         0.00000
39         0.00000
40         0.00000
41         0.00000
42         0.00000
43         0.00000
44         0.00000
45         0.00000
46         0.00000
47         0.00000
48         0.00000
49         0.00000
50         0.00000
51         0.00000
52         0.00000
53         0.00000
54         0.00000
55         0.00000
56         0.00000
57         0.00000
58         0.00000
59         0.00000
60         0.00000
61         0.00000
62         0.00000
63         0.00000
64         0.00000
65         0.00000
66         0.00000
67         0.00000
68         0.00000
69         0.00000
70         0.00000
71         0.00000
72         0.00000
73         0.00000
74         0.00000
75         0.00000
76         0.00000
77         0.00000
78         0.00000
79         0.00000
80         0.00000
81         0.00000
82         0.00000
83         0.00000
84         0.00000
85         0.00000
86         0.00000
87         0.00000
88         0.00000
89         0.00000
90         0.00000
91         0.00000
92         0.00000
93         0.00000
94         0.00000
95         0.00000
96         0.00000
97         0.00000
98         0.00000
99         0.00000
100         0.00000
101         0.00000
102         0.00000
103         0.00000
104         0.00000
105         0.00000
106         0.00000
107         0.00000
108         0.00000
109         0.00000
110         0.00000
111         0.00000
112         0.00000
113         0.00000
114         0.00000
115         0.00000
116         0.00000
117         0.00000
118         0.00000
119         0.00000
120         0.00000
121         0.00000
122         0.00000
123         0.00000
124         0.00000
125         0.00000
126         0.00000
127         0.00000
128         0.00000
129         0.00000
130         0.00000
131         0.00000
132         0.00000
133         0.00000
134         0.00000
135         0.00000
136         0.00000
137         0.00000
138         0.00000
139         0.00000
140         0.00000
141         0.00000
142         0.00000
143         0.00000
144         0.00000
145         0.00000
146         0.00000
147         0.00000
148         0.00000
149         0.00000
150         0.00000
151         0.00000
152         0.00000
153         0.00000
154         0.00000
155         0.00000
156         0.00000
157         0.00000
158         0.00000
159         0.00000
160         0.00000
161         0.00000
162         0.00000
163         0.00000
164         0.00000
165         0.00000
166         0.00000
167         0.00000
168         0.00000
169         0.00000
170         0.00000
171         0.00000
172         0.00000
173         0.00000
174         0.00000
175         0.00000
176         0.00000
177         0.00000
178         0.00000
179         0.00000
180         0.00000
181         0.00000
182         0.00000
183         0.00000
184         0.00000
185         0.00000
186         0.00000
187         0.00000
188         0.00000
189         0.00000
190         0.00000
191         0.00000
192         0.00000
193         0.00000
194         0.00000
195         0.00000
196         0.00000
197         0.00000
198         0.00000
199         0.00000
200         0.00000
201         0.00000
202         0.00000
203         0.00000
204         0.00000
205         0.00000
206         0.00000
207         0.00000
208         0.00000
209         0.00000
210         0.00000
211         0.00000
212         0.00000
213         0.00000
214         0.00000
215         0.00000
216         0.00000
217         0.00000
218         0.00000
219         0.00000
220         0.00000
221         0.00000
222         0.00000
223         0.00000
224         0.00000
225         0.00000
226         0.00000
227         0.00000
228         0.00000
229         0.00000
230         0.00000
231         0.00000
232         0.00000
233         0.00000
234         0.00000
235         0.00000
236         0.00000
237         0.00000
238         0.00000
239         0.00000
240         0.00000
241         0.00000
242         0.00000
243         0.00000
244         0.00000
245         0.00000
246         0.00000
247         0.00000
248         0.00000
249         0.00000
250         0.00000
251         0.00000
252         0.00000
253         0.00000
254         0.00000
255         0.00000
256         0.00000
257         0.00000
258         0.00000
259         0.00000
260         0.00000
261         0.00000
262         0.00000
263         0.00000
264         0.00000
265         0.00000
266         0.00000
267         0.00000
268         0.00000
269         0.00000
270         0.00000
271         0.00000
272        -0.00000
273         0.00000
274         0.00000
275         0.00000

----------X--------
 1         0.00000
 2         0.00000
 3         0.00000
 4         0.00000
 5         0.00000
 6         0.00000
 7         0.00000
 8         0.00000
 9         0.00000
10         0.00000
11         0.00000
12         0.00000
13         0.00000
14         0.00000
15         0.00000
16         0.00000
17         0.00000
18         0.00000
19         0.00000
20         0.00000
21         0.00000
22         0.00000
23         0.00000
24         0.00000
25         0.00000
26         0.00000
27         0.00000
28         0.00000
29         0.00000
30         0.00000
31         0.00000
32         0.00000
33         0.00000
34         0.00000
35         0.00000
36         0.00000
37         0.00000
38         0.00000
39         0.00000
40         0.00000
41         0.00000
42         0.00000
43         0.00000
44         0.00000
45         0.00000
46         0.00000
47         0.00000
48         0.00000
49         0.00000
50         0.00000
51         0.00000
52         0.00000
53         0.00000
54         0.00000
55         0.00000
56         0.00000
57         0.00000
58         0.00000
59         0.00000
60         0.00000
61         0.00000
62         0.00000
63         0.00000
64         0.00000
65         0.00000
66         0.00000
67         0.00000
68         0.00000
69         0.00000
70         0.00000
71         0.00000
72         0.00000
73         0.00000
74         0.00000
75         0.00000
76         0.00000
77         0.00000
78         0.00000
79         0.00000
80         0.00000
81         0.00000
82         0.00000
83         0.00000
84         0.00000
85         0.00000
86         0.00000
87         0.00000
88         0.00000
89         0.00000
90         0.00000
91         0.00000
92         0.00000
93         0.00000
94         0.00000
95         0.00000
96         0.00000
97         0.00000
98         0.00000
99         0.00000
100         0.00000
101         0.00000
102         0.00000
103         0.00000
104         0.00000
105         0.00000
106         0.00000
107         0.00000
108         0.00000
109         0.00000
110         0.00000
111         0.00000
112         0.00000
113         0.00000
114         0.00000
115         0.00000
116         0.00000
117         0.00000
118         0.00000
119         0.00000
120         0.00000
121         0.00000
122         0.00000
123         0.00000
124         0.00000
125         0.00000
126         0.00000
127         0.00000
128         0.00000
129         0.00000
130         0.00000
131         0.00000
132         0.00000
133         0.00000
134         0.00000
135         0.00000
136         0.00000
137         0.00000
138         0.00000
139         0.00000
140         0.00000
141         0.00000
142         0.00000
143         0.00000
144         0.00000
145         0.00000
146         0.00000
147         0.00000
148         0.00000
149         0.00000
150         0.00000
151         0.00000
152         0.00000
153         0.00000
154         0.00000
155         0.00000
156         0.00000
157         0.00000
158         0.00000
159         0.00000
160         0.00000
161         0.00000
162         0.00000
163         0.00000
164         0.00000
165         0.00000
166         0.00000
167         0.00000
168         0.00000
169         0.00000
170         0.00000
171         0.00000
172         0.00000
173         0.00000
174         0.00000
175         0.00000
176         0.00000
177         0.00000
178         0.00000
179         0.00000
180         0.00000
181         0.00000
182         0.00000
183         0.00000
184         0.00000
185         0.00000
186         0.00000
187         0.00000
188         0.00000
189         0.00000
190         0.00000
191         0.00000
192         0.00000
193         0.00000
194         0.00000
195         0.00000
196         0.00000
197         0.00000
198         0.00000
199         0.00000
200         0.00000
201         0.00000
202         0.00000
203         0.00000
204         0.00000
205         0.00000
206         0.00000
207         0.00000
208         0.00000
209         0.00000
210         0.00000
211         0.00000
212         0.00000
213         0.00000
214         0.00000
215         0.00000
216         0.00000
217         0.00000
218         0.00000
219         0.00000
220         0.00000
221         0.00000
222         0.00000
223         0.00000
224         0.00000
225         0.00000
226         0.00000
227         0.00000
228         0.00000
229         0.00000
230         0.00000
231         0.00000
232         0.00000
233         0.00000
234         0.00000
235         0.00000
236         0.00000
237         0.00000
238         0.00000
239         0.00000
240         0.00000
241         0.00000
242         0.00000
243         0.00000
244         0.00000
245         0.00000
246         0.00000
247         0.00000
248         0.00000
249         0.00000
250         0.00000
251         0.00000
252         0.00000
253         0.00000
254         0.00000
255         0.00000
256         0.00000
257         0.00000
258         0.00000
259         0.00000
260         0.00000
261         0.00000
262         0.00000
263         0.00000
264         0.00000
265         0.00000
266         0.00000
267         0.00000
268         0.00000
269         0.00000
270         0.00000
271         0.00000
272         0.00000
273         0.00000
274         0.00000
275         0.00000
