E:\00.DTFS\3D_PROG\V0.5A - DEVELOPING\TC++\DEBUG\00.VERSION.OBJ
E:\00.DTFS\3D_PROG\V0.5A - DEVELOPING\TC++\DEBUG\01.FILE.OBJ
E:\00.DTFS\3D_PROG\V0.5A - DEVELOPING\TC++\DEBUG\02.VARIABLE.OBJ
E:\00.DTFS\3D_PROG\V0.5A - DEVELOPING\TC++\DEBUG\11.INIARRAY.OBJ
E:\00.DTFS\3D_PROG\V0.5A - DEVELOPING\TC++\DEBUG\12.ASSIGN.OBJ
E:\00.DTFS\3D_PROG\V0.5A - DEVELOPING\TC++\DEBUG\13.KEYWORD.OBJ
E:\00.DTFS\3D_PROG\V0.5A - DEVELOPING\TC++\DEBUG\14.WARNING.OBJ
E:\00.DTFS\3D_PROG\V0.5A - DEVELOPING\TC++\DEBUG\20.ELEMENTANALYSIS.OBJ
E:\00.DTFS\3D_PROG\V0.5A - DEVELOPING\TC++\DEBUG\21.LIBRARYNORMAL.OBJ
E:\00.DTFS\3D_PROG\V0.5A - DEVELOPING\TC++\DEBUG\22.LIBRARYENRICH.OBJ
E:\00.DTFS\3D_PROG\V0.5A - DEVELOPING\TC++\DEBUG\23.PARAMETERENRICH.OBJ
E:\00.DTFS\3D_PROG\V0.5A - DEVELOPING\TC++\DEBUG\24ENRICHSHAPEFUNC.OBJ
E:\00.DTFS\3D_PROG\V0.5A - DEVELOPING\TC++\DEBUG\25.ELEMENTPARAMETER.OBJ
E:\00.DTFS\3D_PROG\V0.5A - DEVELOPING\TC++\DEBUG\30.GEOMETRYANALYSIS.OBJ
E:\00.DTFS\3D_PROG\V0.5A - DEVELOPING\TC++\DEBUG\31.ROTATE.OBJ
E:\00.DTFS\3D_PROG\V0.5A - DEVELOPING\TC++\DEBUG\32.JUDGE.OBJ
E:\00.DTFS\3D_PROG\V0.5A - DEVELOPING\TC++\DEBUG\33.INTERPOLATE.OBJ
E:\00.DTFS\3D_PROG\V0.5A - DEVELOPING\TC++\DEBUG\40.ASSEMBLY.OBJ
E:\00.DTFS\3D_PROG\V0.5A - DEVELOPING\TC++\DEBUG\41.READSTEP.OBJ
E:\00.DTFS\3D_PROG\V0.5A - DEVELOPING\TC++\DEBUG\42.PRETREATMENT.OBJ
E:\00.DTFS\3D_PROG\V0.5A - DEVELOPING\TC++\DEBUG\43.STIFFMATRIX.OBJ
E:\00.DTFS\3D_PROG\V0.5A - DEVELOPING\TC++\DEBUG\44.TFACE.OBJ
E:\00.DTFS\3D_PROG\V0.5A - DEVELOPING\TC++\DEBUG\46.LINESOURCE.OBJ
E:\00.DTFS\3D_PROG\V0.5A - DEVELOPING\TC++\DEBUG\50.SOLVE.OBJ
E:\00.DTFS\3D_PROG\V0.5A - DEVELOPING\TC++\DEBUG\51.BOUNDARY.OBJ
E:\00.DTFS\3D_PROG\V0.5A - DEVELOPING\TC++\DEBUG\52.PIPEBOUNDARY.OBJ
E:\00.DTFS\3D_PROG\V0.5A - DEVELOPING\TC++\DEBUG\60.PIPE.OBJ
E:\00.DTFS\3D_PROG\V0.5A - DEVELOPING\TC++\DEBUG\70.TECPLOT.OBJ
E:\00.DTFS\3D_PROG\V0.5A - DEVELOPING\TC++\DEBUG\71.WRITE.OBJ
E:\00.DTFS\3D_prog\v0.5a - Developing\TC++\Debug\cl.command.1.tlog
E:\00.DTFS\3D_prog\v0.5a - Developing\TC++\Debug\CL.read.1.tlog
E:\00.DTFS\3D_prog\v0.5a - Developing\TC++\Debug\CL.write.1.tlog
E:\00.DTFS\3D_PROG\V0.5A - DEVELOPING\TC++\DEBUG\MAIN.OBJ
E:\00.DTFS\3D_PROG\V0.5A - DEVELOPING\TC++\DEBUG\MATRIX.OBJ
E:\00.DTFS\3D_PROG\V0.5A - DEVELOPING\TC++\DEBUG\RESULT.OBJ
E:\00.DTFS\3D_prog\v0.5a - Developing\TC++\Debug\TC++.vcxprojResolveAssemblyReference.cache
E:\00.DTFS\3D_prog\v0.5a - Developing\TC++\Debug\TC++.write.1.tlog
E:\00.DTFS\3D_PROG\V0.5A - DEVELOPING\TC++\DEBUG\TOOL.OBJ
E:\00.DTFS\3D_prog\v0.5a - Developing\TC++\Debug\vc100.idb
E:\00.DTFS\3D_PROG\V0.5A - DEVELOPING\TC++\DEBUG\VC100.PDB
